#
# There is insufficient memory for the Java Runtime Environment to continue.
# Native memory allocation (malloc) failed to allocate 1020656 bytes for Chunk::new
# Possible reasons:
#   The system is out of physical RAM or swap space
#   The process is running with CompressedOops enabled, and the Java Heap may be blocking the growth of the native heap
# Possible solutions:
#   Reduce memory load on the system
#   Increase physical memory or swap space
#   Check if swap backing store is full
#   Decrease Java heap size (-Xmx/-Xms)
#   Decrease number of Java threads
#   Decrease Java thread stack sizes (-Xss)
#   Set larger code cache with -XX:ReservedCodeCacheSize=
#   JVM is running with Unscaled Compressed Oops mode in which the Java heap is
#     placed in the first 4GB address space. The Java Heap base address is the
#     maximum limit for the native heap growth. Please use -XX:HeapBaseMinAddress
#     to set the Java Heap base and to place the Java Heap above 4GB virtual address.
# This output file may be truncated or incomplete.
#
#  Out of Memory Error (src/hotspot/share/memory/arena.cpp:197), pid=9240, tid=6576
#
# JRE version: OpenJDK Runtime Environment (11.0.15) (build 11.0.15+0-b2043.56-8887301)
# Java VM: OpenJDK 64-Bit Server VM (11.0.15+0-b2043.56-8887301, mixed mode, tiered, compressed oops, g1 gc, windows-amd64)
# No core dump will be written. Minidumps are not enabled by default on client versions of Windows
#

---------------  S U M M A R Y ------------

Command Line: --add-opens=java.base/java.util=ALL-UNNAMED --add-opens=java.base/java.lang=ALL-UNNAMED --add-opens=java.base/java.lang.invoke=ALL-UNNAMED --add-opens=java.base/java.util=ALL-UNNAMED --add-opens=java.prefs/java.util.prefs=ALL-UNNAMED --add-opens=java.prefs/java.util.prefs=ALL-UNNAMED --add-opens=java.base/java.nio.charset=ALL-UNNAMED --add-opens=java.base/java.net=ALL-UNNAMED --add-opens=java.base/java.util.concurrent.atomic=ALL-UNNAMED -Xmx2048m -Dfile.encoding=UTF-8 -Duser.country=IN -Duser.language=en -Duser.variant org.gradle.launcher.daemon.bootstrap.GradleDaemon 7.5

Host: AMD Ryzen 5 3550H with Radeon Vega Mobile Gfx  , 8 cores, 7G,  Windows 10 , 64 bit Build 19041 (10.0.19041.2546)
Time: Wed Mar  1 18:03:48 2023 India Standard Time elapsed time: 9.984810 seconds (0d 0h 0m 9s)

---------------  T H R E A D  ---------------

Current thread (0x0000029311511000):  JavaThread "C2 CompilerThread0" daemon [_thread_in_native, id=6576, stack(0x000000ab6bc00000,0x000000ab6bd00000)]


Current CompileTask:
C2:   9984 2635   !   4       java.net.URL::<init> (543 bytes)

Stack: [0x000000ab6bc00000,0x000000ab6bd00000]
Native frames: (J=compiled Java code, j=interpreted, Vv=VM code, C=native code)
V  [jvm.dll+0x64135a]
V  [jvm.dll+0x7d39f9]
V  [jvm.dll+0x7d51b9]
V  [jvm.dll+0x7d58a3]
V  [jvm.dll+0x2691c5]
V  [jvm.dll+0xc1a5c]
V  [jvm.dll+0xc200c]
V  [jvm.dll+0x3774a7]
V  [jvm.dll+0x1b3914]
V  [jvm.dll+0x22163e]
V  [jvm.dll+0x220498]
V  [jvm.dll+0x19e851]
V  [jvm.dll+0x230479]
V  [jvm.dll+0x22e5ef]
V  [jvm.dll+0x794de1]
V  [jvm.dll+0x78dc24]
V  [jvm.dll+0x6400f6]
C  [ucrtbase.dll+0x21bb2]
C  [KERNEL32.DLL+0x17614]
C  [ntdll.dll+0x526a1]


---------------  P R O C E S S  ---------------

Threads class SMR info:
_java_thread_list=0x0000029314455e50, length=33, elements={
0x0000029375095000, 0x00000293114e7000, 0x00000293114f2000, 0x0000029311502800,
0x0000029311503800, 0x0000029311505800, 0x0000029311511000, 0x0000029311516000,
0x000002931151b800, 0x0000029311fbe800, 0x0000029313fa7800, 0x00000293139f3000,
0x00000293135a8000, 0x00000293135a9000, 0x00000293140e0800, 0x0000029313002800,
0x00000293133d0800, 0x00000293141f1800, 0x0000029313f9a000, 0x00000293122d1800,
0x00000293140bd000, 0x00000293140bb000, 0x00000293140bd800, 0x00000293140be800,
0x00000293140bc000, 0x00000293140bf800, 0x00000293140c2000, 0x00000293140c0000,
0x00000293140c1000, 0x0000029314296000, 0x0000029314299000, 0x0000029314296800,
0x000002931429a000
}

Java Threads: ( => current thread )
  0x0000029375095000 JavaThread "main" [_thread_blocked, id=6108, stack(0x000000ab6b000000,0x000000ab6b100000)]
  0x00000293114e7000 JavaThread "Reference Handler" daemon [_thread_blocked, id=18812, stack(0x000000ab6b700000,0x000000ab6b800000)]
  0x00000293114f2000 JavaThread "Finalizer" daemon [_thread_blocked, id=4148, stack(0x000000ab6b800000,0x000000ab6b900000)]
  0x0000029311502800 JavaThread "Signal Dispatcher" daemon [_thread_blocked, id=6548, stack(0x000000ab6b900000,0x000000ab6ba00000)]
  0x0000029311503800 JavaThread "Attach Listener" daemon [_thread_blocked, id=6552, stack(0x000000ab6ba00000,0x000000ab6bb00000)]
  0x0000029311505800 JavaThread "Service Thread" daemon [_thread_blocked, id=6920, stack(0x000000ab6bb00000,0x000000ab6bc00000)]
=>0x0000029311511000 JavaThread "C2 CompilerThread0" daemon [_thread_in_native, id=6576, stack(0x000000ab6bc00000,0x000000ab6bd00000)]
  0x0000029311516000 JavaThread "C1 CompilerThread0" daemon [_thread_in_native, id=6388, stack(0x000000ab6bd00000,0x000000ab6be00000)]
  0x000002931151b800 JavaThread "Sweeper thread" daemon [_thread_blocked, id=6500, stack(0x000000ab6be00000,0x000000ab6bf00000)]
  0x0000029311fbe800 JavaThread "Common-Cleaner" daemon [_thread_blocked, id=6652, stack(0x000000ab6bf00000,0x000000ab6c000000)]
  0x0000029313fa7800 JavaThread "Daemon health stats" [_thread_blocked, id=6940, stack(0x000000ab6c200000,0x000000ab6c300000)]
  0x00000293139f3000 JavaThread "Incoming local TCP Connector on port 53678" [_thread_in_native, id=6988, stack(0x000000ab6c300000,0x000000ab6c400000)]
  0x00000293135a8000 JavaThread "Daemon periodic checks" [_thread_blocked, id=6416, stack(0x000000ab6c400000,0x000000ab6c500000)]
  0x00000293135a9000 JavaThread "Daemon" [_thread_blocked, id=6344, stack(0x000000ab6c500000,0x000000ab6c600000)]
  0x00000293140e0800 JavaThread "Handler for socket connection from /127.0.0.1:53678 to /127.0.0.1:53679" [_thread_in_native, id=6336, stack(0x000000ab6c600000,0x000000ab6c700000)]
  0x0000029313002800 JavaThread "Cancel handler" [_thread_blocked, id=6392, stack(0x000000ab6c700000,0x000000ab6c800000)]
  0x00000293133d0800 JavaThread "Daemon worker" [_thread_in_Java, id=4964, stack(0x000000ab6c800000,0x000000ab6c900000)]
  0x00000293141f1800 JavaThread "Asynchronous log dispatcher for DefaultDaemonConnection: socket connection from /127.0.0.1:53678 to /127.0.0.1:53679" [_thread_blocked, id=3280, stack(0x000000ab6c900000,0x000000ab6ca00000)]
  0x0000029313f9a000 JavaThread "Stdin handler" [_thread_blocked, id=16660, stack(0x000000ab6ca00000,0x000000ab6cb00000)]
  0x00000293122d1800 JavaThread "Daemon client event forwarder" [_thread_blocked, id=14812, stack(0x000000ab6cb00000,0x000000ab6cc00000)]
  0x00000293140bd000 JavaThread "Cache worker for journal cache (C:\Users\mohit\.gradle\caches\journal-1)" [_thread_blocked, id=10984, stack(0x000000ab6d400000,0x000000ab6d500000)]
  0x00000293140bb000 JavaThread "File lock request listener" [_thread_in_native, id=15364, stack(0x000000ab6d500000,0x000000ab6d600000)]
  0x00000293140bd800 JavaThread "Cache worker for file hash cache (C:\Users\mohit\.gradle\caches\7.5\fileHashes)" [_thread_blocked, id=14760, stack(0x000000ab6d600000,0x000000ab6d700000)]
  0x00000293140be800 JavaThread "File watcher server" daemon [_thread_in_native, id=18756, stack(0x000000ab6d800000,0x000000ab6d900000)]
  0x00000293140bc000 JavaThread "File watcher consumer" daemon [_thread_blocked, id=9312, stack(0x000000ab6d900000,0x000000ab6da00000)]
  0x00000293140bf800 JavaThread "Cache worker for checksums cache (C:\Users\mohit\AndroidStudioProjects\StickyNotes\.gradle\7.5\checksums)" [_thread_blocked, id=16264, stack(0x000000ab6da00000,0x000000ab6db00000)]
  0x00000293140c2000 JavaThread "Cache worker for cache directory md-rule (C:\Users\mohit\.gradle\caches\7.5\md-rule)" [_thread_blocked, id=1548, stack(0x000000ab6db00000,0x000000ab6dc00000)]
  0x00000293140c0000 JavaThread "Cache worker for file content cache (C:\Users\mohit\.gradle\caches\7.5\fileContent)" [_thread_blocked, id=12952, stack(0x000000ab6dc00000,0x000000ab6dd00000)]
  0x00000293140c1000 JavaThread "Cache worker for file hash cache (C:\Users\mohit\AndroidStudioProjects\StickyNotes\.gradle\7.5\fileHashes)" [_thread_blocked, id=10260, stack(0x000000ab6dd00000,0x000000ab6de00000)]
  0x0000029314296000 JavaThread "Cache worker for cache directory md-supplier (C:\Users\mohit\.gradle\caches\7.5\md-supplier)" [_thread_blocked, id=15580, stack(0x000000ab6de00000,0x000000ab6df00000)]
  0x0000029314299000 JavaThread "Cache worker for execution history cache (C:\Users\mohit\.gradle\caches\7.5\executionHistory)" [_thread_blocked, id=10320, stack(0x000000ab6df00000,0x000000ab6e000000)]
  0x0000029314296800 JavaThread "jar transforms" [_thread_blocked, id=1952, stack(0x000000ab6e000000,0x000000ab6e100000)]
  0x000002931429a000 JavaThread "jar transforms Thread 2" [_thread_blocked, id=18628, stack(0x000000ab6e100000,0x000000ab6e200000)]

Other Threads:
  0x00000293114e3000 VMThread "VM Thread" [stack: 0x000000ab6b600000,0x000000ab6b700000] [id=6448]
  0x0000029311fc1800 WatcherThread [stack: 0x000000ab6c000000,0x000000ab6c100000] [id=6860]
  0x00000293750ae800 GCTaskThread "GC Thread#0" [stack: 0x000000ab6b100000,0x000000ab6b200000] [id=7112]
  0x0000029312378000 GCTaskThread "GC Thread#1" [stack: 0x000000ab6c100000,0x000000ab6c200000] [id=6568]
  0x0000029312571800 GCTaskThread "GC Thread#2" [stack: 0x000000ab6cc00000,0x000000ab6cd00000] [id=14320]
  0x00000293140df800 GCTaskThread "GC Thread#3" [stack: 0x000000ab6cd00000,0x000000ab6ce00000] [id=5612]
  0x000002931422a000 GCTaskThread "GC Thread#4" [stack: 0x000000ab6ce00000,0x000000ab6cf00000] [id=3768]
  0x0000029312eed000 GCTaskThread "GC Thread#5" [stack: 0x000000ab6cf00000,0x000000ab6d000000] [id=10512]
  0x00000293121e3800 GCTaskThread "GC Thread#6" [stack: 0x000000ab6d000000,0x000000ab6d100000] [id=9528]
  0x0000029313f10000 GCTaskThread "GC Thread#7" [stack: 0x000000ab6d100000,0x000000ab6d200000] [id=5772]
  0x00000293750df800 ConcurrentGCThread "G1 Main Marker" [stack: 0x000000ab6b200000,0x000000ab6b300000] [id=6844]
  0x00000293750e0800 ConcurrentGCThread "G1 Conc#0" [stack: 0x000000ab6b300000,0x000000ab6b400000] [id=6424]
  0x0000029313777800 ConcurrentGCThread "G1 Conc#1" [stack: 0x000000ab6d700000,0x000000ab6d800000] [id=14856]
  0x0000029311330800 ConcurrentGCThread "G1 Refine#0" [stack: 0x000000ab6b400000,0x000000ab6b500000] [id=6364]
  0x0000029312d06800 ConcurrentGCThread "G1 Refine#1" [stack: 0x000000ab6d200000,0x000000ab6d300000] [id=18032]
  0x00000293125ea800 ConcurrentGCThread "G1 Refine#2" [stack: 0x000000ab6d300000,0x000000ab6d400000] [id=2116]
  0x0000029311331000 ConcurrentGCThread "G1 Young RemSet Sampling" [stack: 0x000000ab6b500000,0x000000ab6b600000] [id=6380]

Threads with active compile tasks:
C2 CompilerThread0    10042 2635   !   4       java.net.URL::<init> (543 bytes)
C1 CompilerThread0    10042 3073       2       jdk.nio.zipfs.ZipConstants::LG (22 bytes)

VM state:not at safepoint (normal execution)

VM Mutex/Monitor currently owned by a thread: None

Heap address: 0x0000000080000000, size: 2048 MB, Compressed Oops mode: 32-bit
Narrow klass base: 0x0000000000000000, Narrow klass shift: 3
Compressed class space size: 1073741824 Address: 0x0000000100000000

Heap:
 garbage-first heap   total 122880K, used 33002K [0x0000000080000000, 0x0000000100000000)
  region size 1024K, 17 young (17408K), 6 survivors (6144K)
 Metaspace       used 38195K, capacity 39134K, committed 39324K, reserved 1083392K
  class space    used 4928K, capacity 5277K, committed 5400K, reserved 1048576K
Heap Regions: E=young(eden), S=young(survivor), O=old, HS=humongous(starts), HC=humongous(continues), CS=collection set, F=free, A=archive, TAMS=top-at-mark-start (previous, next)
|   0|0x0000000080000000, 0x0000000080100000, 0x0000000080100000|100%| O|  |TAMS 0x0000000080100000, 0x0000000080000000| Untracked 
|   1|0x0000000080100000, 0x0000000080200000, 0x0000000080200000|100%| O|  |TAMS 0x0000000080200000, 0x0000000080100000| Untracked 
|   2|0x0000000080200000, 0x0000000080300000, 0x0000000080300000|100%| O|  |TAMS 0x0000000080300000, 0x0000000080200000| Untracked 
|   3|0x0000000080300000, 0x0000000080400000, 0x0000000080400000|100%|HS|  |TAMS 0x0000000080400000, 0x0000000080300000| Complete 
|   4|0x0000000080400000, 0x0000000080500000, 0x0000000080500000|100%|HC|  |TAMS 0x0000000080500000, 0x0000000080400000| Complete 
|   5|0x0000000080500000, 0x0000000080600000, 0x0000000080600000|100%|HC|  |TAMS 0x0000000080600000, 0x0000000080500000| Complete 
|   6|0x0000000080600000, 0x0000000080700000, 0x0000000080700000|100%| O|  |TAMS 0x0000000080700000, 0x0000000080600000| Untracked 
|   7|0x0000000080700000, 0x0000000080800000, 0x0000000080800000|100%| O|  |TAMS 0x0000000080800000, 0x0000000080700000| Untracked 
|   8|0x0000000080800000, 0x0000000080900000, 0x0000000080900000|100%| O|  |TAMS 0x0000000080900000, 0x0000000080800000| Untracked 
|   9|0x0000000080900000, 0x0000000080a00000, 0x0000000080a00000|100%| O|  |TAMS 0x0000000080a00000, 0x0000000080900000| Untracked 
|  10|0x0000000080a00000, 0x0000000080b00000, 0x0000000080b00000|100%| O|  |TAMS 0x0000000080b00000, 0x0000000080a00000| Untracked 
|  11|0x0000000080b00000, 0x0000000080c00000, 0x0000000080c00000|100%| O|  |TAMS 0x0000000080c00000, 0x0000000080b00000| Untracked 
|  12|0x0000000080c00000, 0x0000000080d00000, 0x0000000080d00000|100%| O|  |TAMS 0x0000000080d00000, 0x0000000080c00000| Untracked 
|  13|0x0000000080d00000, 0x0000000080e00000, 0x0000000080e00000|100%| O|  |TAMS 0x0000000080e00000, 0x0000000080d00000| Untracked 
|  14|0x0000000080e00000, 0x0000000080f00000, 0x0000000080f00000|100%| O|  |TAMS 0x0000000080f00000, 0x0000000080e00000| Untracked 
|  15|0x0000000080f00000, 0x0000000081000000, 0x0000000081000000|100%| O|  |TAMS 0x0000000081000000, 0x0000000080f00000| Untracked 
|  16|0x0000000081000000, 0x0000000081091400, 0x0000000081100000| 56%| O|  |TAMS 0x0000000081091400, 0x0000000081000000| Untracked 
|  17|0x0000000081100000, 0x0000000081100000, 0x0000000081200000|  0%| F|  |TAMS 0x0000000081100000, 0x0000000081100000| Untracked 
|  18|0x0000000081200000, 0x0000000081200000, 0x0000000081300000|  0%| F|  |TAMS 0x0000000081200000, 0x0000000081200000| Untracked 
|  19|0x0000000081300000, 0x0000000081300000, 0x0000000081400000|  0%| F|  |TAMS 0x0000000081300000, 0x0000000081300000| Untracked 
|  20|0x0000000081400000, 0x0000000081400000, 0x0000000081500000|  0%| F|  |TAMS 0x0000000081400000, 0x0000000081400000| Untracked 
|  21|0x0000000081500000, 0x0000000081500000, 0x0000000081600000|  0%| F|  |TAMS 0x0000000081500000, 0x0000000081500000| Untracked 
|  22|0x0000000081600000, 0x0000000081600000, 0x0000000081700000|  0%| F|  |TAMS 0x0000000081600000, 0x0000000081600000| Untracked 
|  23|0x0000000081700000, 0x0000000081700000, 0x0000000081800000|  0%| F|  |TAMS 0x0000000081700000, 0x0000000081700000| Untracked 
|  24|0x0000000081800000, 0x0000000081800000, 0x0000000081900000|  0%| F|  |TAMS 0x0000000081800000, 0x0000000081800000| Untracked 
|  25|0x0000000081900000, 0x0000000081900000, 0x0000000081a00000|  0%| F|  |TAMS 0x0000000081900000, 0x0000000081900000| Untracked 
|  26|0x0000000081a00000, 0x0000000081a00000, 0x0000000081b00000|  0%| F|  |TAMS 0x0000000081a00000, 0x0000000081a00000| Untracked 
|  27|0x0000000081b00000, 0x0000000081b00000, 0x0000000081c00000|  0%| F|  |TAMS 0x0000000081b00000, 0x0000000081b00000| Untracked 
|  28|0x0000000081c00000, 0x0000000081c00000, 0x0000000081d00000|  0%| F|  |TAMS 0x0000000081c00000, 0x0000000081c00000| Untracked 
|  29|0x0000000081d00000, 0x0000000081d00000, 0x0000000081e00000|  0%| F|  |TAMS 0x0000000081d00000, 0x0000000081d00000| Untracked 
|  30|0x0000000081e00000, 0x0000000081e00000, 0x0000000081f00000|  0%| F|  |TAMS 0x0000000081e00000, 0x0000000081e00000| Untracked 
|  31|0x0000000081f00000, 0x0000000081f00000, 0x0000000082000000|  0%| F|  |TAMS 0x0000000081f00000, 0x0000000081f00000| Untracked 
|  32|0x0000000082000000, 0x0000000082000000, 0x0000000082100000|  0%| F|  |TAMS 0x0000000082000000, 0x0000000082000000| Untracked 
|  33|0x0000000082100000, 0x0000000082100000, 0x0000000082200000|  0%| F|  |TAMS 0x0000000082100000, 0x0000000082100000| Untracked 
|  34|0x0000000082200000, 0x0000000082200000, 0x0000000082300000|  0%| F|  |TAMS 0x0000000082200000, 0x0000000082200000| Untracked 
|  35|0x0000000082300000, 0x0000000082300000, 0x0000000082400000|  0%| F|  |TAMS 0x0000000082300000, 0x0000000082300000| Untracked 
|  36|0x0000000082400000, 0x0000000082400000, 0x0000000082500000|  0%| F|  |TAMS 0x0000000082400000, 0x0000000082400000| Untracked 
|  37|0x0000000082500000, 0x0000000082500000, 0x0000000082600000|  0%| F|  |TAMS 0x0000000082500000, 0x0000000082500000| Untracked 
|  38|0x0000000082600000, 0x0000000082600000, 0x0000000082700000|  0%| F|  |TAMS 0x0000000082600000, 0x0000000082600000| Untracked 
|  39|0x0000000082700000, 0x0000000082700000, 0x0000000082800000|  0%| F|  |TAMS 0x0000000082700000, 0x0000000082700000| Untracked 
|  40|0x0000000082800000, 0x0000000082800000, 0x0000000082900000|  0%| F|  |TAMS 0x0000000082800000, 0x0000000082800000| Untracked 
|  41|0x0000000082900000, 0x0000000082900000, 0x0000000082a00000|  0%| F|  |TAMS 0x0000000082900000, 0x0000000082900000| Untracked 
|  42|0x0000000082a00000, 0x0000000082a00000, 0x0000000082b00000|  0%| F|  |TAMS 0x0000000082a00000, 0x0000000082a00000| Untracked 
|  43|0x0000000082b00000, 0x0000000082b00000, 0x0000000082c00000|  0%| F|  |TAMS 0x0000000082b00000, 0x0000000082b00000| Untracked 
|  44|0x0000000082c00000, 0x0000000082c00000, 0x0000000082d00000|  0%| F|  |TAMS 0x0000000082c00000, 0x0000000082c00000| Untracked 
|  45|0x0000000082d00000, 0x0000000082d00000, 0x0000000082e00000|  0%| F|  |TAMS 0x0000000082d00000, 0x0000000082d00000| Untracked 
|  46|0x0000000082e00000, 0x0000000082e00000, 0x0000000082f00000|  0%| F|  |TAMS 0x0000000082e00000, 0x0000000082e00000| Untracked 
|  47|0x0000000082f00000, 0x0000000082f00000, 0x0000000083000000|  0%| F|  |TAMS 0x0000000082f00000, 0x0000000082f00000| Untracked 
|  48|0x0000000083000000, 0x0000000083000000, 0x0000000083100000|  0%| F|  |TAMS 0x0000000083000000, 0x0000000083000000| Untracked 
|  49|0x0000000083100000, 0x0000000083100000, 0x0000000083200000|  0%| F|  |TAMS 0x0000000083100000, 0x0000000083100000| Untracked 
|  50|0x0000000083200000, 0x0000000083200000, 0x0000000083300000|  0%| F|  |TAMS 0x0000000083200000, 0x0000000083200000| Untracked 
|  51|0x0000000083300000, 0x0000000083300000, 0x0000000083400000|  0%| F|  |TAMS 0x0000000083300000, 0x0000000083300000| Untracked 
|  52|0x0000000083400000, 0x0000000083400000, 0x0000000083500000|  0%| F|  |TAMS 0x0000000083400000, 0x0000000083400000| Untracked 
|  53|0x0000000083500000, 0x0000000083500000, 0x0000000083600000|  0%| F|  |TAMS 0x0000000083500000, 0x0000000083500000| Untracked 
|  54|0x0000000083600000, 0x0000000083600000, 0x0000000083700000|  0%| F|  |TAMS 0x0000000083600000, 0x0000000083600000| Untracked 
|  55|0x0000000083700000, 0x0000000083700000, 0x0000000083800000|  0%| F|  |TAMS 0x0000000083700000, 0x0000000083700000| Untracked 
|  56|0x0000000083800000, 0x0000000083800000, 0x0000000083900000|  0%| F|  |TAMS 0x0000000083800000, 0x0000000083800000| Untracked 
|  57|0x0000000083900000, 0x0000000083900000, 0x0000000083a00000|  0%| F|  |TAMS 0x0000000083900000, 0x0000000083900000| Untracked 
|  58|0x0000000083a00000, 0x0000000083a00000, 0x0000000083b00000|  0%| F|  |TAMS 0x0000000083a00000, 0x0000000083a00000| Untracked 
|  59|0x0000000083b00000, 0x0000000083b00000, 0x0000000083c00000|  0%| F|  |TAMS 0x0000000083b00000, 0x0000000083b00000| Untracked 
|  60|0x0000000083c00000, 0x0000000083c00000, 0x0000000083d00000|  0%| F|  |TAMS 0x0000000083c00000, 0x0000000083c00000| Untracked 
|  61|0x0000000083d00000, 0x0000000083d00000, 0x0000000083e00000|  0%| F|  |TAMS 0x0000000083d00000, 0x0000000083d00000| Untracked 
|  62|0x0000000083e00000, 0x0000000083e00000, 0x0000000083f00000|  0%| F|  |TAMS 0x0000000083e00000, 0x0000000083e00000| Untracked 
|  63|0x0000000083f00000, 0x0000000083f00000, 0x0000000084000000|  0%| F|  |TAMS 0x0000000083f00000, 0x0000000083f00000| Untracked 
|  64|0x0000000084000000, 0x0000000084000000, 0x0000000084100000|  0%| F|  |TAMS 0x0000000084000000, 0x0000000084000000| Untracked 
|  65|0x0000000084100000, 0x0000000084100000, 0x0000000084200000|  0%| F|  |TAMS 0x0000000084100000, 0x0000000084100000| Untracked 
|  66|0x0000000084200000, 0x0000000084200000, 0x0000000084300000|  0%| F|  |TAMS 0x0000000084200000, 0x0000000084200000| Untracked 
|  67|0x0000000084300000, 0x0000000084300000, 0x0000000084400000|  0%| F|  |TAMS 0x0000000084300000, 0x0000000084300000| Untracked 
|  68|0x0000000084400000, 0x0000000084400000, 0x0000000084500000|  0%| F|  |TAMS 0x0000000084400000, 0x0000000084400000| Untracked 
|  69|0x0000000084500000, 0x0000000084500000, 0x0000000084600000|  0%| F|  |TAMS 0x0000000084500000, 0x0000000084500000| Untracked 
|  70|0x0000000084600000, 0x0000000084600000, 0x0000000084700000|  0%| F|  |TAMS 0x0000000084600000, 0x0000000084600000| Untracked 
|  71|0x0000000084700000, 0x0000000084700000, 0x0000000084800000|  0%| F|  |TAMS 0x0000000084700000, 0x0000000084700000| Untracked 
|  72|0x0000000084800000, 0x0000000084800000, 0x0000000084900000|  0%| F|  |TAMS 0x0000000084800000, 0x0000000084800000| Untracked 
|  73|0x0000000084900000, 0x0000000084900000, 0x0000000084a00000|  0%| F|  |TAMS 0x0000000084900000, 0x0000000084900000| Untracked 
|  74|0x0000000084a00000, 0x0000000084a00000, 0x0000000084b00000|  0%| F|  |TAMS 0x0000000084a00000, 0x0000000084a00000| Untracked 
|  75|0x0000000084b00000, 0x0000000084b00000, 0x0000000084c00000|  0%| F|  |TAMS 0x0000000084b00000, 0x0000000084b00000| Untracked 
|  76|0x0000000084c00000, 0x0000000084c00000, 0x0000000084d00000|  0%| F|  |TAMS 0x0000000084c00000, 0x0000000084c00000| Untracked 
|  77|0x0000000084d00000, 0x0000000084d00000, 0x0000000084e00000|  0%| F|  |TAMS 0x0000000084d00000, 0x0000000084d00000| Untracked 
|  78|0x0000000084e00000, 0x0000000084e00000, 0x0000000084f00000|  0%| F|  |TAMS 0x0000000084e00000, 0x0000000084e00000| Untracked 
|  79|0x0000000084f00000, 0x0000000084f00000, 0x0000000085000000|  0%| F|  |TAMS 0x0000000084f00000, 0x0000000084f00000| Untracked 
|  80|0x0000000085000000, 0x0000000085000000, 0x0000000085100000|  0%| F|  |TAMS 0x0000000085000000, 0x0000000085000000| Untracked 
|  81|0x0000000085100000, 0x0000000085100000, 0x0000000085200000|  0%| F|  |TAMS 0x0000000085100000, 0x0000000085100000| Untracked 
|  82|0x0000000085200000, 0x0000000085200000, 0x0000000085300000|  0%| F|  |TAMS 0x0000000085200000, 0x0000000085200000| Untracked 
|  83|0x0000000085300000, 0x0000000085300000, 0x0000000085400000|  0%| F|  |TAMS 0x0000000085300000, 0x0000000085300000| Untracked 
|  84|0x0000000085400000, 0x0000000085400000, 0x0000000085500000|  0%| F|  |TAMS 0x0000000085400000, 0x0000000085400000| Untracked 
|  85|0x0000000085500000, 0x0000000085500000, 0x0000000085600000|  0%| F|  |TAMS 0x0000000085500000, 0x0000000085500000| Untracked 
|  86|0x0000000085600000, 0x0000000085600000, 0x0000000085700000|  0%| F|  |TAMS 0x0000000085600000, 0x0000000085600000| Untracked 
|  87|0x0000000085700000, 0x0000000085700000, 0x0000000085800000|  0%| F|  |TAMS 0x0000000085700000, 0x0000000085700000| Untracked 
|  88|0x0000000085800000, 0x00000000858a9700, 0x0000000085900000| 66%| S|CS|TAMS 0x0000000085800000, 0x0000000085800000| Complete 
|  89|0x0000000085900000, 0x0000000085a00000, 0x0000000085a00000|100%| S|CS|TAMS 0x0000000085900000, 0x0000000085900000| Complete 
|  90|0x0000000085a00000, 0x0000000085b00000, 0x0000000085b00000|100%| S|CS|TAMS 0x0000000085a00000, 0x0000000085a00000| Complete 
|  91|0x0000000085b00000, 0x0000000085c00000, 0x0000000085c00000|100%| S|CS|TAMS 0x0000000085b00000, 0x0000000085b00000| Complete 
|  92|0x0000000085c00000, 0x0000000085d00000, 0x0000000085d00000|100%| S|CS|TAMS 0x0000000085c00000, 0x0000000085c00000| Complete 
|  93|0x0000000085d00000, 0x0000000085e00000, 0x0000000085e00000|100%| S|CS|TAMS 0x0000000085d00000, 0x0000000085d00000| Complete 
|  94|0x0000000085e00000, 0x0000000085e00000, 0x0000000085f00000|  0%| F|  |TAMS 0x0000000085e00000, 0x0000000085e00000| Untracked 
|  95|0x0000000085f00000, 0x0000000085f00000, 0x0000000086000000|  0%| F|  |TAMS 0x0000000085f00000, 0x0000000085f00000| Untracked 
|  96|0x0000000086000000, 0x0000000086000000, 0x0000000086100000|  0%| F|  |TAMS 0x0000000086000000, 0x0000000086000000| Untracked 
|  97|0x0000000086100000, 0x0000000086100000, 0x0000000086200000|  0%| F|  |TAMS 0x0000000086100000, 0x0000000086100000| Untracked 
|  98|0x0000000086200000, 0x0000000086200000, 0x0000000086300000|  0%| F|  |TAMS 0x0000000086200000, 0x0000000086200000| Untracked 
|  99|0x0000000086300000, 0x0000000086300000, 0x0000000086400000|  0%| F|  |TAMS 0x0000000086300000, 0x0000000086300000| Untracked 
| 100|0x0000000086400000, 0x0000000086400000, 0x0000000086500000|  0%| F|  |TAMS 0x0000000086400000, 0x0000000086400000| Untracked 
| 101|0x0000000086500000, 0x0000000086500000, 0x0000000086600000|  0%| F|  |TAMS 0x0000000086500000, 0x0000000086500000| Untracked 
| 102|0x0000000086600000, 0x0000000086600000, 0x0000000086700000|  0%| F|  |TAMS 0x0000000086600000, 0x0000000086600000| Untracked 
| 103|0x0000000086700000, 0x0000000086700000, 0x0000000086800000|  0%| F|  |TAMS 0x0000000086700000, 0x0000000086700000| Untracked 
| 104|0x0000000086800000, 0x0000000086800000, 0x0000000086900000|  0%| F|  |TAMS 0x0000000086800000, 0x0000000086800000| Untracked 
| 105|0x0000000086900000, 0x0000000086900000, 0x0000000086a00000|  0%| F|  |TAMS 0x0000000086900000, 0x0000000086900000| Untracked 
| 106|0x0000000086a00000, 0x0000000086a00000, 0x0000000086b00000|  0%| F|  |TAMS 0x0000000086a00000, 0x0000000086a00000| Untracked 
| 107|0x0000000086b00000, 0x0000000086b00000, 0x0000000086c00000|  0%| F|  |TAMS 0x0000000086b00000, 0x0000000086b00000| Untracked 
| 108|0x0000000086c00000, 0x0000000086c00000, 0x0000000086d00000|  0%| F|  |TAMS 0x0000000086c00000, 0x0000000086c00000| Untracked 
| 109|0x0000000086d00000, 0x0000000086d80800, 0x0000000086e00000| 50%| E|  |TAMS 0x0000000086d00000, 0x0000000086d00000| Complete 
| 110|0x0000000086e00000, 0x0000000086f00000, 0x0000000086f00000|100%| E|CS|TAMS 0x0000000086e00000, 0x0000000086e00000| Complete 
| 111|0x0000000086f00000, 0x0000000087000000, 0x0000000087000000|100%| E|CS|TAMS 0x0000000086f00000, 0x0000000086f00000| Complete 
| 112|0x0000000087000000, 0x0000000087100000, 0x0000000087100000|100%| E|CS|TAMS 0x0000000087000000, 0x0000000087000000| Complete 
| 113|0x0000000087100000, 0x0000000087200000, 0x0000000087200000|100%| E|CS|TAMS 0x0000000087100000, 0x0000000087100000| Complete 
| 114|0x0000000087200000, 0x0000000087300000, 0x0000000087300000|100%| E|CS|TAMS 0x0000000087200000, 0x0000000087200000| Complete 
| 115|0x0000000087300000, 0x0000000087400000, 0x0000000087400000|100%| E|CS|TAMS 0x0000000087300000, 0x0000000087300000| Complete 
| 116|0x0000000087400000, 0x0000000087500000, 0x0000000087500000|100%| E|CS|TAMS 0x0000000087400000, 0x0000000087400000| Complete 
| 117|0x0000000087500000, 0x0000000087600000, 0x0000000087600000|100%| E|CS|TAMS 0x0000000087500000, 0x0000000087500000| Complete 
| 118|0x0000000087600000, 0x0000000087700000, 0x0000000087700000|100%| E|CS|TAMS 0x0000000087600000, 0x0000000087600000| Complete 
| 119|0x0000000087700000, 0x0000000087800000, 0x0000000087800000|100%| E|CS|TAMS 0x0000000087700000, 0x0000000087700000| Complete 

Card table byte_map: [0x000002937b200000,0x000002937b600000] _byte_map_base: 0x000002937ae00000

Marking Bits (Prev, Next): (CMBitMap*) 0x00000293750d6bd8, (CMBitMap*) 0x00000293750d6c10
 Prev Bits: [0x000002937ba00000, 0x000002937da00000)
 Next Bits: [0x000002937da00000, 0x000002937fa00000)

Polling page: 0x0000029375170000

Metaspace:

Usage:
  Non-class:     33.06 MB capacity,    32.49 MB ( 98%) used,   494.00 KB (  1%) free+waste,    91.06 KB ( <1%) overhead. 
      Class:      5.15 MB capacity,     4.81 MB ( 93%) used,   303.33 KB (  6%) free+waste,    44.69 KB ( <1%) overhead. 
       Both:     38.22 MB capacity,    37.31 MB ( 98%) used,   797.33 KB (  2%) free+waste,   135.75 KB ( <1%) overhead. 

Virtual space:
  Non-class space:       34.00 MB reserved,      33.13 MB ( 97%) committed 
      Class space:        1.00 GB reserved,       5.27 MB ( <1%) committed 
             Both:        1.03 GB reserved,      38.40 MB (  4%) committed 

Chunk freelists:
   Non-Class:  3.00 KB
       Class:  3.00 KB
        Both:  6.00 KB

MaxMetaspaceSize: 17179869184.00 GB
CompressedClassSpaceSize: 1.00 GB
Initial GC threshold: 20.80 MB
Current GC threshold: 59.63 MB
CDS: off

CodeHeap 'non-profiled nmethods': size=120000Kb used=1300Kb max_used=1300Kb free=118699Kb
 bounds [0x0000029307ad0000, 0x0000029307d40000, 0x000002930f000000]
CodeHeap 'profiled nmethods': size=120000Kb used=6361Kb max_used=6361Kb free=113638Kb
 bounds [0x00000293005a0000, 0x0000029300be0000, 0x0000029307ad0000]
CodeHeap 'non-nmethods': size=5760Kb used=1580Kb max_used=1580Kb free=4179Kb
 bounds [0x0000029300000000, 0x0000029300270000, 0x00000293005a0000]
 total_blobs=3668 nmethods=3042 adapters=538
 compilation: enabled
              stopped_count=0, restarted_count=0
 full_count=0

Compilation events (20 events):
Event: 9.973 Thread 0x0000029311516000 nmethod 3004 0x0000029300bbfc90 code [0x0000029300bbfe60, 0x0000029300bc0118]
Event: 9.977 Thread 0x0000029311516000 3005       2       java.lang.Byte::toUnsignedInt (6 bytes)
Event: 9.977 Thread 0x0000029311516000 nmethod 3005 0x0000029300bc0290 code [0x0000029300bc0440, 0x0000029300bc0518]
Event: 9.977 Thread 0x0000029311516000 3006       2       jdk.nio.zipfs.ZipConstants::SH (19 bytes)
Event: 9.978 Thread 0x0000029311516000 nmethod 3006 0x0000029300bc0590 code [0x0000029300bc0740, 0x0000029300bc0878]
Event: 9.978 Thread 0x0000029311516000 3007       2       jdk.nio.zipfs.ZipFileSystem::isDotOrDotDotPath (51 bytes)
Event: 9.978 Thread 0x0000029311516000 nmethod 3007 0x0000029300bc0990 code [0x0000029300bc0b40, 0x0000029300bc0d18]
Event: 9.978 Thread 0x0000029311516000 3008       2       jdk.nio.zipfs.ZipFileSystem$IndexNode::normalize (79 bytes)
Event: 9.979 Thread 0x0000029311516000 nmethod 3008 0x0000029300bc0e90 code [0x0000029300bc1060, 0x0000029300bc1398]
Event: 9.979 Thread 0x0000029311516000 3009       2       java.util.Arrays::hashCode (44 bytes)
Event: 9.979 Thread 0x0000029311516000 nmethod 3009 0x0000029300bc1510 code [0x0000029300bc16c0, 0x0000029300bc1838]
Event: 9.979 Thread 0x0000029311516000 3010       2       jdk.nio.zipfs.ZipFileSystem::hasDotOrDotDot (80 bytes)
Event: 9.979 Thread 0x0000029311516000 nmethod 3010 0x0000029300bc1910 code [0x0000029300bc1ae0, 0x0000029300bc1d68]
Event: 9.979 Thread 0x0000029311516000 3012   !   2       jdk.nio.zipfs.ZipFileSystem::checkUTF8 (56 bytes)
Event: 9.980 Thread 0x0000029311516000 nmethod 3012 0x0000029300bc1f10 code [0x0000029300bc2100, 0x0000029300bc23a8]
Event: 9.980 Thread 0x0000029311516000 3011       1       jdk.nio.zipfs.ZipFileSystem$IndexNode::hashCode (5 bytes)
Event: 9.980 Thread 0x0000029311516000 nmethod 3011 0x0000029307c11b90 code [0x0000029307c11d40, 0x0000029307c11df8]
Event: 9.980 Thread 0x0000029311516000 3013       2       jdk.nio.zipfs.ZipConstants::pkSigAt (60 bytes)
Event: 9.981 Thread 0x0000029311516000 nmethod 3013 0x0000029300bc2590 code [0x0000029300bc2740, 0x0000029300bc2918]
Event: 9.981 Thread 0x0000029311516000 3020 %     3       jdk.nio.zipfs.ZipFileSystem::hasDotOrDotDot @ 40 (80 bytes)

GC Heap History (14 events):
Event: 1.964 GC heap before
{Heap before GC invocations=0 (full 0):
 garbage-first heap   total 122880K, used 29696K [0x0000000080000000, 0x0000000100000000)
  region size 1024K, 24 young (24576K), 0 survivors (0K)
 Metaspace       used 10129K, capacity 10337K, committed 10624K, reserved 1058816K
  class space    used 1033K, capacity 1108K, committed 1152K, reserved 1048576K
}
Event: 1.977 GC heap after
{Heap after GC invocations=1 (full 0):
 garbage-first heap   total 122880K, used 9179K [0x0000000080000000, 0x0000000100000000)
  region size 1024K, 3 young (3072K), 3 survivors (3072K)
 Metaspace       used 10129K, capacity 10337K, committed 10624K, reserved 1058816K
  class space    used 1033K, capacity 1108K, committed 1152K, reserved 1048576K
}
Event: 5.542 GC heap before
{Heap before GC invocations=1 (full 0):
 garbage-first heap   total 122880K, used 79835K [0x0000000080000000, 0x0000000100000000)
  region size 1024K, 72 young (73728K), 3 survivors (3072K)
 Metaspace       used 17778K, capacity 18173K, committed 18432K, reserved 1064960K
  class space    used 2071K, capacity 2211K, committed 2304K, reserved 1048576K
}
Event: 5.556 GC heap after
{Heap after GC invocations=2 (full 0):
 garbage-first heap   total 122880K, used 16232K [0x0000000080000000, 0x0000000100000000)
  region size 1024K, 9 young (9216K), 9 survivors (9216K)
 Metaspace       used 17778K, capacity 18173K, committed 18432K, reserved 1064960K
  class space    used 2071K, capacity 2211K, committed 2304K, reserved 1048576K
}
Event: 5.622 GC heap before
{Heap before GC invocations=2 (full 0):
 garbage-first heap   total 122880K, used 20328K [0x0000000080000000, 0x0000000100000000)
  region size 1024K, 13 young (13312K), 9 survivors (9216K)
 Metaspace       used 18095K, capacity 18505K, committed 18688K, reserved 1064960K
  class space    used 2126K, capacity 2280K, committed 2304K, reserved 1048576K
}
Event: 5.631 GC heap after
{Heap after GC invocations=3 (full 0):
 garbage-first heap   total 122880K, used 16690K [0x0000000080000000, 0x0000000100000000)
  region size 1024K, 1 young (1024K), 1 survivors (1024K)
 Metaspace       used 18095K, capacity 18505K, committed 18688K, reserved 1064960K
  class space    used 2126K, capacity 2280K, committed 2304K, reserved 1048576K
}
Event: 6.126 GC heap before
{Heap before GC invocations=3 (full 0):
 garbage-first heap   total 122880K, used 40242K [0x0000000080000000, 0x0000000100000000)
  region size 1024K, 26 young (26624K), 1 survivors (1024K)
 Metaspace       used 20799K, capacity 21197K, committed 21296K, reserved 1069056K
  class space    used 2528K, capacity 2687K, committed 2688K, reserved 1048576K
}
Event: 6.131 GC heap after
{Heap after GC invocations=4 (full 0):
 garbage-first heap   total 122880K, used 17121K [0x0000000080000000, 0x0000000100000000)
  region size 1024K, 1 young (1024K), 1 survivors (1024K)
 Metaspace       used 20799K, capacity 21197K, committed 21296K, reserved 1069056K
  class space    used 2528K, capacity 2687K, committed 2688K, reserved 1048576K
}
Event: 7.170 GC heap before
{Heap before GC invocations=5 (full 0):
 garbage-first heap   total 122880K, used 63201K [0x0000000080000000, 0x0000000100000000)
  region size 1024K, 46 young (47104K), 1 survivors (1024K)
 Metaspace       used 25570K, capacity 26213K, committed 26236K, reserved 1073152K
  class space    used 3299K, capacity 3517K, committed 3532K, reserved 1048576K
}
Event: 7.176 GC heap after
{Heap after GC invocations=6 (full 0):
 garbage-first heap   total 122880K, used 18857K [0x0000000080000000, 0x0000000100000000)
  region size 1024K, 3 young (3072K), 3 survivors (3072K)
 Metaspace       used 25570K, capacity 26213K, committed 26236K, reserved 1073152K
  class space    used 3299K, capacity 3517K, committed 3532K, reserved 1048576K
}
Event: 8.378 GC heap before
{Heap before GC invocations=6 (full 0):
 garbage-first heap   total 122880K, used 68009K [0x0000000080000000, 0x0000000100000000)
  region size 1024K, 51 young (52224K), 3 survivors (3072K)
 Metaspace       used 30135K, capacity 30821K, committed 30972K, reserved 1075200K
  class space    used 4018K, capacity 4314K, committed 4428K, reserved 1048576K
}
Event: 8.386 GC heap after
{Heap after GC invocations=7 (full 0):
 garbage-first heap   total 122880K, used 20256K [0x0000000080000000, 0x0000000100000000)
  region size 1024K, 4 young (4096K), 4 survivors (4096K)
 Metaspace       used 30135K, capacity 30821K, committed 30972K, reserved 1075200K
  class space    used 4018K, capacity 4314K, committed 4428K, reserved 1048576K
}
Event: 9.391 GC heap before
{Heap before GC invocations=7 (full 0):
 garbage-first heap   total 122880K, used 45856K [0x0000000080000000, 0x0000000100000000)
  region size 1024K, 30 young (30720K), 4 survivors (4096K)
 Metaspace       used 35085K, capacity 35958K, committed 36048K, reserved 1081344K
  class space    used 4570K, capacity 4921K, committed 4940K, reserved 1048576K
}
Event: 9.421 GC heap after
{Heap after GC invocations=8 (full 0):
 garbage-first heap   total 122880K, used 22762K [0x0000000080000000, 0x0000000100000000)
  region size 1024K, 6 young (6144K), 6 survivors (6144K)
 Metaspace       used 35085K, capacity 35958K, committed 36048K, reserved 1081344K
  class space    used 4570K, capacity 4921K, committed 4940K, reserved 1048576K
}

Deoptimization events (20 events):
Event: 8.952 Thread 0x00000293133d0800 Uncommon trap: trap_request=0xffffff4d fr.pc=0x0000029307b73df4 relative=0x0000000000001434
Event: 8.952 Thread 0x00000293133d0800 Uncommon trap: reason=unstable_if action=reinterpret pc=0x0000029307b73df4 method=java.util.concurrent.ConcurrentHashMap.putVal(Ljava/lang/Object;Ljava/lang/Object;Z)Ljava/lang/Object; @ 231 c2
Event: 8.952 Thread 0x00000293133d0800 DEOPT PACKING pc=0x0000029307b73df4 sp=0x000000ab6c8f8a60
Event: 8.952 Thread 0x00000293133d0800 DEOPT UNPACKING pc=0x000002930004a1af sp=0x000000ab6c8f89e0 mode 2
Event: 9.711 Thread 0x00000293133d0800 DEOPT PACKING pc=0x0000029300b136f9 sp=0x000000ab6c8f4960
Event: 9.711 Thread 0x00000293133d0800 DEOPT UNPACKING pc=0x000002930004a95e sp=0x000000ab6c8f3ea8 mode 0
Event: 9.727 Thread 0x00000293133d0800 DEOPT PACKING pc=0x0000029300b136f9 sp=0x000000ab6c8f4610
Event: 9.727 Thread 0x00000293133d0800 DEOPT UNPACKING pc=0x000002930004a95e sp=0x000000ab6c8f3b58 mode 0
Event: 9.733 Thread 0x00000293133d0800 Uncommon trap: trap_request=0xffffff5c fr.pc=0x0000029307b76fb4 relative=0x0000000000001194
Event: 9.733 Thread 0x00000293133d0800 Uncommon trap: reason=speculate_null_assert action=make_not_entrant pc=0x0000029307b76fb4 method=jdk.internal.loader.URLClassPath$JarLoader.getResource(Ljava/lang/String;ZLjava/util/Set;)Ljdk/internal/loader/Resource; @ 17 c2
Event: 9.733 Thread 0x00000293133d0800 DEOPT PACKING pc=0x0000029307b76fb4 sp=0x000000ab6c8f3a00
Event: 9.733 Thread 0x00000293133d0800 DEOPT UNPACKING pc=0x000002930004a1af sp=0x000000ab6c8f3998 mode 2
Event: 9.931 Thread 0x00000293133d0800 Uncommon trap: trap_request=0xffffff4d fr.pc=0x0000029307bad8d0 relative=0x0000000000000a90
Event: 9.931 Thread 0x00000293133d0800 Uncommon trap: reason=unstable_if action=reinterpret pc=0x0000029307bad8d0 method=sun.nio.fs.WindowsPathParser.isSlash(C)Z @ 9 c2
Event: 9.931 Thread 0x00000293133d0800 DEOPT PACKING pc=0x0000029307bad8d0 sp=0x000000ab6c8f7bc0
Event: 9.931 Thread 0x00000293133d0800 DEOPT UNPACKING pc=0x000002930004a1af sp=0x000000ab6c8f7b30 mode 2
Event: 9.931 Thread 0x00000293133d0800 Uncommon trap: trap_request=0xffffff4d fr.pc=0x0000029307aecbdc relative=0x000000000000003c
Event: 9.931 Thread 0x00000293133d0800 Uncommon trap: reason=unstable_if action=reinterpret pc=0x0000029307aecbdc method=sun.nio.fs.WindowsPathParser.isSlash(C)Z @ 9 c2
Event: 9.931 Thread 0x00000293133d0800 DEOPT PACKING pc=0x0000029307aecbdc sp=0x000000ab6c8f7ba0
Event: 9.931 Thread 0x00000293133d0800 DEOPT UNPACKING pc=0x000002930004a1af sp=0x000000ab6c8f7b28 mode 2

Classes redefined (0 events):
No events

Internal exceptions (20 events):
Event: 8.256 Thread 0x00000293133d0800 Exception <a 'java/lang/IncompatibleClassChangeError'{0x0000000084b663d8}: Found class java.lang.Object, but interface was expected> (0x0000000084b663d8) thrown at [src/hotspot/share/interpreter/linkResolver.cpp, line 839]
Event: 8.807 Thread 0x00000293133d0800 Exception <a 'java/lang/NoSuchMethodError'{0x0000000086db4e10}: 'java.lang.Object java.lang.invoke.Invokers$Holder.linkToTargetMethod(java.lang.Object, long, java.lang.Object)'> (0x0000000086db4e10) thrown at [src/hotspot/share/interpreter/linkResolver.cpp, line 773]
Event: 8.826 Thread 0x00000293133d0800 Exception <a 'java/lang/NoSuchMethodError'{0x0000000086c08d90}: 'int java.lang.invoke.DirectMethodHandle$Holder.invokeStatic(java.lang.Object, java.lang.Object, java.lang.Object, java.lang.Object, java.lang.Object)'> (0x0000000086c08d90) thrown at [src/hotspot/share/interpreter/linkResolver.cpp, line 773]
Event: 8.850 Thread 0x00000293133d0800 Exception <a 'java/lang/NoSuchMethodError'{0x0000000086ca5908}: 'int java.lang.invoke.DirectMethodHandle$Holder.invokeInterface(java.lang.Object, java.lang.Object)'> (0x0000000086ca5908) thrown at [src/hotspot/share/interpreter/linkResolver.cpp, line 773]
Event: 8.857 Thread 0x00000293133d0800 Exception <a 'java/lang/NoSuchMethodError'{0x0000000086cd4938}: 'java.lang.Object java.lang.invoke.DirectMethodHandle$Holder.invokeStatic(java.lang.Object, java.lang.Object, int, java.lang.Object)'> (0x0000000086cd4938) thrown at [src/hotspot/share/interpreter/linkResolver.cpp, line 773]
Event: 8.859 Thread 0x00000293133d0800 Exception <a 'java/lang/NoSuchMethodError'{0x0000000086cdec80}: 'java.lang.Object java.lang.invoke.Invokers$Holder.linkToTargetMethod(java.lang.Object, int, java.lang.Object, java.lang.Object)'> (0x0000000086cdec80) thrown at [src/hotspot/share/interpreter/linkResolver.cpp, line 773]
Event: 9.109 Thread 0x00000293133d0800 Exception <a 'java/lang/NoSuchMethodError'{0x00000000864b3c38}: 'void java.lang.invoke.DirectMethodHandle$Holder.invokeStaticInit(java.lang.Object, java.lang.Object, java.lang.Object)'> (0x00000000864b3c38) thrown at [src/hotspot/share/interpreter/linkResolver.cpp, line 773]
Event: 9.110 Thread 0x00000293133d0800 Exception <a 'java/lang/NoSuchMethodError'{0x00000000864bae90}: 'void java.lang.invoke.DirectMethodHandle$Holder.invokeStaticInit(java.lang.Object, java.lang.Object, java.lang.Object, java.lang.Object)'> (0x00000000864bae90) thrown at [src/hotspot/share/interpreter/linkResolver.cpp, line 773]
Event: 9.116 Thread 0x00000293133d0800 Exception <a 'java/lang/NoSuchMethodError'{0x00000000864dd870}: 'void java.lang.invoke.DirectMethodHandle$Holder.invokeStaticInit(java.lang.Object, java.lang.Object, java.lang.Object, java.lang.Object, java.lang.Object)'> (0x00000000864dd870) thrown at [src/hotspot/share/interpreter/linkResolver.cpp, line 773]
Event: 9.183 Thread 0x00000293133d0800 Exception <a 'java/lang/NoSuchMethodError'{0x0000000086355c68}: 'int java.lang.invoke.DirectMethodHandle$Holder.invokeStaticInit(java.lang.Object, java.lang.Object, java.lang.Object, java.lang.Object)'> (0x0000000086355c68) thrown at [src/hotspot/share/interpreter/linkResolver.cpp, line 773]
Event: 9.714 Thread 0x00000293133d0800 Exception <a 'java/lang/NoSuchMethodError'{0x0000000087466910}: 'java.lang.Object java.lang.invoke.DirectMethodHandle$Holder.invokeStatic(java.lang.Object, java.lang.Object, java.lang.Object, java.lang.Object, java.lang.Object, java.lang.Object, java.lang.Object, java.lang.Object, java.lang.Object, java.lang.Object, java.lang.Object, int)'> (0x0000000087466910) thrown at [src/hotspot/share/interpreter/linkResolver.cpp, line 773]
Event: 9.720 Thread 0x00000293133d0800 Exception <a 'java/lang/NoSuchMethodError'{0x00000000874857a0}: 'java.lang.Object java.lang.invoke.DirectMethodHandle$Holder.invokeStatic(java.lang.Object, java.lang.Object, java.lang.Object, java.lang.Object, java.lang.Object, java.lang.Object, java.lang.Object, java.lang.Object, java.lang.Object, java.lang.Object, java.lang.Object, int, int)'> (0x00000000874857a0) thrown at [src/hotspot/share/interpreter/linkResolver.cpp, line 773]
Event: 9.725 Thread 0x00000293133d0800 Exception <a 'java/lang/NoSuchMethodError'{0x00000000874a5278}: 'java.lang.Object java.lang.invoke.DirectMethodHandle$Holder.invokeStatic(java.lang.Object, java.lang.Object, java.lang.Object, java.lang.Object, java.lang.Object, java.lang.Object, java.lang.Object, java.lang.Object, java.lang.Object, java.lang.Object, java.lang.Object, int, int, java.lang.Object)'> (0x00000000874a5278) thrown at [src/hotspot/share/interpreter/linkResolver.cpp, line 773]
Event: 9.730 Thread 0x00000293133d0800 Exception <a 'java/lang/NoSuchMethodError'{0x00000000874c6618}: 'java.lang.Object java.lang.invoke.DirectMethodHandle$Holder.invokeStatic(java.lang.Object, java.lang.Object, java.lang.Object, java.lang.Object, java.lang.Object, java.lang.Object, java.lang.Object, java.lang.Object, java.lang.Object, java.lang.Object, java.lang.Object, int, int, java.lang.Object, java.lang.Object)'> (0x00000000874c6618) thrown at [src/hotspot/share/interpreter/linkResolver.cpp, line 773]
Event: 9.738 Thread 0x00000293133d0800 Exception <a 'java/lang/ClassNotFoundException'{0x00000000874f6ca8}: groovy/lang/ExpandoMetaClassBeanInfo> (0x00000000874f6ca8) thrown at [src/hotspot/share/classfile/systemDictionary.cpp, line 230]
Event: 9.741 Thread 0x00000293133d0800 Exception <a 'java/lang/ClassNotFoundException'{0x00000000873179b0}: groovy/lang/MetaClassImplBeanInfo> (0x00000000873179b0) thrown at [src/hotspot/share/classfile/systemDictionary.cpp, line 230]
Event: 9.742 Thread 0x00000293133d0800 Exception <a 'java/lang/ClassNotFoundException'{0x0000000087320f08}: java/lang/ObjectBeanInfo> (0x0000000087320f08) thrown at [src/hotspot/share/classfile/systemDictionary.cpp, line 230]
Event: 9.746 Thread 0x00000293133d0800 Exception <a 'java/lang/ClassNotFoundException'{0x000000008732c8d0}: java/lang/ObjectCustomizer> (0x000000008732c8d0) thrown at [src/hotspot/share/classfile/systemDictionary.cpp, line 230]
Event: 9.762 Thread 0x00000293133d0800 Exception <a 'java/lang/ClassNotFoundException'{0x0000000087353f48}: groovy/lang/MetaClassImplCustomizer> (0x0000000087353f48) thrown at [src/hotspot/share/classfile/systemDictionary.cpp, line 230]
Event: 9.774 Thread 0x00000293133d0800 Exception <a 'java/lang/ClassNotFoundException'{0x0000000087394498}: groovy/lang/ExpandoMetaClassCustomizer> (0x0000000087394498) thrown at [src/hotspot/share/classfile/systemDictionary.cpp, line 230]

Events (20 events):
Event: 9.961 loading class sun/nio/fs/WindowsAclFileAttributeView
Event: 9.961 loading class sun/nio/fs/AbstractAclFileAttributeView
Event: 9.961 loading class java/nio/file/attribute/AclFileAttributeView
Event: 9.961 loading class java/nio/file/attribute/FileOwnerAttributeView
Event: 9.961 loading class java/nio/file/attribute/FileOwnerAttributeView done
Event: 9.961 loading class java/nio/file/attribute/AclFileAttributeView done
Event: 9.961 loading class sun/nio/fs/AbstractAclFileAttributeView done
Event: 9.961 loading class sun/nio/fs/WindowsAclFileAttributeView done
Event: 9.962 loading class sun/nio/fs/WindowsSecurity
Event: 9.962 loading class sun/nio/fs/WindowsSecurity done
Event: 9.962 loading class sun/nio/fs/WindowsFileStore
Event: 9.963 loading class sun/nio/fs/WindowsFileStore done
Event: 9.971 loading class java/nio/file/AccessDeniedException
Event: 9.971 loading class java/nio/file/AccessDeniedException done
Event: 9.971 loading class java/nio/file/InvalidPathException
Event: 9.971 loading class java/nio/file/InvalidPathException done
Event: 9.972 loading class sun/nio/fs/WindowsSecurityDescriptor
Event: 9.973 loading class sun/nio/fs/WindowsSecurityDescriptor done
Event: 9.973 loading class sun/nio/fs/WindowsChannelFactory$2
Event: 9.973 loading class sun/nio/fs/WindowsChannelFactory$2 done


Dynamic libraries:
0x00007ff7a4fa0000 - 0x00007ff7a4faa000 	C:\Program Files\Android\Android Studio\jbr\bin\java.exe
0x00007ffeff990000 - 0x00007ffeffb88000 	C:\WINDOWS\SYSTEM32\ntdll.dll
0x00007ffefe5e0000 - 0x00007ffefe69f000 	C:\WINDOWS\System32\KERNEL32.DLL
0x00007ffefd620000 - 0x00007ffefd8f2000 	C:\WINDOWS\System32\KERNELBASE.dll
0x00007ffefd210000 - 0x00007ffefd310000 	C:\WINDOWS\System32\ucrtbase.dll
0x00007ffeeec70000 - 0x00007ffeeec87000 	C:\Program Files\Android\Android Studio\jbr\bin\jli.dll
0x00007ffeecc60000 - 0x00007ffeecc7b000 	C:\Program Files\Android\Android Studio\jbr\bin\VCRUNTIME140.dll
0x00007ffefe180000 - 0x00007ffefe321000 	C:\WINDOWS\System32\USER32.dll
0x00007ffefd400000 - 0x00007ffefd422000 	C:\WINDOWS\System32\win32u.dll
0x00007ffee8e70000 - 0x00007ffee910a000 	C:\WINDOWS\WinSxS\amd64_microsoft.windows.common-controls_6595b64144ccf1df_6.0.19041.1110_none_60b5254171f9507e\COMCTL32.dll
0x00007ffeff6a0000 - 0x00007ffeff6cb000 	C:\WINDOWS\System32\GDI32.dll
0x00007ffeff7d0000 - 0x00007ffeff86e000 	C:\WINDOWS\System32\msvcrt.dll
0x00007ffefd090000 - 0x00007ffefd19f000 	C:\WINDOWS\System32\gdi32full.dll
0x00007ffefd310000 - 0x00007ffefd3ad000 	C:\WINDOWS\System32\msvcp_win.dll
0x00007ffefda60000 - 0x00007ffefda90000 	C:\WINDOWS\System32\IMM32.DLL
0x00007ffec77a0000 - 0x00007ffec782d000 	C:\Program Files\Android\Android Studio\jbr\bin\msvcp140.dll
0x00007ffeea200000 - 0x00007ffeea20c000 	C:\WINDOWS\SYSTEM32\VCRUNTIME140_1.dll
0x00007ffeb80f0000 - 0x00007ffeb8cac000 	C:\Program Files\Android\Android Studio\jbr\bin\server\jvm.dll
0x00007ffefdfc0000 - 0x00007ffefe06e000 	C:\WINDOWS\System32\ADVAPI32.dll
0x00007ffefe080000 - 0x00007ffefe11c000 	C:\WINDOWS\System32\sechost.dll
0x00007ffefe390000 - 0x00007ffefe4b5000 	C:\WINDOWS\System32\RPCRT4.dll
0x00007ffeff2c0000 - 0x00007ffeff2c8000 	C:\WINDOWS\System32\PSAPI.DLL
0x00007ffee91f0000 - 0x00007ffee91f9000 	C:\WINDOWS\SYSTEM32\WSOCK32.dll
0x00007ffef1b00000 - 0x00007ffef1b27000 	C:\WINDOWS\SYSTEM32\WINMM.dll
0x00007ffef8a80000 - 0x00007ffef8a8a000 	C:\WINDOWS\SYSTEM32\VERSION.dll
0x00007ffeff6d0000 - 0x00007ffeff73b000 	C:\WINDOWS\System32\WS2_32.dll
0x00007ffefaf50000 - 0x00007ffefaf62000 	C:\WINDOWS\SYSTEM32\kernel.appcore.dll
0x00007ffef5960000 - 0x00007ffef5970000 	C:\Program Files\Android\Android Studio\jbr\bin\verify.dll
0x00007ffef7720000 - 0x00007ffef7904000 	C:\WINDOWS\SYSTEM32\DBGHELP.DLL
0x00007ffef29f0000 - 0x00007ffef2a25000 	C:\WINDOWS\SYSTEM32\dbgcore.DLL
0x00007ffefd590000 - 0x00007ffefd612000 	C:\WINDOWS\System32\bcryptPrimitives.dll
0x00007ffeef020000 - 0x00007ffeef048000 	C:\Program Files\Android\Android Studio\jbr\bin\java.dll
0x00007ffef5950000 - 0x00007ffef595a000 	C:\Program Files\Android\Android Studio\jbr\bin\jimage.dll
0x00007ffeef7c0000 - 0x00007ffeef7d8000 	C:\Program Files\Android\Android Studio\jbr\bin\zip.dll
0x00007ffefe6a0000 - 0x00007ffefede5000 	C:\WINDOWS\System32\SHELL32.dll
0x00007ffefb150000 - 0x00007ffefb8e2000 	C:\WINDOWS\SYSTEM32\windows.storage.dll
0x00007ffefdb40000 - 0x00007ffefde95000 	C:\WINDOWS\System32\combase.dll
0x00007ffefca10000 - 0x00007ffefca40000 	C:\WINDOWS\SYSTEM32\Wldp.dll
0x00007ffefdea0000 - 0x00007ffefdf4d000 	C:\WINDOWS\System32\SHCORE.dll
0x00007ffefe330000 - 0x00007ffefe385000 	C:\WINDOWS\System32\shlwapi.dll
0x00007ffefcfd0000 - 0x00007ffefcfef000 	C:\WINDOWS\SYSTEM32\profapi.dll
0x00007ffeec580000 - 0x00007ffeec599000 	C:\Program Files\Android\Android Studio\jbr\bin\net.dll
0x00007ffef4f50000 - 0x00007ffef505a000 	C:\WINDOWS\SYSTEM32\WINHTTP.dll
0x00007ffefc770000 - 0x00007ffefc7da000 	C:\WINDOWS\system32\mswsock.dll
0x00007ffeec560000 - 0x00007ffeec573000 	C:\Program Files\Android\Android Studio\jbr\bin\nio.dll
0x00007ffee6160000 - 0x00007ffee6187000 	C:\Users\mohit\.gradle\native\e1d6ef7f7dcc3fd88c89a11ec53ec762bb8ba0a96d01ffa2cd45eb1d1d8dd5c5\windows-amd64\native-platform.dll
0x00007ffec6b10000 - 0x00007ffec6c54000 	C:\Users\mohit\.gradle\native\0d407fdbe67a94daf76414ababcb853783967236a71b16ec16e742cd7a986fd3\windows-amd64\native-platform-file-events.dll
0x00007ffef5940000 - 0x00007ffef594a000 	C:\Program Files\Android\Android Studio\jbr\bin\management.dll
0x00007ffef1480000 - 0x00007ffef148b000 	C:\Program Files\Android\Android Studio\jbr\bin\management_ext.dll
0x00007ffefc970000 - 0x00007ffefc988000 	C:\WINDOWS\SYSTEM32\CRYPTSP.dll
0x00007ffefc090000 - 0x00007ffefc0c4000 	C:\WINDOWS\system32\rsaenh.dll
0x00007ffefd9b0000 - 0x00007ffefd9d7000 	C:\WINDOWS\System32\bcrypt.dll
0x00007ffefcf50000 - 0x00007ffefcf7e000 	C:\WINDOWS\SYSTEM32\USERENV.dll
0x00007ffefc960000 - 0x00007ffefc96c000 	C:\WINDOWS\SYSTEM32\CRYPTBASE.dll
0x00007ffefc460000 - 0x00007ffefc49b000 	C:\WINDOWS\SYSTEM32\IPHLPAPI.DLL
0x00007ffefdf50000 - 0x00007ffefdf58000 	C:\WINDOWS\System32\NSI.dll
0x00007ffef6040000 - 0x00007ffef6057000 	C:\WINDOWS\SYSTEM32\dhcpcsvc6.DLL
0x00007ffef6630000 - 0x00007ffef664d000 	C:\WINDOWS\SYSTEM32\dhcpcsvc.DLL
0x00007ffefc4a0000 - 0x00007ffefc56b000 	C:\WINDOWS\SYSTEM32\DNSAPI.dll

dbghelp: loaded successfully - version: 4.0.5 - missing functions: none
symbol engine: initialized successfully - sym options: 0x614 - pdb path: .;C:\Program Files\Android\Android Studio\jbr\bin;C:\WINDOWS\SYSTEM32;C:\WINDOWS\WinSxS\amd64_microsoft.windows.common-controls_6595b64144ccf1df_6.0.19041.1110_none_60b5254171f9507e;C:\Program Files\Android\Android Studio\jbr\bin\server;C:\Users\mohit\.gradle\native\e1d6ef7f7dcc3fd88c89a11ec53ec762bb8ba0a96d01ffa2cd45eb1d1d8dd5c5\windows-amd64;C:\Users\mohit\.gradle\native\0d407fdbe67a94daf76414ababcb853783967236a71b16ec16e742cd7a986fd3\windows-amd64

VM Arguments:
jvm_args: --add-opens=java.base/java.util=ALL-UNNAMED --add-opens=java.base/java.lang=ALL-UNNAMED --add-opens=java.base/java.lang.invoke=ALL-UNNAMED --add-opens=java.base/java.util=ALL-UNNAMED --add-opens=java.prefs/java.util.prefs=ALL-UNNAMED --add-opens=java.prefs/java.util.prefs=ALL-UNNAMED --add-opens=java.base/java.nio.charset=ALL-UNNAMED --add-opens=java.base/java.net=ALL-UNNAMED --add-opens=java.base/java.util.concurrent.atomic=ALL-UNNAMED -Xmx2048m -Dfile.encoding=UTF-8 -Duser.country=IN -Duser.language=en -Duser.variant 
java_command: org.gradle.launcher.daemon.bootstrap.GradleDaemon 7.5
java_class_path (initial): C:\Users\mohit\.gradle\wrapper\dists\gradle-7.5-bin\f1w0cc9nuo0eivz97x2xlu9sv\gradle-7.5\lib\gradle-launcher-7.5.jar
Launcher Type: SUN_STANDARD

[Global flags]
     intx CICompilerCount                          = 4                                         {product} {ergonomic}
     uint ConcGCThreads                            = 2                                         {product} {ergonomic}
     uint G1ConcRefinementThreads                  = 8                                         {product} {ergonomic}
   size_t G1HeapRegionSize                         = 1048576                                   {product} {ergonomic}
    uintx GCDrainStackTargetSize                   = 64                                        {product} {ergonomic}
   size_t InitialHeapSize                          = 125829120                                 {product} {ergonomic}
   size_t MarkStackSize                            = 4194304                                   {product} {ergonomic}
   size_t MaxHeapSize                              = 2147483648                                {product} {command line}
   size_t MaxNewSize                               = 1287651328                                {product} {ergonomic}
   size_t MinHeapDeltaBytes                        = 1048576                                   {product} {ergonomic}
    uintx NonNMethodCodeHeapSize                   = 5836300                                {pd product} {ergonomic}
    uintx NonProfiledCodeHeapSize                  = 122910970                              {pd product} {ergonomic}
    uintx ProfiledCodeHeapSize                     = 122910970                              {pd product} {ergonomic}
    uintx ReservedCodeCacheSize                    = 251658240                              {pd product} {ergonomic}
     bool SegmentedCodeCache                       = true                                      {product} {ergonomic}
     bool UseCompressedClassPointers               = true                                 {lp64_product} {ergonomic}
     bool UseCompressedOops                        = true                                 {lp64_product} {ergonomic}
     bool UseG1GC                                  = true                                      {product} {ergonomic}
     bool UseLargePagesIndividualAllocation        = false                                  {pd product} {ergonomic}

Logging:
Log output configuration:
 #0: stdout all=warning uptime,level,tags
 #1: stderr all=off uptime,level,tags

Environment Variables:
PATH=C:\Python310\Scripts\;C:\Python310\;D:\Development\Scripts\;D:\Development\;C:\Program Files\Common Files\Oracle\Java\javapath;C:\Windows\system32;C:\Windows;C:\Windows\System32\Wbem;C:\Windows\System32\WindowsPowerShell\v1.0\;C:\Windows\System32\OpenSSH\;C:\Program Files (x86)\NVIDIA Corporation\PhysX\Common;C:\Program Files\NVIDIA Corporation\NVIDIA NvDLISR;C:\WINDOWS\system32;C:\WINDOWS;C:\WINDOWS\System32\Wbem;C:\WINDOWS\System32\WindowsPowerShell\v1.0\;C:\WINDOWS\System32\OpenSSH\;D:\Development\Git\cmd;C:\MinGW\bin;C:\ProgramData\chocolatey\bin;C:\Program Files\nodejs\;D:\flutter\bin;C:\Users\mohit\AppData\Local\Programs\Microsoft VS Code\bin
USERNAME=mohit
OS=Windows_NT
PROCESSOR_IDENTIFIER=AMD64 Family 23 Model 24 Stepping 1, AuthenticAMD



---------------  S Y S T E M  ---------------

OS: Windows 10 , 64 bit Build 19041 (10.0.19041.2546)
OS uptime: 1 days 7:19 hours

CPU:total 8 (initial active 8) (8 cores per cpu, 2 threads per core) family 23 model 24 stepping 1 microcode 0x0, cmov, cx8, fxsr, mmx, sse, sse2, sse3, ssse3, sse4.1, sse4.2, popcnt, avx, avx2, aes, clmul, mmxext, 3dnowpref, lzcnt, sse4a, ht, tsc, tscinvbit, tscinv, bmi1, bmi2, adx, sha, fma

Memory: 4k page, system-wide physical 7616M (253M free)
TotalPageFile size 15808M (AvailPageFile size 3M)
current process WorkingSet (physical memory assigned to process): 229M, peak: 229M
current process commit charge ("private bytes"): 290M, peak: 291M

vm_info: OpenJDK 64-Bit Server VM (11.0.15+0-b2043.56-8887301) for windows-amd64 JRE (11.0.15+0-b2043.56-8887301), built on Jul 29 2022 23:19:47 by "builduser" with unknown MS VC++:1929

END.
