#
# There is insufficient memory for the Java Runtime Environment to continue.
# Native memory allocation (malloc) failed to allocate 1160816 bytes for Chunk::new
# Possible reasons:
#   The system is out of physical RAM or swap space
#   The process is running with CompressedOops enabled, and the Java Heap may be blocking the growth of the native heap
# Possible solutions:
#   Reduce memory load on the system
#   Increase physical memory or swap space
#   Check if swap backing store is full
#   Decrease Java heap size (-Xmx/-Xms)
#   Decrease number of Java threads
#   Decrease Java thread stack sizes (-Xss)
#   Set larger code cache with -XX:ReservedCodeCacheSize=
#   JVM is running with Unscaled Compressed Oops mode in which the Java heap is
#     placed in the first 4GB address space. The Java Heap base address is the
#     maximum limit for the native heap growth. Please use -XX:HeapBaseMinAddress
#     to set the Java Heap base and to place the Java Heap above 4GB virtual address.
# This output file may be truncated or incomplete.
#
#  Out of Memory Error (src/hotspot/share/memory/arena.cpp:197), pid=5708, tid=19300
#
# JRE version: OpenJDK Runtime Environment (11.0.15) (build 11.0.15+0-b2043.56-8887301)
# Java VM: OpenJDK 64-Bit Server VM (11.0.15+0-b2043.56-8887301, mixed mode, tiered, compressed oops, g1 gc, windows-amd64)
# No core dump will be written. Minidumps are not enabled by default on client versions of Windows
#

---------------  S U M M A R Y ------------

Command Line: --add-opens=java.base/java.util=ALL-UNNAMED --add-opens=java.base/java.lang=ALL-UNNAMED --add-opens=java.base/java.lang.invoke=ALL-UNNAMED --add-opens=java.base/java.util=ALL-UNNAMED --add-opens=java.prefs/java.util.prefs=ALL-UNNAMED --add-opens=java.prefs/java.util.prefs=ALL-UNNAMED --add-opens=java.base/java.nio.charset=ALL-UNNAMED --add-opens=java.base/java.net=ALL-UNNAMED --add-opens=java.base/java.util.concurrent.atomic=ALL-UNNAMED -Xmx2048m -Dfile.encoding=UTF-8 -Duser.country=IN -Duser.language=en -Duser.variant org.gradle.launcher.daemon.bootstrap.GradleDaemon 7.5

Host: AMD Ryzen 5 3550H with Radeon Vega Mobile Gfx  , 8 cores, 7G,  Windows 10 , 64 bit Build 19041 (10.0.19041.2546)
Time: Wed Mar  1 18:03:04 2023 India Standard Time elapsed time: 9.579931 seconds (0d 0h 0m 9s)

---------------  T H R E A D  ---------------

Current thread (0x0000026aff733000):  JavaThread "C2 CompilerThread0" daemon [_thread_in_native, id=19300, stack(0x00000081af600000,0x00000081af700000)]


Current CompileTask:
C2:   9580 2969   !   4       jdk.internal.loader.URLClassPath$JarLoader::getResource (353 bytes)

Stack: [0x00000081af600000,0x00000081af700000]
Native frames: (J=compiled Java code, j=interpreted, Vv=VM code, C=native code)
V  [jvm.dll+0x64135a]
V  [jvm.dll+0x7d39f9]
V  [jvm.dll+0x7d51b9]
V  [jvm.dll+0x7d58a3]
V  [jvm.dll+0x2691c5]
V  [jvm.dll+0xc1a5c]
V  [jvm.dll+0xc200c]
V  [jvm.dll+0x3774a7]
V  [jvm.dll+0x1b3732]
V  [jvm.dll+0x22163e]
V  [jvm.dll+0x220498]
V  [jvm.dll+0x19e851]
V  [jvm.dll+0x230479]
V  [jvm.dll+0x22e5ef]
V  [jvm.dll+0x794de1]
V  [jvm.dll+0x78dc24]
V  [jvm.dll+0x6400f6]
C  [ucrtbase.dll+0x21bb2]
C  [KERNEL32.DLL+0x17614]
C  [ntdll.dll+0x526a1]


---------------  P R O C E S S  ---------------

Threads class SMR info:
_java_thread_list=0x0000026a84250b20, length=33, elements={
0x0000026ae5273000, 0x0000026aff703000, 0x0000026aff706800, 0x0000026a80143800,
0x0000026aff722800, 0x0000026aff723800, 0x0000026aff733000, 0x0000026aff737800,
0x0000026aff738800, 0x0000026a802a0000, 0x0000026a817cc800, 0x0000026a81c69800,
0x0000026a8215b800, 0x0000026a8215e000, 0x0000026a82572800, 0x0000026a81c4c800,
0x0000026a8212f000, 0x0000026a82571000, 0x0000026a82571800, 0x0000026a8110f800,
0x0000026a825f5800, 0x0000026a825fa000, 0x0000026a825f6000, 0x0000026a825f7000,
0x0000026a825f8000, 0x0000026a825f8800, 0x0000026a825f9800, 0x0000026a825f4800,
0x0000026a825fb000, 0x0000026a826b5800, 0x0000026a826b6800, 0x0000026a826b4000,
0x0000026a826b2800
}

Java Threads: ( => current thread )
  0x0000026ae5273000 JavaThread "main" [_thread_blocked, id=12916, stack(0x00000081aea00000,0x00000081aeb00000)]
  0x0000026aff703000 JavaThread "Reference Handler" daemon [_thread_blocked, id=18980, stack(0x00000081af100000,0x00000081af200000)]
  0x0000026aff706800 JavaThread "Finalizer" daemon [_thread_blocked, id=12496, stack(0x00000081af200000,0x00000081af300000)]
  0x0000026a80143800 JavaThread "Signal Dispatcher" daemon [_thread_blocked, id=18132, stack(0x00000081af300000,0x00000081af400000)]
  0x0000026aff722800 JavaThread "Attach Listener" daemon [_thread_blocked, id=628, stack(0x00000081af400000,0x00000081af500000)]
  0x0000026aff723800 JavaThread "Service Thread" daemon [_thread_blocked, id=12716, stack(0x00000081af500000,0x00000081af600000)]
=>0x0000026aff733000 JavaThread "C2 CompilerThread0" daemon [_thread_in_native, id=19300, stack(0x00000081af600000,0x00000081af700000)]
  0x0000026aff737800 JavaThread "C1 CompilerThread0" daemon [_thread_in_native, id=18020, stack(0x00000081af700000,0x00000081af800000)]
  0x0000026aff738800 JavaThread "Sweeper thread" daemon [_thread_blocked, id=18040, stack(0x00000081af800000,0x00000081af900000)]
  0x0000026a802a0000 JavaThread "Common-Cleaner" daemon [_thread_blocked, id=1080, stack(0x00000081af900000,0x00000081afa00000)]
  0x0000026a817cc800 JavaThread "Daemon health stats" [_thread_blocked, id=14032, stack(0x00000081afc00000,0x00000081afd00000)]
  0x0000026a81c69800 JavaThread "Incoming local TCP Connector on port 53626" [_thread_in_native, id=13844, stack(0x00000081afd00000,0x00000081afe00000)]
  0x0000026a8215b800 JavaThread "Daemon periodic checks" [_thread_blocked, id=10592, stack(0x00000081afe00000,0x00000081aff00000)]
  0x0000026a8215e000 JavaThread "Daemon" [_thread_blocked, id=17264, stack(0x00000081aff00000,0x00000081b0000000)]
  0x0000026a82572800 JavaThread "Handler for socket connection from /127.0.0.1:53626 to /127.0.0.1:53627" [_thread_in_native, id=16740, stack(0x00000081b0000000,0x00000081b0100000)]
  0x0000026a81c4c800 JavaThread "Cancel handler" [_thread_blocked, id=16748, stack(0x00000081b0100000,0x00000081b0200000)]
  0x0000026a8212f000 JavaThread "Daemon worker" [_thread_in_vm, id=4660, stack(0x00000081b0200000,0x00000081b0300000)]
  0x0000026a82571000 JavaThread "Asynchronous log dispatcher for DefaultDaemonConnection: socket connection from /127.0.0.1:53626 to /127.0.0.1:53627" [_thread_blocked, id=14428, stack(0x00000081b0300000,0x00000081b0400000)]
  0x0000026a82571800 JavaThread "Stdin handler" [_thread_blocked, id=5140, stack(0x00000081b0400000,0x00000081b0500000)]
  0x0000026a8110f800 JavaThread "Daemon client event forwarder" [_thread_blocked, id=12584, stack(0x00000081b0500000,0x00000081b0600000)]
  0x0000026a825f5800 JavaThread "Cache worker for journal cache (C:\Users\mohit\.gradle\caches\journal-1)" [_thread_blocked, id=18876, stack(0x00000081b0d00000,0x00000081b0e00000)]
  0x0000026a825fa000 JavaThread "File lock request listener" [_thread_in_native, id=9460, stack(0x00000081b0e00000,0x00000081b0f00000)]
  0x0000026a825f6000 JavaThread "Cache worker for file hash cache (C:\Users\mohit\.gradle\caches\7.5\fileHashes)" [_thread_blocked, id=5028, stack(0x00000081b0f00000,0x00000081b1000000)]
  0x0000026a825f7000 JavaThread "File watcher server" daemon [_thread_in_native, id=10152, stack(0x00000081b1100000,0x00000081b1200000)]
  0x0000026a825f8000 JavaThread "File watcher consumer" daemon [_thread_blocked, id=13648, stack(0x00000081b1200000,0x00000081b1300000)]
  0x0000026a825f8800 JavaThread "Cache worker for checksums cache (C:\Users\mohit\AndroidStudioProjects\StickyNotes\.gradle\7.5\checksums)" [_thread_blocked, id=1140, stack(0x00000081b1300000,0x00000081b1400000)]
  0x0000026a825f9800 JavaThread "Cache worker for cache directory md-rule (C:\Users\mohit\.gradle\caches\7.5\md-rule)" [_thread_blocked, id=17360, stack(0x00000081b1400000,0x00000081b1500000)]
  0x0000026a825f4800 JavaThread "Cache worker for file content cache (C:\Users\mohit\.gradle\caches\7.5\fileContent)" [_thread_blocked, id=13932, stack(0x00000081b1500000,0x00000081b1600000)]
  0x0000026a825fb000 JavaThread "Cache worker for file hash cache (C:\Users\mohit\AndroidStudioProjects\StickyNotes\.gradle\7.5\fileHashes)" [_thread_blocked, id=18356, stack(0x00000081b1600000,0x00000081b1700000)]
  0x0000026a826b5800 JavaThread "Cache worker for cache directory md-supplier (C:\Users\mohit\.gradle\caches\7.5\md-supplier)" [_thread_blocked, id=15924, stack(0x00000081b1700000,0x00000081b1800000)]
  0x0000026a826b6800 JavaThread "Cache worker for execution history cache (C:\Users\mohit\.gradle\caches\7.5\executionHistory)" [_thread_blocked, id=4992, stack(0x00000081b1800000,0x00000081b1900000)]
  0x0000026a826b4000 JavaThread "jar transforms" [_thread_blocked, id=6660, stack(0x00000081b1900000,0x00000081b1a00000)]
  0x0000026a826b2800 JavaThread "jar transforms Thread 2" [_thread_blocked, id=18400, stack(0x00000081b1a00000,0x00000081b1b00000)]

Other Threads:
  0x0000026aff6ff800 VMThread "VM Thread" [stack: 0x00000081af000000,0x00000081af100000] [id=15512]
  0x0000026a802d5000 WatcherThread [stack: 0x00000081afa00000,0x00000081afb00000] [id=16616]
  0x0000026ae528d000 GCTaskThread "GC Thread#0" [stack: 0x00000081aeb00000,0x00000081aec00000] [id=18984]
  0x0000026a80f14800 GCTaskThread "GC Thread#1" [stack: 0x00000081afb00000,0x00000081afc00000] [id=18108]
  0x0000026a80645800 GCTaskThread "GC Thread#2" [stack: 0x00000081b0600000,0x00000081b0700000] [id=7380]
  0x0000026a80648800 GCTaskThread "GC Thread#3" [stack: 0x00000081b0700000,0x00000081b0800000] [id=17012]
  0x0000026a8254f800 GCTaskThread "GC Thread#4" [stack: 0x00000081b0800000,0x00000081b0900000] [id=18312]
  0x0000026a82550000 GCTaskThread "GC Thread#5" [stack: 0x00000081b0900000,0x00000081b0a00000] [id=13860]
  0x0000026a82127800 GCTaskThread "GC Thread#6" [stack: 0x00000081b0a00000,0x00000081b0b00000] [id=12712]
  0x0000026a82128000 GCTaskThread "GC Thread#7" [stack: 0x00000081b0b00000,0x00000081b0c00000] [id=17076]
  0x0000026ae52bd800 ConcurrentGCThread "G1 Main Marker" [stack: 0x00000081aec00000,0x00000081aed00000] [id=8896]
  0x0000026ae52bf000 ConcurrentGCThread "G1 Conc#0" [stack: 0x00000081aed00000,0x00000081aee00000] [id=16212]
  0x0000026a81055800 ConcurrentGCThread "G1 Conc#1" [stack: 0x00000081b1000000,0x00000081b1100000] [id=18892]
  0x0000026ae534e800 ConcurrentGCThread "G1 Refine#0" [stack: 0x00000081aee00000,0x00000081aef00000] [id=9200]
  0x0000026a80bea000 ConcurrentGCThread "G1 Refine#1" [stack: 0x00000081b0c00000,0x00000081b0d00000] [id=15008]
  0x0000026aff552800 ConcurrentGCThread "G1 Young RemSet Sampling" [stack: 0x00000081aef00000,0x00000081af000000] [id=15348]

Threads with active compile tasks:
C2 CompilerThread0     9636 2969   !   4       jdk.internal.loader.URLClassPath$JarLoader::getResource (353 bytes)

VM state:not at safepoint (normal execution)

VM Mutex/Monitor currently owned by a thread: None

Heap address: 0x0000000080000000, size: 2048 MB, Compressed Oops mode: 32-bit
Narrow klass base: 0x0000000000000000, Narrow klass shift: 3
Compressed class space size: 1073741824 Address: 0x0000000100000000

Heap:
 garbage-first heap   total 122880K, used 38246K [0x0000000080000000, 0x0000000100000000)
  region size 1024K, 23 young (23552K), 7 survivors (7168K)
 Metaspace       used 38450K, capacity 39377K, committed 39504K, reserved 1083392K
  class space    used 4949K, capacity 5293K, committed 5324K, reserved 1048576K
Heap Regions: E=young(eden), S=young(survivor), O=old, HS=humongous(starts), HC=humongous(continues), CS=collection set, F=free, A=archive, TAMS=top-at-mark-start (previous, next)
|   0|0x0000000080000000, 0x0000000080100000, 0x0000000080100000|100%| O|  |TAMS 0x0000000080100000, 0x0000000080000000| Untracked 
|   1|0x0000000080100000, 0x0000000080200000, 0x0000000080200000|100%| O|  |TAMS 0x0000000080200000, 0x0000000080100000| Untracked 
|   2|0x0000000080200000, 0x0000000080300000, 0x0000000080300000|100%| O|  |TAMS 0x0000000080300000, 0x0000000080200000| Untracked 
|   3|0x0000000080300000, 0x0000000080400000, 0x0000000080400000|100%|HS|  |TAMS 0x0000000080400000, 0x0000000080300000| Complete 
|   4|0x0000000080400000, 0x0000000080500000, 0x0000000080500000|100%|HC|  |TAMS 0x0000000080500000, 0x0000000080400000| Complete 
|   5|0x0000000080500000, 0x0000000080600000, 0x0000000080600000|100%|HC|  |TAMS 0x0000000080600000, 0x0000000080500000| Complete 
|   6|0x0000000080600000, 0x0000000080700000, 0x0000000080700000|100%| O|  |TAMS 0x0000000080700000, 0x0000000080600000| Untracked 
|   7|0x0000000080700000, 0x0000000080800000, 0x0000000080800000|100%| O|  |TAMS 0x0000000080800000, 0x0000000080700000| Untracked 
|   8|0x0000000080800000, 0x0000000080900000, 0x0000000080900000|100%| O|  |TAMS 0x0000000080900000, 0x0000000080800000| Untracked 
|   9|0x0000000080900000, 0x0000000080a00000, 0x0000000080a00000|100%| O|  |TAMS 0x0000000080a00000, 0x0000000080900000| Untracked 
|  10|0x0000000080a00000, 0x0000000080b00000, 0x0000000080b00000|100%| O|  |TAMS 0x0000000080b00000, 0x0000000080a00000| Untracked 
|  11|0x0000000080b00000, 0x0000000080c00000, 0x0000000080c00000|100%| O|  |TAMS 0x0000000080c00000, 0x0000000080b00000| Untracked 
|  12|0x0000000080c00000, 0x0000000080d00000, 0x0000000080d00000|100%| O|  |TAMS 0x0000000080d00000, 0x0000000080c00000| Untracked 
|  13|0x0000000080d00000, 0x0000000080e00000, 0x0000000080e00000|100%| O|  |TAMS 0x0000000080e00000, 0x0000000080d00000| Untracked 
|  14|0x0000000080e00000, 0x0000000080f00000, 0x0000000080f00000|100%| O|  |TAMS 0x0000000080f00000, 0x0000000080e00000| Untracked 
|  15|0x0000000080f00000, 0x0000000081000000, 0x0000000081000000|100%| O|  |TAMS 0x0000000081000000, 0x0000000080f00000| Untracked 
|  16|0x0000000081000000, 0x0000000081044a00, 0x0000000081100000| 26%| O|  |TAMS 0x0000000081044a00, 0x0000000081000000| Untracked 
|  17|0x0000000081100000, 0x0000000081100000, 0x0000000081200000|  0%| F|  |TAMS 0x0000000081100000, 0x0000000081100000| Untracked 
|  18|0x0000000081200000, 0x0000000081200000, 0x0000000081300000|  0%| F|  |TAMS 0x0000000081200000, 0x0000000081200000| Untracked 
|  19|0x0000000081300000, 0x0000000081300000, 0x0000000081400000|  0%| F|  |TAMS 0x0000000081300000, 0x0000000081300000| Untracked 
|  20|0x0000000081400000, 0x0000000081400000, 0x0000000081500000|  0%| F|  |TAMS 0x0000000081400000, 0x0000000081400000| Untracked 
|  21|0x0000000081500000, 0x0000000081500000, 0x0000000081600000|  0%| F|  |TAMS 0x0000000081500000, 0x0000000081500000| Untracked 
|  22|0x0000000081600000, 0x0000000081600000, 0x0000000081700000|  0%| F|  |TAMS 0x0000000081600000, 0x0000000081600000| Untracked 
|  23|0x0000000081700000, 0x0000000081700000, 0x0000000081800000|  0%| F|  |TAMS 0x0000000081700000, 0x0000000081700000| Untracked 
|  24|0x0000000081800000, 0x0000000081800000, 0x0000000081900000|  0%| F|  |TAMS 0x0000000081800000, 0x0000000081800000| Untracked 
|  25|0x0000000081900000, 0x0000000081900000, 0x0000000081a00000|  0%| F|  |TAMS 0x0000000081900000, 0x0000000081900000| Untracked 
|  26|0x0000000081a00000, 0x0000000081a00000, 0x0000000081b00000|  0%| F|  |TAMS 0x0000000081a00000, 0x0000000081a00000| Untracked 
|  27|0x0000000081b00000, 0x0000000081b00000, 0x0000000081c00000|  0%| F|  |TAMS 0x0000000081b00000, 0x0000000081b00000| Untracked 
|  28|0x0000000081c00000, 0x0000000081c00000, 0x0000000081d00000|  0%| F|  |TAMS 0x0000000081c00000, 0x0000000081c00000| Untracked 
|  29|0x0000000081d00000, 0x0000000081d00000, 0x0000000081e00000|  0%| F|  |TAMS 0x0000000081d00000, 0x0000000081d00000| Untracked 
|  30|0x0000000081e00000, 0x0000000081e00000, 0x0000000081f00000|  0%| F|  |TAMS 0x0000000081e00000, 0x0000000081e00000| Untracked 
|  31|0x0000000081f00000, 0x0000000081f00000, 0x0000000082000000|  0%| F|  |TAMS 0x0000000081f00000, 0x0000000081f00000| Untracked 
|  32|0x0000000082000000, 0x0000000082000000, 0x0000000082100000|  0%| F|  |TAMS 0x0000000082000000, 0x0000000082000000| Untracked 
|  33|0x0000000082100000, 0x0000000082100000, 0x0000000082200000|  0%| F|  |TAMS 0x0000000082100000, 0x0000000082100000| Untracked 
|  34|0x0000000082200000, 0x0000000082200000, 0x0000000082300000|  0%| F|  |TAMS 0x0000000082200000, 0x0000000082200000| Untracked 
|  35|0x0000000082300000, 0x0000000082300000, 0x0000000082400000|  0%| F|  |TAMS 0x0000000082300000, 0x0000000082300000| Untracked 
|  36|0x0000000082400000, 0x0000000082400000, 0x0000000082500000|  0%| F|  |TAMS 0x0000000082400000, 0x0000000082400000| Untracked 
|  37|0x0000000082500000, 0x0000000082500000, 0x0000000082600000|  0%| F|  |TAMS 0x0000000082500000, 0x0000000082500000| Untracked 
|  38|0x0000000082600000, 0x0000000082600000, 0x0000000082700000|  0%| F|  |TAMS 0x0000000082600000, 0x0000000082600000| Untracked 
|  39|0x0000000082700000, 0x0000000082700000, 0x0000000082800000|  0%| F|  |TAMS 0x0000000082700000, 0x0000000082700000| Untracked 
|  40|0x0000000082800000, 0x0000000082800000, 0x0000000082900000|  0%| F|  |TAMS 0x0000000082800000, 0x0000000082800000| Untracked 
|  41|0x0000000082900000, 0x0000000082900000, 0x0000000082a00000|  0%| F|  |TAMS 0x0000000082900000, 0x0000000082900000| Untracked 
|  42|0x0000000082a00000, 0x0000000082a00000, 0x0000000082b00000|  0%| F|  |TAMS 0x0000000082a00000, 0x0000000082a00000| Untracked 
|  43|0x0000000082b00000, 0x0000000082b00000, 0x0000000082c00000|  0%| F|  |TAMS 0x0000000082b00000, 0x0000000082b00000| Untracked 
|  44|0x0000000082c00000, 0x0000000082c00000, 0x0000000082d00000|  0%| F|  |TAMS 0x0000000082c00000, 0x0000000082c00000| Untracked 
|  45|0x0000000082d00000, 0x0000000082d00000, 0x0000000082e00000|  0%| F|  |TAMS 0x0000000082d00000, 0x0000000082d00000| Untracked 
|  46|0x0000000082e00000, 0x0000000082e00000, 0x0000000082f00000|  0%| F|  |TAMS 0x0000000082e00000, 0x0000000082e00000| Untracked 
|  47|0x0000000082f00000, 0x0000000082f00000, 0x0000000083000000|  0%| F|  |TAMS 0x0000000082f00000, 0x0000000082f00000| Untracked 
|  48|0x0000000083000000, 0x0000000083000000, 0x0000000083100000|  0%| F|  |TAMS 0x0000000083000000, 0x0000000083000000| Untracked 
|  49|0x0000000083100000, 0x0000000083100000, 0x0000000083200000|  0%| F|  |TAMS 0x0000000083100000, 0x0000000083100000| Untracked 
|  50|0x0000000083200000, 0x0000000083200000, 0x0000000083300000|  0%| F|  |TAMS 0x0000000083200000, 0x0000000083200000| Untracked 
|  51|0x0000000083300000, 0x0000000083300000, 0x0000000083400000|  0%| F|  |TAMS 0x0000000083300000, 0x0000000083300000| Untracked 
|  52|0x0000000083400000, 0x0000000083400000, 0x0000000083500000|  0%| F|  |TAMS 0x0000000083400000, 0x0000000083400000| Untracked 
|  53|0x0000000083500000, 0x0000000083500000, 0x0000000083600000|  0%| F|  |TAMS 0x0000000083500000, 0x0000000083500000| Untracked 
|  54|0x0000000083600000, 0x0000000083600000, 0x0000000083700000|  0%| F|  |TAMS 0x0000000083600000, 0x0000000083600000| Untracked 
|  55|0x0000000083700000, 0x0000000083700000, 0x0000000083800000|  0%| F|  |TAMS 0x0000000083700000, 0x0000000083700000| Untracked 
|  56|0x0000000083800000, 0x0000000083800000, 0x0000000083900000|  0%| F|  |TAMS 0x0000000083800000, 0x0000000083800000| Untracked 
|  57|0x0000000083900000, 0x0000000083900000, 0x0000000083a00000|  0%| F|  |TAMS 0x0000000083900000, 0x0000000083900000| Untracked 
|  58|0x0000000083a00000, 0x0000000083a00000, 0x0000000083b00000|  0%| F|  |TAMS 0x0000000083a00000, 0x0000000083a00000| Untracked 
|  59|0x0000000083b00000, 0x0000000083b00000, 0x0000000083c00000|  0%| F|  |TAMS 0x0000000083b00000, 0x0000000083b00000| Untracked 
|  60|0x0000000083c00000, 0x0000000083c00000, 0x0000000083d00000|  0%| F|  |TAMS 0x0000000083c00000, 0x0000000083c00000| Untracked 
|  61|0x0000000083d00000, 0x0000000083d00000, 0x0000000083e00000|  0%| F|  |TAMS 0x0000000083d00000, 0x0000000083d00000| Untracked 
|  62|0x0000000083e00000, 0x0000000083e00000, 0x0000000083f00000|  0%| F|  |TAMS 0x0000000083e00000, 0x0000000083e00000| Untracked 
|  63|0x0000000083f00000, 0x0000000083f00000, 0x0000000084000000|  0%| F|  |TAMS 0x0000000083f00000, 0x0000000083f00000| Untracked 
|  64|0x0000000084000000, 0x0000000084000000, 0x0000000084100000|  0%| F|  |TAMS 0x0000000084000000, 0x0000000084000000| Untracked 
|  65|0x0000000084100000, 0x0000000084100000, 0x0000000084200000|  0%| F|  |TAMS 0x0000000084100000, 0x0000000084100000| Untracked 
|  66|0x0000000084200000, 0x0000000084200000, 0x0000000084300000|  0%| F|  |TAMS 0x0000000084200000, 0x0000000084200000| Untracked 
|  67|0x0000000084300000, 0x0000000084300000, 0x0000000084400000|  0%| F|  |TAMS 0x0000000084300000, 0x0000000084300000| Untracked 
|  68|0x0000000084400000, 0x0000000084400000, 0x0000000084500000|  0%| F|  |TAMS 0x0000000084400000, 0x0000000084400000| Untracked 
|  69|0x0000000084500000, 0x0000000084500000, 0x0000000084600000|  0%| F|  |TAMS 0x0000000084500000, 0x0000000084500000| Untracked 
|  70|0x0000000084600000, 0x0000000084600000, 0x0000000084700000|  0%| F|  |TAMS 0x0000000084600000, 0x0000000084600000| Untracked 
|  71|0x0000000084700000, 0x0000000084700000, 0x0000000084800000|  0%| F|  |TAMS 0x0000000084700000, 0x0000000084700000| Untracked 
|  72|0x0000000084800000, 0x0000000084800000, 0x0000000084900000|  0%| F|  |TAMS 0x0000000084800000, 0x0000000084800000| Untracked 
|  73|0x0000000084900000, 0x0000000084900000, 0x0000000084a00000|  0%| F|  |TAMS 0x0000000084900000, 0x0000000084900000| Untracked 
|  74|0x0000000084a00000, 0x0000000084a00000, 0x0000000084b00000|  0%| F|  |TAMS 0x0000000084a00000, 0x0000000084a00000| Untracked 
|  75|0x0000000084b00000, 0x0000000084b00000, 0x0000000084c00000|  0%| F|  |TAMS 0x0000000084b00000, 0x0000000084b00000| Untracked 
|  76|0x0000000084c00000, 0x0000000084c00000, 0x0000000084d00000|  0%| F|  |TAMS 0x0000000084c00000, 0x0000000084c00000| Untracked 
|  77|0x0000000084d00000, 0x0000000084d00000, 0x0000000084e00000|  0%| F|  |TAMS 0x0000000084d00000, 0x0000000084d00000| Untracked 
|  78|0x0000000084e00000, 0x0000000084e00000, 0x0000000084f00000|  0%| F|  |TAMS 0x0000000084e00000, 0x0000000084e00000| Untracked 
|  79|0x0000000084f00000, 0x0000000084f00000, 0x0000000085000000|  0%| F|  |TAMS 0x0000000084f00000, 0x0000000084f00000| Untracked 
|  80|0x0000000085000000, 0x0000000085000000, 0x0000000085100000|  0%| F|  |TAMS 0x0000000085000000, 0x0000000085000000| Untracked 
|  81|0x0000000085100000, 0x0000000085100000, 0x0000000085200000|  0%| F|  |TAMS 0x0000000085100000, 0x0000000085100000| Untracked 
|  82|0x0000000085200000, 0x0000000085200000, 0x0000000085300000|  0%| F|  |TAMS 0x0000000085200000, 0x0000000085200000| Untracked 
|  83|0x0000000085300000, 0x0000000085300000, 0x0000000085400000|  0%| F|  |TAMS 0x0000000085300000, 0x0000000085300000| Untracked 
|  84|0x0000000085400000, 0x0000000085400000, 0x0000000085500000|  0%| F|  |TAMS 0x0000000085400000, 0x0000000085400000| Untracked 
|  85|0x0000000085500000, 0x0000000085514fc8, 0x0000000085600000|  8%| S|CS|TAMS 0x0000000085500000, 0x0000000085500000| Complete 
|  86|0x0000000085600000, 0x0000000085700000, 0x0000000085700000|100%| S|CS|TAMS 0x0000000085600000, 0x0000000085600000| Complete 
|  87|0x0000000085700000, 0x0000000085800000, 0x0000000085800000|100%| S|CS|TAMS 0x0000000085700000, 0x0000000085700000| Complete 
|  88|0x0000000085800000, 0x0000000085900000, 0x0000000085900000|100%| S|CS|TAMS 0x0000000085800000, 0x0000000085800000| Complete 
|  89|0x0000000085900000, 0x0000000085a00000, 0x0000000085a00000|100%| S|CS|TAMS 0x0000000085900000, 0x0000000085900000| Complete 
|  90|0x0000000085a00000, 0x0000000085b00000, 0x0000000085b00000|100%| S|CS|TAMS 0x0000000085a00000, 0x0000000085a00000| Complete 
|  91|0x0000000085b00000, 0x0000000085c00000, 0x0000000085c00000|100%| S|CS|TAMS 0x0000000085b00000, 0x0000000085b00000| Complete 
|  92|0x0000000085c00000, 0x0000000085c00000, 0x0000000085d00000|  0%| F|  |TAMS 0x0000000085c00000, 0x0000000085c00000| Untracked 
|  93|0x0000000085d00000, 0x0000000085d00000, 0x0000000085e00000|  0%| F|  |TAMS 0x0000000085d00000, 0x0000000085d00000| Untracked 
|  94|0x0000000085e00000, 0x0000000085e00000, 0x0000000085f00000|  0%| F|  |TAMS 0x0000000085e00000, 0x0000000085e00000| Untracked 
|  95|0x0000000085f00000, 0x0000000085f00000, 0x0000000086000000|  0%| F|  |TAMS 0x0000000085f00000, 0x0000000085f00000| Untracked 
|  96|0x0000000086000000, 0x0000000086000000, 0x0000000086100000|  0%| F|  |TAMS 0x0000000086000000, 0x0000000086000000| Untracked 
|  97|0x0000000086100000, 0x0000000086100000, 0x0000000086200000|  0%| F|  |TAMS 0x0000000086100000, 0x0000000086100000| Untracked 
|  98|0x0000000086200000, 0x0000000086200000, 0x0000000086300000|  0%| F|  |TAMS 0x0000000086200000, 0x0000000086200000| Untracked 
|  99|0x0000000086300000, 0x0000000086300000, 0x0000000086400000|  0%| F|  |TAMS 0x0000000086300000, 0x0000000086300000| Untracked 
| 100|0x0000000086400000, 0x0000000086400000, 0x0000000086500000|  0%| F|  |TAMS 0x0000000086400000, 0x0000000086400000| Untracked 
| 101|0x0000000086500000, 0x0000000086500000, 0x0000000086600000|  0%| F|  |TAMS 0x0000000086500000, 0x0000000086500000| Untracked 
| 102|0x0000000086600000, 0x0000000086600000, 0x0000000086700000|  0%| F|  |TAMS 0x0000000086600000, 0x0000000086600000| Untracked 
| 103|0x0000000086700000, 0x0000000086700000, 0x0000000086800000|  0%| F|  |TAMS 0x0000000086700000, 0x0000000086700000| Untracked 
| 104|0x0000000086800000, 0x0000000086900000, 0x0000000086900000|100%| E|  |TAMS 0x0000000086800000, 0x0000000086800000| Complete 
| 105|0x0000000086900000, 0x0000000086a00000, 0x0000000086a00000|100%| E|CS|TAMS 0x0000000086900000, 0x0000000086900000| Complete 
| 106|0x0000000086a00000, 0x0000000086b00000, 0x0000000086b00000|100%| E|CS|TAMS 0x0000000086a00000, 0x0000000086a00000| Complete 
| 107|0x0000000086b00000, 0x0000000086c00000, 0x0000000086c00000|100%| E|CS|TAMS 0x0000000086b00000, 0x0000000086b00000| Complete 
| 108|0x0000000086c00000, 0x0000000086d00000, 0x0000000086d00000|100%| E|CS|TAMS 0x0000000086c00000, 0x0000000086c00000| Complete 
| 109|0x0000000086d00000, 0x0000000086e00000, 0x0000000086e00000|100%| E|CS|TAMS 0x0000000086d00000, 0x0000000086d00000| Complete 
| 110|0x0000000086e00000, 0x0000000086f00000, 0x0000000086f00000|100%| E|CS|TAMS 0x0000000086e00000, 0x0000000086e00000| Complete 
| 111|0x0000000086f00000, 0x0000000087000000, 0x0000000087000000|100%| E|CS|TAMS 0x0000000086f00000, 0x0000000086f00000| Complete 
| 112|0x0000000087000000, 0x0000000087100000, 0x0000000087100000|100%| E|CS|TAMS 0x0000000087000000, 0x0000000087000000| Complete 
| 113|0x0000000087100000, 0x0000000087200000, 0x0000000087200000|100%| E|CS|TAMS 0x0000000087100000, 0x0000000087100000| Complete 
| 114|0x0000000087200000, 0x0000000087300000, 0x0000000087300000|100%| E|CS|TAMS 0x0000000087200000, 0x0000000087200000| Complete 
| 115|0x0000000087300000, 0x0000000087400000, 0x0000000087400000|100%| E|CS|TAMS 0x0000000087300000, 0x0000000087300000| Complete 
| 116|0x0000000087400000, 0x0000000087500000, 0x0000000087500000|100%| E|CS|TAMS 0x0000000087400000, 0x0000000087400000| Complete 
| 117|0x0000000087500000, 0x0000000087600000, 0x0000000087600000|100%| E|CS|TAMS 0x0000000087500000, 0x0000000087500000| Complete 
| 118|0x0000000087600000, 0x0000000087700000, 0x0000000087700000|100%| E|CS|TAMS 0x0000000087600000, 0x0000000087600000| Complete 
| 119|0x0000000087700000, 0x0000000087800000, 0x0000000087800000|100%| E|CS|TAMS 0x0000000087700000, 0x0000000087700000| Complete 

Card table byte_map: [0x0000026af84d0000,0x0000026af88d0000] _byte_map_base: 0x0000026af80d0000

Marking Bits (Prev, Next): (CMBitMap*) 0x0000026ae52b4ba8, (CMBitMap*) 0x0000026ae52b4be0
 Prev Bits: [0x0000026af8cd0000, 0x0000026afacd0000)
 Next Bits: [0x0000026afacd0000, 0x0000026afccd0000)

Polling page: 0x0000026ae3270000

Metaspace:

Usage:
  Non-class:     33.35 MB capacity,    32.73 MB ( 98%) used,   541.20 KB (  2%) free+waste,    93.56 KB ( <1%) overhead. 
      Class:      5.17 MB capacity,     4.83 MB ( 94%) used,   298.30 KB (  6%) free+waste,    45.69 KB ( <1%) overhead. 
       Both:     38.52 MB capacity,    37.56 MB ( 98%) used,   839.50 KB (  2%) free+waste,   139.25 KB ( <1%) overhead. 

Virtual space:
  Non-class space:       34.00 MB reserved,      33.38 MB ( 98%) committed 
      Class space:        1.00 GB reserved,       5.20 MB ( <1%) committed 
             Both:        1.03 GB reserved,      38.58 MB (  4%) committed 

Chunk freelists:
   Non-Class:  31.00 KB
       Class:  0 bytes
        Both:  31.00 KB

MaxMetaspaceSize: 17179869184.00 GB
CompressedClassSpaceSize: 1.00 GB
Initial GC threshold: 20.80 MB
Current GC threshold: 59.71 MB
CDS: off

CodeHeap 'non-profiled nmethods': size=120000Kb used=1402Kb max_used=1402Kb free=118597Kb
 bounds [0x0000026af0870000, 0x0000026af0ae0000, 0x0000026af7da0000]
CodeHeap 'profiled nmethods': size=120000Kb used=6717Kb max_used=6717Kb free=113282Kb
 bounds [0x0000026ae9340000, 0x0000026ae99d0000, 0x0000026af0870000]
CodeHeap 'non-nmethods': size=5760Kb used=1583Kb max_used=1583Kb free=4176Kb
 bounds [0x0000026ae8da0000, 0x0000026ae9010000, 0x0000026ae9340000]
 total_blobs=3827 nmethods=3200 adapters=539
 compilation: enabled
              stopped_count=0, restarted_count=0
 full_count=0

Compilation events (20 events):
Event: 9.562 Thread 0x0000026aff737800 nmethod 3135 0x0000026ae99a7110 code [0x0000026ae99a7300, 0x0000026ae99a7588]
Event: 9.562 Thread 0x0000026aff737800 3136       2       org.codehaus.groovy.vmplugin.v9.ClassFinder$1::visitFile (182 bytes)
Event: 9.564 Thread 0x0000026aff737800 nmethod 3136 0x0000026ae99a7690 code [0x0000026ae99a7900, 0x0000026ae99a7ee8]
Event: 9.568 Thread 0x0000026aff737800 3138       2       java.lang.invoke.InnerClassLambdaMetafactory::generateFactory (136 bytes)
Event: 9.569 Thread 0x0000026aff737800 nmethod 3138 0x0000026ae99a8390 code [0x0000026ae99a8600, 0x0000026ae99a8cc8]
Event: 9.569 Thread 0x0000026aff737800 3139       2       java.lang.invoke.MethodType::dropParameterTypes (162 bytes)
Event: 9.571 Thread 0x0000026aff737800 nmethod 3139 0x0000026ae99a9110 code [0x0000026ae99a9380, 0x0000026ae99a9a48]
Event: 9.573 Thread 0x0000026aff737800 3140       2       java.util.stream.ReduceOps$3ReducingSink::accept (15 bytes)
Event: 9.573 Thread 0x0000026aff737800 nmethod 3140 0x0000026ae99a9e10 code [0x0000026ae99a9fc0, 0x0000026ae99aa0e8]
Event: 9.573 Thread 0x0000026aff737800 3141       2       java.util.stream.ReferencePipeline$StatelessOp::<init> (29 bytes)
Event: 9.574 Thread 0x0000026aff737800 nmethod 3141 0x0000026ae99aa190 code [0x0000026ae99aa340, 0x0000026ae99aa468]
Event: 9.574 Thread 0x0000026aff737800 3143       2       java.util.stream.AbstractPipeline::<init> (91 bytes)
Event: 9.574 Thread 0x0000026aff737800 nmethod 3143 0x0000026ae99aa510 code [0x0000026ae99aa6e0, 0x0000026ae99aaa98]
Event: 9.574 Thread 0x0000026aff737800 3144       2       java.util.stream.Sink$ChainedReference::<init> (16 bytes)
Event: 9.575 Thread 0x0000026aff737800 nmethod 3144 0x0000026ae99aac10 code [0x0000026ae99aade0, 0x0000026ae99ab048]
Event: 9.575 Thread 0x0000026aff737800 3145       2       java.util.stream.Sink$ChainedReference::end (10 bytes)
Event: 9.575 Thread 0x0000026aff737800 nmethod 3145 0x0000026ae99ab190 code [0x0000026ae99ab340, 0x0000026ae99ab468]
Event: 9.575 Thread 0x0000026aff737800 3147       2       java.util.HashMap$KeySpliterator::characteristics (30 bytes)
Event: 9.575 Thread 0x0000026aff737800 nmethod 3147 0x0000026ae99ab510 code [0x0000026ae99ab6c0, 0x0000026ae99ab7f8]
Event: 9.575 Thread 0x0000026aff737800 3142       2       java.util.stream.ReferencePipeline::<init> (7 bytes)

GC Heap History (14 events):
Event: 1.941 GC heap before
{Heap before GC invocations=0 (full 0):
 garbage-first heap   total 122880K, used 29696K [0x0000000080000000, 0x0000000100000000)
  region size 1024K, 24 young (24576K), 0 survivors (0K)
 Metaspace       used 10131K, capacity 10337K, committed 10624K, reserved 1058816K
  class space    used 1033K, capacity 1108K, committed 1152K, reserved 1048576K
}
Event: 1.954 GC heap after
{Heap after GC invocations=1 (full 0):
 garbage-first heap   total 122880K, used 9377K [0x0000000080000000, 0x0000000100000000)
  region size 1024K, 3 young (3072K), 3 survivors (3072K)
 Metaspace       used 10131K, capacity 10337K, committed 10624K, reserved 1058816K
  class space    used 1033K, capacity 1108K, committed 1152K, reserved 1048576K
}
Event: 5.548 GC heap before
{Heap before GC invocations=1 (full 0):
 garbage-first heap   total 122880K, used 81057K [0x0000000080000000, 0x0000000100000000)
  region size 1024K, 72 young (73728K), 3 survivors (3072K)
 Metaspace       used 17785K, capacity 18173K, committed 18432K, reserved 1064960K
  class space    used 2070K, capacity 2211K, committed 2304K, reserved 1048576K
}
Event: 5.566 GC heap after
{Heap after GC invocations=2 (full 0):
 garbage-first heap   total 122880K, used 16367K [0x0000000080000000, 0x0000000100000000)
  region size 1024K, 9 young (9216K), 9 survivors (9216K)
 Metaspace       used 17785K, capacity 18173K, committed 18432K, reserved 1064960K
  class space    used 2070K, capacity 2211K, committed 2304K, reserved 1048576K
}
Event: 5.907 GC heap before
{Heap before GC invocations=2 (full 0):
 garbage-first heap   total 122880K, used 27631K [0x0000000080000000, 0x0000000100000000)
  region size 1024K, 20 young (20480K), 9 survivors (9216K)
 Metaspace       used 19357K, capacity 19750K, committed 19840K, reserved 1067008K
  class space    used 2282K, capacity 2419K, committed 2432K, reserved 1048576K
}
Event: 5.921 GC heap after
{Heap after GC invocations=3 (full 0):
 garbage-first heap   total 122880K, used 16912K [0x0000000080000000, 0x0000000100000000)
  region size 1024K, 1 young (1024K), 1 survivors (1024K)
 Metaspace       used 19357K, capacity 19750K, committed 19840K, reserved 1067008K
  class space    used 2282K, capacity 2419K, committed 2432K, reserved 1048576K
}
Event: 6.263 GC heap before
{Heap before GC invocations=3 (full 0):
 garbage-first heap   total 122880K, used 33296K [0x0000000080000000, 0x0000000100000000)
  region size 1024K, 18 young (18432K), 1 survivors (1024K)
 Metaspace       used 20805K, capacity 21197K, committed 21296K, reserved 1069056K
  class space    used 2528K, capacity 2687K, committed 2688K, reserved 1048576K
}
Event: 6.267 GC heap after
{Heap after GC invocations=4 (full 0):
 garbage-first heap   total 122880K, used 17227K [0x0000000080000000, 0x0000000100000000)
  region size 1024K, 1 young (1024K), 1 survivors (1024K)
 Metaspace       used 20805K, capacity 21197K, committed 21296K, reserved 1069056K
  class space    used 2528K, capacity 2687K, committed 2688K, reserved 1048576K
}
Event: 7.170 GC heap before
{Heap before GC invocations=5 (full 0):
 garbage-first heap   total 122880K, used 62283K [0x0000000080000000, 0x0000000100000000)
  region size 1024K, 45 young (46080K), 1 survivors (1024K)
 Metaspace       used 25395K, capacity 25885K, committed 25980K, reserved 1071104K
  class space    used 3268K, capacity 3450K, committed 3532K, reserved 1048576K
}
Event: 7.174 GC heap after
{Heap after GC invocations=6 (full 0):
 garbage-first heap   total 122880K, used 18981K [0x0000000080000000, 0x0000000100000000)
  region size 1024K, 3 young (3072K), 3 survivors (3072K)
 Metaspace       used 25395K, capacity 25885K, committed 25980K, reserved 1071104K
  class space    used 3268K, capacity 3450K, committed 3532K, reserved 1048576K
}
Event: 8.061 GC heap before
{Heap before GC invocations=6 (full 0):
 garbage-first heap   total 122880K, used 68133K [0x0000000080000000, 0x0000000100000000)
  region size 1024K, 51 young (52224K), 3 survivors (3072K)
 Metaspace       used 29982K, capacity 30661K, committed 30844K, reserved 1075200K
  class space    used 3993K, capacity 4282K, committed 4300K, reserved 1048576K
}
Event: 8.070 GC heap after
{Heap after GC invocations=7 (full 0):
 garbage-first heap   total 122880K, used 20402K [0x0000000080000000, 0x0000000100000000)
  region size 1024K, 4 young (4096K), 4 survivors (4096K)
 Metaspace       used 29982K, capacity 30661K, committed 30844K, reserved 1075200K
  class space    used 3993K, capacity 4282K, committed 4300K, reserved 1048576K
}
Event: 9.039 GC heap before
{Heap before GC invocations=7 (full 0):
 garbage-first heap   total 122880K, used 48050K [0x0000000080000000, 0x0000000100000000)
  region size 1024K, 32 young (32768K), 4 survivors (4096K)
 Metaspace       used 35082K, capacity 35958K, committed 36048K, reserved 1081344K
  class space    used 4571K, capacity 4921K, committed 4940K, reserved 1048576K
}
Event: 9.061 GC heap after
{Heap after GC invocations=8 (full 0):
 garbage-first heap   total 122880K, used 22886K [0x0000000080000000, 0x0000000100000000)
  region size 1024K, 7 young (7168K), 7 survivors (7168K)
 Metaspace       used 35082K, capacity 35958K, committed 36048K, reserved 1081344K
  class space    used 4571K, capacity 4921K, committed 4940K, reserved 1048576K
}

Deoptimization events (20 events):
Event: 9.424 Thread 0x0000026a8212f000 Uncommon trap: trap_request=0xffffffc6 fr.pc=0x0000026af0996850 relative=0x00000000000050b0
Event: 9.424 Thread 0x0000026a8212f000 Uncommon trap: reason=bimorphic_or_optimized_type_check action=maybe_recompile pc=0x0000026af0996850 method=java.net.URL.<init>(Ljava/net/URL;Ljava/lang/String;Ljava/net/URLStreamHandler;)V @ 504 c2
Event: 9.424 Thread 0x0000026a8212f000 DEOPT PACKING pc=0x0000026af0996850 sp=0x00000081b02f6130
Event: 9.424 Thread 0x0000026a8212f000 DEOPT UNPACKING pc=0x0000026ae8dea1af sp=0x00000081b02f60d0 mode 2
Event: 9.571 Thread 0x0000026a8212f000 Uncommon trap: trap_request=0xffffffc6 fr.pc=0x0000026af09bea48 relative=0x00000000000002e8
Event: 9.571 Thread 0x0000026a8212f000 Uncommon trap: reason=bimorphic_or_optimized_type_check action=maybe_recompile pc=0x0000026af09bea48 method=java.util.stream.MatchOps$1MatchSink.accept(Ljava/lang/Object;)V @ 12 c2
Event: 9.571 Thread 0x0000026a8212f000 DEOPT PACKING pc=0x0000026af09bea48 sp=0x00000081b02f7c10
Event: 9.571 Thread 0x0000026a8212f000 DEOPT UNPACKING pc=0x0000026ae8dea1af sp=0x00000081b02f7bb8 mode 2
Event: 9.571 Thread 0x0000026a8212f000 Uncommon trap: trap_request=0xffffffc6 fr.pc=0x0000026af09bea48 relative=0x00000000000002e8
Event: 9.571 Thread 0x0000026a8212f000 Uncommon trap: reason=bimorphic_or_optimized_type_check action=maybe_recompile pc=0x0000026af09bea48 method=java.util.stream.MatchOps$1MatchSink.accept(Ljava/lang/Object;)V @ 12 c2
Event: 9.571 Thread 0x0000026a8212f000 DEOPT PACKING pc=0x0000026af09bea48 sp=0x00000081b02f7c10
Event: 9.571 Thread 0x0000026a8212f000 DEOPT UNPACKING pc=0x0000026ae8dea1af sp=0x00000081b02f7bb8 mode 2
Event: 9.571 Thread 0x0000026a8212f000 Uncommon trap: trap_request=0xffffffc6 fr.pc=0x0000026af09bea48 relative=0x00000000000002e8
Event: 9.571 Thread 0x0000026a8212f000 Uncommon trap: reason=bimorphic_or_optimized_type_check action=maybe_recompile pc=0x0000026af09bea48 method=java.util.stream.MatchOps$1MatchSink.accept(Ljava/lang/Object;)V @ 12 c2
Event: 9.571 Thread 0x0000026a8212f000 DEOPT PACKING pc=0x0000026af09bea48 sp=0x00000081b02f7c10
Event: 9.571 Thread 0x0000026a8212f000 DEOPT UNPACKING pc=0x0000026ae8dea1af sp=0x00000081b02f7bb8 mode 2
Event: 9.571 Thread 0x0000026a8212f000 Uncommon trap: trap_request=0xffffffc6 fr.pc=0x0000026af09bea48 relative=0x00000000000002e8
Event: 9.571 Thread 0x0000026a8212f000 Uncommon trap: reason=bimorphic_or_optimized_type_check action=maybe_recompile pc=0x0000026af09bea48 method=java.util.stream.MatchOps$1MatchSink.accept(Ljava/lang/Object;)V @ 12 c2
Event: 9.571 Thread 0x0000026a8212f000 DEOPT PACKING pc=0x0000026af09bea48 sp=0x00000081b02f7c10
Event: 9.571 Thread 0x0000026a8212f000 DEOPT UNPACKING pc=0x0000026ae8dea1af sp=0x00000081b02f7bb8 mode 2

Classes redefined (0 events):
No events

Internal exceptions (20 events):
Event: 8.018 Thread 0x0000026a8212f000 Exception <a 'java/lang/IncompatibleClassChangeError'{0x0000000084660f78}: Found class java.lang.Object, but interface was expected> (0x0000000084660f78) thrown at [src/hotspot/share/interpreter/linkResolver.cpp, line 839]
Event: 8.397 Thread 0x0000026a8212f000 Exception <a 'java/lang/NoSuchMethodError'{0x0000000086bd4320}: 'java.lang.Object java.lang.invoke.Invokers$Holder.linkToTargetMethod(java.lang.Object, long, java.lang.Object)'> (0x0000000086bd4320) thrown at [src/hotspot/share/interpreter/linkResolver.cpp, line 773]
Event: 8.411 Thread 0x0000026a8212f000 Exception <a 'java/lang/NoSuchMethodError'{0x0000000086a256d8}: 'int java.lang.invoke.DirectMethodHandle$Holder.invokeStatic(java.lang.Object, java.lang.Object, java.lang.Object, java.lang.Object, java.lang.Object)'> (0x0000000086a256d8) thrown at [src/hotspot/share/interpreter/linkResolver.cpp, line 773]
Event: 8.428 Thread 0x0000026a8212f000 Exception <a 'java/lang/NoSuchMethodError'{0x0000000086abf538}: 'int java.lang.invoke.DirectMethodHandle$Holder.invokeInterface(java.lang.Object, java.lang.Object)'> (0x0000000086abf538) thrown at [src/hotspot/share/interpreter/linkResolver.cpp, line 773]
Event: 8.433 Thread 0x0000026a8212f000 Exception <a 'java/lang/NoSuchMethodError'{0x0000000086aeda58}: 'java.lang.Object java.lang.invoke.DirectMethodHandle$Holder.invokeStatic(java.lang.Object, java.lang.Object, int, java.lang.Object)'> (0x0000000086aeda58) thrown at [src/hotspot/share/interpreter/linkResolver.cpp, line 773]
Event: 8.434 Thread 0x0000026a8212f000 Exception <a 'java/lang/NoSuchMethodError'{0x0000000086af7da0}: 'java.lang.Object java.lang.invoke.Invokers$Holder.linkToTargetMethod(java.lang.Object, int, java.lang.Object, java.lang.Object)'> (0x0000000086af7da0) thrown at [src/hotspot/share/interpreter/linkResolver.cpp, line 773]
Event: 8.718 Thread 0x0000026a8212f000 Exception <a 'java/lang/NoSuchMethodError'{0x000000008627b9b8}: 'void java.lang.invoke.DirectMethodHandle$Holder.invokeStaticInit(java.lang.Object, java.lang.Object, java.lang.Object)'> (0x000000008627b9b8) thrown at [src/hotspot/share/interpreter/linkResolver.cpp, line 773]
Event: 8.719 Thread 0x0000026a8212f000 Exception <a 'java/lang/NoSuchMethodError'{0x0000000086282e78}: 'void java.lang.invoke.DirectMethodHandle$Holder.invokeStaticInit(java.lang.Object, java.lang.Object, java.lang.Object, java.lang.Object)'> (0x0000000086282e78) thrown at [src/hotspot/share/interpreter/linkResolver.cpp, line 773]
Event: 8.727 Thread 0x0000026a8212f000 Exception <a 'java/lang/NoSuchMethodError'{0x00000000862a5858}: 'void java.lang.invoke.DirectMethodHandle$Holder.invokeStaticInit(java.lang.Object, java.lang.Object, java.lang.Object, java.lang.Object, java.lang.Object)'> (0x00000000862a5858) thrown at [src/hotspot/share/interpreter/linkResolver.cpp, line 773]
Event: 8.812 Thread 0x0000026a8212f000 Exception <a 'java/lang/NoSuchMethodError'{0x000000008611dd60}: 'int java.lang.invoke.DirectMethodHandle$Holder.invokeStaticInit(java.lang.Object, java.lang.Object, java.lang.Object, java.lang.Object)'> (0x000000008611dd60) thrown at [src/hotspot/share/interpreter/linkResolver.cpp, line 773]
Event: 9.249 Thread 0x0000026a8212f000 Exception <a 'java/lang/NoSuchMethodError'{0x000000008746d6b0}: 'java.lang.Object java.lang.invoke.DirectMethodHandle$Holder.invokeStatic(java.lang.Object, java.lang.Object, java.lang.Object, java.lang.Object, java.lang.Object, java.lang.Object, java.lang.Object, java.lang.Object, java.lang.Object, java.lang.Object, java.lang.Object, int)'> (0x000000008746d6b0) thrown at [src/hotspot/share/interpreter/linkResolver.cpp, line 773]
Event: 9.252 Thread 0x0000026a8212f000 Exception <a 'java/lang/NoSuchMethodError'{0x000000008748c538}: 'java.lang.Object java.lang.invoke.DirectMethodHandle$Holder.invokeStatic(java.lang.Object, java.lang.Object, java.lang.Object, java.lang.Object, java.lang.Object, java.lang.Object, java.lang.Object, java.lang.Object, java.lang.Object, java.lang.Object, java.lang.Object, int, int)'> (0x000000008748c538) thrown at [src/hotspot/share/interpreter/linkResolver.cpp, line 773]
Event: 9.256 Thread 0x0000026a8212f000 Exception <a 'java/lang/NoSuchMethodError'{0x00000000874ac010}: 'java.lang.Object java.lang.invoke.DirectMethodHandle$Holder.invokeStatic(java.lang.Object, java.lang.Object, java.lang.Object, java.lang.Object, java.lang.Object, java.lang.Object, java.lang.Object, java.lang.Object, java.lang.Object, java.lang.Object, java.lang.Object, int, int, java.lang.Object)'> (0x00000000874ac010) thrown at [src/hotspot/share/interpreter/linkResolver.cpp, line 773]
Event: 9.259 Thread 0x0000026a8212f000 Exception <a 'java/lang/NoSuchMethodError'{0x00000000874cd3b0}: 'java.lang.Object java.lang.invoke.DirectMethodHandle$Holder.invokeStatic(java.lang.Object, java.lang.Object, java.lang.Object, java.lang.Object, java.lang.Object, java.lang.Object, java.lang.Object, java.lang.Object, java.lang.Object, java.lang.Object, java.lang.Object, int, int, java.lang.Object, java.lang.Object)'> (0x00000000874cd3b0) thrown at [src/hotspot/share/interpreter/linkResolver.cpp, line 773]
Event: 9.265 Thread 0x0000026a8212f000 Exception <a 'java/lang/ClassNotFoundException'{0x00000000874fed00}: groovy/lang/ExpandoMetaClassBeanInfo> (0x00000000874fed00) thrown at [src/hotspot/share/classfile/systemDictionary.cpp, line 230]
Event: 9.266 Thread 0x0000026a8212f000 Exception <a 'java/lang/ClassNotFoundException'{0x0000000087320db8}: groovy/lang/MetaClassImplBeanInfo> (0x0000000087320db8) thrown at [src/hotspot/share/classfile/systemDictionary.cpp, line 230]
Event: 9.267 Thread 0x0000026a8212f000 Exception <a 'java/lang/ClassNotFoundException'{0x000000008732ac70}: java/lang/ObjectBeanInfo> (0x000000008732ac70) thrown at [src/hotspot/share/classfile/systemDictionary.cpp, line 230]
Event: 9.268 Thread 0x0000026a8212f000 Exception <a 'java/lang/ClassNotFoundException'{0x0000000087336f98}: java/lang/ObjectCustomizer> (0x0000000087336f98) thrown at [src/hotspot/share/classfile/systemDictionary.cpp, line 230]
Event: 9.280 Thread 0x0000026a8212f000 Exception <a 'java/lang/ClassNotFoundException'{0x000000008735f900}: groovy/lang/MetaClassImplCustomizer> (0x000000008735f900) thrown at [src/hotspot/share/classfile/systemDictionary.cpp, line 230]
Event: 9.286 Thread 0x0000026a8212f000 Exception <a 'java/lang/ClassNotFoundException'{0x00000000873a11d8}: groovy/lang/ExpandoMetaClassCustomizer> (0x00000000873a11d8) thrown at [src/hotspot/share/classfile/systemDictionary.cpp, line 230]

Events (20 events):
Event: 9.504 loading class java/time/zone/TzdbZoneRulesProvider
Event: 9.505 loading class java/time/zone/TzdbZoneRulesProvider done
Event: 9.509 loading class java/time/zone/Ser
Event: 9.510 loading class java/io/Externalizable
Event: 9.510 loading class java/io/Externalizable done
Event: 9.510 loading class java/time/zone/Ser done
Event: 9.510 loading class java/time/zone/ZoneOffsetTransitionRule
Event: 9.510 loading class java/time/zone/ZoneOffsetTransitionRule done
Event: 9.512 loading class java/time/zone/ZoneOffsetTransition
Event: 9.512 loading class java/time/zone/ZoneOffsetTransition done
Event: 9.513 loading class java/time/chrono/IsoChronology
Event: 9.514 loading class java/time/chrono/AbstractChronology
Event: 9.516 loading class java/time/chrono/AbstractChronology done
Event: 9.516 loading class java/time/chrono/IsoChronology done
Event: 9.517 loading class java/nio/file/ClosedDirectoryStreamException
Event: 9.517 loading class java/nio/file/ClosedDirectoryStreamException done
Event: 9.517 loading class java/nio/file/DirectoryIteratorException
Event: 9.517 loading class java/nio/file/DirectoryIteratorException done
Event: 9.565 loading class jdk/nio/zipfs/ZipFileSystem
Event: 9.565 loading class jdk/nio/zipfs/ZipFileSystem done


Dynamic libraries:
0x00007ff7a4fa0000 - 0x00007ff7a4faa000 	C:\Program Files\Android\Android Studio\jbr\bin\java.exe
0x00007ffeff990000 - 0x00007ffeffb88000 	C:\WINDOWS\SYSTEM32\ntdll.dll
0x00007ffefe5e0000 - 0x00007ffefe69f000 	C:\WINDOWS\System32\KERNEL32.DLL
0x00007ffefd620000 - 0x00007ffefd8f2000 	C:\WINDOWS\System32\KERNELBASE.dll
0x00007ffefd210000 - 0x00007ffefd310000 	C:\WINDOWS\System32\ucrtbase.dll
0x00007ffeeec70000 - 0x00007ffeeec87000 	C:\Program Files\Android\Android Studio\jbr\bin\jli.dll
0x00007ffeecc60000 - 0x00007ffeecc7b000 	C:\Program Files\Android\Android Studio\jbr\bin\VCRUNTIME140.dll
0x00007ffefe180000 - 0x00007ffefe321000 	C:\WINDOWS\System32\USER32.dll
0x00007ffefd400000 - 0x00007ffefd422000 	C:\WINDOWS\System32\win32u.dll
0x00007ffee8e70000 - 0x00007ffee910a000 	C:\WINDOWS\WinSxS\amd64_microsoft.windows.common-controls_6595b64144ccf1df_6.0.19041.1110_none_60b5254171f9507e\COMCTL32.dll
0x00007ffeff6a0000 - 0x00007ffeff6cb000 	C:\WINDOWS\System32\GDI32.dll
0x00007ffeff7d0000 - 0x00007ffeff86e000 	C:\WINDOWS\System32\msvcrt.dll
0x00007ffefd090000 - 0x00007ffefd19f000 	C:\WINDOWS\System32\gdi32full.dll
0x00007ffefd310000 - 0x00007ffefd3ad000 	C:\WINDOWS\System32\msvcp_win.dll
0x00007ffefda60000 - 0x00007ffefda90000 	C:\WINDOWS\System32\IMM32.DLL
0x00007ffec77a0000 - 0x00007ffec782d000 	C:\Program Files\Android\Android Studio\jbr\bin\msvcp140.dll
0x00007ffeea200000 - 0x00007ffeea20c000 	C:\WINDOWS\SYSTEM32\VCRUNTIME140_1.dll
0x00007ffeb80f0000 - 0x00007ffeb8cac000 	C:\Program Files\Android\Android Studio\jbr\bin\server\jvm.dll
0x00007ffefdfc0000 - 0x00007ffefe06e000 	C:\WINDOWS\System32\ADVAPI32.dll
0x00007ffefe080000 - 0x00007ffefe11c000 	C:\WINDOWS\System32\sechost.dll
0x00007ffefe390000 - 0x00007ffefe4b5000 	C:\WINDOWS\System32\RPCRT4.dll
0x00007ffeff2c0000 - 0x00007ffeff2c8000 	C:\WINDOWS\System32\PSAPI.DLL
0x00007ffef1b00000 - 0x00007ffef1b27000 	C:\WINDOWS\SYSTEM32\WINMM.dll
0x00007ffee91f0000 - 0x00007ffee91f9000 	C:\WINDOWS\SYSTEM32\WSOCK32.dll
0x00007ffef8a80000 - 0x00007ffef8a8a000 	C:\WINDOWS\SYSTEM32\VERSION.dll
0x00007ffeff6d0000 - 0x00007ffeff73b000 	C:\WINDOWS\System32\WS2_32.dll
0x00007ffefaf50000 - 0x00007ffefaf62000 	C:\WINDOWS\SYSTEM32\kernel.appcore.dll
0x00007ffef5960000 - 0x00007ffef5970000 	C:\Program Files\Android\Android Studio\jbr\bin\verify.dll
0x00007ffef7720000 - 0x00007ffef7904000 	C:\WINDOWS\SYSTEM32\DBGHELP.DLL
0x00007ffef29f0000 - 0x00007ffef2a25000 	C:\WINDOWS\SYSTEM32\dbgcore.DLL
0x00007ffefd590000 - 0x00007ffefd612000 	C:\WINDOWS\System32\bcryptPrimitives.dll
0x00007ffeef020000 - 0x00007ffeef048000 	C:\Program Files\Android\Android Studio\jbr\bin\java.dll
0x00007ffef5950000 - 0x00007ffef595a000 	C:\Program Files\Android\Android Studio\jbr\bin\jimage.dll
0x00007ffeef7c0000 - 0x00007ffeef7d8000 	C:\Program Files\Android\Android Studio\jbr\bin\zip.dll
0x00007ffefe6a0000 - 0x00007ffefede5000 	C:\WINDOWS\System32\SHELL32.dll
0x00007ffefb150000 - 0x00007ffefb8e2000 	C:\WINDOWS\SYSTEM32\windows.storage.dll
0x00007ffefdb40000 - 0x00007ffefde95000 	C:\WINDOWS\System32\combase.dll
0x00007ffefca10000 - 0x00007ffefca40000 	C:\WINDOWS\SYSTEM32\Wldp.dll
0x00007ffefdea0000 - 0x00007ffefdf4d000 	C:\WINDOWS\System32\SHCORE.dll
0x00007ffefe330000 - 0x00007ffefe385000 	C:\WINDOWS\System32\shlwapi.dll
0x00007ffefcfd0000 - 0x00007ffefcfef000 	C:\WINDOWS\SYSTEM32\profapi.dll
0x00007ffeec580000 - 0x00007ffeec599000 	C:\Program Files\Android\Android Studio\jbr\bin\net.dll
0x00007ffef4f50000 - 0x00007ffef505a000 	C:\WINDOWS\SYSTEM32\WINHTTP.dll
0x00007ffefc770000 - 0x00007ffefc7da000 	C:\WINDOWS\system32\mswsock.dll
0x00007ffeec560000 - 0x00007ffeec573000 	C:\Program Files\Android\Android Studio\jbr\bin\nio.dll
0x00007ffee6160000 - 0x00007ffee6187000 	C:\Users\mohit\.gradle\native\e1d6ef7f7dcc3fd88c89a11ec53ec762bb8ba0a96d01ffa2cd45eb1d1d8dd5c5\windows-amd64\native-platform.dll
0x00007ffec6b10000 - 0x00007ffec6c54000 	C:\Users\mohit\.gradle\native\0d407fdbe67a94daf76414ababcb853783967236a71b16ec16e742cd7a986fd3\windows-amd64\native-platform-file-events.dll
0x00007ffef5940000 - 0x00007ffef594a000 	C:\Program Files\Android\Android Studio\jbr\bin\management.dll
0x00007ffef1480000 - 0x00007ffef148b000 	C:\Program Files\Android\Android Studio\jbr\bin\management_ext.dll
0x00007ffefc970000 - 0x00007ffefc988000 	C:\WINDOWS\SYSTEM32\CRYPTSP.dll
0x00007ffefc090000 - 0x00007ffefc0c4000 	C:\WINDOWS\system32\rsaenh.dll
0x00007ffefd9b0000 - 0x00007ffefd9d7000 	C:\WINDOWS\System32\bcrypt.dll
0x00007ffefcf50000 - 0x00007ffefcf7e000 	C:\WINDOWS\SYSTEM32\USERENV.dll
0x00007ffefc960000 - 0x00007ffefc96c000 	C:\WINDOWS\SYSTEM32\CRYPTBASE.dll
0x00007ffefc460000 - 0x00007ffefc49b000 	C:\WINDOWS\SYSTEM32\IPHLPAPI.DLL
0x00007ffefdf50000 - 0x00007ffefdf58000 	C:\WINDOWS\System32\NSI.dll
0x00007ffef6040000 - 0x00007ffef6057000 	C:\WINDOWS\SYSTEM32\dhcpcsvc6.DLL
0x00007ffef6630000 - 0x00007ffef664d000 	C:\WINDOWS\SYSTEM32\dhcpcsvc.DLL
0x00007ffefc4a0000 - 0x00007ffefc56b000 	C:\WINDOWS\SYSTEM32\DNSAPI.dll

dbghelp: loaded successfully - version: 4.0.5 - missing functions: none
symbol engine: initialized successfully - sym options: 0x614 - pdb path: .;C:\Program Files\Android\Android Studio\jbr\bin;C:\WINDOWS\SYSTEM32;C:\WINDOWS\WinSxS\amd64_microsoft.windows.common-controls_6595b64144ccf1df_6.0.19041.1110_none_60b5254171f9507e;C:\Program Files\Android\Android Studio\jbr\bin\server;C:\Users\mohit\.gradle\native\e1d6ef7f7dcc3fd88c89a11ec53ec762bb8ba0a96d01ffa2cd45eb1d1d8dd5c5\windows-amd64;C:\Users\mohit\.gradle\native\0d407fdbe67a94daf76414ababcb853783967236a71b16ec16e742cd7a986fd3\windows-amd64

VM Arguments:
jvm_args: --add-opens=java.base/java.util=ALL-UNNAMED --add-opens=java.base/java.lang=ALL-UNNAMED --add-opens=java.base/java.lang.invoke=ALL-UNNAMED --add-opens=java.base/java.util=ALL-UNNAMED --add-opens=java.prefs/java.util.prefs=ALL-UNNAMED --add-opens=java.prefs/java.util.prefs=ALL-UNNAMED --add-opens=java.base/java.nio.charset=ALL-UNNAMED --add-opens=java.base/java.net=ALL-UNNAMED --add-opens=java.base/java.util.concurrent.atomic=ALL-UNNAMED -Xmx2048m -Dfile.encoding=UTF-8 -Duser.country=IN -Duser.language=en -Duser.variant 
java_command: org.gradle.launcher.daemon.bootstrap.GradleDaemon 7.5
java_class_path (initial): C:\Users\mohit\.gradle\wrapper\dists\gradle-7.5-bin\f1w0cc9nuo0eivz97x2xlu9sv\gradle-7.5\lib\gradle-launcher-7.5.jar
Launcher Type: SUN_STANDARD

[Global flags]
     intx CICompilerCount                          = 4                                         {product} {ergonomic}
     uint ConcGCThreads                            = 2                                         {product} {ergonomic}
     uint G1ConcRefinementThreads                  = 8                                         {product} {ergonomic}
   size_t G1HeapRegionSize                         = 1048576                                   {product} {ergonomic}
    uintx GCDrainStackTargetSize                   = 64                                        {product} {ergonomic}
   size_t InitialHeapSize                          = 125829120                                 {product} {ergonomic}
   size_t MarkStackSize                            = 4194304                                   {product} {ergonomic}
   size_t MaxHeapSize                              = 2147483648                                {product} {command line}
   size_t MaxNewSize                               = 1287651328                                {product} {ergonomic}
   size_t MinHeapDeltaBytes                        = 1048576                                   {product} {ergonomic}
    uintx NonNMethodCodeHeapSize                   = 5836300                                {pd product} {ergonomic}
    uintx NonProfiledCodeHeapSize                  = 122910970                              {pd product} {ergonomic}
    uintx ProfiledCodeHeapSize                     = 122910970                              {pd product} {ergonomic}
    uintx ReservedCodeCacheSize                    = 251658240                              {pd product} {ergonomic}
     bool SegmentedCodeCache                       = true                                      {product} {ergonomic}
     bool UseCompressedClassPointers               = true                                 {lp64_product} {ergonomic}
     bool UseCompressedOops                        = true                                 {lp64_product} {ergonomic}
     bool UseG1GC                                  = true                                      {product} {ergonomic}
     bool UseLargePagesIndividualAllocation        = false                                  {pd product} {ergonomic}

Logging:
Log output configuration:
 #0: stdout all=warning uptime,level,tags
 #1: stderr all=off uptime,level,tags

Environment Variables:
PATH=C:\Python310\Scripts\;C:\Python310\;D:\Development\Scripts\;D:\Development\;C:\Program Files\Common Files\Oracle\Java\javapath;C:\Windows\system32;C:\Windows;C:\Windows\System32\Wbem;C:\Windows\System32\WindowsPowerShell\v1.0\;C:\Windows\System32\OpenSSH\;C:\Program Files (x86)\NVIDIA Corporation\PhysX\Common;C:\Program Files\NVIDIA Corporation\NVIDIA NvDLISR;C:\WINDOWS\system32;C:\WINDOWS;C:\WINDOWS\System32\Wbem;C:\WINDOWS\System32\WindowsPowerShell\v1.0\;C:\WINDOWS\System32\OpenSSH\;D:\Development\Git\cmd;C:\MinGW\bin;C:\ProgramData\chocolatey\bin;C:\Program Files\nodejs\;D:\flutter\bin;C:\Users\mohit\AppData\Local\Programs\Microsoft VS Code\bin
USERNAME=mohit
OS=Windows_NT
PROCESSOR_IDENTIFIER=AMD64 Family 23 Model 24 Stepping 1, AuthenticAMD



---------------  S Y S T E M  ---------------

OS: Windows 10 , 64 bit Build 19041 (10.0.19041.2546)
OS uptime: 1 days 7:18 hours

CPU:total 8 (initial active 8) (8 cores per cpu, 2 threads per core) family 23 model 24 stepping 1 microcode 0x0, cmov, cx8, fxsr, mmx, sse, sse2, sse3, ssse3, sse4.1, sse4.2, popcnt, avx, avx2, aes, clmul, mmxext, 3dnowpref, lzcnt, sse4a, ht, tsc, tscinvbit, tscinv, bmi1, bmi2, adx, sha, fma

Memory: 4k page, system-wide physical 7616M (89M free)
TotalPageFile size 15808M (AvailPageFile size 5M)
current process WorkingSet (physical memory assigned to process): 228M, peak: 229M
current process commit charge ("private bytes"): 291M, peak: 292M

vm_info: OpenJDK 64-Bit Server VM (11.0.15+0-b2043.56-8887301) for windows-amd64 JRE (11.0.15+0-b2043.56-8887301), built on Jul 29 2022 23:19:47 by "builduser" with unknown MS VC++:1929

END.
