#
# There is insufficient memory for the Java Runtime Environment to continue.
# Native memory allocation (mmap) failed to map 100663296 bytes for Failed to commit area from 0x000000008ad00000 to 0x0000000090d00000 of length 100663296.
# Possible reasons:
#   The system is out of physical RAM or swap space
#   The process is running with CompressedOops enabled, and the Java Heap may be blocking the growth of the native heap
# Possible solutions:
#   Reduce memory load on the system
#   Increase physical memory or swap space
#   Check if swap backing store is full
#   Decrease Java heap size (-Xmx/-Xms)
#   Decrease number of Java threads
#   Decrease Java thread stack sizes (-Xss)
#   Set larger code cache with -XX:ReservedCodeCacheSize=
#   JVM is running with Unscaled Compressed Oops mode in which the Java heap is
#     placed in the first 4GB address space. The Java Heap base address is the
#     maximum limit for the native heap growth. Please use -XX:HeapBaseMinAddress
#     to set the Java Heap base and to place the Java Heap above 4GB virtual address.
# This output file may be truncated or incomplete.
#
#  Out of Memory Error (src/hotspot/os/windows/os_windows.cpp:3627), pid=5292, tid=11040
#
# JRE version: OpenJDK Runtime Environment (11.0.15) (build 11.0.15+0-b2043.56-8887301)
# Java VM: OpenJDK 64-Bit Server VM (11.0.15+0-b2043.56-8887301, mixed mode, tiered, compressed oops, g1 gc, windows-amd64)
# No core dump will be written. Minidumps are not enabled by default on client versions of Windows
#

---------------  S U M M A R Y ------------

Command Line: --add-opens=java.base/java.util=ALL-UNNAMED --add-opens=java.base/java.lang=ALL-UNNAMED --add-opens=java.base/java.lang.invoke=ALL-UNNAMED --add-opens=java.base/java.util=ALL-UNNAMED --add-opens=java.prefs/java.util.prefs=ALL-UNNAMED --add-opens=java.prefs/java.util.prefs=ALL-UNNAMED --add-opens=java.base/java.nio.charset=ALL-UNNAMED --add-opens=java.base/java.net=ALL-UNNAMED --add-opens=java.base/java.util.concurrent.atomic=ALL-UNNAMED -Xmx2048m -Dfile.encoding=UTF-8 -Duser.country=IN -Duser.language=en -Duser.variant org.gradle.launcher.daemon.bootstrap.GradleDaemon 7.5

Host: AMD Ryzen 5 3550H with Radeon Vega Mobile Gfx  , 8 cores, 7G,  Windows 10 , 64 bit Build 19041 (10.0.19041.2546)
Time: Wed Mar  1 18:38:56 2023 India Standard Time elapsed time: 142.999022 seconds (0d 0h 2m 22s)

---------------  T H R E A D  ---------------

Current thread (0x0000028cfe71b000):  VMThread "VM Thread" [stack: 0x000000e12b200000,0x000000e12b300000] [id=11040]

Stack: [0x000000e12b200000,0x000000e12b300000]
[error occurred during error reporting (printing stack bounds), id 0xc0000005, EXCEPTION_ACCESS_VIOLATION (0xc0000005) at pc=0x0000028ce75e112d]

Native frames: (J=compiled Java code, j=interpreted, Vv=VM code, C=native code)
V  [jvm.dll+0x64135a]
V  [jvm.dll+0x7d39f9]
V  [jvm.dll+0x7d51b9]
V  [jvm.dll+0x7d5805]
V  [jvm.dll+0x7d57bb]
V  [jvm.dll+0x640655]
V  [jvm.dll+0x640d68]
C  [ntdll.dll+0xa241f]
C  [ntdll.dll+0x514a4]
C  [ntdll.dll+0xa0f4e]
C  0x0000028ce75e112d

VM_Operation (0x000000e1325f7fc0): G1CollectForAllocation, mode: safepoint, requested by thread 0x0000028c87393000


---------------  P R O C E S S  ---------------

Threads class SMR info:
_java_thread_list=0x0000028cff2e6520, length=140, elements={
0x0000028ce22e4800, 0x0000028cfe71d800, 0x0000028cfe71e800, 0x0000028cfef92800,
0x0000028cfef94800, 0x0000028cfef95800, 0x0000028cfef98800, 0x0000028cfef9e000,
0x0000028cfe77a000, 0x0000028cff10a000, 0x0000028c80887000, 0x0000028c81be5000,
0x0000028c815a9000, 0x0000028c82028800, 0x0000028c82028000, 0x0000028c82023000,
0x0000028c82025800, 0x0000028c82026000, 0x0000028c82024000, 0x0000028c828a3800,
0x0000028c828a6000, 0x0000028c828a2000, 0x0000028c828ab800, 0x0000028c828ab000,
0x0000028c828a7000, 0x0000028c829c9800, 0x0000028c829cc800, 0x0000028c829cf000,
0x0000028c829cb000, 0x0000028c829d0800, 0x0000028c86e5b000, 0x0000028c86e5d800,
0x0000028c80485800, 0x0000028c80484000, 0x0000028c80482800, 0x0000028c80486800,
0x0000028c80487800, 0x0000028c80483000, 0x0000028c80485000, 0x0000028c803ab800,
0x0000028c80481800, 0x0000028c80488000, 0x0000028c80489000, 0x0000028c8048d000,
0x0000028c8048e000, 0x0000028c8048e800, 0x0000028c8048f800, 0x0000028c8048c000,
0x0000028c80489800, 0x0000028c80490000, 0x0000028c8048b800, 0x0000028c8048a800,
0x0000028c86e59800, 0x0000028c86e58800, 0x0000028c86e5c800, 0x0000028c86e57000,
0x0000028c86e5e800, 0x0000028c86e5f000, 0x0000028c86e60000, 0x0000028c86e5a000,
0x0000028c86e61000, 0x0000028c86e5c000, 0x0000028c86e63000, 0x0000028c86e65000,
0x0000028c86e61800, 0x0000028c86e62800, 0x0000028c86e64000, 0x0000028c829cb800,
0x0000028c829ca000, 0x0000028c829cd800, 0x0000028c829d2800, 0x0000028c829d4800,
0x0000028c829d7000, 0x0000028c829d5800, 0x0000028c829d6800, 0x0000028c829d8000,
0x0000028c829d3000, 0x0000028c829d4000, 0x0000028c828a8800, 0x0000028c828a2800,
0x0000028c828af000, 0x0000028c828ac800, 0x0000028c828a9000, 0x0000028c828b0000,
0x0000028c82029800, 0x0000028c82024800, 0x0000028c82027000, 0x0000028c8254a000,
0x0000028c8254b000, 0x0000028c82548800, 0x0000028c82549800, 0x0000028c82545800,
0x0000028c8254c000, 0x0000028c82547800, 0x0000028c82546000, 0x0000028c8254c800,
0x0000028c82547000, 0x0000028c82551800, 0x0000028c82550800, 0x0000028c82553000,
0x0000028c8254d800, 0x0000028c8254f000, 0x0000028c82552800, 0x0000028c82554000,
0x0000028c8254e800, 0x0000028c82550000, 0x0000028c87391000, 0x0000028c87395000,
0x0000028c87391800, 0x0000028c87392800, 0x0000028c87394000, 0x0000028c87395800,
0x0000028c87390000, 0x0000028c87393000, 0x0000028c8739c000, 0x0000028c8739b800,
0x0000028c87396800, 0x0000028c87399000, 0x0000028c8739a000, 0x0000028c8739a800,
0x0000028c87398000, 0x0000028c8739d000, 0x0000028c87397800, 0x0000028c8739e000,
0x0000028c8739e800, 0x0000028c8715c000, 0x0000028c8715a000, 0x0000028c8715b000,
0x0000028c87161000, 0x0000028c8715d800, 0x0000028c8715e800, 0x0000028c8715f000,
0x0000028c87160000, 0x0000028c8715c800, 0x0000028c88219800, 0x0000028c8821c000,
0x0000028c8821c800, 0x0000028c88217000, 0x0000028c8821d800, 0x0000028c88218800
}

Java Threads: ( => current thread )
  0x0000028ce22e4800 JavaThread "main" [_thread_blocked, id=17156, stack(0x000000e12ac00000,0x000000e12ad00000)]
  0x0000028cfe71d800 JavaThread "Reference Handler" daemon [_thread_blocked, id=14480, stack(0x000000e12b300000,0x000000e12b400000)]
  0x0000028cfe71e800 JavaThread "Finalizer" daemon [_thread_blocked, id=1988, stack(0x000000e12b400000,0x000000e12b500000)]
  0x0000028cfef92800 JavaThread "Signal Dispatcher" daemon [_thread_blocked, id=16860, stack(0x000000e12b500000,0x000000e12b600000)]
  0x0000028cfef94800 JavaThread "Attach Listener" daemon [_thread_blocked, id=11032, stack(0x000000e12b600000,0x000000e12b700000)]
  0x0000028cfef95800 JavaThread "Service Thread" daemon [_thread_blocked, id=17512, stack(0x000000e12b700000,0x000000e12b800000)]
  0x0000028cfef98800 JavaThread "C2 CompilerThread0" daemon [_thread_in_native, id=8500, stack(0x000000e12b800000,0x000000e12b900000)]
  0x0000028cfef9e000 JavaThread "C1 CompilerThread0" daemon [_thread_blocked, id=11388, stack(0x000000e12b900000,0x000000e12ba00000)]
  0x0000028cfe77a000 JavaThread "Sweeper thread" daemon [_thread_blocked, id=3176, stack(0x000000e12ba00000,0x000000e12bb00000)]
  0x0000028cff10a000 JavaThread "Common-Cleaner" daemon [_thread_blocked, id=16940, stack(0x000000e12bb00000,0x000000e12bc00000)]
  0x0000028c80887000 JavaThread "Daemon health stats" [_thread_blocked, id=12180, stack(0x000000e12c000000,0x000000e12c100000)]
  0x0000028c81be5000 JavaThread "Incoming local TCP Connector on port 59996" [_thread_in_native, id=9380, stack(0x000000e12bd00000,0x000000e12be00000)]
  0x0000028c815a9000 JavaThread "Daemon periodic checks" [_thread_blocked, id=17228, stack(0x000000e12bf00000,0x000000e12c000000)]
  0x0000028c82028800 JavaThread "Cache worker for journal cache (C:\Users\mohit\.gradle\caches\journal-1)" [_thread_blocked, id=7896, stack(0x000000e12cf00000,0x000000e12d000000)]
  0x0000028c82028000 JavaThread "File lock request listener" [_thread_in_native, id=18572, stack(0x000000e12d000000,0x000000e12d100000)]
  0x0000028c82023000 JavaThread "Cache worker for file hash cache (C:\Users\mohit\.gradle\caches\7.5\fileHashes)" [_thread_blocked, id=1396, stack(0x000000e12d100000,0x000000e12d200000)]
  0x0000028c82025800 JavaThread "File watcher server" daemon [_thread_blocked, id=1360, stack(0x000000e12d400000,0x000000e12d500000)]
  0x0000028c82026000 JavaThread "File watcher consumer" daemon [_thread_blocked, id=11248, stack(0x000000e12d500000,0x000000e12d600000)]
  0x0000028c82024000 JavaThread "Cache worker for file content cache (C:\Users\mohit\.gradle\caches\7.5\fileContent)" [_thread_blocked, id=15608, stack(0x000000e12d700000,0x000000e12d800000)]
  0x0000028c828a3800 JavaThread "Cache worker for execution history cache (C:\Users\mohit\.gradle\caches\7.5\executionHistory)" [_thread_blocked, id=11016, stack(0x000000e12db00000,0x000000e12dc00000)]
  0x0000028c828a6000 JavaThread "jar transforms" [_thread_blocked, id=2376, stack(0x000000e12dc00000,0x000000e12dd00000)]
  0x0000028c828a2000 JavaThread "jar transforms Thread 2" [_thread_blocked, id=18228, stack(0x000000e12de00000,0x000000e12df00000)]
  0x0000028c828ab800 JavaThread "jar transforms Thread 3" [_thread_blocked, id=6744, stack(0x000000e12df00000,0x000000e12e000000)]
  0x0000028c828ab000 JavaThread "jar transforms Thread 4" [_thread_blocked, id=14588, stack(0x000000e12e000000,0x000000e12e100000)]
  0x0000028c828a7000 JavaThread "jar transforms Thread 5" [_thread_blocked, id=2832, stack(0x000000e12dd00000,0x000000e12de00000)]
  0x0000028c829c9800 JavaThread "jar transforms Thread 6" [_thread_blocked, id=18468, stack(0x000000e133400000,0x000000e133500000)]
  0x0000028c829cc800 JavaThread "jar transforms Thread 7" [_thread_blocked, id=15704, stack(0x000000e133500000,0x000000e133600000)]
  0x0000028c829cf000 JavaThread "jar transforms Thread 8" [_thread_blocked, id=16976, stack(0x000000e133600000,0x000000e133700000)]
  0x0000028c829cb000 JavaThread "Memory manager" [_thread_blocked, id=12524, stack(0x000000e133800000,0x000000e133900000)]
  0x0000028c829d0800 JavaThread "pool-3-thread-1" [_thread_blocked, id=9464, stack(0x000000e133900000,0x000000e133a00000)]
  0x0000028c86e5b000 JavaThread "Daemon Thread 2" [_thread_blocked, id=11460, stack(0x000000e12a900000,0x000000e12aa00000)]
  0x0000028c86e5d800 JavaThread "Daemon worker Thread 2" [_thread_blocked, id=15316, stack(0x000000e12c100000,0x000000e12c200000)]
  0x0000028c80485800 JavaThread "pool-6-thread-1" [_thread_blocked, id=12684, stack(0x000000e133700000,0x000000e133800000)]
  0x0000028c80484000 JavaThread "included builds" [_thread_blocked, id=13196, stack(0x000000e133b00000,0x000000e133c00000)]
  0x0000028c80482800 JavaThread "Handler for socket connection from /127.0.0.1:59996 to /127.0.0.1:60283" [_thread_in_native, id=6524, stack(0x000000e12aa00000,0x000000e12ab00000)]
  0x0000028c80486800 JavaThread "Cancel handler" [_thread_blocked, id=16724, stack(0x000000e12ab00000,0x000000e12ac00000)]
  0x0000028c80487800 JavaThread "Asynchronous log dispatcher for DefaultDaemonConnection: socket connection from /127.0.0.1:59996 to /127.0.0.1:60283" [_thread_blocked, id=13536, stack(0x000000e12c200000,0x000000e12c300000)]
  0x0000028c80483000 JavaThread "Stdin handler" [_thread_blocked, id=18964, stack(0x000000e12c300000,0x000000e12c400000)]
  0x0000028c80485000 JavaThread "Daemon client event forwarder" [_thread_blocked, id=12752, stack(0x000000e12c400000,0x000000e12c500000)]
  0x0000028c803ab800 JavaThread "C2 CompilerThread1" daemon [_thread_blocked, id=4964, stack(0x000000e12c500000,0x000000e12c600000)]
  0x0000028c80481800 JavaThread "Cache worker for checksums cache (C:\Users\mohit\AndroidStudioProjects\StickyNotes\.gradle\7.5\checksums)" [_thread_blocked, id=17632, stack(0x000000e12c600000,0x000000e12c700000)]
  0x0000028c80488000 JavaThread "Cache worker for cache directory md-rule (C:\Users\mohit\.gradle\caches\7.5\md-rule)" [_thread_blocked, id=16720, stack(0x000000e12c700000,0x000000e12c800000)]
  0x0000028c80489000 JavaThread "Cache worker for file hash cache (C:\Users\mohit\AndroidStudioProjects\StickyNotes\.gradle\7.5\fileHashes)" [_thread_blocked, id=7380, stack(0x000000e12d800000,0x000000e12d900000)]
  0x0000028c8048d000 JavaThread "Cache worker for cache directory md-supplier (C:\Users\mohit\.gradle\caches\7.5\md-supplier)" [_thread_blocked, id=17920, stack(0x000000e12d900000,0x000000e12da00000)]
  0x0000028c8048e000 JavaThread "Cache worker for dependencies-accessors (C:\Users\mohit\AndroidStudioProjects\StickyNotes\.gradle\7.5\dependencies-accessors)" [_thread_blocked, id=18004, stack(0x000000e12da00000,0x000000e12db00000)]
  0x0000028c8048e800 JavaThread "Cache worker for Build Output Cleanup Cache (C:\Users\mohit\AndroidStudioProjects\StickyNotes\.gradle\buildOutputCleanup)" [_thread_blocked, id=5816, stack(0x000000e12e100000,0x000000e12e200000)]
  0x0000028c8048f800 JavaThread "Unconstrained build operations" [_thread_blocked, id=8776, stack(0x000000e12e200000,0x000000e12e300000)]
  0x0000028c8048c000 JavaThread "Unconstrained build operations Thread 2" [_thread_blocked, id=15320, stack(0x000000e12e300000,0x000000e12e400000)]
  0x0000028c80489800 JavaThread "Unconstrained build operations Thread 3" [_thread_blocked, id=19216, stack(0x000000e12e400000,0x000000e12e500000)]
  0x0000028c80490000 JavaThread "Unconstrained build operations Thread 4" [_thread_blocked, id=1572, stack(0x000000e12e500000,0x000000e12e600000)]
  0x0000028c8048b800 JavaThread "Unconstrained build operations Thread 5" [_thread_blocked, id=11984, stack(0x000000e12e600000,0x000000e12e700000)]
  0x0000028c8048a800 JavaThread "Unconstrained build operations Thread 6" [_thread_blocked, id=2180, stack(0x000000e12e700000,0x000000e12e800000)]
  0x0000028c86e59800 JavaThread "Unconstrained build operations Thread 7" [_thread_blocked, id=7792, stack(0x000000e12e800000,0x000000e12e900000)]
  0x0000028c86e58800 JavaThread "Unconstrained build operations Thread 8" [_thread_blocked, id=18048, stack(0x000000e12e900000,0x000000e12ea00000)]
  0x0000028c86e5c800 JavaThread "Unconstrained build operations Thread 9" [_thread_blocked, id=10244, stack(0x000000e12ea00000,0x000000e12eb00000)]
  0x0000028c86e57000 JavaThread "Unconstrained build operations Thread 10" [_thread_blocked, id=2032, stack(0x000000e12eb00000,0x000000e12ec00000)]
  0x0000028c86e5e800 JavaThread "Unconstrained build operations Thread 11" [_thread_blocked, id=11276, stack(0x000000e12ec00000,0x000000e12ed00000)]
  0x0000028c86e5f000 JavaThread "Unconstrained build operations Thread 12" [_thread_blocked, id=17788, stack(0x000000e12ed00000,0x000000e12ee00000)]
  0x0000028c86e60000 JavaThread "Unconstrained build operations Thread 13" [_thread_blocked, id=13124, stack(0x000000e12ee00000,0x000000e12ef00000)]
  0x0000028c86e5a000 JavaThread "Unconstrained build operations Thread 14" [_thread_blocked, id=3604, stack(0x000000e12ef00000,0x000000e12f000000)]
  0x0000028c86e61000 JavaThread "Unconstrained build operations Thread 15" [_thread_blocked, id=14940, stack(0x000000e12f000000,0x000000e12f100000)]
  0x0000028c86e5c000 JavaThread "Unconstrained build operations Thread 16" [_thread_blocked, id=18636, stack(0x000000e12f100000,0x000000e12f200000)]
  0x0000028c86e63000 JavaThread "Unconstrained build operations Thread 17" [_thread_blocked, id=18236, stack(0x000000e12f200000,0x000000e12f300000)]
  0x0000028c86e65000 JavaThread "Unconstrained build operations Thread 18" [_thread_blocked, id=15916, stack(0x000000e12f300000,0x000000e12f400000)]
  0x0000028c86e61800 JavaThread "Unconstrained build operations Thread 19" [_thread_blocked, id=17292, stack(0x000000e12f400000,0x000000e12f500000)]
  0x0000028c86e62800 JavaThread "Unconstrained build operations Thread 20" [_thread_blocked, id=19320, stack(0x000000e12f500000,0x000000e12f600000)]
  0x0000028c86e64000 JavaThread "Unconstrained build operations Thread 21" [_thread_blocked, id=11296, stack(0x000000e12f600000,0x000000e12f700000)]
  0x0000028c829cb800 JavaThread "Unconstrained build operations Thread 22" [_thread_blocked, id=19392, stack(0x000000e12f700000,0x000000e12f800000)]
  0x0000028c829ca000 JavaThread "Unconstrained build operations Thread 23" [_thread_blocked, id=12428, stack(0x000000e12f800000,0x000000e12f900000)]
  0x0000028c829cd800 JavaThread "Unconstrained build operations Thread 24" [_thread_blocked, id=2252, stack(0x000000e12f900000,0x000000e12fa00000)]
  0x0000028c829d2800 JavaThread "Unconstrained build operations Thread 25" [_thread_blocked, id=13156, stack(0x000000e12fa00000,0x000000e12fb00000)]
  0x0000028c829d4800 JavaThread "Unconstrained build operations Thread 26" [_thread_blocked, id=12464, stack(0x000000e12fb00000,0x000000e12fc00000)]
  0x0000028c829d7000 JavaThread "Unconstrained build operations Thread 27" [_thread_blocked, id=14812, stack(0x000000e12fc00000,0x000000e12fd00000)]
  0x0000028c829d5800 JavaThread "Unconstrained build operations Thread 28" [_thread_blocked, id=14052, stack(0x000000e12fd00000,0x000000e12fe00000)]
  0x0000028c829d6800 JavaThread "Unconstrained build operations Thread 29" [_thread_blocked, id=4604, stack(0x000000e12fe00000,0x000000e12ff00000)]
  0x0000028c829d8000 JavaThread "Unconstrained build operations Thread 30" [_thread_blocked, id=1320, stack(0x000000e12ff00000,0x000000e130000000)]
  0x0000028c829d3000 JavaThread "Unconstrained build operations Thread 31" [_thread_blocked, id=4308, stack(0x000000e130000000,0x000000e130100000)]
  0x0000028c829d4000 JavaThread "Unconstrained build operations Thread 32" [_thread_blocked, id=1356, stack(0x000000e130100000,0x000000e130200000)]
  0x0000028c828a8800 JavaThread "Unconstrained build operations Thread 33" [_thread_blocked, id=13480, stack(0x000000e130200000,0x000000e130300000)]
  0x0000028c828a2800 JavaThread "Unconstrained build operations Thread 34" [_thread_blocked, id=8792, stack(0x000000e130300000,0x000000e130400000)]
  0x0000028c828af000 JavaThread "Unconstrained build operations Thread 35" [_thread_blocked, id=10488, stack(0x000000e130400000,0x000000e130500000)]
  0x0000028c828ac800 JavaThread "Unconstrained build operations Thread 36" [_thread_blocked, id=12560, stack(0x000000e130500000,0x000000e130600000)]
  0x0000028c828a9000 JavaThread "Unconstrained build operations Thread 37" [_thread_blocked, id=9012, stack(0x000000e130600000,0x000000e130700000)]
  0x0000028c828b0000 JavaThread "Unconstrained build operations Thread 38" [_thread_blocked, id=14964, stack(0x000000e130700000,0x000000e130800000)]
  0x0000028c82029800 JavaThread "Unconstrained build operations Thread 39" [_thread_blocked, id=18140, stack(0x000000e130800000,0x000000e130900000)]
  0x0000028c82024800 JavaThread "Unconstrained build operations Thread 40" [_thread_blocked, id=2888, stack(0x000000e130900000,0x000000e130a00000)]
  0x0000028c82027000 JavaThread "Unconstrained build operations Thread 41" [_thread_blocked, id=10768, stack(0x000000e130a00000,0x000000e130b00000)]
  0x0000028c8254a000 JavaThread "Unconstrained build operations Thread 42" [_thread_blocked, id=6440, stack(0x000000e130b00000,0x000000e130c00000)]
  0x0000028c8254b000 JavaThread "Unconstrained build operations Thread 43" [_thread_blocked, id=19132, stack(0x000000e130c00000,0x000000e130d00000)]
  0x0000028c82548800 JavaThread "Unconstrained build operations Thread 44" [_thread_blocked, id=14152, stack(0x000000e130d00000,0x000000e130e00000)]
  0x0000028c82549800 JavaThread "Unconstrained build operations Thread 45" [_thread_blocked, id=1184, stack(0x000000e130e00000,0x000000e130f00000)]
  0x0000028c82545800 JavaThread "Unconstrained build operations Thread 46" [_thread_blocked, id=12788, stack(0x000000e130f00000,0x000000e131000000)]
  0x0000028c8254c000 JavaThread "Unconstrained build operations Thread 47" [_thread_blocked, id=4264, stack(0x000000e131000000,0x000000e131100000)]
  0x0000028c82547800 JavaThread "Unconstrained build operations Thread 48" [_thread_blocked, id=14572, stack(0x000000e131100000,0x000000e131200000)]
  0x0000028c82546000 JavaThread "Unconstrained build operations Thread 49" [_thread_blocked, id=14824, stack(0x000000e131200000,0x000000e131300000)]
  0x0000028c8254c800 JavaThread "Unconstrained build operations Thread 50" [_thread_blocked, id=4460, stack(0x000000e131300000,0x000000e131400000)]
  0x0000028c82547000 JavaThread "Unconstrained build operations Thread 51" [_thread_blocked, id=19336, stack(0x000000e131400000,0x000000e131500000)]
  0x0000028c82551800 JavaThread "Unconstrained build operations Thread 52" [_thread_blocked, id=6064, stack(0x000000e131500000,0x000000e131600000)]
  0x0000028c82550800 JavaThread "Unconstrained build operations Thread 53" [_thread_blocked, id=16224, stack(0x000000e131600000,0x000000e131700000)]
  0x0000028c82553000 JavaThread "Unconstrained build operations Thread 54" [_thread_blocked, id=17312, stack(0x000000e131700000,0x000000e131800000)]
  0x0000028c8254d800 JavaThread "Unconstrained build operations Thread 55" [_thread_blocked, id=17412, stack(0x000000e131800000,0x000000e131900000)]
  0x0000028c8254f000 JavaThread "Unconstrained build operations Thread 56" [_thread_blocked, id=10528, stack(0x000000e131900000,0x000000e131a00000)]
  0x0000028c82552800 JavaThread "Unconstrained build operations Thread 57" [_thread_blocked, id=9340, stack(0x000000e131a00000,0x000000e131b00000)]
  0x0000028c82554000 JavaThread "Unconstrained build operations Thread 58" [_thread_blocked, id=18864, stack(0x000000e131b00000,0x000000e131c00000)]
  0x0000028c8254e800 JavaThread "Unconstrained build operations Thread 59" [_thread_blocked, id=12196, stack(0x000000e131c00000,0x000000e131d00000)]
  0x0000028c82550000 JavaThread "Unconstrained build operations Thread 60" [_thread_blocked, id=17596, stack(0x000000e131d00000,0x000000e131e00000)]
  0x0000028c87391000 JavaThread "Unconstrained build operations Thread 61" [_thread_blocked, id=18632, stack(0x000000e131e00000,0x000000e131f00000)]
  0x0000028c87395000 JavaThread "Unconstrained build operations Thread 62" [_thread_blocked, id=7480, stack(0x000000e131f00000,0x000000e132000000)]
  0x0000028c87391800 JavaThread "Unconstrained build operations Thread 63" [_thread_blocked, id=3316, stack(0x000000e132000000,0x000000e132100000)]
  0x0000028c87392800 JavaThread "Unconstrained build operations Thread 64" [_thread_blocked, id=17296, stack(0x000000e132100000,0x000000e132200000)]
  0x0000028c87394000 JavaThread "Unconstrained build operations Thread 65" [_thread_blocked, id=18172, stack(0x000000e132200000,0x000000e132300000)]
  0x0000028c87395800 JavaThread "Unconstrained build operations Thread 66" [_thread_blocked, id=3688, stack(0x000000e132300000,0x000000e132400000)]
  0x0000028c87390000 JavaThread "Unconstrained build operations Thread 67" [_thread_blocked, id=12540, stack(0x000000e132400000,0x000000e132500000)]
  0x0000028c87393000 JavaThread "Unconstrained build operations Thread 68" [_thread_blocked, id=17776, stack(0x000000e132500000,0x000000e132600000)]
  0x0000028c8739c000 JavaThread "Unconstrained build operations Thread 69" [_thread_blocked, id=2216, stack(0x000000e132600000,0x000000e132700000)]
  0x0000028c8739b800 JavaThread "Unconstrained build operations Thread 70" [_thread_blocked, id=15408, stack(0x000000e132700000,0x000000e132800000)]
  0x0000028c87396800 JavaThread "Unconstrained build operations Thread 71" [_thread_blocked, id=15284, stack(0x000000e132800000,0x000000e132900000)]
  0x0000028c87399000 JavaThread "Unconstrained build operations Thread 72" [_thread_blocked, id=14348, stack(0x000000e132900000,0x000000e132a00000)]
  0x0000028c8739a000 JavaThread "Unconstrained build operations Thread 73" [_thread_blocked, id=15632, stack(0x000000e132a00000,0x000000e132b00000)]
  0x0000028c8739a800 JavaThread "Unconstrained build operations Thread 74" [_thread_blocked, id=18192, stack(0x000000e132b00000,0x000000e132c00000)]
  0x0000028c87398000 JavaThread "Unconstrained build operations Thread 75" [_thread_blocked, id=10784, stack(0x000000e132c00000,0x000000e132d00000)]
  0x0000028c8739d000 JavaThread "Unconstrained build operations Thread 76" [_thread_blocked, id=16208, stack(0x000000e132d00000,0x000000e132e00000)]
  0x0000028c87397800 JavaThread "Unconstrained build operations Thread 77" [_thread_blocked, id=2256, stack(0x000000e132e00000,0x000000e132f00000)]
  0x0000028c8739e000 JavaThread "Unconstrained build operations Thread 78" [_thread_blocked, id=13080, stack(0x000000e132f00000,0x000000e133000000)]
  0x0000028c8739e800 JavaThread "Unconstrained build operations Thread 79" [_thread_blocked, id=15624, stack(0x000000e133000000,0x000000e133100000)]
  0x0000028c8715c000 JavaThread "Unconstrained build operations Thread 80" [_thread_blocked, id=6772, stack(0x000000e133100000,0x000000e133200000)]
  0x0000028c8715a000 JavaThread "build event listener" [_thread_blocked, id=16544, stack(0x000000e133200000,0x000000e133300000)]
  0x0000028c8715b000 JavaThread "pool-9-thread-1" [_thread_blocked, id=11740, stack(0x000000e133300000,0x000000e133400000)]
  0x0000028c87161000 JavaThread "build event listener" [_thread_blocked, id=8016, stack(0x000000e133a00000,0x000000e133b00000)]
  0x0000028c8715d800 JavaThread "included builds" [_thread_blocked, id=16128, stack(0x000000e133c00000,0x000000e133d00000)]
  0x0000028c8715e800 JavaThread "Execution worker" [_thread_blocked, id=14900, stack(0x000000e133d00000,0x000000e133e00000)]
  0x0000028c8715f000 JavaThread "Execution worker Thread 2" [_thread_blocked, id=12440, stack(0x000000e133e00000,0x000000e133f00000)]
  0x0000028c87160000 JavaThread "Execution worker Thread 3" [_thread_blocked, id=5108, stack(0x000000e133f00000,0x000000e134000000)]
  0x0000028c8715c800 JavaThread "Execution worker Thread 4" [_thread_blocked, id=15452, stack(0x000000e134000000,0x000000e134100000)]
  0x0000028c88219800 JavaThread "Execution worker Thread 5" [_thread_blocked, id=18040, stack(0x000000e134100000,0x000000e134200000)]
  0x0000028c8821c000 JavaThread "Execution worker Thread 6" [_thread_blocked, id=18976, stack(0x000000e134200000,0x000000e134300000)]
  0x0000028c8821c800 JavaThread "Execution worker Thread 7" [_thread_blocked, id=17624, stack(0x000000e134300000,0x000000e134400000)]
  0x0000028c88217000 JavaThread "Cache worker for execution history cache (C:\Users\mohit\AndroidStudioProjects\StickyNotes\.gradle\7.5\executionHistory)" [_thread_blocked, id=17164, stack(0x000000e134400000,0x000000e134500000)]
  0x0000028c8821d800 JavaThread "WorkerExecutor Queue" [_thread_blocked, id=14236, stack(0x000000e134500000,0x000000e134600000)]
  0x0000028c88218800 JavaThread "WorkerExecutor Queue Thread 2" [_thread_blocked, id=1212, stack(0x000000e134600000,0x000000e134700000)]

Other Threads:
=>0x0000028cfe71b000 VMThread "VM Thread" [stack: 0x000000e12b200000,0x000000e12b300000] [id=11040]
  0x0000028cff15d800 WatcherThread [stack: 0x000000e12bc00000,0x000000e12bd00000] [id=2708]
  0x0000028ce22ff000 GCTaskThread "GC Thread#0" [stack: 0x000000e12ad00000,0x000000e12ae00000] [id=18240]
  0x0000028c800f5800 GCTaskThread "GC Thread#1" [stack: 0x000000e12be00000,0x000000e12bf00000] [id=1140]
  0x0000028c8174b800 GCTaskThread "GC Thread#2" [stack: 0x000000e12c800000,0x000000e12c900000] [id=16264]
  0x0000028c805ca000 GCTaskThread "GC Thread#3" [stack: 0x000000e12c900000,0x000000e12ca00000] [id=552]
  0x0000028c805cb000 GCTaskThread "GC Thread#4" [stack: 0x000000e12ca00000,0x000000e12cb00000] [id=13136]
  0x0000028c80f5b000 GCTaskThread "GC Thread#5" [stack: 0x000000e12cb00000,0x000000e12cc00000] [id=3356]
  0x0000028c81e5f000 GCTaskThread "GC Thread#6" [stack: 0x000000e12cc00000,0x000000e12cd00000] [id=6832]
  0x0000028c80f5b800 GCTaskThread "GC Thread#7" [stack: 0x000000e12cd00000,0x000000e12ce00000] [id=3364]
  0x0000028ce2330800 ConcurrentGCThread "G1 Main Marker" [stack: 0x000000e12ae00000,0x000000e12af00000] [id=19280]
  0x0000028ce2331800 ConcurrentGCThread "G1 Conc#0" [stack: 0x000000e12af00000,0x000000e12b000000] [id=16744]
  0x0000028c8080c000 ConcurrentGCThread "G1 Conc#1" [stack: 0x000000e12d200000,0x000000e12d300000] [id=3808]
  0x0000028ce23be000 ConcurrentGCThread "G1 Refine#0" [stack: 0x000000e12b000000,0x000000e12b100000] [id=16888]
  0x0000028c80149000 ConcurrentGCThread "G1 Refine#1" [stack: 0x000000e12ce00000,0x000000e12cf00000] [id=11372]
  0x0000028c86ae6000 ConcurrentGCThread "G1 Refine#2" [stack: 0x000000e12d300000,0x000000e12d400000] [id=10424]
  0x0000028c86c80000 ConcurrentGCThread "G1 Refine#3" [stack: 0x000000e12d600000,0x000000e12d700000] [id=13844]
  0x0000028cfe582800 ConcurrentGCThread "G1 Young RemSet Sampling" [stack: 0x000000e12b100000,0x000000e12b200000] [id=13168]

Threads with active compile tasks:
C2 CompilerThread0   143039 14899       4       com.android.tools.r8.internal.Px::c (280 bytes)
C1 CompilerThread0   143039 14953       2       com.android.tools.r8.internal.Ia::a (871 bytes)
C2 CompilerThread1   143039 14936       4       com.android.tools.r8.internal.ct::a (990 bytes)

VM state:at safepoint (normal execution)

VM Mutex/Monitor currently owned by a thread:  ([mutex/lock_event])
[0x0000028ce22e1cf0] Threads_lock - owner thread: 0x0000028cfe71b000
[0x0000028ce22e0f70] Heap_lock - owner thread: 0x0000028c87393000

Heap address: 0x0000000080000000, size: 2048 MB, Compressed Oops mode: 32-bit
Narrow klass base: 0x0000000000000000, Narrow klass shift: 3
Compressed class space size: 1073741824 Address: 0x0000000100000000

Heap:
 garbage-first heap   total 275456K, used 139990K [0x0000000080000000, 0x0000000100000000)
  region size 1024K, 2 young (2048K), 2 survivors (2048K)
 Metaspace       used 107229K, capacity 110409K, committed 110544K, reserved 1144832K
  class space    used 13609K, capacity 14868K, committed 14924K, reserved 1048576K
Heap Regions: E=young(eden), S=young(survivor), O=old, HS=humongous(starts), HC=humongous(continues), CS=collection set, F=free, A=archive, TAMS=top-at-mark-start (previous, next)
|   0|0x0000000080000000, 0x0000000080100000, 0x0000000080100000|100%| O|  |TAMS 0x0000000080100000, 0x0000000080100000| Untracked 
|   1|0x0000000080100000, 0x0000000080200000, 0x0000000080200000|100%| O|  |TAMS 0x0000000080200000, 0x0000000080200000| Untracked 
|   2|0x0000000080200000, 0x0000000080300000, 0x0000000080300000|100%| O|  |TAMS 0x0000000080300000, 0x0000000080300000| Untracked 
|   3|0x0000000080300000, 0x0000000080400000, 0x0000000080400000|100%|HS|  |TAMS 0x0000000080400000, 0x0000000080400000| Complete 
|   4|0x0000000080400000, 0x0000000080500000, 0x0000000080500000|100%|HC|  |TAMS 0x0000000080500000, 0x0000000080500000| Complete 
|   5|0x0000000080500000, 0x0000000080600000, 0x0000000080600000|100%|HC|  |TAMS 0x0000000080600000, 0x0000000080600000| Complete 
|   6|0x0000000080600000, 0x0000000080700000, 0x0000000080700000|100%| O|  |TAMS 0x0000000080700000, 0x0000000080700000| Untracked 
|   7|0x0000000080700000, 0x0000000080800000, 0x0000000080800000|100%| O|  |TAMS 0x0000000080800000, 0x0000000080800000| Untracked 
|   8|0x0000000080800000, 0x0000000080900000, 0x0000000080900000|100%| O|  |TAMS 0x0000000080900000, 0x0000000080900000| Untracked 
|   9|0x0000000080900000, 0x0000000080a00000, 0x0000000080a00000|100%| O|  |TAMS 0x0000000080a00000, 0x0000000080a00000| Untracked 
|  10|0x0000000080a00000, 0x0000000080b00000, 0x0000000080b00000|100%| O|  |TAMS 0x0000000080b00000, 0x0000000080b00000| Untracked 
|  11|0x0000000080b00000, 0x0000000080c00000, 0x0000000080c00000|100%| O|  |TAMS 0x0000000080c00000, 0x0000000080c00000| Untracked 
|  12|0x0000000080c00000, 0x0000000080d00000, 0x0000000080d00000|100%| O|  |TAMS 0x0000000080d00000, 0x0000000080d00000| Untracked 
|  13|0x0000000080d00000, 0x0000000080e00000, 0x0000000080e00000|100%| O|  |TAMS 0x0000000080e00000, 0x0000000080e00000| Untracked 
|  14|0x0000000080e00000, 0x0000000080f00000, 0x0000000080f00000|100%| O|  |TAMS 0x0000000080f00000, 0x0000000080f00000| Untracked 
|  15|0x0000000080f00000, 0x0000000081000000, 0x0000000081000000|100%| O|  |TAMS 0x0000000081000000, 0x0000000081000000| Untracked 
|  16|0x0000000081000000, 0x0000000081100000, 0x0000000081100000|100%| O|  |TAMS 0x0000000081100000, 0x0000000081100000| Untracked 
|  17|0x0000000081100000, 0x0000000081200000, 0x0000000081200000|100%|HS|  |TAMS 0x0000000081200000, 0x0000000081200000| Complete 
|  18|0x0000000081200000, 0x0000000081300000, 0x0000000081300000|100%| O|  |TAMS 0x0000000081300000, 0x0000000081300000| Untracked 
|  19|0x0000000081300000, 0x0000000081400000, 0x0000000081400000|100%| O|  |TAMS 0x0000000081400000, 0x0000000081400000| Untracked 
|  20|0x0000000081400000, 0x0000000081500000, 0x0000000081500000|100%| O|  |TAMS 0x0000000081500000, 0x0000000081500000| Untracked 
|  21|0x0000000081500000, 0x0000000081600000, 0x0000000081600000|100%| O|  |TAMS 0x0000000081600000, 0x0000000081600000| Untracked 
|  22|0x0000000081600000, 0x0000000081700000, 0x0000000081700000|100%| O|  |TAMS 0x0000000081700000, 0x0000000081700000| Untracked 
|  23|0x0000000081700000, 0x0000000081800000, 0x0000000081800000|100%| O|  |TAMS 0x0000000081800000, 0x0000000081800000| Untracked 
|  24|0x0000000081800000, 0x0000000081900000, 0x0000000081900000|100%| O|  |TAMS 0x0000000081900000, 0x0000000081900000| Untracked 
|  25|0x0000000081900000, 0x0000000081a00000, 0x0000000081a00000|100%| O|  |TAMS 0x0000000081a00000, 0x0000000081a00000| Untracked 
|  26|0x0000000081a00000, 0x0000000081b00000, 0x0000000081b00000|100%| O|  |TAMS 0x0000000081b00000, 0x0000000081b00000| Untracked 
|  27|0x0000000081b00000, 0x0000000081c00000, 0x0000000081c00000|100%| O|  |TAMS 0x0000000081c00000, 0x0000000081c00000| Untracked 
|  28|0x0000000081c00000, 0x0000000081d00000, 0x0000000081d00000|100%| O|  |TAMS 0x0000000081d00000, 0x0000000081d00000| Untracked 
|  29|0x0000000081d00000, 0x0000000081e00000, 0x0000000081e00000|100%|HS|  |TAMS 0x0000000081e00000, 0x0000000081e00000| Complete 
|  30|0x0000000081e00000, 0x0000000081f00000, 0x0000000081f00000|100%| O|  |TAMS 0x0000000081f00000, 0x0000000081f00000| Untracked 
|  31|0x0000000081f00000, 0x0000000082000000, 0x0000000082000000|100%| O|  |TAMS 0x0000000082000000, 0x0000000082000000| Untracked 
|  32|0x0000000082000000, 0x0000000082100000, 0x0000000082100000|100%| O|  |TAMS 0x0000000082100000, 0x0000000082100000| Untracked 
|  33|0x0000000082100000, 0x0000000082200000, 0x0000000082200000|100%| O|  |TAMS 0x0000000082200000, 0x0000000082200000| Untracked 
|  34|0x0000000082200000, 0x0000000082300000, 0x0000000082300000|100%| O|  |TAMS 0x0000000082300000, 0x0000000082300000| Untracked 
|  35|0x0000000082300000, 0x0000000082400000, 0x0000000082400000|100%| O|  |TAMS 0x0000000082400000, 0x0000000082400000| Untracked 
|  36|0x0000000082400000, 0x0000000082500000, 0x0000000082500000|100%| O|  |TAMS 0x0000000082500000, 0x0000000082500000| Untracked 
|  37|0x0000000082500000, 0x0000000082600000, 0x0000000082600000|100%| O|  |TAMS 0x0000000082600000, 0x0000000082600000| Untracked 
|  38|0x0000000082600000, 0x0000000082700000, 0x0000000082700000|100%| O|  |TAMS 0x0000000082700000, 0x0000000082700000| Untracked 
|  39|0x0000000082700000, 0x0000000082800000, 0x0000000082800000|100%| O|  |TAMS 0x0000000082800000, 0x0000000082800000| Untracked 
|  40|0x0000000082800000, 0x0000000082900000, 0x0000000082900000|100%| O|  |TAMS 0x0000000082900000, 0x0000000082900000| Untracked 
|  41|0x0000000082900000, 0x0000000082a00000, 0x0000000082a00000|100%| O|  |TAMS 0x0000000082a00000, 0x0000000082a00000| Untracked 
|  42|0x0000000082a00000, 0x0000000082b00000, 0x0000000082b00000|100%| O|  |TAMS 0x0000000082b00000, 0x0000000082b00000| Untracked 
|  43|0x0000000082b00000, 0x0000000082c00000, 0x0000000082c00000|100%| O|  |TAMS 0x0000000082c00000, 0x0000000082c00000| Untracked 
|  44|0x0000000082c00000, 0x0000000082d00000, 0x0000000082d00000|100%| O|  |TAMS 0x0000000082d00000, 0x0000000082d00000| Untracked 
|  45|0x0000000082d00000, 0x0000000082e00000, 0x0000000082e00000|100%| O|  |TAMS 0x0000000082e00000, 0x0000000082e00000| Untracked 
|  46|0x0000000082e00000, 0x0000000082f00000, 0x0000000082f00000|100%| O|  |TAMS 0x0000000082f00000, 0x0000000082f00000| Untracked 
|  47|0x0000000082f00000, 0x0000000083000000, 0x0000000083000000|100%| O|  |TAMS 0x0000000082f00000, 0x0000000082f9ce00| Untracked 
|  48|0x0000000083000000, 0x0000000083100000, 0x0000000083100000|100%| O|  |TAMS 0x0000000083100000, 0x0000000083100000| Untracked 
|  49|0x0000000083100000, 0x0000000083200000, 0x0000000083200000|100%| O|  |TAMS 0x0000000083200000, 0x0000000083200000| Untracked 
|  50|0x0000000083200000, 0x0000000083300000, 0x0000000083300000|100%| O|  |TAMS 0x0000000083300000, 0x0000000083300000| Untracked 
|  51|0x0000000083300000, 0x0000000083400000, 0x0000000083400000|100%| O|  |TAMS 0x0000000083400000, 0x0000000083400000| Untracked 
|  52|0x0000000083400000, 0x0000000083500000, 0x0000000083500000|100%| O|  |TAMS 0x0000000083500000, 0x0000000083500000| Untracked 
|  53|0x0000000083500000, 0x0000000083600000, 0x0000000083600000|100%| O|  |TAMS 0x0000000083600000, 0x0000000083600000| Untracked 
|  54|0x0000000083600000, 0x0000000083700000, 0x0000000083700000|100%| O|  |TAMS 0x0000000083700000, 0x0000000083700000| Untracked 
|  55|0x0000000083700000, 0x0000000083800000, 0x0000000083800000|100%| O|  |TAMS 0x0000000083700000, 0x0000000083700000| Untracked 
|  56|0x0000000083800000, 0x0000000083900000, 0x0000000083900000|100%| O|  |TAMS 0x0000000083900000, 0x0000000083900000| Untracked 
|  57|0x0000000083900000, 0x0000000083a00000, 0x0000000083a00000|100%| O|  |TAMS 0x0000000083a00000, 0x0000000083a00000| Untracked 
|  58|0x0000000083a00000, 0x0000000083b00000, 0x0000000083b00000|100%| O|  |TAMS 0x0000000083b00000, 0x0000000083b00000| Untracked 
|  59|0x0000000083b00000, 0x0000000083c00000, 0x0000000083c00000|100%| O|  |TAMS 0x0000000083c00000, 0x0000000083c00000| Untracked 
|  60|0x0000000083c00000, 0x0000000083d00000, 0x0000000083d00000|100%| O|  |TAMS 0x0000000083d00000, 0x0000000083d00000| Untracked 
|  61|0x0000000083d00000, 0x0000000083e00000, 0x0000000083e00000|100%| O|  |TAMS 0x0000000083e00000, 0x0000000083e00000| Untracked 
|  62|0x0000000083e00000, 0x0000000083f00000, 0x0000000083f00000|100%| O|  |TAMS 0x0000000083f00000, 0x0000000083f00000| Untracked 
|  63|0x0000000083f00000, 0x0000000084000000, 0x0000000084000000|100%| O|  |TAMS 0x0000000084000000, 0x0000000084000000| Untracked 
|  64|0x0000000084000000, 0x0000000084100000, 0x0000000084100000|100%| O|  |TAMS 0x0000000084100000, 0x0000000084100000| Untracked 
|  65|0x0000000084100000, 0x0000000084200000, 0x0000000084200000|100%| O|  |TAMS 0x0000000084200000, 0x0000000084200000| Untracked 
|  66|0x0000000084200000, 0x0000000084300000, 0x0000000084300000|100%| O|  |TAMS 0x0000000084200000, 0x0000000084200000| Untracked 
|  67|0x0000000084300000, 0x0000000084400000, 0x0000000084400000|100%| O|  |TAMS 0x0000000084400000, 0x0000000084400000| Untracked 
|  68|0x0000000084400000, 0x0000000084500000, 0x0000000084500000|100%| O|  |TAMS 0x0000000084500000, 0x0000000084500000| Untracked 
|  69|0x0000000084500000, 0x0000000084600000, 0x0000000084600000|100%| O|  |TAMS 0x0000000084600000, 0x0000000084600000| Untracked 
|  70|0x0000000084600000, 0x0000000084700000, 0x0000000084700000|100%| O|  |TAMS 0x0000000084700000, 0x0000000084700000| Untracked 
|  71|0x0000000084700000, 0x0000000084800000, 0x0000000084800000|100%| O|  |TAMS 0x0000000084800000, 0x0000000084800000| Untracked 
|  72|0x0000000084800000, 0x0000000084900000, 0x0000000084900000|100%| O|  |TAMS 0x0000000084900000, 0x0000000084900000| Untracked 
|  73|0x0000000084900000, 0x0000000084a00000, 0x0000000084a00000|100%| O|  |TAMS 0x0000000084a00000, 0x0000000084a00000| Untracked 
|  74|0x0000000084a00000, 0x0000000084b00000, 0x0000000084b00000|100%| O|  |TAMS 0x0000000084b00000, 0x0000000084b00000| Untracked 
|  75|0x0000000084b00000, 0x0000000084c00000, 0x0000000084c00000|100%| O|  |TAMS 0x0000000084c00000, 0x0000000084c00000| Untracked 
|  76|0x0000000084c00000, 0x0000000084d00000, 0x0000000084d00000|100%| O|  |TAMS 0x0000000084d00000, 0x0000000084d00000| Untracked 
|  77|0x0000000084d00000, 0x0000000084e00000, 0x0000000084e00000|100%| O|  |TAMS 0x0000000084e00000, 0x0000000084e00000| Untracked 
|  78|0x0000000084e00000, 0x0000000084f00000, 0x0000000084f00000|100%| O|  |TAMS 0x0000000084f00000, 0x0000000084f00000| Untracked 
|  79|0x0000000084f00000, 0x0000000085000000, 0x0000000085000000|100%| O|  |TAMS 0x0000000085000000, 0x0000000085000000| Untracked 
|  80|0x0000000085000000, 0x0000000085100000, 0x0000000085100000|100%| O|  |TAMS 0x0000000085100000, 0x0000000085100000| Untracked 
|  81|0x0000000085100000, 0x0000000085200000, 0x0000000085200000|100%| O|  |TAMS 0x0000000085200000, 0x0000000085200000| Untracked 
|  82|0x0000000085200000, 0x0000000085300000, 0x0000000085300000|100%| O|  |TAMS 0x0000000085300000, 0x0000000085300000| Untracked 
|  83|0x0000000085300000, 0x0000000085400000, 0x0000000085400000|100%| O|  |TAMS 0x0000000085400000, 0x0000000085400000| Untracked 
|  84|0x0000000085400000, 0x0000000085500000, 0x0000000085500000|100%| O|  |TAMS 0x0000000085500000, 0x0000000085500000| Untracked 
|  85|0x0000000085500000, 0x0000000085600000, 0x0000000085600000|100%| O|  |TAMS 0x0000000085600000, 0x0000000085600000| Untracked 
|  86|0x0000000085600000, 0x0000000085700000, 0x0000000085700000|100%| O|  |TAMS 0x0000000085600000, 0x0000000085600000| Untracked 
|  87|0x0000000085700000, 0x0000000085800000, 0x0000000085800000|100%| O|  |TAMS 0x0000000085700000, 0x0000000085700000| Untracked 
|  88|0x0000000085800000, 0x0000000085900000, 0x0000000085900000|100%| O|  |TAMS 0x0000000085900000, 0x0000000085900000| Untracked 
|  89|0x0000000085900000, 0x0000000085a00000, 0x0000000085a00000|100%| O|  |TAMS 0x0000000085a00000, 0x0000000085a00000| Untracked 
|  90|0x0000000085a00000, 0x0000000085b00000, 0x0000000085b00000|100%| O|  |TAMS 0x0000000085b00000, 0x0000000085b00000| Untracked 
|  91|0x0000000085b00000, 0x0000000085c00000, 0x0000000085c00000|100%| O|  |TAMS 0x0000000085c00000, 0x0000000085c00000| Untracked 
|  92|0x0000000085c00000, 0x0000000085d00000, 0x0000000085d00000|100%| O|  |TAMS 0x0000000085d00000, 0x0000000085d00000| Untracked 
|  93|0x0000000085d00000, 0x0000000085e00000, 0x0000000085e00000|100%| O|  |TAMS 0x0000000085e00000, 0x0000000085e00000| Untracked 
|  94|0x0000000085e00000, 0x0000000085f00000, 0x0000000085f00000|100%| O|  |TAMS 0x0000000085f00000, 0x0000000085f00000| Untracked 
|  95|0x0000000085f00000, 0x0000000086000000, 0x0000000086000000|100%| O|  |TAMS 0x0000000086000000, 0x0000000086000000| Untracked 
|  96|0x0000000086000000, 0x0000000086100000, 0x0000000086100000|100%| O|  |TAMS 0x0000000086100000, 0x0000000086100000| Untracked 
|  97|0x0000000086100000, 0x0000000086200000, 0x0000000086200000|100%| O|  |TAMS 0x0000000086200000, 0x0000000086200000| Untracked 
|  98|0x0000000086200000, 0x0000000086300000, 0x0000000086300000|100%| O|  |TAMS 0x0000000086300000, 0x0000000086300000| Untracked 
|  99|0x0000000086300000, 0x0000000086400000, 0x0000000086400000|100%| O|  |TAMS 0x0000000086400000, 0x0000000086400000| Untracked 
| 100|0x0000000086400000, 0x0000000086500000, 0x0000000086500000|100%| O|  |TAMS 0x0000000086500000, 0x0000000086500000| Untracked 
| 101|0x0000000086500000, 0x0000000086600000, 0x0000000086600000|100%|HS|  |TAMS 0x0000000086600000, 0x0000000086600000| Complete 
| 102|0x0000000086600000, 0x0000000086700000, 0x0000000086700000|100%|HC|  |TAMS 0x0000000086700000, 0x0000000086700000| Complete 
| 103|0x0000000086700000, 0x0000000086800000, 0x0000000086800000|100%| O|  |TAMS 0x0000000086800000, 0x0000000086800000| Untracked 
| 104|0x0000000086800000, 0x0000000086900000, 0x0000000086900000|100%| O|  |TAMS 0x0000000086900000, 0x0000000086900000| Untracked 
| 105|0x0000000086900000, 0x0000000086a00000, 0x0000000086a00000|100%| O|  |TAMS 0x0000000086a00000, 0x0000000086a00000| Untracked 
| 106|0x0000000086a00000, 0x0000000086b00000, 0x0000000086b00000|100%| O|  |TAMS 0x0000000086b00000, 0x0000000086b00000| Untracked 
| 107|0x0000000086b00000, 0x0000000086c00000, 0x0000000086c00000|100%| O|  |TAMS 0x0000000086b00000, 0x0000000086c00000| Untracked 
| 108|0x0000000086c00000, 0x0000000086d00000, 0x0000000086d00000|100%| O|  |TAMS 0x0000000086d00000, 0x0000000086d00000| Untracked 
| 109|0x0000000086d00000, 0x0000000086e00000, 0x0000000086e00000|100%| O|  |TAMS 0x0000000086e00000, 0x0000000086e00000| Untracked 
| 110|0x0000000086e00000, 0x0000000086f00000, 0x0000000086f00000|100%| O|  |TAMS 0x0000000086f00000, 0x0000000086f00000| Untracked 
| 111|0x0000000086f00000, 0x0000000087000000, 0x0000000087000000|100%| O|  |TAMS 0x0000000087000000, 0x0000000087000000| Untracked 
| 112|0x0000000087000000, 0x0000000087100000, 0x0000000087100000|100%| O|  |TAMS 0x0000000087000000, 0x0000000087100000| Untracked 
| 113|0x0000000087100000, 0x0000000087200000, 0x0000000087200000|100%| O|  |TAMS 0x0000000087200000, 0x0000000087200000| Untracked 
| 114|0x0000000087200000, 0x0000000087300000, 0x0000000087300000|100%| O|  |TAMS 0x0000000087200000, 0x0000000087200000| Untracked 
| 115|0x0000000087300000, 0x0000000087400000, 0x0000000087400000|100%| O|  |TAMS 0x0000000087400000, 0x0000000087400000| Untracked 
| 116|0x0000000087400000, 0x0000000087500000, 0x0000000087500000|100%| O|  |TAMS 0x0000000087500000, 0x0000000087500000| Untracked 
| 117|0x0000000087500000, 0x0000000087600000, 0x0000000087600000|100%| O|  |TAMS 0x0000000087600000, 0x0000000087600000| Untracked 
| 118|0x0000000087600000, 0x0000000087700000, 0x0000000087700000|100%| O|  |TAMS 0x0000000087700000, 0x0000000087700000| Untracked 
| 119|0x0000000087700000, 0x0000000087800000, 0x0000000087800000|100%| O|  |TAMS 0x0000000087800000, 0x0000000087800000| Untracked 
| 120|0x0000000087800000, 0x0000000087900000, 0x0000000087900000|100%| O|  |TAMS 0x0000000087900000, 0x0000000087900000| Untracked 
| 121|0x0000000087900000, 0x0000000087a00000, 0x0000000087a00000|100%| O|  |TAMS 0x0000000087900000, 0x0000000087a00000| Untracked 
| 122|0x0000000087a00000, 0x0000000087b00000, 0x0000000087b00000|100%| O|  |TAMS 0x0000000087a00000, 0x0000000087b00000| Untracked 
| 123|0x0000000087b00000, 0x0000000087c00000, 0x0000000087c00000|100%| O|  |TAMS 0x0000000087b00000, 0x0000000087c00000| Untracked 
| 124|0x0000000087c00000, 0x0000000087d00000, 0x0000000087d00000|100%| O|  |TAMS 0x0000000087c00000, 0x0000000087d00000| Untracked 
| 125|0x0000000087d00000, 0x0000000087e00000, 0x0000000087e00000|100%| O|  |TAMS 0x0000000087d00000, 0x0000000087e00000| Untracked 
| 126|0x0000000087e00000, 0x0000000087f00000, 0x0000000087f00000|100%| O|  |TAMS 0x0000000087e00000, 0x0000000087f00000| Untracked 
| 127|0x0000000087f00000, 0x0000000088000000, 0x0000000088000000|100%| O|  |TAMS 0x0000000087f00000, 0x0000000088000000| Untracked 
| 128|0x0000000088000000, 0x0000000088100000, 0x0000000088100000|100%| O|  |TAMS 0x0000000088000000, 0x0000000088100000| Untracked 
| 129|0x0000000088100000, 0x0000000088200000, 0x0000000088200000|100%| O|  |TAMS 0x0000000088100000, 0x0000000088200000| Untracked 
| 130|0x0000000088200000, 0x0000000088300000, 0x0000000088300000|100%| O|  |TAMS 0x0000000088200000, 0x0000000088300000| Untracked 
| 131|0x0000000088300000, 0x0000000088400000, 0x0000000088400000|100%| O|  |TAMS 0x0000000088300000, 0x0000000088400000| Untracked 
| 132|0x0000000088400000, 0x0000000088500000, 0x0000000088500000|100%| O|  |TAMS 0x0000000088400000, 0x0000000088500000| Untracked 
| 133|0x0000000088500000, 0x0000000088600000, 0x0000000088600000|100%| O|  |TAMS 0x0000000088500000, 0x0000000088500000| Untracked 
| 134|0x0000000088600000, 0x00000000886b5800, 0x0000000088700000| 70%| O|  |TAMS 0x0000000088600000, 0x0000000088600000| Untracked 
| 135|0x0000000088700000, 0x0000000088700000, 0x0000000088800000|  0%| F|  |TAMS 0x0000000088700000, 0x0000000088700000| Untracked 
| 136|0x0000000088800000, 0x0000000088800000, 0x0000000088900000|  0%| F|  |TAMS 0x0000000088800000, 0x0000000088800000| Untracked 
| 137|0x0000000088900000, 0x0000000088900000, 0x0000000088a00000|  0%| F|  |TAMS 0x0000000088900000, 0x0000000088900000| Untracked 
| 138|0x0000000088a00000, 0x0000000088a00000, 0x0000000088b00000|  0%| F|  |TAMS 0x0000000088a00000, 0x0000000088a00000| Untracked 
| 139|0x0000000088b00000, 0x0000000088b00000, 0x0000000088c00000|  0%| F|  |TAMS 0x0000000088b00000, 0x0000000088b00000| Untracked 
| 140|0x0000000088c00000, 0x0000000088c00000, 0x0000000088d00000|  0%| F|  |TAMS 0x0000000088c00000, 0x0000000088c00000| Untracked 
| 141|0x0000000088d00000, 0x0000000088d00000, 0x0000000088e00000|  0%| F|  |TAMS 0x0000000088d00000, 0x0000000088d00000| Untracked 
| 142|0x0000000088e00000, 0x0000000088e00000, 0x0000000088f00000|  0%| F|  |TAMS 0x0000000088e00000, 0x0000000088e00000| Untracked 
| 143|0x0000000088f00000, 0x0000000088f00000, 0x0000000089000000|  0%| F|  |TAMS 0x0000000088f00000, 0x0000000088f00000| Untracked 
| 144|0x0000000089000000, 0x0000000089000000, 0x0000000089100000|  0%| F|  |TAMS 0x0000000089000000, 0x0000000089000000| Untracked 
| 145|0x0000000089100000, 0x0000000089100000, 0x0000000089200000|  0%| F|  |TAMS 0x0000000089100000, 0x0000000089100000| Untracked 
| 146|0x0000000089200000, 0x0000000089200000, 0x0000000089300000|  0%| F|  |TAMS 0x0000000089200000, 0x0000000089200000| Untracked 
| 147|0x0000000089300000, 0x0000000089300000, 0x0000000089400000|  0%| F|  |TAMS 0x0000000089300000, 0x0000000089300000| Untracked 
| 148|0x0000000089400000, 0x0000000089400000, 0x0000000089500000|  0%| F|  |TAMS 0x0000000089400000, 0x0000000089400000| Untracked 
| 149|0x0000000089500000, 0x0000000089500000, 0x0000000089600000|  0%| F|  |TAMS 0x0000000089500000, 0x0000000089500000| Untracked 
| 150|0x0000000089600000, 0x0000000089600000, 0x0000000089700000|  0%| F|  |TAMS 0x0000000089600000, 0x0000000089600000| Untracked 
| 151|0x0000000089700000, 0x0000000089700000, 0x0000000089800000|  0%| F|  |TAMS 0x0000000089700000, 0x0000000089700000| Untracked 
| 152|0x0000000089800000, 0x0000000089800000, 0x0000000089900000|  0%| F|  |TAMS 0x0000000089800000, 0x0000000089800000| Untracked 
| 153|0x0000000089900000, 0x0000000089900000, 0x0000000089a00000|  0%| F|  |TAMS 0x0000000089900000, 0x0000000089900000| Untracked 
| 154|0x0000000089a00000, 0x0000000089a00000, 0x0000000089b00000|  0%| F|  |TAMS 0x0000000089a00000, 0x0000000089a00000| Untracked 
| 155|0x0000000089b00000, 0x0000000089b00000, 0x0000000089c00000|  0%| F|  |TAMS 0x0000000089b00000, 0x0000000089b00000| Untracked 
| 156|0x0000000089c00000, 0x0000000089c00000, 0x0000000089d00000|  0%| F|  |TAMS 0x0000000089c00000, 0x0000000089c00000| Untracked 
| 157|0x0000000089d00000, 0x0000000089d00000, 0x0000000089e00000|  0%| F|  |TAMS 0x0000000089d00000, 0x0000000089d00000| Untracked 
| 158|0x0000000089e00000, 0x0000000089f00000, 0x0000000089f00000|100%| S|CS|TAMS 0x0000000089e00000, 0x0000000089e00000| Complete 
| 159|0x0000000089f00000, 0x000000008a000000, 0x000000008a000000|100%| S|CS|TAMS 0x0000000089f00000, 0x0000000089f00000| Complete 
| 160|0x000000008a000000, 0x000000008a000000, 0x000000008a100000|  0%| F|  |TAMS 0x000000008a000000, 0x000000008a000000| Untracked 
| 161|0x000000008a100000, 0x000000008a100000, 0x000000008a200000|  0%| F|  |TAMS 0x000000008a100000, 0x000000008a100000| Untracked 
| 162|0x000000008a200000, 0x000000008a200000, 0x000000008a300000|  0%| F|  |TAMS 0x000000008a200000, 0x000000008a200000| Untracked 
| 163|0x000000008a300000, 0x000000008a300000, 0x000000008a400000|  0%| F|  |TAMS 0x000000008a300000, 0x000000008a300000| Untracked 
| 164|0x000000008a400000, 0x000000008a400000, 0x000000008a500000|  0%| F|  |TAMS 0x000000008a400000, 0x000000008a400000| Untracked 
| 165|0x000000008a500000, 0x000000008a500000, 0x000000008a600000|  0%| F|  |TAMS 0x000000008a500000, 0x000000008a500000| Untracked 
| 166|0x000000008a600000, 0x000000008a600000, 0x000000008a700000|  0%| F|  |TAMS 0x000000008a600000, 0x000000008a600000| Untracked 
| 167|0x000000008a700000, 0x000000008a700000, 0x000000008a800000|  0%| F|  |TAMS 0x000000008a700000, 0x000000008a700000| Untracked 
| 168|0x000000008a800000, 0x000000008a800000, 0x000000008a900000|  0%| F|  |TAMS 0x000000008a800000, 0x000000008a800000| Untracked 
| 169|0x000000008a900000, 0x000000008a900000, 0x000000008aa00000|  0%| F|  |TAMS 0x000000008a900000, 0x000000008a900000| Untracked 
| 170|0x000000008aa00000, 0x000000008aa00000, 0x000000008ab00000|  0%| F|  |TAMS 0x000000008aa00000, 0x000000008aa00000| Untracked 
| 171|0x000000008ab00000, 0x000000008ab00000, 0x000000008ac00000|  0%| F|  |TAMS 0x000000008ab00000, 0x000000008ab00000| Untracked 
| 172|0x000000008ac00000, 0x000000008ac00000, 0x000000008ad00000|  0%| F|  |TAMS 0x000000008ac00000, 0x000000008ac00000| Untracked 

Card table byte_map: [0x0000028cf7460000,0x0000028cf7860000] _byte_map_base: 0x0000028cf7060000

Marking Bits (Prev, Next): (CMBitMap*) 0x0000028ce2327870, (CMBitMap*) 0x0000028ce2327838
 Prev Bits: [0x0000028cf9c60000, 0x0000028cfbc60000)
 Next Bits: [0x0000028cf7c60000, 0x0000028cf9c60000)

Polling page: 0x0000028ce23c0000

Metaspace:

Usage:
  Non-class:     93.30 MB capacity,    91.43 MB ( 98%) used,     1.51 MB (  2%) free+waste,   373.31 KB ( <1%) overhead. 
      Class:     14.52 MB capacity,    13.29 MB ( 92%) used,     1.06 MB (  7%) free+waste,   175.50 KB (  1%) overhead. 
       Both:    107.82 MB capacity,   104.72 MB ( 97%) used,     2.57 MB (  2%) free+waste,   548.81 KB ( <1%) overhead. 

Virtual space:
  Non-class space:       94.00 MB reserved,      93.38 MB (>99%) committed 
      Class space:        1.00 GB reserved,      14.57 MB (  1%) committed 
             Both:        1.09 GB reserved,     107.95 MB ( 10%) committed 

Chunk freelists:
   Non-Class:  15.00 KB
       Class:  12.00 KB
        Both:  27.00 KB

MaxMetaspaceSize: 17179869184.00 GB
CompressedClassSpaceSize: 1.00 GB
Initial GC threshold: 20.80 MB
Current GC threshold: 176.80 MB
CDS: off

CodeHeap 'non-profiled nmethods': size=120000Kb used=8355Kb max_used=8355Kb free=111644Kb
 bounds [0x0000028cef0b0000, 0x0000028cef8e0000, 0x0000028cf65e0000]
CodeHeap 'profiled nmethods': size=120000Kb used=31818Kb max_used=31818Kb free=88181Kb
 bounds [0x0000028ce7b80000, 0x0000028ce9aa0000, 0x0000028cef0b0000]
CodeHeap 'non-nmethods': size=5760Kb used=2416Kb max_used=2473Kb free=3343Kb
 bounds [0x0000028ce75e0000, 0x0000028ce7850000, 0x0000028ce7b80000]
 total_blobs=15609 nmethods=14671 adapters=849
 compilation: enabled
              stopped_count=0, restarted_count=0
 full_count=0

Compilation events (20 events):
Event: 142.980 Thread 0x0000028cfef9e000 nmethod 14948 0x0000028ce9a90310 code [0x0000028ce9a90520, 0x0000028ce9a90c18]
Event: 142.980 Thread 0x0000028cfef9e000 14942       2       com.android.tools.r8.internal.bH::a (19 bytes)
Event: 142.980 Thread 0x0000028cfef9e000 nmethod 14942 0x0000028ce9a90f10 code [0x0000028ce9a910c0, 0x0000028ce9a91208]
Event: 142.980 Thread 0x0000028cfef9e000 14930       2       com.android.tools.r8.position.TextRange::<init> (15 bytes)
Event: 142.980 Thread 0x0000028cfef9e000 nmethod 14930 0x0000028ce9a91310 code [0x0000028ce9a914c0, 0x0000028ce9a91658]
Event: 142.980 Thread 0x0000028cfef9e000 14949       2       com.android.tools.r8.internal.Nb::<init> (18 bytes)
Event: 142.980 Thread 0x0000028cfef9e000 nmethod 14949 0x0000028ce9a91710 code [0x0000028ce9a918c0, 0x0000028ce9a91a18]
Event: 142.980 Thread 0x0000028cfef9e000 14950       2       com.android.tools.r8.internal.Nb::<init> (6 bytes)
Event: 142.980 Thread 0x0000028cfef9e000 nmethod 14950 0x0000028ce9a91a90 code [0x0000028ce9a91c40, 0x0000028ce9a91d78]
Event: 142.980 Thread 0x0000028cfef9e000 14931       1       com.android.tools.r8.internal.T60::M (2 bytes)
Event: 142.981 Thread 0x0000028cfef9e000 nmethod 14931 0x0000028cef8d8390 code [0x0000028cef8d8540, 0x0000028cef8d85f8]
Event: 142.981 Thread 0x0000028cfef9e000 14940       1       java.lang.Float::floatValue (5 bytes)
Event: 142.981 Thread 0x0000028cfef9e000 nmethod 14940 0x0000028cef8d8690 code [0x0000028cef8d8840, 0x0000028cef8d88f8]
Event: 142.981 Thread 0x0000028cfef9e000 14932       1       java.lang.Double::doubleValue (5 bytes)
Event: 142.981 Thread 0x0000028cfef9e000 nmethod 14932 0x0000028cef8d8990 code [0x0000028cef8d8b40, 0x0000028cef8d8bf8]
Event: 142.981 Thread 0x0000028cfef9e000 14941       1       com.android.tools.r8.synthesis.v::a (5 bytes)
Event: 142.981 Thread 0x0000028cfef9e000 nmethod 14941 0x0000028cef8d8c90 code [0x0000028cef8d8e40, 0x0000028cef8d8ed8]
Event: 142.981 Thread 0x0000028cfef9e000 14951       2       com.google.common.util.concurrent.AbstractFuture::get (167 bytes)
Event: 142.983 Thread 0x0000028cfef9e000 nmethod 14951 0x0000028ce9a91e10 code [0x0000028ce9a92060, 0x0000028ce9a928e8]
Event: 142.983 Thread 0x0000028cfef9e000 14953       2       com.android.tools.r8.internal.Ia::a (871 bytes)

GC Heap History (20 events):
Event: 141.030 GC heap after
{Heap after GC invocations=35 (full 0):
 garbage-first heap   total 177152K, used 109298K [0x0000000080000000, 0x0000000100000000)
  region size 1024K, 1 young (1024K), 1 survivors (1024K)
 Metaspace       used 100284K, capacity 103139K, committed 103504K, reserved 1138688K
  class space    used 12596K, capacity 13646K, committed 13772K, reserved 1048576K
}
Event: 141.204 GC heap before
{Heap before GC invocations=35 (full 0):
 garbage-first heap   total 177152K, used 140018K [0x0000000080000000, 0x0000000100000000)
  region size 1024K, 32 young (32768K), 1 survivors (1024K)
 Metaspace       used 100880K, capacity 103685K, committed 103760K, reserved 1138688K
  class space    used 12672K, capacity 13722K, committed 13772K, reserved 1048576K
}
Event: 141.216 GC heap after
{Heap after GC invocations=36 (full 0):
 garbage-first heap   total 177152K, used 118109K [0x0000000080000000, 0x0000000100000000)
  region size 1024K, 4 young (4096K), 4 survivors (4096K)
 Metaspace       used 100880K, capacity 103685K, committed 103760K, reserved 1138688K
  class space    used 12672K, capacity 13722K, committed 13772K, reserved 1048576K
}
Event: 141.829 GC heap before
{Heap before GC invocations=37 (full 0):
 garbage-first heap   total 177152K, used 142685K [0x0000000080000000, 0x0000000100000000)
  region size 1024K, 29 young (29696K), 4 survivors (4096K)
 Metaspace       used 103514K, capacity 106552K, committed 106832K, reserved 1142784K
  class space    used 13061K, capacity 14210K, committed 14284K, reserved 1048576K
}
Event: 141.842 GC heap after
{Heap after GC invocations=38 (full 0):
 garbage-first heap   total 177152K, used 121650K [0x0000000080000000, 0x0000000100000000)
  region size 1024K, 4 young (4096K), 4 survivors (4096K)
 Metaspace       used 103514K, capacity 106552K, committed 106832K, reserved 1142784K
  class space    used 13061K, capacity 14210K, committed 14284K, reserved 1048576K
}
Event: 141.885 GC heap before
{Heap before GC invocations=38 (full 0):
 garbage-first heap   total 177152K, used 124722K [0x0000000080000000, 0x0000000100000000)
  region size 1024K, 8 young (8192K), 4 survivors (4096K)
 Metaspace       used 103698K, capacity 106759K, committed 106832K, reserved 1142784K
  class space    used 13089K, capacity 14215K, committed 14284K, reserved 1048576K
}
Event: 141.895 GC heap after
{Heap after GC invocations=39 (full 0):
 garbage-first heap   total 177152K, used 119961K [0x0000000080000000, 0x0000000100000000)
  region size 1024K, 1 young (1024K), 1 survivors (1024K)
 Metaspace       used 103698K, capacity 106759K, committed 106832K, reserved 1142784K
  class space    used 13089K, capacity 14215K, committed 14284K, reserved 1048576K
}
Event: 142.082 GC heap before
{Heap before GC invocations=39 (full 0):
 garbage-first heap   total 177152K, used 144537K [0x0000000080000000, 0x0000000100000000)
  region size 1024K, 25 young (25600K), 1 survivors (1024K)
 Metaspace       used 104347K, capacity 107463K, committed 107728K, reserved 1142784K
  class space    used 13181K, capacity 14322K, committed 14412K, reserved 1048576K
}
Event: 142.099 GC heap after
{Heap after GC invocations=40 (full 0):
 garbage-first heap   total 177152K, used 125457K [0x0000000080000000, 0x0000000100000000)
  region size 1024K, 4 young (4096K), 4 survivors (4096K)
 Metaspace       used 104347K, capacity 107463K, committed 107728K, reserved 1142784K
  class space    used 13181K, capacity 14322K, committed 14412K, reserved 1048576K
}
Event: 142.394 GC heap before
{Heap before GC invocations=40 (full 0):
 garbage-first heap   total 177152K, used 146961K [0x0000000080000000, 0x0000000100000000)
  region size 1024K, 25 young (25600K), 4 survivors (4096K)
 Metaspace       used 104971K, capacity 107897K, committed 108624K, reserved 1142784K
  class space    used 13212K, capacity 14294K, committed 14540K, reserved 1048576K
}
Event: 142.413 GC heap after
{Heap after GC invocations=41 (full 0):
 garbage-first heap   total 177152K, used 129537K [0x0000000080000000, 0x0000000100000000)
  region size 1024K, 4 young (4096K), 4 survivors (4096K)
 Metaspace       used 104971K, capacity 107897K, committed 108624K, reserved 1142784K
  class space    used 13212K, capacity 14294K, committed 14540K, reserved 1048576K
}
Event: 142.588 GC heap before
{Heap before GC invocations=42 (full 0):
 garbage-first heap   total 177152K, used 146945K [0x0000000080000000, 0x0000000100000000)
  region size 1024K, 22 young (22528K), 4 survivors (4096K)
 Metaspace       used 105716K, capacity 108676K, committed 109264K, reserved 1144832K
  class space    used 13331K, capacity 14423K, committed 14668K, reserved 1048576K
}
Event: 142.606 GC heap after
{Heap after GC invocations=43 (full 0):
 garbage-first heap   total 177152K, used 133207K [0x0000000080000000, 0x0000000100000000)
  region size 1024K, 3 young (3072K), 3 survivors (3072K)
 Metaspace       used 105716K, capacity 108676K, committed 109264K, reserved 1144832K
  class space    used 13331K, capacity 14423K, committed 14668K, reserved 1048576K
}
Event: 142.644 GC heap before
{Heap before GC invocations=43 (full 0):
 garbage-first heap   total 177152K, used 138327K [0x0000000080000000, 0x0000000100000000)
  region size 1024K, 8 young (8192K), 3 survivors (3072K)
 Metaspace       used 105848K, capacity 108804K, committed 109520K, reserved 1144832K
  class space    used 13335K, capacity 14423K, committed 14668K, reserved 1048576K
}
Event: 142.657 GC heap after
{Heap after GC invocations=44 (full 0):
 garbage-first heap   total 177152K, used 130855K [0x0000000080000000, 0x0000000100000000)
  region size 1024K, 1 young (1024K), 1 survivors (1024K)
 Metaspace       used 105848K, capacity 108804K, committed 109520K, reserved 1144832K
  class space    used 13335K, capacity 14423K, committed 14668K, reserved 1048576K
}
Event: 142.803 GC heap before
{Heap before GC invocations=44 (full 0):
 garbage-first heap   total 177152K, used 148263K [0x0000000080000000, 0x0000000100000000)
  region size 1024K, 18 young (18432K), 1 survivors (1024K)
 Metaspace       used 106731K, capacity 109797K, committed 110160K, reserved 1144832K
  class space    used 13498K, capacity 14660K, committed 14796K, reserved 1048576K
}
Event: 142.814 GC heap after
{Heap after GC invocations=45 (full 0):
 garbage-first heap   total 177152K, used 133747K [0x0000000080000000, 0x0000000100000000)
  region size 1024K, 3 young (3072K), 3 survivors (3072K)
 Metaspace       used 106731K, capacity 109797K, committed 110160K, reserved 1144832K
  class space    used 13498K, capacity 14660K, committed 14796K, reserved 1048576K
}
Event: 142.945 GC heap before
{Heap before GC invocations=45 (full 0):
 garbage-first heap   total 177152K, used 150131K [0x0000000080000000, 0x0000000100000000)
  region size 1024K, 19 young (19456K), 3 survivors (3072K)
 Metaspace       used 107079K, capacity 110237K, committed 110544K, reserved 1144832K
  class space    used 13601K, capacity 14832K, committed 14924K, reserved 1048576K
}
Event: 142.953 GC heap after
{Heap after GC invocations=46 (full 0):
 garbage-first heap   total 177152K, used 137258K [0x0000000080000000, 0x0000000100000000)
  region size 1024K, 3 young (3072K), 3 survivors (3072K)
 Metaspace       used 107079K, capacity 110237K, committed 110544K, reserved 1144832K
  class space    used 13601K, capacity 14832K, committed 14924K, reserved 1048576K
}
Event: 142.985 GC heap before
{Heap before GC invocations=46 (full 0):
 garbage-first heap   total 177152K, used 150570K [0x0000000080000000, 0x0000000100000000)
  region size 1024K, 16 young (16384K), 3 survivors (3072K)
 Metaspace       used 107229K, capacity 110409K, committed 110544K, reserved 1144832K
  class space    used 13609K, capacity 14868K, committed 14924K, reserved 1048576K
}

Deoptimization events (20 events):
Event: 142.932 Thread 0x0000028c829d8000 DEOPT PACKING pc=0x0000028ce98c3f78 sp=0x000000e12fff9150
Event: 142.932 Thread 0x0000028c829d8000 DEOPT UNPACKING pc=0x0000028ce762a95e sp=0x000000e12fff8678 mode 0
Event: 142.933 Thread 0x0000028c829d8000 DEOPT PACKING pc=0x0000028ce98c3e40 sp=0x000000e12fff9150
Event: 142.933 Thread 0x0000028c829d8000 DEOPT UNPACKING pc=0x0000028ce762a95e sp=0x000000e12fff8678 mode 0
Event: 142.934 Thread 0x0000028c829d4800 DEOPT PACKING pc=0x0000028ce98c3f78 sp=0x000000e12fbf9950
Event: 142.934 Thread 0x0000028c829d4800 DEOPT UNPACKING pc=0x0000028ce762a95e sp=0x000000e12fbf8e78 mode 0
Event: 142.935 Thread 0x0000028c87393000 DEOPT PACKING pc=0x0000028ce98c3e40 sp=0x000000e1325f9650
Event: 142.935 Thread 0x0000028c87393000 DEOPT UNPACKING pc=0x0000028ce762a95e sp=0x000000e1325f8b78 mode 0
Event: 142.935 Thread 0x0000028c829d4800 DEOPT PACKING pc=0x0000028ce98c3f78 sp=0x000000e12fbf9810
Event: 142.935 Thread 0x0000028c829d4800 DEOPT UNPACKING pc=0x0000028ce762a95e sp=0x000000e12fbf8d38 mode 0
Event: 142.936 Thread 0x0000028c829d4800 DEOPT PACKING pc=0x0000028ce98c3e40 sp=0x000000e12fbf9810
Event: 142.936 Thread 0x0000028c829d4800 DEOPT UNPACKING pc=0x0000028ce762a95e sp=0x000000e12fbf8d38 mode 0
Event: 142.937 Thread 0x0000028c87393000 DEOPT PACKING pc=0x0000028ce98c3e40 sp=0x000000e1325f9650
Event: 142.937 Thread 0x0000028c87393000 DEOPT UNPACKING pc=0x0000028ce762a95e sp=0x000000e1325f8b78 mode 0
Event: 142.939 Thread 0x0000028c829d4800 DEOPT PACKING pc=0x0000028ce98c3e40 sp=0x000000e12fbf9950
Event: 142.939 Thread 0x0000028c829d4800 DEOPT UNPACKING pc=0x0000028ce762a95e sp=0x000000e12fbf8e78 mode 0
Event: 142.940 Thread 0x0000028c829d4800 DEOPT PACKING pc=0x0000028ce98c3e40 sp=0x000000e12fbf99a0
Event: 142.940 Thread 0x0000028c829d4800 DEOPT UNPACKING pc=0x0000028ce762a95e sp=0x000000e12fbf8ec8 mode 0
Event: 142.941 Thread 0x0000028c829d4800 DEOPT PACKING pc=0x0000028ce98c3f78 sp=0x000000e12fbf9810
Event: 142.941 Thread 0x0000028c829d4800 DEOPT UNPACKING pc=0x0000028ce762a95e sp=0x000000e12fbf8d38 mode 0

Classes redefined (0 events):
No events

Internal exceptions (20 events):
Event: 141.692 Thread 0x0000028c829d4800 Exception <a 'java/lang/NoSuchMethodError'{0x0000000089b323e0}: 'void java.lang.invoke.DirectMethodHandle$Holder.invokeStatic(java.lang.Object, java.lang.Object, int, java.lang.Object, java.lang.Object, java.lang.Object, java.lang.Object)'> (0x0000000089b323e0) thrown at [src/hotspot/share/interpreter/linkResolver.cpp, line 773]
Event: 141.765 Thread 0x0000028c829d4800 Exception <a 'java/lang/NoSuchMethodError'{0x0000000089992908}: 'java.lang.Object java.lang.invoke.DirectMethodHandle$Holder.invokeStatic(java.lang.Object, long)'> (0x0000000089992908) thrown at [src/hotspot/share/interpreter/linkResolver.cpp, line 773]
Event: 141.766 Thread 0x0000028c829d4800 Exception <a 'java/lang/NoSuchMethodError'{0x00000000899966d0}: 'java.lang.Object java.lang.invoke.DirectMethodHandle$Holder.invokeSpecial(java.lang.Object, java.lang.Object, long)'> (0x00000000899966d0) thrown at [src/hotspot/share/interpreter/linkResolver.cpp, line 773]
Event: 141.767 Thread 0x0000028c86e5c800 Exception <a 'java/lang/NoSuchMethodError'{0x00000000899504e8}: 'java.lang.Object java.lang.invoke.DirectMethodHandle$Holder.invokeSpecial(java.lang.Object, java.lang.Object, long)'> (0x00000000899504e8) thrown at [src/hotspot/share/interpreter/linkResolver.cpp, line 773]
Event: 141.767 Thread 0x0000028c829d8000 Exception <a 'java/lang/NoSuchMethodError'{0x00000000898e9650}: 'java.lang.Object java.lang.invoke.DirectMethodHandle$Holder.invokeSpecial(java.lang.Object, java.lang.Object, long)'> (0x00000000898e9650) thrown at [src/hotspot/share/interpreter/linkResolver.cpp, line 773]
Event: 141.767 Thread 0x0000028c86e5a000 Exception <a 'java/lang/NoSuchMethodError'{0x00000000898e54a8}: 'java.lang.Object java.lang.invoke.DirectMethodHandle$Holder.invokeSpecial(java.lang.Object, java.lang.Object, long)'> (0x00000000898e54a8) thrown at [src/hotspot/share/interpreter/linkResolver.cpp, line 773]
Event: 141.767 Thread 0x0000028c87393000 Exception <a 'java/lang/NoSuchMethodError'{0x00000000898c18e8}: 'java.lang.Object java.lang.invoke.DirectMethodHandle$Holder.invokeSpecial(java.lang.Object, java.lang.Object, long)'> (0x00000000898c18e8) thrown at [src/hotspot/share/interpreter/linkResolver.cpp, line 773]
Event: 141.768 Thread 0x0000028c829d3000 Exception <a 'java/lang/NoSuchMethodError'{0x00000000898e39c8}: 'java.lang.Object java.lang.invoke.Invokers$Holder.linkToTargetMethod(long, java.lang.Object)'> (0x00000000898e39c8) thrown at [src/hotspot/share/interpreter/linkResolver.cpp, line 773]
Event: 141.768 Thread 0x0000028c8715c000 Exception <a 'java/lang/NoSuchMethodError'{0x00000000898d9d50}: 'java.lang.Object java.lang.invoke.DirectMethodHandle$Holder.invokeSpecial(java.lang.Object, java.lang.Object, long)'> (0x00000000898d9d50) thrown at [src/hotspot/share/interpreter/linkResolver.cpp, line 773]
Event: 141.770 Thread 0x0000028c86e5c800 Exception <a 'java/lang/NoSuchMethodError'{0x0000000089953ca0}: 'java.lang.Object java.lang.invoke.Invokers$Holder.linkToTargetMethod(long, java.lang.Object)'> (0x0000000089953ca0) thrown at [src/hotspot/share/interpreter/linkResolver.cpp, line 773]
Event: 141.770 Thread 0x0000028c829d8000 Exception <a 'java/lang/NoSuchMethodError'{0x00000000898ece08}: 'java.lang.Object java.lang.invoke.Invokers$Holder.linkToTargetMethod(long, java.lang.Object)'> (0x00000000898ece08) thrown at [src/hotspot/share/interpreter/linkResolver.cpp, line 773]
Event: 141.770 Thread 0x0000028c86e5a000 Exception <a 'java/lang/NoSuchMethodError'{0x00000000898e8c60}: 'java.lang.Object java.lang.invoke.Invokers$Holder.linkToTargetMethod(long, java.lang.Object)'> (0x00000000898e8c60) thrown at [src/hotspot/share/interpreter/linkResolver.cpp, line 773]
Event: 141.770 Thread 0x0000028c8715c000 Exception <a 'java/lang/NoSuchMethodError'{0x00000000897109c0}: 'java.lang.Object java.lang.invoke.Invokers$Holder.linkToTargetMethod(long, java.lang.Object)'> (0x00000000897109c0) thrown at [src/hotspot/share/interpreter/linkResolver.cpp, line 773]
Event: 141.770 Thread 0x0000028c87393000 Exception <a 'java/lang/NoSuchMethodError'{0x00000000898c50a0}: 'java.lang.Object java.lang.invoke.Invokers$Holder.linkToTargetMethod(long, java.lang.Object)'> (0x00000000898c50a0) thrown at [src/hotspot/share/interpreter/linkResolver.cpp, line 773]
Event: 142.223 Thread 0x0000028c8715c000 Exception <a 'java/lang/NoSuchMethodError'{0x000000008a2d9cb8}: 'void java.lang.invoke.DirectMethodHandle$Holder.invokeStatic(java.lang.Object, java.lang.Object, java.lang.Object, int)'> (0x000000008a2d9cb8) thrown at [src/hotspot/share/interpreter/linkResolver.cpp, line 773]
Event: 142.228 Thread 0x0000028c8715c000 Exception <a 'java/lang/IncompatibleClassChangeError'{0x000000008a13e870}: Found class java.lang.Object, but interface was expected> (0x000000008a13e870) thrown at [src/hotspot/share/interpreter/linkResolver.cpp, line 839]
Event: 142.229 Thread 0x0000028c86e5c800 Exception <a 'java/lang/IncompatibleClassChangeError'{0x000000008abd8550}: Found class java.lang.Object, but interface was expected> (0x000000008abd8550) thrown at [src/hotspot/share/interpreter/linkResolver.cpp, line 839]
Event: 142.229 Thread 0x0000028c86e5a000 Exception <a 'java/lang/IncompatibleClassChangeError'{0x000000008a1a05b8}: Found class java.lang.Object, but interface was expected> (0x000000008a1a05b8) thrown at [src/hotspot/share/interpreter/linkResolver.cpp, line 839]
Event: 142.229 Thread 0x0000028c829d8000 Exception <a 'java/lang/IncompatibleClassChangeError'{0x000000008a28b430}: Found class java.lang.Object, but interface was expected> (0x000000008a28b430) thrown at [src/hotspot/share/interpreter/linkResolver.cpp, line 839]
Event: 142.823 Thread 0x0000028c829d3000 Exception <a 'java/lang/NoSuchMethodError'{0x000000008ab1e9e8}: 'java.lang.Object java.lang.invoke.DirectMethodHandle$Holder.invokeStatic(java.lang.Object, int, java.lang.Object, java.lang.Object)'> (0x000000008ab1e9e8) thrown at [src/hotspot/share/interpreter/linkResolver.cpp, line 773]

Events (20 events):
Event: 142.954 loading class com/android/tools/r8/graph/t done
Event: 142.955 loading class com/android/tools/r8/graph/t
Event: 142.955 loading class com/android/tools/r8/graph/t done
Event: 142.958 loading class com/android/tools/r8/graph/u
Event: 142.958 loading class com/android/tools/r8/graph/u done
Event: 142.959 loading class com/android/tools/r8/internal/zw
Event: 142.959 loading class com/android/tools/r8/internal/zw done
Event: 142.960 loading class com/android/tools/r8/internal/iX
Event: 142.960 loading class com/android/tools/r8/internal/iX done
Event: 142.962 loading class com/android/tools/r8/internal/dw
Event: 142.962 loading class com/android/tools/r8/internal/dw done
Event: 142.976 loading class com/android/tools/r8/graph/b3
Event: 142.976 loading class com/android/tools/r8/graph/b3 done
Event: 142.978 loading class com/android/tools/r8/graph/b3$c
Event: 142.978 loading class com/android/tools/r8/graph/b3$c done
Event: 142.980 loading class com/android/tools/r8/internal/Yv
Event: 142.980 loading class com/android/tools/r8/internal/Yv done
Event: 142.981 loading class com/android/tools/r8/graph/t2
Event: 142.981 loading class com/android/tools/r8/graph/t2 done
Event: 142.985 Executing VM operation: G1CollectForAllocation


Dynamic libraries:
0x00007ff6195d0000 - 0x00007ff6195da000 	C:\Program Files\Android\Android Studio\jbr\bin\java.exe
0x00007ffeff990000 - 0x00007ffeffb88000 	C:\WINDOWS\SYSTEM32\ntdll.dll
0x00007ffefe5e0000 - 0x00007ffefe69f000 	C:\WINDOWS\System32\KERNEL32.DLL
0x00007ffefd620000 - 0x00007ffefd8f2000 	C:\WINDOWS\System32\KERNELBASE.dll
0x00007ffefd210000 - 0x00007ffefd310000 	C:\WINDOWS\System32\ucrtbase.dll
0x00007ffefa7e0000 - 0x00007ffefa7fb000 	C:\Program Files\Android\Android Studio\jbr\bin\VCRUNTIME140.dll
0x00007ffef6370000 - 0x00007ffef6387000 	C:\Program Files\Android\Android Studio\jbr\bin\jli.dll
0x00007ffefe180000 - 0x00007ffefe321000 	C:\WINDOWS\System32\USER32.dll
0x00007ffee8e70000 - 0x00007ffee910a000 	C:\WINDOWS\WinSxS\amd64_microsoft.windows.common-controls_6595b64144ccf1df_6.0.19041.1110_none_60b5254171f9507e\COMCTL32.dll
0x00007ffefd400000 - 0x00007ffefd422000 	C:\WINDOWS\System32\win32u.dll
0x00007ffeff7d0000 - 0x00007ffeff86e000 	C:\WINDOWS\System32\msvcrt.dll
0x00007ffeff6a0000 - 0x00007ffeff6cb000 	C:\WINDOWS\System32\GDI32.dll
0x00007ffefd090000 - 0x00007ffefd19f000 	C:\WINDOWS\System32\gdi32full.dll
0x00007ffefd310000 - 0x00007ffefd3ad000 	C:\WINDOWS\System32\msvcp_win.dll
0x00007ffefda60000 - 0x00007ffefda90000 	C:\WINDOWS\System32\IMM32.DLL
0x00007ffedaff0000 - 0x00007ffedb07d000 	C:\Program Files\Android\Android Studio\jbr\bin\msvcp140.dll
0x00007ffeea200000 - 0x00007ffeea20c000 	C:\WINDOWS\SYSTEM32\VCRUNTIME140_1.dll
0x00007ffeb8110000 - 0x00007ffeb8ccc000 	C:\Program Files\Android\Android Studio\jbr\bin\server\jvm.dll
0x00007ffefdfc0000 - 0x00007ffefe06e000 	C:\WINDOWS\System32\ADVAPI32.dll
0x00007ffefe080000 - 0x00007ffefe11c000 	C:\WINDOWS\System32\sechost.dll
0x00007ffefe390000 - 0x00007ffefe4b5000 	C:\WINDOWS\System32\RPCRT4.dll
0x00007ffeff2c0000 - 0x00007ffeff2c8000 	C:\WINDOWS\System32\PSAPI.DLL
0x00007ffef1b00000 - 0x00007ffef1b27000 	C:\WINDOWS\SYSTEM32\WINMM.dll
0x00007ffee91f0000 - 0x00007ffee91f9000 	C:\WINDOWS\SYSTEM32\WSOCK32.dll
0x00007ffef8a80000 - 0x00007ffef8a8a000 	C:\WINDOWS\SYSTEM32\VERSION.dll
0x00007ffeff6d0000 - 0x00007ffeff73b000 	C:\WINDOWS\System32\WS2_32.dll
0x00007ffefaf50000 - 0x00007ffefaf62000 	C:\WINDOWS\SYSTEM32\kernel.appcore.dll
0x00007ffef8d40000 - 0x00007ffef8d50000 	C:\Program Files\Android\Android Studio\jbr\bin\verify.dll
0x00007ffef7720000 - 0x00007ffef7904000 	C:\WINDOWS\SYSTEM32\DBGHELP.DLL
0x00007ffef29f0000 - 0x00007ffef2a25000 	C:\WINDOWS\SYSTEM32\dbgcore.DLL
0x00007ffefd590000 - 0x00007ffefd612000 	C:\WINDOWS\System32\bcryptPrimitives.dll
0x00007ffef5940000 - 0x00007ffef5968000 	C:\Program Files\Android\Android Studio\jbr\bin\java.dll
0x00007ffef6340000 - 0x00007ffef634a000 	C:\Program Files\Android\Android Studio\jbr\bin\jimage.dll
0x00007ffeef7c0000 - 0x00007ffeef7d8000 	C:\Program Files\Android\Android Studio\jbr\bin\zip.dll
0x00007ffefe6a0000 - 0x00007ffefede5000 	C:\WINDOWS\System32\SHELL32.dll
0x00007ffefb150000 - 0x00007ffefb8e2000 	C:\WINDOWS\SYSTEM32\windows.storage.dll
0x00007ffefdb40000 - 0x00007ffefde95000 	C:\WINDOWS\System32\combase.dll
0x00007ffefca10000 - 0x00007ffefca40000 	C:\WINDOWS\SYSTEM32\Wldp.dll
0x00007ffefdea0000 - 0x00007ffefdf4d000 	C:\WINDOWS\System32\SHCORE.dll
0x00007ffefe330000 - 0x00007ffefe385000 	C:\WINDOWS\System32\shlwapi.dll
0x00007ffefcfd0000 - 0x00007ffefcfef000 	C:\WINDOWS\SYSTEM32\profapi.dll
0x00007ffeef030000 - 0x00007ffeef049000 	C:\Program Files\Android\Android Studio\jbr\bin\net.dll
0x00007ffef4f50000 - 0x00007ffef505a000 	C:\WINDOWS\SYSTEM32\WINHTTP.dll
0x00007ffefc770000 - 0x00007ffefc7da000 	C:\WINDOWS\system32\mswsock.dll
0x00007ffeeec70000 - 0x00007ffeeec83000 	C:\Program Files\Android\Android Studio\jbr\bin\nio.dll
0x00007ffeecd20000 - 0x00007ffeecd47000 	C:\Users\mohit\.gradle\native\e1d6ef7f7dcc3fd88c89a11ec53ec762bb8ba0a96d01ffa2cd45eb1d1d8dd5c5\windows-amd64\native-platform.dll
0x00007ffedaea0000 - 0x00007ffedafe4000 	C:\Users\mohit\.gradle\native\0d407fdbe67a94daf76414ababcb853783967236a71b16ec16e742cd7a986fd3\windows-amd64\native-platform-file-events.dll
0x00007ffef1480000 - 0x00007ffef148a000 	C:\Program Files\Android\Android Studio\jbr\bin\management.dll
0x00007ffeef0a0000 - 0x00007ffeef0ab000 	C:\Program Files\Android\Android Studio\jbr\bin\management_ext.dll
0x00007ffefc970000 - 0x00007ffefc988000 	C:\WINDOWS\SYSTEM32\CRYPTSP.dll
0x00007ffefc090000 - 0x00007ffefc0c4000 	C:\WINDOWS\system32\rsaenh.dll
0x00007ffefd9b0000 - 0x00007ffefd9d7000 	C:\WINDOWS\System32\bcrypt.dll
0x00007ffefcf50000 - 0x00007ffefcf7e000 	C:\WINDOWS\SYSTEM32\USERENV.dll
0x00007ffefc960000 - 0x00007ffefc96c000 	C:\WINDOWS\SYSTEM32\CRYPTBASE.dll
0x00007ffefc460000 - 0x00007ffefc49b000 	C:\WINDOWS\SYSTEM32\IPHLPAPI.DLL
0x00007ffefdf50000 - 0x00007ffefdf58000 	C:\WINDOWS\System32\NSI.dll
0x00007ffef6040000 - 0x00007ffef6057000 	C:\WINDOWS\SYSTEM32\dhcpcsvc6.DLL
0x00007ffef6630000 - 0x00007ffef664d000 	C:\WINDOWS\SYSTEM32\dhcpcsvc.DLL
0x00007ffefc4a0000 - 0x00007ffefc56b000 	C:\WINDOWS\SYSTEM32\DNSAPI.dll

dbghelp: loaded successfully - version: 4.0.5 - missing functions: none
symbol engine: initialized successfully - sym options: 0x614 - pdb path: .;C:\Program Files\Android\Android Studio\jbr\bin;C:\WINDOWS\SYSTEM32;C:\WINDOWS\WinSxS\amd64_microsoft.windows.common-controls_6595b64144ccf1df_6.0.19041.1110_none_60b5254171f9507e;C:\Program Files\Android\Android Studio\jbr\bin\server;C:\Users\mohit\.gradle\native\e1d6ef7f7dcc3fd88c89a11ec53ec762bb8ba0a96d01ffa2cd45eb1d1d8dd5c5\windows-amd64;C:\Users\mohit\.gradle\native\0d407fdbe67a94daf76414ababcb853783967236a71b16ec16e742cd7a986fd3\windows-amd64

VM Arguments:
jvm_args: --add-opens=java.base/java.util=ALL-UNNAMED --add-opens=java.base/java.lang=ALL-UNNAMED --add-opens=java.base/java.lang.invoke=ALL-UNNAMED --add-opens=java.base/java.util=ALL-UNNAMED --add-opens=java.prefs/java.util.prefs=ALL-UNNAMED --add-opens=java.prefs/java.util.prefs=ALL-UNNAMED --add-opens=java.base/java.nio.charset=ALL-UNNAMED --add-opens=java.base/java.net=ALL-UNNAMED --add-opens=java.base/java.util.concurrent.atomic=ALL-UNNAMED -Xmx2048m -Dfile.encoding=UTF-8 -Duser.country=IN -Duser.language=en -Duser.variant 
java_command: org.gradle.launcher.daemon.bootstrap.GradleDaemon 7.5
java_class_path (initial): C:\Users\mohit\.gradle\wrapper\dists\gradle-7.5-bin\f1w0cc9nuo0eivz97x2xlu9sv\gradle-7.5\lib\gradle-launcher-7.5.jar
Launcher Type: SUN_STANDARD

[Global flags]
     intx CICompilerCount                          = 4                                         {product} {ergonomic}
     uint ConcGCThreads                            = 2                                         {product} {ergonomic}
     uint G1ConcRefinementThreads                  = 8                                         {product} {ergonomic}
   size_t G1HeapRegionSize                         = 1048576                                   {product} {ergonomic}
    uintx GCDrainStackTargetSize                   = 64                                        {product} {ergonomic}
   size_t InitialHeapSize                          = 125829120                                 {product} {ergonomic}
   size_t MarkStackSize                            = 4194304                                   {product} {ergonomic}
   size_t MaxHeapSize                              = 2147483648                                {product} {command line}
   size_t MaxNewSize                               = 1287651328                                {product} {ergonomic}
   size_t MinHeapDeltaBytes                        = 1048576                                   {product} {ergonomic}
    uintx NonNMethodCodeHeapSize                   = 5836300                                {pd product} {ergonomic}
    uintx NonProfiledCodeHeapSize                  = 122910970                              {pd product} {ergonomic}
    uintx ProfiledCodeHeapSize                     = 122910970                              {pd product} {ergonomic}
    uintx ReservedCodeCacheSize                    = 251658240                              {pd product} {ergonomic}
     bool SegmentedCodeCache                       = true                                      {product} {ergonomic}
     bool UseCompressedClassPointers               = true                                 {lp64_product} {ergonomic}
     bool UseCompressedOops                        = true                                 {lp64_product} {ergonomic}
     bool UseG1GC                                  = true                                      {product} {ergonomic}
     bool UseLargePagesIndividualAllocation        = false                                  {pd product} {ergonomic}

Logging:
Log output configuration:
 #0: stdout all=warning uptime,level,tags
 #1: stderr all=off uptime,level,tags

Environment Variables:
PATH=C:\Python310\Scripts\;C:\Python310\;D:\Development\Scripts\;D:\Development\;C:\Program Files\Common Files\Oracle\Java\javapath;C:\Windows\system32;C:\Windows;C:\Windows\System32\Wbem;C:\Windows\System32\WindowsPowerShell\v1.0\;C:\Windows\System32\OpenSSH\;C:\Program Files (x86)\NVIDIA Corporation\PhysX\Common;C:\Program Files\NVIDIA Corporation\NVIDIA NvDLISR;C:\WINDOWS\system32;C:\WINDOWS;C:\WINDOWS\System32\Wbem;C:\WINDOWS\System32\WindowsPowerShell\v1.0\;C:\WINDOWS\System32\OpenSSH\;D:\Development\Git\cmd;C:\MinGW\bin;C:\ProgramData\chocolatey\bin;C:\Program Files\nodejs\;D:\flutter\bin;C:\Users\mohit\AppData\Local\Programs\Microsoft VS Code\bin
USERNAME=mohit
OS=Windows_NT
PROCESSOR_IDENTIFIER=AMD64 Family 23 Model 24 Stepping 1, AuthenticAMD



---------------  S Y S T E M  ---------------

OS: Windows 10 , 64 bit Build 19041 (10.0.19041.2546)
OS uptime: 1 days 7:54 hours

CPU:total 8 (initial active 8) (8 cores per cpu, 2 threads per core) family 23 model 24 stepping 1 microcode 0x0, cmov, cx8, fxsr, mmx, sse, sse2, sse3, ssse3, sse4.1, sse4.2, popcnt, avx, avx2, aes, clmul, mmxext, 3dnowpref, lzcnt, sse4a, ht, tsc, tscinvbit, tscinv, bmi1, bmi2, adx, sha, fma

Memory: 4k page, system-wide physical 7616M (373M free)
TotalPageFile size 15808M (AvailPageFile size 85M)
current process WorkingSet (physical memory assigned to process): 470M, peak: 483M
current process commit charge ("private bytes"): 559M, peak: 655M

vm_info: OpenJDK 64-Bit Server VM (11.0.15+0-b2043.56-8887301) for windows-amd64 JRE (11.0.15+0-b2043.56-8887301), built on Jul 29 2022 23:19:47 by "builduser" with unknown MS VC++:1929

END.
