#
# There is insufficient memory for the Java Runtime Environment to continue.
# Native memory allocation (malloc) failed to allocate 1049536 bytes for Chunk::new
# Possible reasons:
#   The system is out of physical RAM or swap space
#   The process is running with CompressedOops enabled, and the Java Heap may be blocking the growth of the native heap
# Possible solutions:
#   Reduce memory load on the system
#   Increase physical memory or swap space
#   Check if swap backing store is full
#   Decrease Java heap size (-Xmx/-Xms)
#   Decrease number of Java threads
#   Decrease Java thread stack sizes (-Xss)
#   Set larger code cache with -XX:ReservedCodeCacheSize=
#   JVM is running with Unscaled Compressed Oops mode in which the Java heap is
#     placed in the first 4GB address space. The Java Heap base address is the
#     maximum limit for the native heap growth. Please use -XX:HeapBaseMinAddress
#     to set the Java Heap base and to place the Java Heap above 4GB virtual address.
# This output file may be truncated or incomplete.
#
#  Out of Memory Error (src/hotspot/share/memory/arena.cpp:197), pid=7528, tid=18000
#
# JRE version: OpenJDK Runtime Environment (11.0.15) (build 11.0.15+0-b2043.56-8887301)
# Java VM: OpenJDK 64-Bit Server VM (11.0.15+0-b2043.56-8887301, mixed mode, tiered, compressed oops, g1 gc, windows-amd64)
# No core dump will be written. Minidumps are not enabled by default on client versions of Windows
#

---------------  S U M M A R Y ------------

Command Line: --add-opens=java.base/java.util=ALL-UNNAMED --add-opens=java.base/java.lang=ALL-UNNAMED --add-opens=java.base/java.lang.invoke=ALL-UNNAMED --add-opens=java.base/java.util=ALL-UNNAMED --add-opens=java.prefs/java.util.prefs=ALL-UNNAMED --add-opens=java.prefs/java.util.prefs=ALL-UNNAMED --add-opens=java.base/java.nio.charset=ALL-UNNAMED --add-opens=java.base/java.net=ALL-UNNAMED --add-opens=java.base/java.util.concurrent.atomic=ALL-UNNAMED -Xmx2048m -Dfile.encoding=UTF-8 -Duser.country=IN -Duser.language=en -Duser.variant org.gradle.launcher.daemon.bootstrap.GradleDaemon 7.5

Host: AMD Ryzen 5 3550H with Radeon Vega Mobile Gfx  , 8 cores, 7G,  Windows 10 , 64 bit Build 19041 (10.0.19041.2546)
Time: Wed Mar  1 18:31:21 2023 India Standard Time elapsed time: 343.022353 seconds (0d 0h 5m 43s)

---------------  T H R E A D  ---------------

Current thread (0x000001e010523800):  JavaThread "C2 CompilerThread1" daemon [_thread_in_native, id=18000, stack(0x000000ba82c00000,0x000000ba82d00000)]


Current CompileTask:
C2: 343022 13872   !   4       org.gradle.internal.instantiation.generator.DependencyInjectingInstantiator::doCreate (64 bytes)

Stack: [0x000000ba82c00000,0x000000ba82d00000]
Native frames: (J=compiled Java code, j=interpreted, Vv=VM code, C=native code)
V  [jvm.dll+0x64135a]
V  [jvm.dll+0x7d39f9]
V  [jvm.dll+0x7d51b9]
V  [jvm.dll+0x7d58a3]
V  [jvm.dll+0x2691c5]
V  [jvm.dll+0xc1a5c]
V  [jvm.dll+0xc200c]
V  [jvm.dll+0x2da2c2]
V  [jvm.dll+0x54cad9]
V  [jvm.dll+0x22a011]
V  [jvm.dll+0x223809]
V  [jvm.dll+0x220384]
V  [jvm.dll+0x19e851]
V  [jvm.dll+0x230479]
V  [jvm.dll+0x22e5ef]
V  [jvm.dll+0x794de1]
V  [jvm.dll+0x78dc24]
V  [jvm.dll+0x6400f6]
C  [ucrtbase.dll+0x21bb2]
C  [KERNEL32.DLL+0x17614]
C  [ntdll.dll+0x526a1]


---------------  P R O C E S S  ---------------

Threads class SMR info:
_java_thread_list=0x000001e00c2f0bb0, length=144, elements={
0x000001e068346800, 0x000001e004816000, 0x000001e004821800, 0x000001e004830000,
0x000001e004831000, 0x000001e004832800, 0x000001e00483f800, 0x000001e004846000,
0x000001e004854000, 0x000001e0052e4000, 0x000001e007859800, 0x000001e00785e800,
0x000001e007859000, 0x000001e007ce3000, 0x000001e007ce5000, 0x000001e007ce4800,
0x000001e007ce7800, 0x000001e007ce3800, 0x000001e007cec800, 0x000001e007ceb000,
0x000001e007ce8800, 0x000001e007cea000, 0x000001e00ad1d000, 0x000001e00ad18000,
0x000001e00ad19800, 0x000001e008c77800, 0x000001e008c7b800, 0x000001e008c7b000,
0x000001e008c7c800, 0x000001e008c7d800, 0x000001e00b12b800, 0x000001e00b12f000,
0x000001e007b62800, 0x000001e007b61000, 0x000001e007b5c800, 0x000001e007b5e800,
0x000001e007b60000, 0x000001e007b63800, 0x000001e007b5d800, 0x000001e010523800,
0x000001e007b5f000, 0x000001e007b64000, 0x000001e007b65800, 0x000001e007b66800,
0x000001e007b67800, 0x000001e007b61800, 0x000001e007b68000, 0x000001e007b69000,
0x000001e007b6a000, 0x000001e007b6a800, 0x000001e007b6b800, 0x000001e00b12c800,
0x000001e00b130800, 0x000001e00b12d000, 0x000001e00b12a800, 0x000001e00b133000,
0x000001e00b133800, 0x000001e00b12e000, 0x000001e00b132000, 0x000001e00b131800,
0x000001e00b12f800, 0x000001e00b138000, 0x000001e00b137000, 0x000001e00b134800,
0x000001e00b135800, 0x000001e00b136000, 0x000001e00b138800, 0x000001e00ad18800,
0x000001e00ad1b000, 0x000001e00ad17000, 0x000001e00ad20000, 0x000001e00ad1e800,
0x000001e00ad22800, 0x000001e00ad1f800, 0x000001e00ad21000, 0x000001e00ad21800,
0x000001e00ad23800, 0x000001e00ad1d800, 0x000001e00ad24000, 0x000001e00ad25000,
0x000001e00ad26000, 0x000001e008c75000, 0x000001e008c74800, 0x000001e008c6f800,
0x000001e008c73800, 0x000001e008c76000, 0x000001e008c70000, 0x000001e008c72000,
0x000001e008c72800, 0x000001e008c71000, 0x000001e008c77000, 0x000001e008c7e000,
0x000001e008c79000, 0x000001e008c7a000, 0x000001e00785b800, 0x000001e00785c000,
0x000001e00785a800, 0x000001e00785e000, 0x000001e00785d000, 0x000001e00785f800,
0x000001e007ce6000, 0x000001e007ce2000, 0x000001e007ce7000, 0x000001e007cee000,
0x000001e007ced800, 0x000001e00a591800, 0x000001e00a58c000, 0x000001e00a592800,
0x000001e00a590000, 0x000001e00a58e800, 0x000001e00a58d000, 0x000001e00a58d800,
0x000001e00a591000, 0x000001e00a58f800, 0x000001e0068bc800, 0x000001e0068ba000,
0x000001e0068bb000, 0x000001e0068bb800, 0x000001e0068bd800, 0x000001e0068b7800,
0x000001e0068b9800, 0x000001e0068be000, 0x000001e0068b8800, 0x000001e0068c0800,
0x000001e0068c1800, 0x000001e0068c2000, 0x000001e0068c3000, 0x000001e0068c4000,
0x000001e0068c4800, 0x000001e0068bf000, 0x000001e0068c5800, 0x000001e0068c0000,
0x000001e0068c6800, 0x000001e0103eb800, 0x000001e0103ed800, 0x000001e0103ec800,
0x000001e0103ee000, 0x000001e0103ef000, 0x000001e0103ea000, 0x000001e0103e9800,
0x000001e0103f0000, 0x000001e0103f0800, 0x000001e0103eb000, 0x000001e0103f4800
}

Java Threads: ( => current thread )
  0x000001e068346800 JavaThread "main" [_thread_blocked, id=11440, stack(0x000000ba80200000,0x000000ba80300000)]
  0x000001e004816000 JavaThread "Reference Handler" daemon [_thread_blocked, id=5256, stack(0x000000ba80900000,0x000000ba80a00000)]
  0x000001e004821800 JavaThread "Finalizer" daemon [_thread_blocked, id=18004, stack(0x000000ba80a00000,0x000000ba80b00000)]
  0x000001e004830000 JavaThread "Signal Dispatcher" daemon [_thread_blocked, id=17256, stack(0x000000ba80b00000,0x000000ba80c00000)]
  0x000001e004831000 JavaThread "Attach Listener" daemon [_thread_blocked, id=5804, stack(0x000000ba80c00000,0x000000ba80d00000)]
  0x000001e004832800 JavaThread "Service Thread" daemon [_thread_blocked, id=17668, stack(0x000000ba80d00000,0x000000ba80e00000)]
  0x000001e00483f800 JavaThread "C2 CompilerThread0" daemon [_thread_blocked, id=11752, stack(0x000000ba80e00000,0x000000ba80f00000)]
  0x000001e004846000 JavaThread "C1 CompilerThread0" daemon [_thread_blocked, id=2488, stack(0x000000ba80f00000,0x000000ba81000000)]
  0x000001e004854000 JavaThread "Sweeper thread" daemon [_thread_blocked, id=16508, stack(0x000000ba81000000,0x000000ba81100000)]
  0x000001e0052e4000 JavaThread "Common-Cleaner" daemon [_thread_blocked, id=13584, stack(0x000000ba81100000,0x000000ba81200000)]
  0x000001e007859800 JavaThread "Daemon health stats" [_thread_blocked, id=2444, stack(0x000000ba81600000,0x000000ba81700000)]
  0x000001e00785e800 JavaThread "Incoming local TCP Connector on port 55894" [_thread_in_native, id=13700, stack(0x000000ba81300000,0x000000ba81400000)]
  0x000001e007859000 JavaThread "Daemon periodic checks" [_thread_blocked, id=6092, stack(0x000000ba81400000,0x000000ba81500000)]
  0x000001e007ce3000 JavaThread "Cache worker for journal cache (C:\Users\mohit\.gradle\caches\journal-1)" [_thread_blocked, id=9488, stack(0x000000ba82400000,0x000000ba82500000)]
  0x000001e007ce5000 JavaThread "File lock request listener" [_thread_in_native, id=18020, stack(0x000000ba82500000,0x000000ba82600000)]
  0x000001e007ce4800 JavaThread "Cache worker for file hash cache (C:\Users\mohit\.gradle\caches\7.5\fileHashes)" [_thread_blocked, id=17836, stack(0x000000ba82600000,0x000000ba82700000)]
  0x000001e007ce7800 JavaThread "File watcher server" daemon [_thread_in_native, id=13496, stack(0x000000ba82900000,0x000000ba82a00000)]
  0x000001e007ce3800 JavaThread "File watcher consumer" daemon [_thread_blocked, id=18236, stack(0x000000ba82a00000,0x000000ba82b00000)]
  0x000001e007cec800 JavaThread "Cache worker for file content cache (C:\Users\mohit\.gradle\caches\7.5\fileContent)" [_thread_blocked, id=18636, stack(0x000000ba82e00000,0x000000ba82f00000)]
  0x000001e007ceb000 JavaThread "Cache worker for execution history cache (C:\Users\mohit\.gradle\caches\7.5\executionHistory)" [_thread_blocked, id=6496, stack(0x000000ba83000000,0x000000ba83100000)]
  0x000001e007ce8800 JavaThread "jar transforms" [_thread_blocked, id=12072, stack(0x000000ba82800000,0x000000ba82900000)]
  0x000001e007cea000 JavaThread "jar transforms Thread 2" [_thread_blocked, id=14032, stack(0x000000ba83200000,0x000000ba83300000)]
  0x000001e00ad1d000 JavaThread "jar transforms Thread 3" [_thread_blocked, id=18656, stack(0x000000ba83400000,0x000000ba83500000)]
  0x000001e00ad18000 JavaThread "jar transforms Thread 4" [_thread_blocked, id=11388, stack(0x000000ba83500000,0x000000ba83600000)]
  0x000001e00ad19800 JavaThread "jar transforms Thread 5" [_thread_blocked, id=4724, stack(0x000000ba83700000,0x000000ba83800000)]
  0x000001e008c77800 JavaThread "jar transforms Thread 6" [_thread_blocked, id=14788, stack(0x000000ba88800000,0x000000ba88900000)]
  0x000001e008c7b800 JavaThread "jar transforms Thread 7" [_thread_blocked, id=3032, stack(0x000000ba88900000,0x000000ba88a00000)]
  0x000001e008c7b000 JavaThread "jar transforms Thread 8" [_thread_blocked, id=17840, stack(0x000000ba88a00000,0x000000ba88b00000)]
  0x000001e008c7c800 JavaThread "Memory manager" [_thread_blocked, id=16712, stack(0x000000ba88d00000,0x000000ba88e00000)]
  0x000001e008c7d800 JavaThread "pool-3-thread-1" [_thread_blocked, id=16568, stack(0x000000ba88e00000,0x000000ba88f00000)]
  0x000001e00b12b800 JavaThread "ForkJoinPool.commonPool-worker-11" daemon [_thread_blocked, id=8808, stack(0x000000ba8a400000,0x000000ba8a500000)]
  0x000001e00b12f000 JavaThread "ForkJoinPool.commonPool-worker-15" daemon [_thread_blocked, id=13744, stack(0x000000ba8a600000,0x000000ba8a700000)]
  0x000001e007b62800 JavaThread "Daemon Thread 2" [_thread_blocked, id=12532, stack(0x000000ba81d00000,0x000000ba81e00000)]
  0x000001e007b61000 JavaThread "Handler for socket connection from /127.0.0.1:55894 to /127.0.0.1:56526" [_thread_in_native, id=12676, stack(0x000000ba81e00000,0x000000ba81f00000)]
  0x000001e007b5c800 JavaThread "Cancel handler" [_thread_blocked, id=19328, stack(0x000000ba81f00000,0x000000ba82000000)]
  0x000001e007b5e800 JavaThread "Daemon worker Thread 2" [_thread_blocked, id=14276, stack(0x000000ba82000000,0x000000ba82100000)]
  0x000001e007b60000 JavaThread "Asynchronous log dispatcher for DefaultDaemonConnection: socket connection from /127.0.0.1:55894 to /127.0.0.1:56526" [_thread_blocked, id=4224, stack(0x000000ba82100000,0x000000ba82200000)]
  0x000001e007b63800 JavaThread "Stdin handler" [_thread_blocked, id=11040, stack(0x000000ba82200000,0x000000ba82300000)]
  0x000001e007b5d800 JavaThread "Daemon client event forwarder" [_thread_blocked, id=4052, stack(0x000000ba82300000,0x000000ba82400000)]
=>0x000001e010523800 JavaThread "C2 CompilerThread1" daemon [_thread_in_native, id=18000, stack(0x000000ba82c00000,0x000000ba82d00000)]
  0x000001e007b5f000 JavaThread "Cache worker for checksums cache (C:\Users\mohit\AndroidStudioProjects\StickyNotes\.gradle\7.5\checksums)" [_thread_blocked, id=19128, stack(0x000000ba82d00000,0x000000ba82e00000)]
  0x000001e007b64000 JavaThread "Cache worker for cache directory md-rule (C:\Users\mohit\.gradle\caches\7.5\md-rule)" [_thread_blocked, id=4632, stack(0x000000ba82f00000,0x000000ba83000000)]
  0x000001e007b65800 JavaThread "Cache worker for file hash cache (C:\Users\mohit\AndroidStudioProjects\StickyNotes\.gradle\7.5\fileHashes)" [_thread_blocked, id=13448, stack(0x000000ba83100000,0x000000ba83200000)]
  0x000001e007b66800 JavaThread "Cache worker for cache directory md-supplier (C:\Users\mohit\.gradle\caches\7.5\md-supplier)" [_thread_blocked, id=12712, stack(0x000000ba83300000,0x000000ba83400000)]
  0x000001e007b67800 JavaThread "Cache worker for dependencies-accessors (C:\Users\mohit\AndroidStudioProjects\StickyNotes\.gradle\7.5\dependencies-accessors)" [_thread_blocked, id=14816, stack(0x000000ba83600000,0x000000ba83700000)]
  0x000001e007b61800 JavaThread "Cache worker for Build Output Cleanup Cache (C:\Users\mohit\AndroidStudioProjects\StickyNotes\.gradle\buildOutputCleanup)" [_thread_blocked, id=13076, stack(0x000000ba83800000,0x000000ba83900000)]
  0x000001e007b68000 JavaThread "Unconstrained build operations" [_thread_blocked, id=1184, stack(0x000000ba83900000,0x000000ba83a00000)]
  0x000001e007b69000 JavaThread "Unconstrained build operations Thread 2" [_thread_blocked, id=12868, stack(0x000000ba83a00000,0x000000ba83b00000)]
  0x000001e007b6a000 JavaThread "Unconstrained build operations Thread 3" [_thread_blocked, id=18116, stack(0x000000ba83b00000,0x000000ba83c00000)]
  0x000001e007b6a800 JavaThread "Unconstrained build operations Thread 4" [_thread_blocked, id=11400, stack(0x000000ba83c00000,0x000000ba83d00000)]
  0x000001e007b6b800 JavaThread "Unconstrained build operations Thread 5" [_thread_blocked, id=18216, stack(0x000000ba83d00000,0x000000ba83e00000)]
  0x000001e00b12c800 JavaThread "Unconstrained build operations Thread 6" [_thread_blocked, id=17156, stack(0x000000ba83e00000,0x000000ba83f00000)]
  0x000001e00b130800 JavaThread "Unconstrained build operations Thread 7" [_thread_blocked, id=12856, stack(0x000000ba83f00000,0x000000ba84000000)]
  0x000001e00b12d000 JavaThread "Unconstrained build operations Thread 8" [_thread_blocked, id=13000, stack(0x000000ba84000000,0x000000ba84100000)]
  0x000001e00b12a800 JavaThread "Unconstrained build operations Thread 9" [_thread_blocked, id=8004, stack(0x000000ba84100000,0x000000ba84200000)]
  0x000001e00b133000 JavaThread "Unconstrained build operations Thread 10" [_thread_blocked, id=17984, stack(0x000000ba84200000,0x000000ba84300000)]
  0x000001e00b133800 JavaThread "Unconstrained build operations Thread 11" [_thread_blocked, id=18208, stack(0x000000ba84300000,0x000000ba84400000)]
  0x000001e00b12e000 JavaThread "Unconstrained build operations Thread 12" [_thread_blocked, id=17620, stack(0x000000ba84400000,0x000000ba84500000)]
  0x000001e00b132000 JavaThread "Unconstrained build operations Thread 13" [_thread_blocked, id=8788, stack(0x000000ba84500000,0x000000ba84600000)]
  0x000001e00b131800 JavaThread "Unconstrained build operations Thread 14" [_thread_blocked, id=18408, stack(0x000000ba84600000,0x000000ba84700000)]
  0x000001e00b12f800 JavaThread "Unconstrained build operations Thread 15" [_thread_blocked, id=3848, stack(0x000000ba84700000,0x000000ba84800000)]
  0x000001e00b138000 JavaThread "Unconstrained build operations Thread 16" [_thread_blocked, id=16872, stack(0x000000ba84800000,0x000000ba84900000)]
  0x000001e00b137000 JavaThread "Unconstrained build operations Thread 17" [_thread_blocked, id=15088, stack(0x000000ba84900000,0x000000ba84a00000)]
  0x000001e00b134800 JavaThread "Unconstrained build operations Thread 18" [_thread_blocked, id=3604, stack(0x000000ba84a00000,0x000000ba84b00000)]
  0x000001e00b135800 JavaThread "Unconstrained build operations Thread 19" [_thread_blocked, id=19276, stack(0x000000ba84b00000,0x000000ba84c00000)]
  0x000001e00b136000 JavaThread "Unconstrained build operations Thread 20" [_thread_blocked, id=3012, stack(0x000000ba84c00000,0x000000ba84d00000)]
  0x000001e00b138800 JavaThread "Unconstrained build operations Thread 21" [_thread_blocked, id=6076, stack(0x000000ba84d00000,0x000000ba84e00000)]
  0x000001e00ad18800 JavaThread "Unconstrained build operations Thread 22" [_thread_blocked, id=16968, stack(0x000000ba84e00000,0x000000ba84f00000)]
  0x000001e00ad1b000 JavaThread "Unconstrained build operations Thread 23" [_thread_blocked, id=15624, stack(0x000000ba84f00000,0x000000ba85000000)]
  0x000001e00ad17000 JavaThread "Unconstrained build operations Thread 24" [_thread_blocked, id=12188, stack(0x000000ba85000000,0x000000ba85100000)]
  0x000001e00ad20000 JavaThread "Unconstrained build operations Thread 25" [_thread_blocked, id=14632, stack(0x000000ba85100000,0x000000ba85200000)]
  0x000001e00ad1e800 JavaThread "Unconstrained build operations Thread 26" [_thread_blocked, id=18628, stack(0x000000ba85200000,0x000000ba85300000)]
  0x000001e00ad22800 JavaThread "Unconstrained build operations Thread 27" [_thread_blocked, id=2372, stack(0x000000ba85300000,0x000000ba85400000)]
  0x000001e00ad1f800 JavaThread "Unconstrained build operations Thread 28" [_thread_blocked, id=10836, stack(0x000000ba85400000,0x000000ba85500000)]
  0x000001e00ad21000 JavaThread "Unconstrained build operations Thread 29" [_thread_blocked, id=13168, stack(0x000000ba85500000,0x000000ba85600000)]
  0x000001e00ad21800 JavaThread "Unconstrained build operations Thread 30" [_thread_blocked, id=17168, stack(0x000000ba85600000,0x000000ba85700000)]
  0x000001e00ad23800 JavaThread "Unconstrained build operations Thread 31" [_thread_blocked, id=15916, stack(0x000000ba85700000,0x000000ba85800000)]
  0x000001e00ad1d800 JavaThread "Unconstrained build operations Thread 32" [_thread_blocked, id=14308, stack(0x000000ba85800000,0x000000ba85900000)]
  0x000001e00ad24000 JavaThread "Unconstrained build operations Thread 33" [_thread_blocked, id=3536, stack(0x000000ba85900000,0x000000ba85a00000)]
  0x000001e00ad25000 JavaThread "Unconstrained build operations Thread 34" [_thread_blocked, id=6384, stack(0x000000ba85a00000,0x000000ba85b00000)]
  0x000001e00ad26000 JavaThread "Unconstrained build operations Thread 35" [_thread_blocked, id=520, stack(0x000000ba85b00000,0x000000ba85c00000)]
  0x000001e008c75000 JavaThread "Unconstrained build operations Thread 36" [_thread_blocked, id=7516, stack(0x000000ba85c00000,0x000000ba85d00000)]
  0x000001e008c74800 JavaThread "Unconstrained build operations Thread 37" [_thread_blocked, id=11232, stack(0x000000ba85d00000,0x000000ba85e00000)]
  0x000001e008c6f800 JavaThread "Unconstrained build operations Thread 38" [_thread_blocked, id=10768, stack(0x000000ba85e00000,0x000000ba85f00000)]
  0x000001e008c73800 JavaThread "Unconstrained build operations Thread 39" [_thread_blocked, id=5500, stack(0x000000ba85f00000,0x000000ba86000000)]
  0x000001e008c76000 JavaThread "Unconstrained build operations Thread 40" [_thread_blocked, id=15116, stack(0x000000ba86000000,0x000000ba86100000)]
  0x000001e008c70000 JavaThread "Unconstrained build operations Thread 41" [_thread_blocked, id=13136, stack(0x000000ba86100000,0x000000ba86200000)]
  0x000001e008c72000 JavaThread "Unconstrained build operations Thread 42" [_thread_blocked, id=7412, stack(0x000000ba86200000,0x000000ba86300000)]
  0x000001e008c72800 JavaThread "Unconstrained build operations Thread 43" [_thread_blocked, id=13028, stack(0x000000ba86300000,0x000000ba86400000)]
  0x000001e008c71000 JavaThread "Unconstrained build operations Thread 44" [_thread_blocked, id=1896, stack(0x000000ba86400000,0x000000ba86500000)]
  0x000001e008c77000 JavaThread "Unconstrained build operations Thread 45" [_thread_blocked, id=18228, stack(0x000000ba86500000,0x000000ba86600000)]
  0x000001e008c7e000 JavaThread "Unconstrained build operations Thread 46" [_thread_blocked, id=17828, stack(0x000000ba86600000,0x000000ba86700000)]
  0x000001e008c79000 JavaThread "Unconstrained build operations Thread 47" [_thread_blocked, id=13696, stack(0x000000ba86700000,0x000000ba86800000)]
  0x000001e008c7a000 JavaThread "Unconstrained build operations Thread 48" [_thread_blocked, id=18332, stack(0x000000ba86800000,0x000000ba86900000)]
  0x000001e00785b800 JavaThread "Unconstrained build operations Thread 49" [_thread_blocked, id=18400, stack(0x000000ba86900000,0x000000ba86a00000)]
  0x000001e00785c000 JavaThread "Unconstrained build operations Thread 50" [_thread_blocked, id=3820, stack(0x000000ba86a00000,0x000000ba86b00000)]
  0x000001e00785a800 JavaThread "Unconstrained build operations Thread 51" [_thread_blocked, id=10840, stack(0x000000ba86b00000,0x000000ba86c00000)]
  0x000001e00785e000 JavaThread "Unconstrained build operations Thread 52" [_thread_blocked, id=16316, stack(0x000000ba86c00000,0x000000ba86d00000)]
  0x000001e00785d000 JavaThread "Unconstrained build operations Thread 53" [_thread_blocked, id=448, stack(0x000000ba86d00000,0x000000ba86e00000)]
  0x000001e00785f800 JavaThread "Unconstrained build operations Thread 54" [_thread_blocked, id=19000, stack(0x000000ba86e00000,0x000000ba86f00000)]
  0x000001e007ce6000 JavaThread "Unconstrained build operations Thread 55" [_thread_blocked, id=16416, stack(0x000000ba86f00000,0x000000ba87000000)]
  0x000001e007ce2000 JavaThread "Unconstrained build operations Thread 56" [_thread_blocked, id=19272, stack(0x000000ba87000000,0x000000ba87100000)]
  0x000001e007ce7000 JavaThread "Unconstrained build operations Thread 57" [_thread_blocked, id=13776, stack(0x000000ba87100000,0x000000ba87200000)]
  0x000001e007cee000 JavaThread "Unconstrained build operations Thread 58" [_thread_blocked, id=6804, stack(0x000000ba87200000,0x000000ba87300000)]
  0x000001e007ced800 JavaThread "Unconstrained build operations Thread 59" [_thread_blocked, id=7684, stack(0x000000ba87300000,0x000000ba87400000)]
  0x000001e00a591800 JavaThread "Unconstrained build operations Thread 60" [_thread_blocked, id=15480, stack(0x000000ba87400000,0x000000ba87500000)]
  0x000001e00a58c000 JavaThread "Unconstrained build operations Thread 61" [_thread_blocked, id=2588, stack(0x000000ba87500000,0x000000ba87600000)]
  0x000001e00a592800 JavaThread "Unconstrained build operations Thread 62" [_thread_blocked, id=18192, stack(0x000000ba87600000,0x000000ba87700000)]
  0x000001e00a590000 JavaThread "Unconstrained build operations Thread 63" [_thread_blocked, id=7560, stack(0x000000ba87700000,0x000000ba87800000)]
  0x000001e00a58e800 JavaThread "Unconstrained build operations Thread 64" [_thread_blocked, id=17796, stack(0x000000ba87800000,0x000000ba87900000)]
  0x000001e00a58d000 JavaThread "Unconstrained build operations Thread 65" [_thread_blocked, id=18736, stack(0x000000ba87900000,0x000000ba87a00000)]
  0x000001e00a58d800 JavaThread "Unconstrained build operations Thread 66" [_thread_blocked, id=4832, stack(0x000000ba87a00000,0x000000ba87b00000)]
  0x000001e00a591000 JavaThread "Unconstrained build operations Thread 67" [_thread_blocked, id=19452, stack(0x000000ba87b00000,0x000000ba87c00000)]
  0x000001e00a58f800 JavaThread "Unconstrained build operations Thread 68" [_thread_blocked, id=3432, stack(0x000000ba87c00000,0x000000ba87d00000)]
  0x000001e0068bc800 JavaThread "Unconstrained build operations Thread 69" [_thread_blocked, id=15316, stack(0x000000ba87d00000,0x000000ba87e00000)]
  0x000001e0068ba000 JavaThread "Unconstrained build operations Thread 70" [_thread_blocked, id=3688, stack(0x000000ba87e00000,0x000000ba87f00000)]
  0x000001e0068bb000 JavaThread "Unconstrained build operations Thread 71" [_thread_blocked, id=18616, stack(0x000000ba87f00000,0x000000ba88000000)]
  0x000001e0068bb800 JavaThread "Unconstrained build operations Thread 72" [_thread_blocked, id=17312, stack(0x000000ba88000000,0x000000ba88100000)]
  0x000001e0068bd800 JavaThread "Unconstrained build operations Thread 73" [_thread_blocked, id=2888, stack(0x000000ba88100000,0x000000ba88200000)]
  0x000001e0068b7800 JavaThread "Unconstrained build operations Thread 74" [_thread_blocked, id=17456, stack(0x000000ba88200000,0x000000ba88300000)]
  0x000001e0068b9800 JavaThread "Unconstrained build operations Thread 75" [_thread_blocked, id=10784, stack(0x000000ba88300000,0x000000ba88400000)]
  0x000001e0068be000 JavaThread "Unconstrained build operations Thread 76" [_thread_blocked, id=16860, stack(0x000000ba88400000,0x000000ba88500000)]
  0x000001e0068b8800 JavaThread "Unconstrained build operations Thread 77" [_thread_blocked, id=15792, stack(0x000000ba88500000,0x000000ba88600000)]
  0x000001e0068c0800 JavaThread "Unconstrained build operations Thread 78" [_thread_blocked, id=17604, stack(0x000000ba88600000,0x000000ba88700000)]
  0x000001e0068c1800 JavaThread "Unconstrained build operations Thread 79" [_thread_blocked, id=11656, stack(0x000000ba88700000,0x000000ba88800000)]
  0x000001e0068c2000 JavaThread "Unconstrained build operations Thread 80" [_thread_blocked, id=17968, stack(0x000000ba88b00000,0x000000ba88c00000)]
  0x000001e0068c3000 JavaThread "build event listener" [_thread_blocked, id=18848, stack(0x000000ba88c00000,0x000000ba88d00000)]
  0x000001e0068c4000 JavaThread "pool-8-thread-1" [_thread_blocked, id=14712, stack(0x000000ba88f00000,0x000000ba89000000)]
  0x000001e0068c4800 JavaThread "build event listener" [_thread_blocked, id=10356, stack(0x000000ba89000000,0x000000ba89100000)]
  0x000001e0068bf000 JavaThread "included builds" [_thread_blocked, id=18560, stack(0x000000ba89100000,0x000000ba89200000)]
  0x000001e0068c5800 JavaThread "Execution worker" [_thread_blocked, id=7008, stack(0x000000ba89200000,0x000000ba89300000)]
  0x000001e0068c0000 JavaThread "Execution worker Thread 2" [_thread_blocked, id=14480, stack(0x000000ba89300000,0x000000ba89400000)]
  0x000001e0068c6800 JavaThread "Execution worker Thread 3" [_thread_blocked, id=1108, stack(0x000000ba89400000,0x000000ba89500000)]
  0x000001e0103eb800 JavaThread "Execution worker Thread 4" [_thread_blocked, id=4952, stack(0x000000ba89500000,0x000000ba89600000)]
  0x000001e0103ed800 JavaThread "Execution worker Thread 5" [_thread_blocked, id=2660, stack(0x000000ba89600000,0x000000ba89700000)]
  0x000001e0103ec800 JavaThread "Execution worker Thread 6" [_thread_blocked, id=8824, stack(0x000000ba89700000,0x000000ba89800000)]
  0x000001e0103ee000 JavaThread "Execution worker Thread 7" [_thread_blocked, id=16264, stack(0x000000ba89800000,0x000000ba89900000)]
  0x000001e0103ef000 JavaThread "Cache worker for execution history cache (C:\Users\mohit\AndroidStudioProjects\StickyNotes\.gradle\7.5\executionHistory)" [_thread_blocked, id=14152, stack(0x000000ba89900000,0x000000ba89a00000)]
  0x000001e0103ea000 JavaThread "WorkerExecutor Queue" [_thread_blocked, id=14572, stack(0x000000ba89a00000,0x000000ba89b00000)]
  0x000001e0103e9800 JavaThread "WorkerExecutor Queue Thread 2" [_thread_blocked, id=19236, stack(0x000000ba89b00000,0x000000ba89c00000)]
  0x000001e0103f0000 JavaThread "WorkerExecutor Queue Thread 3" [_thread_blocked, id=14132, stack(0x000000ba89c00000,0x000000ba89d00000)]
  0x000001e0103f0800 JavaThread "pool-9-thread-1" [_thread_blocked, id=14748, stack(0x000000ba89d00000,0x000000ba89e00000)]
  0x000001e0103eb000 JavaThread "stderr" [_thread_in_native, id=5980, stack(0x000000ba89e00000,0x000000ba89f00000)]
  0x000001e0103f4800 JavaThread "stdout" [_thread_in_native, id=17996, stack(0x000000ba89f00000,0x000000ba8a000000)]

Other Threads:
  0x000001e004812800 VMThread "VM Thread" [stack: 0x000000ba80800000,0x000000ba80900000] [id=19336]
  0x000001e0052fb000 WatcherThread [stack: 0x000000ba81200000,0x000000ba81300000] [id=19392]
  0x000001e06835f000 GCTaskThread "GC Thread#0" [stack: 0x000000ba80300000,0x000000ba80400000] [id=8016]
  0x000001e005f87000 GCTaskThread "GC Thread#1" [stack: 0x000000ba81500000,0x000000ba81600000] [id=18264]
  0x000001e006ba2800 GCTaskThread "GC Thread#2" [stack: 0x000000ba81700000,0x000000ba81800000] [id=16464]
  0x000001e005a76000 GCTaskThread "GC Thread#3" [stack: 0x000000ba81800000,0x000000ba81900000] [id=13196]
  0x000001e00764b800 GCTaskThread "GC Thread#4" [stack: 0x000000ba81900000,0x000000ba81a00000] [id=18632]
  0x000001e0077d4800 GCTaskThread "GC Thread#5" [stack: 0x000000ba81a00000,0x000000ba81b00000] [id=12464]
  0x000001e0077d8800 GCTaskThread "GC Thread#6" [stack: 0x000000ba81b00000,0x000000ba81c00000] [id=18984]
  0x000001e0077d9800 GCTaskThread "GC Thread#7" [stack: 0x000000ba81c00000,0x000000ba81d00000] [id=16128]
  0x000001e068390800 ConcurrentGCThread "G1 Main Marker" [stack: 0x000000ba80400000,0x000000ba80500000] [id=6392]
  0x000001e068391800 ConcurrentGCThread "G1 Conc#0" [stack: 0x000000ba80500000,0x000000ba80600000] [id=9112]
  0x000001e0077d5000 ConcurrentGCThread "G1 Conc#1" [stack: 0x000000ba82700000,0x000000ba82800000] [id=532]
  0x000001e06841e000 ConcurrentGCThread "G1 Refine#0" [stack: 0x000000ba80600000,0x000000ba80700000] [id=15060]
  0x000001e007ad0000 ConcurrentGCThread "G1 Refine#1" [stack: 0x000000ba82b00000,0x000000ba82c00000] [id=1436]
  0x000001e004662800 ConcurrentGCThread "G1 Young RemSet Sampling" [stack: 0x000000ba80700000,0x000000ba80800000] [id=14428]

Threads with active compile tasks:
C2 CompilerThread1   343071 13872   !   4       org.gradle.internal.instantiation.generator.DependencyInjectingInstantiator::doCreate (64 bytes)

VM state:not at safepoint (normal execution)

VM Mutex/Monitor currently owned by a thread: None

Heap address: 0x0000000080000000, size: 2048 MB, Compressed Oops mode: 32-bit
Narrow klass base: 0x0000000000000000, Narrow klass shift: 3
Compressed class space size: 1073741824 Address: 0x0000000100000000

Heap:
 garbage-first heap   total 177152K, used 110567K [0x0000000080000000, 0x0000000100000000)
  region size 1024K, 19 young (19456K), 6 survivors (6144K)
 Metaspace       used 102346K, capacity 105160K, committed 105392K, reserved 1140736K
  class space    used 12862K, capacity 13951K, committed 13976K, reserved 1048576K
Heap Regions: E=young(eden), S=young(survivor), O=old, HS=humongous(starts), HC=humongous(continues), CS=collection set, F=free, A=archive, TAMS=top-at-mark-start (previous, next)
|   0|0x0000000080000000, 0x0000000080100000, 0x0000000080100000|100%| O|  |TAMS 0x0000000080100000, 0x0000000080000000| Untracked 
|   1|0x0000000080100000, 0x0000000080200000, 0x0000000080200000|100%| O|  |TAMS 0x0000000080200000, 0x0000000080100000| Untracked 
|   2|0x0000000080200000, 0x0000000080300000, 0x0000000080300000|100%| O|  |TAMS 0x0000000080300000, 0x0000000080200000| Untracked 
|   3|0x0000000080300000, 0x0000000080400000, 0x0000000080400000|100%|HS|  |TAMS 0x0000000080400000, 0x0000000080300000| Complete 
|   4|0x0000000080400000, 0x0000000080500000, 0x0000000080500000|100%|HC|  |TAMS 0x0000000080500000, 0x0000000080400000| Complete 
|   5|0x0000000080500000, 0x0000000080600000, 0x0000000080600000|100%|HC|  |TAMS 0x0000000080600000, 0x0000000080500000| Complete 
|   6|0x0000000080600000, 0x0000000080700000, 0x0000000080700000|100%| O|  |TAMS 0x0000000080700000, 0x0000000080600000| Untracked 
|   7|0x0000000080700000, 0x0000000080800000, 0x0000000080800000|100%| O|  |TAMS 0x0000000080800000, 0x0000000080700000| Untracked 
|   8|0x0000000080800000, 0x0000000080900000, 0x0000000080900000|100%| O|  |TAMS 0x0000000080900000, 0x0000000080800000| Untracked 
|   9|0x0000000080900000, 0x0000000080a00000, 0x0000000080a00000|100%| O|  |TAMS 0x0000000080a00000, 0x0000000080900000| Untracked 
|  10|0x0000000080a00000, 0x0000000080b00000, 0x0000000080b00000|100%| O|  |TAMS 0x0000000080b00000, 0x0000000080a00000| Untracked 
|  11|0x0000000080b00000, 0x0000000080c00000, 0x0000000080c00000|100%| O|  |TAMS 0x0000000080c00000, 0x0000000080b00000| Untracked 
|  12|0x0000000080c00000, 0x0000000080d00000, 0x0000000080d00000|100%| O|  |TAMS 0x0000000080d00000, 0x0000000080c00000| Untracked 
|  13|0x0000000080d00000, 0x0000000080e00000, 0x0000000080e00000|100%| O|  |TAMS 0x0000000080e00000, 0x0000000080d00000| Untracked 
|  14|0x0000000080e00000, 0x0000000080f00000, 0x0000000080f00000|100%| O|  |TAMS 0x0000000080f00000, 0x0000000080e00000| Untracked 
|  15|0x0000000080f00000, 0x0000000081000000, 0x0000000081000000|100%| O|  |TAMS 0x0000000081000000, 0x0000000080f00000| Untracked 
|  16|0x0000000081000000, 0x0000000081100000, 0x0000000081100000|100%| O|  |TAMS 0x0000000081100000, 0x0000000081000000| Untracked 
|  17|0x0000000081100000, 0x0000000081200000, 0x0000000081200000|100%| O|  |TAMS 0x0000000081200000, 0x0000000081100000| Untracked 
|  18|0x0000000081200000, 0x0000000081300000, 0x0000000081300000|100%| O|  |TAMS 0x0000000081300000, 0x0000000081200000| Untracked 
|  19|0x0000000081300000, 0x0000000081400000, 0x0000000081400000|100%| O|  |TAMS 0x0000000081400000, 0x0000000081300000| Untracked 
|  20|0x0000000081400000, 0x0000000081500000, 0x0000000081500000|100%| O|  |TAMS 0x0000000081500000, 0x0000000081400000| Untracked 
|  21|0x0000000081500000, 0x0000000081600000, 0x0000000081600000|100%| O|  |TAMS 0x0000000081600000, 0x0000000081500000| Untracked 
|  22|0x0000000081600000, 0x0000000081700000, 0x0000000081700000|100%| O|  |TAMS 0x0000000081700000, 0x0000000081600000| Untracked 
|  23|0x0000000081700000, 0x0000000081800000, 0x0000000081800000|100%| O|  |TAMS 0x0000000081800000, 0x0000000081700000| Untracked 
|  24|0x0000000081800000, 0x0000000081900000, 0x0000000081900000|100%| O|  |TAMS 0x0000000081900000, 0x0000000081800000| Untracked 
|  25|0x0000000081900000, 0x0000000081a00000, 0x0000000081a00000|100%| O|  |TAMS 0x0000000081a00000, 0x0000000081900000| Untracked 
|  26|0x0000000081a00000, 0x0000000081b00000, 0x0000000081b00000|100%| O|  |TAMS 0x0000000081b00000, 0x0000000081a00000| Untracked 
|  27|0x0000000081b00000, 0x0000000081c00000, 0x0000000081c00000|100%| O|  |TAMS 0x0000000081c00000, 0x0000000081b00000| Untracked 
|  28|0x0000000081c00000, 0x0000000081d00000, 0x0000000081d00000|100%|HS|  |TAMS 0x0000000081d00000, 0x0000000081c00000| Complete 
|  29|0x0000000081d00000, 0x0000000081e00000, 0x0000000081e00000|100%|HS|  |TAMS 0x0000000081e00000, 0x0000000081d00000| Complete 
|  30|0x0000000081e00000, 0x0000000081f00000, 0x0000000081f00000|100%| O|  |TAMS 0x0000000081f00000, 0x0000000081e00000| Untracked 
|  31|0x0000000081f00000, 0x0000000082000000, 0x0000000082000000|100%| O|  |TAMS 0x0000000082000000, 0x0000000081f00000| Untracked 
|  32|0x0000000082000000, 0x0000000082100000, 0x0000000082100000|100%| O|  |TAMS 0x0000000082100000, 0x0000000082000000| Untracked 
|  33|0x0000000082100000, 0x0000000082200000, 0x0000000082200000|100%| O|  |TAMS 0x0000000082200000, 0x0000000082100000| Untracked 
|  34|0x0000000082200000, 0x0000000082300000, 0x0000000082300000|100%| O|  |TAMS 0x0000000082300000, 0x0000000082200000| Untracked 
|  35|0x0000000082300000, 0x0000000082400000, 0x0000000082400000|100%| O|  |TAMS 0x0000000082400000, 0x0000000082300000| Untracked 
|  36|0x0000000082400000, 0x0000000082500000, 0x0000000082500000|100%| O|  |TAMS 0x0000000082500000, 0x0000000082400000| Untracked 
|  37|0x0000000082500000, 0x0000000082600000, 0x0000000082600000|100%| O|  |TAMS 0x0000000082600000, 0x0000000082500000| Untracked 
|  38|0x0000000082600000, 0x0000000082700000, 0x0000000082700000|100%| O|  |TAMS 0x0000000082700000, 0x0000000082600000| Untracked 
|  39|0x0000000082700000, 0x0000000082800000, 0x0000000082800000|100%| O|  |TAMS 0x0000000082800000, 0x0000000082700000| Untracked 
|  40|0x0000000082800000, 0x0000000082900000, 0x0000000082900000|100%| O|  |TAMS 0x0000000082900000, 0x0000000082800000| Untracked 
|  41|0x0000000082900000, 0x0000000082a00000, 0x0000000082a00000|100%| O|  |TAMS 0x0000000082a00000, 0x0000000082900000| Untracked 
|  42|0x0000000082a00000, 0x0000000082b00000, 0x0000000082b00000|100%| O|  |TAMS 0x0000000082b00000, 0x0000000082a00000| Untracked 
|  43|0x0000000082b00000, 0x0000000082c00000, 0x0000000082c00000|100%| O|  |TAMS 0x0000000082c00000, 0x0000000082b00000| Untracked 
|  44|0x0000000082c00000, 0x0000000082d00000, 0x0000000082d00000|100%| O|  |TAMS 0x0000000082d00000, 0x0000000082c00000| Untracked 
|  45|0x0000000082d00000, 0x0000000082e00000, 0x0000000082e00000|100%| O|  |TAMS 0x0000000082e00000, 0x0000000082d00000| Untracked 
|  46|0x0000000082e00000, 0x0000000082f00000, 0x0000000082f00000|100%| O|  |TAMS 0x0000000082f00000, 0x0000000082e00000| Untracked 
|  47|0x0000000082f00000, 0x0000000083000000, 0x0000000083000000|100%| O|  |TAMS 0x0000000083000000, 0x0000000082f00000| Untracked 
|  48|0x0000000083000000, 0x0000000083100000, 0x0000000083100000|100%| O|  |TAMS 0x0000000083100000, 0x0000000083000000| Untracked 
|  49|0x0000000083100000, 0x0000000083200000, 0x0000000083200000|100%| O|  |TAMS 0x0000000083200000, 0x0000000083100000| Untracked 
|  50|0x0000000083200000, 0x0000000083300000, 0x0000000083300000|100%| O|  |TAMS 0x0000000083300000, 0x0000000083200000| Untracked 
|  51|0x0000000083300000, 0x0000000083400000, 0x0000000083400000|100%| O|  |TAMS 0x0000000083400000, 0x0000000083300000| Untracked 
|  52|0x0000000083400000, 0x0000000083500000, 0x0000000083500000|100%| O|  |TAMS 0x0000000083500000, 0x0000000083400000| Untracked 
|  53|0x0000000083500000, 0x0000000083600000, 0x0000000083600000|100%| O|  |TAMS 0x0000000083600000, 0x0000000083500000| Untracked 
|  54|0x0000000083600000, 0x0000000083700000, 0x0000000083700000|100%| O|  |TAMS 0x0000000083700000, 0x0000000083600000| Untracked 
|  55|0x0000000083700000, 0x0000000083800000, 0x0000000083800000|100%| O|  |TAMS 0x0000000083800000, 0x0000000083700000| Untracked 
|  56|0x0000000083800000, 0x0000000083900000, 0x0000000083900000|100%| O|  |TAMS 0x0000000083900000, 0x0000000083800000| Untracked 
|  57|0x0000000083900000, 0x0000000083a00000, 0x0000000083a00000|100%| O|  |TAMS 0x0000000083a00000, 0x0000000083900000| Untracked 
|  58|0x0000000083a00000, 0x0000000083b00000, 0x0000000083b00000|100%| O|  |TAMS 0x0000000083b00000, 0x0000000083a00000| Untracked 
|  59|0x0000000083b00000, 0x0000000083c00000, 0x0000000083c00000|100%| O|  |TAMS 0x0000000083c00000, 0x0000000083b00000| Untracked 
|  60|0x0000000083c00000, 0x0000000083d00000, 0x0000000083d00000|100%| O|  |TAMS 0x0000000083d00000, 0x0000000083c00000| Untracked 
|  61|0x0000000083d00000, 0x0000000083e00000, 0x0000000083e00000|100%| O|  |TAMS 0x0000000083e00000, 0x0000000083d00000| Untracked 
|  62|0x0000000083e00000, 0x0000000083f00000, 0x0000000083f00000|100%| O|  |TAMS 0x0000000083f00000, 0x0000000083e00000| Untracked 
|  63|0x0000000083f00000, 0x0000000084000000, 0x0000000084000000|100%| O|  |TAMS 0x0000000084000000, 0x0000000083f00000| Untracked 
|  64|0x0000000084000000, 0x0000000084100000, 0x0000000084100000|100%| O|  |TAMS 0x0000000084100000, 0x0000000084000000| Untracked 
|  65|0x0000000084100000, 0x0000000084200000, 0x0000000084200000|100%| O|  |TAMS 0x0000000084200000, 0x0000000084100000| Untracked 
|  66|0x0000000084200000, 0x0000000084300000, 0x0000000084300000|100%| O|  |TAMS 0x0000000084300000, 0x0000000084200000| Untracked 
|  67|0x0000000084300000, 0x0000000084400000, 0x0000000084400000|100%| O|  |TAMS 0x0000000084400000, 0x0000000084300000| Untracked 
|  68|0x0000000084400000, 0x0000000084500000, 0x0000000084500000|100%| O|  |TAMS 0x0000000084500000, 0x0000000084400000| Untracked 
|  69|0x0000000084500000, 0x0000000084600000, 0x0000000084600000|100%| O|  |TAMS 0x0000000084600000, 0x0000000084500000| Untracked 
|  70|0x0000000084600000, 0x0000000084700000, 0x0000000084700000|100%| O|  |TAMS 0x0000000084700000, 0x0000000084600000| Untracked 
|  71|0x0000000084700000, 0x0000000084800000, 0x0000000084800000|100%| O|  |TAMS 0x0000000084800000, 0x0000000084700000| Untracked 
|  72|0x0000000084800000, 0x0000000084900000, 0x0000000084900000|100%| O|  |TAMS 0x0000000084900000, 0x0000000084800000| Untracked 
|  73|0x0000000084900000, 0x0000000084a00000, 0x0000000084a00000|100%| O|  |TAMS 0x0000000084a00000, 0x0000000084900000| Untracked 
|  74|0x0000000084a00000, 0x0000000084b00000, 0x0000000084b00000|100%| O|  |TAMS 0x0000000084b00000, 0x0000000084a00000| Untracked 
|  75|0x0000000084b00000, 0x0000000084c00000, 0x0000000084c00000|100%| O|  |TAMS 0x0000000084c00000, 0x0000000084b00000| Untracked 
|  76|0x0000000084c00000, 0x0000000084d00000, 0x0000000084d00000|100%| O|  |TAMS 0x0000000084d00000, 0x0000000084c00000| Untracked 
|  77|0x0000000084d00000, 0x0000000084e00000, 0x0000000084e00000|100%| O|  |TAMS 0x0000000084e00000, 0x0000000084d00000| Untracked 
|  78|0x0000000084e00000, 0x0000000084f00000, 0x0000000084f00000|100%| O|  |TAMS 0x0000000084f00000, 0x0000000084e00000| Untracked 
|  79|0x0000000084f00000, 0x0000000085000000, 0x0000000085000000|100%| O|  |TAMS 0x0000000085000000, 0x0000000084f00000| Untracked 
|  80|0x0000000085000000, 0x0000000085100000, 0x0000000085100000|100%| O|  |TAMS 0x0000000085100000, 0x0000000085000000| Untracked 
|  81|0x0000000085100000, 0x0000000085200000, 0x0000000085200000|100%| O|  |TAMS 0x0000000085200000, 0x0000000085100000| Untracked 
|  82|0x0000000085200000, 0x0000000085300000, 0x0000000085300000|100%| O|  |TAMS 0x0000000085300000, 0x0000000085200000| Untracked 
|  83|0x0000000085300000, 0x0000000085400000, 0x0000000085400000|100%| O|  |TAMS 0x0000000085400000, 0x0000000085300000| Untracked 
|  84|0x0000000085400000, 0x0000000085500000, 0x0000000085500000|100%| O|  |TAMS 0x0000000085500000, 0x0000000085400000| Untracked 
|  85|0x0000000085500000, 0x0000000085600000, 0x0000000085600000|100%| O|  |TAMS 0x0000000085600000, 0x0000000085500000| Untracked 
|  86|0x0000000085600000, 0x0000000085700000, 0x0000000085700000|100%| O|  |TAMS 0x0000000085700000, 0x0000000085600000| Untracked 
|  87|0x0000000085700000, 0x0000000085800000, 0x0000000085800000|100%| O|  |TAMS 0x0000000085800000, 0x0000000085700000| Untracked 
|  88|0x0000000085800000, 0x0000000085900000, 0x0000000085900000|100%| O|  |TAMS 0x0000000085900000, 0x0000000085800000| Untracked 
|  89|0x0000000085900000, 0x00000000859f9c00, 0x0000000085a00000| 97%| O|  |TAMS 0x00000000859f9c00, 0x0000000085900000| Untracked 
|  90|0x0000000085a00000, 0x0000000085a00000, 0x0000000085b00000|  0%| F|  |TAMS 0x0000000085a00000, 0x0000000085a00000| Untracked 
|  91|0x0000000085b00000, 0x0000000085b00000, 0x0000000085c00000|  0%| F|  |TAMS 0x0000000085b00000, 0x0000000085b00000| Untracked 
|  92|0x0000000085c00000, 0x0000000085c00000, 0x0000000085d00000|  0%| F|  |TAMS 0x0000000085c00000, 0x0000000085c00000| Untracked 
|  93|0x0000000085d00000, 0x0000000085d00000, 0x0000000085e00000|  0%| F|  |TAMS 0x0000000085d00000, 0x0000000085d00000| Untracked 
|  94|0x0000000085e00000, 0x0000000085e00000, 0x0000000085f00000|  0%| F|  |TAMS 0x0000000085e00000, 0x0000000085e00000| Untracked 
|  95|0x0000000085f00000, 0x0000000085f00000, 0x0000000086000000|  0%| F|  |TAMS 0x0000000085f00000, 0x0000000085f00000| Untracked 
|  96|0x0000000086000000, 0x0000000086000000, 0x0000000086100000|  0%| F|  |TAMS 0x0000000086000000, 0x0000000086000000| Untracked 
|  97|0x0000000086100000, 0x0000000086100000, 0x0000000086200000|  0%| F|  |TAMS 0x0000000086100000, 0x0000000086100000| Untracked 
|  98|0x0000000086200000, 0x0000000086300000, 0x0000000086300000|100%| O|  |TAMS 0x0000000086300000, 0x0000000086200000| Untracked 
|  99|0x0000000086300000, 0x0000000086300000, 0x0000000086400000|  0%| F|  |TAMS 0x0000000086300000, 0x0000000086300000| Untracked 
| 100|0x0000000086400000, 0x0000000086400000, 0x0000000086500000|  0%| F|  |TAMS 0x0000000086400000, 0x0000000086400000| Untracked 
| 101|0x0000000086500000, 0x0000000086500000, 0x0000000086600000|  0%| F|  |TAMS 0x0000000086500000, 0x0000000086500000| Untracked 
| 102|0x0000000086600000, 0x0000000086600000, 0x0000000086700000|  0%| F|  |TAMS 0x0000000086600000, 0x0000000086600000| Untracked 
| 103|0x0000000086700000, 0x0000000086700000, 0x0000000086800000|  0%| F|  |TAMS 0x0000000086700000, 0x0000000086700000| Untracked 
| 104|0x0000000086800000, 0x0000000086800000, 0x0000000086900000|  0%| F|  |TAMS 0x0000000086800000, 0x0000000086800000| Untracked 
| 105|0x0000000086900000, 0x0000000086900000, 0x0000000086a00000|  0%| F|  |TAMS 0x0000000086900000, 0x0000000086900000| Untracked 
| 106|0x0000000086a00000, 0x0000000086a00000, 0x0000000086b00000|  0%| F|  |TAMS 0x0000000086a00000, 0x0000000086a00000| Untracked 
| 107|0x0000000086b00000, 0x0000000086b00000, 0x0000000086c00000|  0%| F|  |TAMS 0x0000000086b00000, 0x0000000086b00000| Untracked 
| 108|0x0000000086c00000, 0x0000000086c00000, 0x0000000086d00000|  0%| F|  |TAMS 0x0000000086c00000, 0x0000000086c00000| Untracked 
| 109|0x0000000086d00000, 0x0000000086d00000, 0x0000000086e00000|  0%| F|  |TAMS 0x0000000086d00000, 0x0000000086d00000| Untracked 
| 110|0x0000000086e00000, 0x0000000086e00000, 0x0000000086f00000|  0%| F|  |TAMS 0x0000000086e00000, 0x0000000086e00000| Untracked 
| 111|0x0000000086f00000, 0x0000000086f00000, 0x0000000087000000|  0%| F|  |TAMS 0x0000000086f00000, 0x0000000086f00000| Untracked 
| 112|0x0000000087000000, 0x0000000087000000, 0x0000000087100000|  0%| F|  |TAMS 0x0000000087000000, 0x0000000087000000| Untracked 
| 113|0x0000000087100000, 0x0000000087100000, 0x0000000087200000|  0%| F|  |TAMS 0x0000000087100000, 0x0000000087100000| Untracked 
| 114|0x0000000087200000, 0x0000000087200000, 0x0000000087300000|  0%| F|  |TAMS 0x0000000087200000, 0x0000000087200000| Untracked 
| 115|0x0000000087300000, 0x0000000087300000, 0x0000000087400000|  0%| F|  |TAMS 0x0000000087300000, 0x0000000087300000| Untracked 
| 116|0x0000000087400000, 0x0000000087400000, 0x0000000087500000|  0%| F|  |TAMS 0x0000000087400000, 0x0000000087400000| Untracked 
| 117|0x0000000087500000, 0x0000000087500000, 0x0000000087600000|  0%| F|  |TAMS 0x0000000087500000, 0x0000000087500000| Untracked 
| 118|0x0000000087600000, 0x0000000087600000, 0x0000000087700000|  0%| F|  |TAMS 0x0000000087600000, 0x0000000087600000| Untracked 
| 119|0x0000000087700000, 0x0000000087700000, 0x0000000087800000|  0%| F|  |TAMS 0x0000000087700000, 0x0000000087700000| Untracked 
| 120|0x0000000087800000, 0x0000000087800000, 0x0000000087900000|  0%| F|  |TAMS 0x0000000087800000, 0x0000000087800000| Untracked 
| 121|0x0000000087900000, 0x0000000087a00000, 0x0000000087a00000|100%| S|CS|TAMS 0x0000000087900000, 0x0000000087900000| Complete 
| 122|0x0000000087a00000, 0x0000000087b00000, 0x0000000087b00000|100%| S|CS|TAMS 0x0000000087a00000, 0x0000000087a00000| Complete 
| 123|0x0000000087b00000, 0x0000000087b00000, 0x0000000087c00000|  0%| F|  |TAMS 0x0000000087b00000, 0x0000000087b00000| Untracked 
| 124|0x0000000087c00000, 0x0000000087c00000, 0x0000000087d00000|  0%| F|  |TAMS 0x0000000087c00000, 0x0000000087c00000| Untracked 
| 125|0x0000000087d00000, 0x0000000087d00000, 0x0000000087e00000|  0%| F|  |TAMS 0x0000000087d00000, 0x0000000087d00000| Untracked 
| 126|0x0000000087e00000, 0x0000000087e00000, 0x0000000087f00000|  0%| F|  |TAMS 0x0000000087e00000, 0x0000000087e00000| Untracked 
| 127|0x0000000087f00000, 0x0000000088000000, 0x0000000088000000|100%| S|CS|TAMS 0x0000000087f00000, 0x0000000087f00000| Complete 
| 128|0x0000000088000000, 0x0000000088100000, 0x0000000088100000|100%| S|CS|TAMS 0x0000000088000000, 0x0000000088000000| Complete 
| 129|0x0000000088100000, 0x0000000088200000, 0x0000000088200000|100%| S|CS|TAMS 0x0000000088100000, 0x0000000088100000| Complete 
| 130|0x0000000088200000, 0x0000000088300000, 0x0000000088300000|100%| S|CS|TAMS 0x0000000088200000, 0x0000000088200000| Complete 
| 131|0x0000000088300000, 0x0000000088300000, 0x0000000088400000|  0%| F|  |TAMS 0x0000000088300000, 0x0000000088300000| Untracked 
| 132|0x0000000088400000, 0x0000000088400000, 0x0000000088500000|  0%| F|  |TAMS 0x0000000088400000, 0x0000000088400000| Untracked 
| 133|0x0000000088500000, 0x0000000088500000, 0x0000000088600000|  0%| F|  |TAMS 0x0000000088500000, 0x0000000088500000| Untracked 
| 134|0x0000000088600000, 0x0000000088600000, 0x0000000088700000|  0%| F|  |TAMS 0x0000000088600000, 0x0000000088600000| Untracked 
| 135|0x0000000088700000, 0x0000000088700000, 0x0000000088800000|  0%| F|  |TAMS 0x0000000088700000, 0x0000000088700000| Untracked 
| 136|0x0000000088800000, 0x0000000088800000, 0x0000000088900000|  0%| F|  |TAMS 0x0000000088800000, 0x0000000088800000| Untracked 
| 137|0x0000000088900000, 0x0000000088900000, 0x0000000088a00000|  0%| F|  |TAMS 0x0000000088900000, 0x0000000088900000| Untracked 
| 138|0x0000000088a00000, 0x0000000088a00000, 0x0000000088b00000|  0%| F|  |TAMS 0x0000000088a00000, 0x0000000088a00000| Untracked 
| 139|0x0000000088b00000, 0x0000000088b00000, 0x0000000088c00000|  0%| F|  |TAMS 0x0000000088b00000, 0x0000000088b00000| Untracked 
| 140|0x0000000088c00000, 0x0000000088c00000, 0x0000000088d00000|  0%| F|  |TAMS 0x0000000088c00000, 0x0000000088c00000| Untracked 
| 141|0x0000000088d00000, 0x0000000088d00000, 0x0000000088e00000|  0%| F|  |TAMS 0x0000000088d00000, 0x0000000088d00000| Untracked 
| 142|0x0000000088e00000, 0x0000000088e00000, 0x0000000088f00000|  0%| F|  |TAMS 0x0000000088e00000, 0x0000000088e00000| Untracked 
| 143|0x0000000088f00000, 0x0000000088f00000, 0x0000000089000000|  0%| F|  |TAMS 0x0000000088f00000, 0x0000000088f00000| Untracked 
| 144|0x0000000089000000, 0x0000000089000000, 0x0000000089100000|  0%| F|  |TAMS 0x0000000089000000, 0x0000000089000000| Untracked 
| 145|0x0000000089100000, 0x0000000089100000, 0x0000000089200000|  0%| F|  |TAMS 0x0000000089100000, 0x0000000089100000| Untracked 
| 146|0x0000000089200000, 0x0000000089200000, 0x0000000089300000|  0%| F|  |TAMS 0x0000000089200000, 0x0000000089200000| Untracked 
| 147|0x0000000089300000, 0x0000000089300000, 0x0000000089400000|  0%| F|  |TAMS 0x0000000089300000, 0x0000000089300000| Untracked 
| 148|0x0000000089400000, 0x0000000089400000, 0x0000000089500000|  0%| F|  |TAMS 0x0000000089400000, 0x0000000089400000| Untracked 
| 149|0x0000000089500000, 0x0000000089500000, 0x0000000089600000|  0%| F|  |TAMS 0x0000000089500000, 0x0000000089500000| Untracked 
| 150|0x0000000089600000, 0x0000000089600000, 0x0000000089700000|  0%| F|  |TAMS 0x0000000089600000, 0x0000000089600000| Untracked 
| 151|0x0000000089700000, 0x0000000089700000, 0x0000000089800000|  0%| F|  |TAMS 0x0000000089700000, 0x0000000089700000| Untracked 
| 152|0x0000000089800000, 0x0000000089800000, 0x0000000089900000|  0%| F|  |TAMS 0x0000000089800000, 0x0000000089800000| Untracked 
| 153|0x0000000089900000, 0x0000000089900000, 0x0000000089a00000|  0%| F|  |TAMS 0x0000000089900000, 0x0000000089900000| Untracked 
| 154|0x0000000089a00000, 0x0000000089a00000, 0x0000000089b00000|  0%| F|  |TAMS 0x0000000089a00000, 0x0000000089a00000| Untracked 
| 155|0x0000000089b00000, 0x0000000089b00000, 0x0000000089c00000|  0%| F|  |TAMS 0x0000000089b00000, 0x0000000089b00000| Untracked 
| 156|0x0000000089c00000, 0x0000000089c00000, 0x0000000089d00000|  0%| F|  |TAMS 0x0000000089c00000, 0x0000000089c00000| Untracked 
| 157|0x0000000089d00000, 0x0000000089d00000, 0x0000000089e00000|  0%| F|  |TAMS 0x0000000089d00000, 0x0000000089d00000| Untracked 
| 158|0x0000000089e00000, 0x0000000089e00000, 0x0000000089f00000|  0%| F|  |TAMS 0x0000000089e00000, 0x0000000089e00000| Untracked 
| 159|0x0000000089f00000, 0x0000000089f00000, 0x000000008a000000|  0%| F|  |TAMS 0x0000000089f00000, 0x0000000089f00000| Untracked 
| 160|0x000000008a000000, 0x000000008a0ee418, 0x000000008a100000| 93%| E|  |TAMS 0x000000008a000000, 0x000000008a000000| Complete 
| 161|0x000000008a100000, 0x000000008a200000, 0x000000008a200000|100%| E|CS|TAMS 0x000000008a100000, 0x000000008a100000| Complete 
| 162|0x000000008a200000, 0x000000008a300000, 0x000000008a300000|100%| E|CS|TAMS 0x000000008a200000, 0x000000008a200000| Complete 
| 163|0x000000008a300000, 0x000000008a400000, 0x000000008a400000|100%| E|CS|TAMS 0x000000008a300000, 0x000000008a300000| Complete 
| 164|0x000000008a400000, 0x000000008a500000, 0x000000008a500000|100%| E|CS|TAMS 0x000000008a400000, 0x000000008a400000| Complete 
| 165|0x000000008a500000, 0x000000008a600000, 0x000000008a600000|100%| E|CS|TAMS 0x000000008a500000, 0x000000008a500000| Complete 
| 166|0x000000008a600000, 0x000000008a700000, 0x000000008a700000|100%| E|CS|TAMS 0x000000008a600000, 0x000000008a600000| Complete 
| 167|0x000000008a700000, 0x000000008a800000, 0x000000008a800000|100%| E|CS|TAMS 0x000000008a700000, 0x000000008a700000| Complete 
| 168|0x000000008a800000, 0x000000008a900000, 0x000000008a900000|100%| E|  |TAMS 0x000000008a800000, 0x000000008a800000| Complete 
| 169|0x000000008a900000, 0x000000008aa00000, 0x000000008aa00000|100%| E|CS|TAMS 0x000000008a900000, 0x000000008a900000| Complete 
| 170|0x000000008aa00000, 0x000000008ab00000, 0x000000008ab00000|100%| E|CS|TAMS 0x000000008aa00000, 0x000000008aa00000| Complete 
| 171|0x000000008ab00000, 0x000000008ac00000, 0x000000008ac00000|100%| E|CS|TAMS 0x000000008ab00000, 0x000000008ab00000| Complete 
| 172|0x000000008ac00000, 0x000000008ad00000, 0x000000008ad00000|100%| E|CS|TAMS 0x000000008ac00000, 0x000000008ac00000| Complete 

Card table byte_map: [0x000001e07d4c0000,0x000001e07d8c0000] _byte_map_base: 0x000001e07d0c0000

Marking Bits (Prev, Next): (CMBitMap*) 0x000001e0683877d8, (CMBitMap*) 0x000001e068387810
 Prev Bits: [0x000001e07dcc0000, 0x000001e07fcc0000)
 Next Bits: [0x000001e000000000, 0x000001e002000000)

Polling page: 0x000001e068420000

Metaspace:

Usage:
  Non-class:     89.07 MB capacity,    87.39 MB ( 98%) used,     1.36 MB (  2%) free+waste,   330.38 KB ( <1%) overhead. 
      Class:     13.62 MB capacity,    12.56 MB ( 92%) used,   940.89 KB (  7%) free+waste,   147.25 KB (  1%) overhead. 
       Both:    102.70 MB capacity,    99.95 MB ( 97%) used,     2.28 MB (  2%) free+waste,   477.62 KB ( <1%) overhead. 

Virtual space:
  Non-class space:       90.00 MB reserved,      89.27 MB (>99%) committed 
      Class space:        1.00 GB reserved,      13.65 MB (  1%) committed 
             Both:        1.09 GB reserved,     102.92 MB (  9%) committed 

Chunk freelists:
   Non-Class:  15.00 KB
       Class:  0 bytes
        Both:  15.00 KB

MaxMetaspaceSize: 17179869184.00 GB
CompressedClassSpaceSize: 1.00 GB
Initial GC threshold: 20.80 MB
Current GC threshold: 171.12 MB
CDS: off

CodeHeap 'non-profiled nmethods': size=120000Kb used=8745Kb max_used=8745Kb free=111254Kb
 bounds [0x000001e075130000, 0x000001e0759c0000, 0x000001e07c660000]
CodeHeap 'profiled nmethods': size=120000Kb used=29754Kb max_used=29754Kb free=90245Kb
 bounds [0x000001e06dc00000, 0x000001e06f910000, 0x000001e075130000]
CodeHeap 'non-nmethods': size=5760Kb used=2409Kb max_used=2476Kb free=3350Kb
 bounds [0x000001e06d660000, 0x000001e06d8d0000, 0x000001e06dc00000]
 total_blobs=14850 nmethods=13910 adapters=852
 compilation: enabled
              stopped_count=0, restarted_count=0
 full_count=0

Compilation events (20 events):
Event: 341.869 Thread 0x000001e004846000 nmethod 14029 0x000001e06f909610 code [0x000001e06f9097c0, 0x000001e06f909948]
Event: 341.914 Thread 0x000001e004846000 14031       2       java.io.ObjectStreamField::<init> (264 bytes)
Event: 341.916 Thread 0x000001e004846000 nmethod 14031 0x000001e06f909a10 code [0x000001e06f909c60, 0x000001e06f90a628]
Event: 341.916 Thread 0x000001e004846000 14033       2       java.io.ObjectStreamClass$FieldReflectorKey::<init> (102 bytes)
Event: 341.919 Thread 0x000001e004846000 nmethod 14033 0x000001e06f90a910 code [0x000001e06f90ab20, 0x000001e06f90b108]
Event: 341.919 Thread 0x000001e004846000 14032   !   2       java.io.ObjectStreamClass::getReflector (335 bytes)
Event: 341.923 Thread 0x000001e004846000 nmethod 14032 0x000001e06f90b390 code [0x000001e06f90b700, 0x000001e06f90cc98]
Event: 341.998 Thread 0x000001e004846000 14034   !   2       java.lang.ThreadGroup::add (110 bytes)
Event: 342.000 Thread 0x000001e004846000 nmethod 14034 0x000001e06f90d610 code [0x000001e06f90d800, 0x000001e06f90de18]
Event: 342.289 Thread 0x000001e004846000 14036       2       java.util.TimSort::mergeAt (358 bytes)
Event: 342.291 Thread 0x000001e004846000 nmethod 14036 0x000001e06f90e190 code [0x000001e06f90e3a0, 0x000001e06f90e798]
Event: 342.819 Thread 0x000001e010523800 nmethod 13850 0x000001e075991690 code [0x000001e075991e60, 0x000001e07599ccb0]
Event: 342.819 Thread 0x000001e010523800 14021   !   4       org.gradle.internal.serialize.kryo.StringDeduplicatingKryoBackedDecoder::readNullableString (110 bytes)
Event: 342.852 Thread 0x000001e010523800 nmethod 14021 0x000001e0759a3790 code [0x000001e0759a3a00, 0x000001e0759a4800]
Event: 342.852 Thread 0x000001e010523800 14022       4       com.esotericsoftware.kryo.io.Input::readInt (70 bytes)
Event: 342.865 Thread 0x000001e010523800 nmethod 14022 0x000001e0759a4f90 code [0x000001e0759a51a0, 0x000001e0759a5790]
Event: 342.865 Thread 0x000001e010523800 14007       4       com.google.common.collect.IndexedImmutableSet$1::size (8 bytes)
Event: 342.866 Thread 0x000001e010523800 nmethod 14007 0x000001e0759a5b90 code [0x000001e0759a5d20, 0x000001e0759a5dd8]
Event: 342.867 Thread 0x000001e010523800 13872   !   4       org.gradle.internal.instantiation.generator.DependencyInjectingInstantiator::doCreate (64 bytes)
Event: 342.980 Thread 0x000001e00483f800 nmethod 13941 0x000001e0759a5f10 code [0x000001e0759a6860, 0x000001e0759b4278]

GC Heap History (20 events):
Event: 22.121 GC heap before
{Heap before GC invocations=19 (full 0):
 garbage-first heap   total 177152K, used 137073K [0x0000000080000000, 0x0000000100000000)
  region size 1024K, 86 young (88064K), 11 survivors (11264K)
 Metaspace       used 81421K, capacity 83418K, committed 83632K, reserved 1122304K
  class space    used 10606K, capacity 11344K, committed 11416K, reserved 1048576K
}
Event: 22.141 GC heap after
{Heap after GC invocations=20 (full 0):
 garbage-first heap   total 177152K, used 66498K [0x0000000080000000, 0x0000000100000000)
  region size 1024K, 11 young (11264K), 11 survivors (11264K)
 Metaspace       used 81421K, capacity 83418K, committed 83632K, reserved 1122304K
  class space    used 10606K, capacity 11344K, committed 11416K, reserved 1048576K
}
Event: 23.159 GC heap before
{Heap before GC invocations=20 (full 0):
 garbage-first heap   total 177152K, used 138178K [0x0000000080000000, 0x0000000100000000)
  region size 1024K, 82 young (83968K), 11 survivors (11264K)
 Metaspace       used 84754K, capacity 87031K, committed 87216K, reserved 1124352K
  class space    used 11034K, capacity 11883K, committed 11928K, reserved 1048576K
}
Event: 23.175 GC heap after
{Heap after GC invocations=21 (full 0):
 garbage-first heap   total 177152K, used 76749K [0x0000000080000000, 0x0000000100000000)
  region size 1024K, 11 young (11264K), 11 survivors (11264K)
 Metaspace       used 84754K, capacity 87031K, committed 87216K, reserved 1124352K
  class space    used 11034K, capacity 11883K, committed 11928K, reserved 1048576K
}
Event: 23.985 GC heap before
{Heap before GC invocations=21 (full 0):
 garbage-first heap   total 177152K, used 138189K [0x0000000080000000, 0x0000000100000000)
  region size 1024K, 72 young (73728K), 11 survivors (11264K)
 Metaspace       used 86166K, capacity 88710K, committed 88752K, reserved 1126400K
  class space    used 11220K, capacity 12169K, committed 12184K, reserved 1048576K
}
Event: 24.005 GC heap after
{Heap after GC invocations=22 (full 0):
 garbage-first heap   total 177152K, used 81558K [0x0000000080000000, 0x0000000100000000)
  region size 1024K, 5 young (5120K), 5 survivors (5120K)
 Metaspace       used 86166K, capacity 88710K, committed 88752K, reserved 1126400K
  class space    used 11220K, capacity 12169K, committed 12184K, reserved 1048576K
}
Event: 24.941 GC heap before
{Heap before GC invocations=22 (full 0):
 garbage-first heap   total 177152K, used 140950K [0x0000000080000000, 0x0000000100000000)
  region size 1024K, 64 young (65536K), 5 survivors (5120K)
 Metaspace       used 90625K, capacity 93200K, committed 93488K, reserved 1130496K
  class space    used 11779K, capacity 12735K, committed 12824K, reserved 1048576K
}
Event: 24.948 GC heap after
{Heap after GC invocations=23 (full 0):
 garbage-first heap   total 177152K, used 83688K [0x0000000080000000, 0x0000000100000000)
  region size 1024K, 3 young (3072K), 3 survivors (3072K)
 Metaspace       used 90625K, capacity 93200K, committed 93488K, reserved 1130496K
  class space    used 11779K, capacity 12735K, committed 12824K, reserved 1048576K
}
Event: 25.606 GC heap before
{Heap before GC invocations=23 (full 0):
 garbage-first heap   total 177152K, used 143080K [0x0000000080000000, 0x0000000100000000)
  region size 1024K, 62 young (63488K), 3 survivors (3072K)
 Metaspace       used 93146K, capacity 95789K, committed 96048K, reserved 1132544K
  class space    used 12072K, capacity 13053K, committed 13080K, reserved 1048576K
}
Event: 25.620 GC heap after
{Heap after GC invocations=24 (full 0):
 garbage-first heap   total 177152K, used 87125K [0x0000000080000000, 0x0000000100000000)
  region size 1024K, 6 young (6144K), 6 survivors (6144K)
 Metaspace       used 93146K, capacity 95789K, committed 96048K, reserved 1132544K
  class space    used 12072K, capacity 13053K, committed 13080K, reserved 1048576K
}
Event: 26.424 GC heap before
{Heap before GC invocations=25 (full 0):
 garbage-first heap   total 177152K, used 144469K [0x0000000080000000, 0x0000000100000000)
  region size 1024K, 63 young (64512K), 6 survivors (6144K)
 Metaspace       used 93350K, capacity 95828K, committed 96432K, reserved 1132544K
  class space    used 12017K, capacity 12968K, committed 13208K, reserved 1048576K
}
Event: 26.436 GC heap after
{Heap after GC invocations=26 (full 0):
 garbage-first heap   total 177152K, used 91158K [0x0000000080000000, 0x0000000100000000)
  region size 1024K, 8 young (8192K), 8 survivors (8192K)
 Metaspace       used 93350K, capacity 95828K, committed 96432K, reserved 1132544K
  class space    used 12017K, capacity 12968K, committed 13208K, reserved 1048576K
}
Event: 31.782 GC heap before
{Heap before GC invocations=26 (full 0):
 garbage-first heap   total 177152K, used 145430K [0x0000000080000000, 0x0000000100000000)
  region size 1024K, 62 young (63488K), 8 survivors (8192K)
 Metaspace       used 95158K, capacity 97834K, committed 98096K, reserved 1134592K
  class space    used 12222K, capacity 13205K, committed 13336K, reserved 1048576K
}
Event: 31.796 GC heap after
{Heap after GC invocations=27 (full 0):
 garbage-first heap   total 177152K, used 94208K [0x0000000080000000, 0x0000000100000000)
  region size 1024K, 7 young (7168K), 7 survivors (7168K)
 Metaspace       used 95158K, capacity 97834K, committed 98096K, reserved 1134592K
  class space    used 12222K, capacity 13205K, committed 13336K, reserved 1048576K
}
Event: 32.595 GC heap before
{Heap before GC invocations=28 (full 0):
 garbage-first heap   total 177152K, used 113664K [0x0000000080000000, 0x0000000100000000)
  region size 1024K, 28 young (28672K), 7 survivors (7168K)
 Metaspace       used 97154K, capacity 99839K, committed 100144K, reserved 1136640K
  class space    used 12477K, capacity 13506K, committed 13592K, reserved 1048576K
}
Event: 32.607 GC heap after
{Heap after GC invocations=29 (full 0):
 garbage-first heap   total 177152K, used 96340K [0x0000000080000000, 0x0000000100000000)
  region size 1024K, 6 young (6144K), 6 survivors (6144K)
 Metaspace       used 97154K, capacity 99839K, committed 100144K, reserved 1136640K
  class space    used 12477K, capacity 13506K, committed 13592K, reserved 1048576K
}
Event: 339.457 GC heap before
{Heap before GC invocations=30 (full 0):
 garbage-first heap   total 177152K, used 145492K [0x0000000080000000, 0x0000000100000000)
  region size 1024K, 46 young (47104K), 6 survivors (6144K)
 Metaspace       used 101472K, capacity 104149K, committed 104368K, reserved 1140736K
  class space    used 12847K, capacity 13923K, committed 13976K, reserved 1048576K
}
Event: 339.468 GC heap after
{Heap after GC invocations=31 (full 0):
 garbage-first heap   total 177152K, used 95845K [0x0000000080000000, 0x0000000100000000)
  region size 1024K, 4 young (4096K), 4 survivors (4096K)
 Metaspace       used 101472K, capacity 104149K, committed 104368K, reserved 1140736K
  class space    used 12847K, capacity 13923K, committed 13976K, reserved 1048576K
}
Event: 341.262 GC heap before
{Heap before GC invocations=31 (full 0):
 garbage-first heap   total 177152K, used 137829K [0x0000000080000000, 0x0000000100000000)
  region size 1024K, 46 young (47104K), 4 survivors (4096K)
 Metaspace       used 102234K, capacity 105065K, committed 105136K, reserved 1140736K
  class space    used 12860K, capacity 13947K, committed 13976K, reserved 1048576K
}
Event: 341.288 GC heap after
{Heap after GC invocations=32 (full 0):
 garbage-first heap   total 177152K, used 99303K [0x0000000080000000, 0x0000000100000000)
  region size 1024K, 6 young (6144K), 6 survivors (6144K)
 Metaspace       used 102234K, capacity 105065K, committed 105136K, reserved 1140736K
  class space    used 12860K, capacity 13947K, committed 13976K, reserved 1048576K
}

Deoptimization events (20 events):
Event: 340.411 Thread 0x000001e0068bc800 Uncommon trap: trap_request=0xffffff4d fr.pc=0x000001e07545e964 relative=0x0000000000000304
Event: 340.412 Thread 0x000001e0068bc800 Uncommon trap: reason=unstable_if action=reinterpret pc=0x000001e07545e964 method=java.util.concurrent.ConcurrentHashMap.addCount(JI)V @ 168 c2
Event: 340.412 Thread 0x000001e0068bc800 DEOPT PACKING pc=0x000001e07545e964 sp=0x000000ba87dfdfb0
Event: 340.412 Thread 0x000001e0068bc800 DEOPT UNPACKING pc=0x000001e06d6aa1af sp=0x000000ba87dfdef0 mode 2
Event: 341.172 Thread 0x000001e0068c5800 Uncommon trap: trap_request=0xffffffc6 fr.pc=0x000001e0754dbd34 relative=0x0000000000000354
Event: 341.172 Thread 0x000001e0068c5800 Uncommon trap: reason=bimorphic_or_optimized_type_check action=maybe_recompile pc=0x000001e0754dbd34 method=java.util.ArrayList$ArrayListSpliterator.tryAdvance(Ljava/util/function/Consumer;)Z @ 48 c2
Event: 341.172 Thread 0x000001e0068c5800 DEOPT PACKING pc=0x000001e0754dbd34 sp=0x000000ba892fc350
Event: 341.172 Thread 0x000001e0068c5800 DEOPT UNPACKING pc=0x000001e06d6aa1af sp=0x000000ba892fc2e0 mode 2
Event: 341.218 Thread 0x000001e0103ea000 DEOPT PACKING pc=0x000001e06f0e2b9e sp=0x000000ba89afd4f0
Event: 341.218 Thread 0x000001e0103ea000 DEOPT UNPACKING pc=0x000001e06d6aa95e sp=0x000000ba89afca30 mode 0
Event: 341.456 Thread 0x000001e0103ec800 DEOPT PACKING pc=0x000001e06f2b4155 sp=0x000000ba897fb130
Event: 341.456 Thread 0x000001e0103ec800 DEOPT UNPACKING pc=0x000001e06d6aa95e sp=0x000000ba897fa650 mode 0
Event: 341.694 Thread 0x000001e0052e4000 Uncommon trap: trap_request=0xffffffde fr.pc=0x000001e07526ba6c relative=0x000000000000052c
Event: 341.694 Thread 0x000001e0052e4000 Uncommon trap: reason=class_check action=maybe_recompile pc=0x000001e07526ba6c method=jdk.internal.ref.PhantomCleanable.clean()V @ 12 c2
Event: 341.694 Thread 0x000001e0052e4000 DEOPT PACKING pc=0x000001e07526ba6c sp=0x000000ba811ff0a0
Event: 341.694 Thread 0x000001e0052e4000 DEOPT UNPACKING pc=0x000001e06d6aa1af sp=0x000000ba811ff080 mode 2
Event: 341.904 Thread 0x000001e0068c5800 Uncommon trap: trap_request=0xffffffc6 fr.pc=0x000001e0754dbd34 relative=0x0000000000000354
Event: 341.904 Thread 0x000001e0068c5800 Uncommon trap: reason=bimorphic_or_optimized_type_check action=maybe_recompile pc=0x000001e0754dbd34 method=java.util.ArrayList$ArrayListSpliterator.tryAdvance(Ljava/util/function/Consumer;)Z @ 48 c2
Event: 341.904 Thread 0x000001e0068c5800 DEOPT PACKING pc=0x000001e0754dbd34 sp=0x000000ba892fc2c0
Event: 341.904 Thread 0x000001e0068c5800 DEOPT UNPACKING pc=0x000001e06d6aa1af sp=0x000000ba892fc250 mode 2

Classes redefined (0 events):
No events

Internal exceptions (20 events):
Event: 32.179 Thread 0x000001e007b65800 Exception <a 'sun/nio/fs/WindowsException'{0x000000008a391740}> (0x000000008a391740) thrown at [src/hotspot/share/prims/jni.cpp, line 617]
Event: 32.191 Thread 0x000001e007b65800 Implicit null exception at 0x000001e07529e8b0 to 0x000001e0752a14a8
Event: 32.301 Thread 0x000001e007b65800 Exception <a 'java/lang/NoSuchMethodError'{0x000000008a251908}: 'java.lang.Object java.lang.invoke.DirectMethodHandle$Holder.invokeStatic(java.lang.Object, java.lang.Object, java.lang.Object, java.lang.Object, java.lang.Object, int, java.lang.Object)'> (0x000000008a251908) thrown at [src/hotspot/share/interpreter/linkResolver.cpp, line 773]
Event: 32.302 Thread 0x000001e007b65800 Exception <a 'java/lang/NoSuchMethodError'{0x000000008a259530}: 'java.lang.Object java.lang.invoke.Invokers$Holder.linkToTargetMethod(java.lang.Object, java.lang.Object, java.lang.Object, java.lang.Object, int, java.lang.Object, java.lang.Object)'> (0x000000008a259530) thrown at [src/hotspot/share/interpreter/linkResolver.cpp, line 773]
Event: 32.445 Thread 0x000001e007b65800 Exception <a 'java/lang/NoSuchMethodError'{0x0000000089e91f40}: 'java.lang.Object java.lang.invoke.DirectMethodHandle$Holder.invokeStatic(java.lang.Object, java.lang.Object, java.lang.Object, java.lang.Object, java.lang.Object, java.lang.Object, java.lang.Object, int)'> (0x0000000089e91f40) thrown at [src/hotspot/share/interpreter/linkResolver.cpp, line 773]
Event: 32.446 Thread 0x000001e007b65800 Exception <a 'java/lang/NoSuchMethodError'{0x0000000089e96db0}: 'java.lang.Object java.lang.invoke.DirectMethodHandle$Holder.invokeSpecial(java.lang.Object, java.lang.Object, java.lang.Object, java.lang.Object, java.lang.Object, java.lang.Object, java.lang.Object, java.lang.Object, int)'> (0x0000000089e96db0) thrown at [src/hotspot/share/interpreter/linkResolver.cpp, line 773]
Event: 32.446 Thread 0x000001e007b65800 Exception <a 'java/lang/NoSuchMethodError'{0x0000000089e9b2e8}: 'java.lang.Object java.lang.invoke.Invokers$Holder.linkToTargetMethod(java.lang.Object, java.lang.Object, java.lang.Object, java.lang.Object, java.lang.Object, java.lang.Object, int, java.lang.Object)'> (0x0000000089e9b2e8) thrown at [src/hotspot/share/interpreter/linkResolver.cpp, line 773]
Event: 32.778 Thread 0x000001e00b12a800 Exception <a 'sun/nio/fs/WindowsException'{0x000000008a998da0}> (0x000000008a998da0) thrown at [src/hotspot/share/prims/jni.cpp, line 617]
Event: 32.795 Thread 0x000001e00785f800 Exception <a 'sun/nio/fs/WindowsException'{0x000000008a83c9d8}> (0x000000008a83c9d8) thrown at [src/hotspot/share/prims/jni.cpp, line 617]
Event: 32.795 Thread 0x000001e00785f800 Exception <a 'sun/nio/fs/WindowsException'{0x000000008a83ca60}> (0x000000008a83ca60) thrown at [src/hotspot/share/prims/jni.cpp, line 617]
Event: 32.796 Thread 0x000001e00785f800 Exception <a 'sun/nio/fs/WindowsException'{0x000000008a83e428}> (0x000000008a83e428) thrown at [src/hotspot/share/prims/jni.cpp, line 617]
Event: 34.546 Thread 0x000001e007859000 Implicit null exception at 0x000001e075472cf7 to 0x000001e075473340
Event: 339.760 Thread 0x000001e007b5e800 Exception <a 'sun/nio/fs/WindowsException'{0x000000008a0a3810}> (0x000000008a0a3810) thrown at [src/hotspot/share/prims/jni.cpp, line 617]
Event: 339.911 Thread 0x000001e007b5e800 Exception <a 'java/lang/NoClassDefFoundError'{0x0000000089c82a10}: org/jetbrains/kotlin/gradle/plugin/KotlinBasePluginWrapper> (0x0000000089c82a10) thrown at [src/hotspot/share/oops/constantPool.cpp, line 775]
Event: 339.964 Thread 0x000001e007b5e800 Exception <a 'sun/nio/fs/WindowsException'{0x0000000089bd78a8}> (0x0000000089bd78a8) thrown at [src/hotspot/share/prims/jni.cpp, line 617]
Event: 339.981 Thread 0x000001e007b5e800 Exception <a 'sun/nio/fs/WindowsException'{0x0000000089a7f950}> (0x0000000089a7f950) thrown at [src/hotspot/share/prims/jni.cpp, line 617]
Event: 339.982 Thread 0x000001e007b5e800 Exception <a 'sun/nio/fs/WindowsException'{0x0000000089a80cc8}> (0x0000000089a80cc8) thrown at [src/hotspot/share/prims/jni.cpp, line 617]
Event: 339.982 Thread 0x000001e007b5e800 Exception <a 'sun/nio/fs/WindowsException'{0x0000000089a82090}> (0x0000000089a82090) thrown at [src/hotspot/share/prims/jni.cpp, line 617]
Event: 339.982 Thread 0x000001e007b5e800 Exception <a 'sun/nio/fs/WindowsException'{0x0000000089a83458}> (0x0000000089a83458) thrown at [src/hotspot/share/prims/jni.cpp, line 617]
Event: 340.159 Thread 0x000001e007b5e800 Exception <a 'sun/nio/fs/WindowsException'{0x00000000896c3820}> (0x00000000896c3820) thrown at [src/hotspot/share/prims/jni.cpp, line 617]

Events (20 events):
Event: 341.211 Executing VM operation: RevokeBias done
Event: 341.211 Executing VM operation: RevokeBias
Event: 341.212 Executing VM operation: RevokeBias done
Event: 341.262 Executing VM operation: G1CollectForAllocation
Event: 341.288 Executing VM operation: G1CollectForAllocation done
Event: 341.494 Executing VM operation: RevokeBias
Event: 341.495 Executing VM operation: RevokeBias done
Event: 341.586 Executing VM operation: RevokeBias
Event: 341.588 Executing VM operation: RevokeBias done
Event: 341.624 Thread 0x000001e0103e9800 Thread added: 0x000001e0103e9800
Event: 341.653 Executing VM operation: CGC_Operation
Event: 341.682 Executing VM operation: CGC_Operation done
Event: 341.783 Executing VM operation: CGC_Operation
Event: 341.784 Executing VM operation: CGC_Operation done
Event: 341.913 Thread 0x000001e0103f0000 Thread added: 0x000001e0103f0000
Event: 341.916 Executing VM operation: RevokeBias
Event: 341.917 Executing VM operation: RevokeBias done
Event: 341.966 Thread 0x000001e0103f0800 Thread added: 0x000001e0103f0800
Event: 341.998 Thread 0x000001e0103eb000 Thread added: 0x000001e0103eb000
Event: 341.998 Thread 0x000001e0103f4800 Thread added: 0x000001e0103f4800


Dynamic libraries:
0x00007ff6195d0000 - 0x00007ff6195da000 	C:\Program Files\Android\Android Studio\jbr\bin\java.exe
0x00007ffeff990000 - 0x00007ffeffb88000 	C:\WINDOWS\SYSTEM32\ntdll.dll
0x00007ffefe5e0000 - 0x00007ffefe69f000 	C:\WINDOWS\System32\KERNEL32.DLL
0x00007ffefd620000 - 0x00007ffefd8f2000 	C:\WINDOWS\System32\KERNELBASE.dll
0x00007ffefd210000 - 0x00007ffefd310000 	C:\WINDOWS\System32\ucrtbase.dll
0x00007ffef6370000 - 0x00007ffef638b000 	C:\Program Files\Android\Android Studio\jbr\bin\VCRUNTIME140.dll
0x00007ffeef0d0000 - 0x00007ffeef0e7000 	C:\Program Files\Android\Android Studio\jbr\bin\jli.dll
0x00007ffefe180000 - 0x00007ffefe321000 	C:\WINDOWS\System32\USER32.dll
0x00007ffee8e70000 - 0x00007ffee910a000 	C:\WINDOWS\WinSxS\amd64_microsoft.windows.common-controls_6595b64144ccf1df_6.0.19041.1110_none_60b5254171f9507e\COMCTL32.dll
0x00007ffefd400000 - 0x00007ffefd422000 	C:\WINDOWS\System32\win32u.dll
0x00007ffeff7d0000 - 0x00007ffeff86e000 	C:\WINDOWS\System32\msvcrt.dll
0x00007ffeff6a0000 - 0x00007ffeff6cb000 	C:\WINDOWS\System32\GDI32.dll
0x00007ffefd090000 - 0x00007ffefd19f000 	C:\WINDOWS\System32\gdi32full.dll
0x00007ffefd310000 - 0x00007ffefd3ad000 	C:\WINDOWS\System32\msvcp_win.dll
0x00007ffefda60000 - 0x00007ffefda90000 	C:\WINDOWS\System32\IMM32.DLL
0x00007ffedabb0000 - 0x00007ffedac3d000 	C:\Program Files\Android\Android Studio\jbr\bin\msvcp140.dll
0x00007ffeea200000 - 0x00007ffeea20c000 	C:\WINDOWS\SYSTEM32\VCRUNTIME140_1.dll
0x00007ffeb8110000 - 0x00007ffeb8ccc000 	C:\Program Files\Android\Android Studio\jbr\bin\server\jvm.dll
0x00007ffefdfc0000 - 0x00007ffefe06e000 	C:\WINDOWS\System32\ADVAPI32.dll
0x00007ffefe080000 - 0x00007ffefe11c000 	C:\WINDOWS\System32\sechost.dll
0x00007ffefe390000 - 0x00007ffefe4b5000 	C:\WINDOWS\System32\RPCRT4.dll
0x00007ffeff2c0000 - 0x00007ffeff2c8000 	C:\WINDOWS\System32\PSAPI.DLL
0x00007ffee91f0000 - 0x00007ffee91f9000 	C:\WINDOWS\SYSTEM32\WSOCK32.dll
0x00007ffef8a80000 - 0x00007ffef8a8a000 	C:\WINDOWS\SYSTEM32\VERSION.dll
0x00007ffeff6d0000 - 0x00007ffeff73b000 	C:\WINDOWS\System32\WS2_32.dll
0x00007ffef1b00000 - 0x00007ffef1b27000 	C:\WINDOWS\SYSTEM32\WINMM.dll
0x00007ffefaf50000 - 0x00007ffefaf62000 	C:\WINDOWS\SYSTEM32\kernel.appcore.dll
0x00007ffef8d40000 - 0x00007ffef8d50000 	C:\Program Files\Android\Android Studio\jbr\bin\verify.dll
0x00007ffef7720000 - 0x00007ffef7904000 	C:\WINDOWS\SYSTEM32\DBGHELP.DLL
0x00007ffef29f0000 - 0x00007ffef2a25000 	C:\WINDOWS\SYSTEM32\dbgcore.DLL
0x00007ffefd590000 - 0x00007ffefd612000 	C:\WINDOWS\System32\bcryptPrimitives.dll
0x00007ffef5940000 - 0x00007ffef5968000 	C:\Program Files\Android\Android Studio\jbr\bin\java.dll
0x00007ffef6340000 - 0x00007ffef634a000 	C:\Program Files\Android\Android Studio\jbr\bin\jimage.dll
0x00007ffeef7c0000 - 0x00007ffeef7d8000 	C:\Program Files\Android\Android Studio\jbr\bin\zip.dll
0x00007ffefe6a0000 - 0x00007ffefede5000 	C:\WINDOWS\System32\SHELL32.dll
0x00007ffefb150000 - 0x00007ffefb8e2000 	C:\WINDOWS\SYSTEM32\windows.storage.dll
0x00007ffefdb40000 - 0x00007ffefde95000 	C:\WINDOWS\System32\combase.dll
0x00007ffefca10000 - 0x00007ffefca40000 	C:\WINDOWS\SYSTEM32\Wldp.dll
0x00007ffefdea0000 - 0x00007ffefdf4d000 	C:\WINDOWS\System32\SHCORE.dll
0x00007ffefe330000 - 0x00007ffefe385000 	C:\WINDOWS\System32\shlwapi.dll
0x00007ffefcfd0000 - 0x00007ffefcfef000 	C:\WINDOWS\SYSTEM32\profapi.dll
0x00007ffeef030000 - 0x00007ffeef049000 	C:\Program Files\Android\Android Studio\jbr\bin\net.dll
0x00007ffef4f50000 - 0x00007ffef505a000 	C:\WINDOWS\SYSTEM32\WINHTTP.dll
0x00007ffefc770000 - 0x00007ffefc7da000 	C:\WINDOWS\system32\mswsock.dll
0x00007ffeeec70000 - 0x00007ffeeec83000 	C:\Program Files\Android\Android Studio\jbr\bin\nio.dll
0x00007ffeecd20000 - 0x00007ffeecd47000 	C:\Users\mohit\.gradle\native\e1d6ef7f7dcc3fd88c89a11ec53ec762bb8ba0a96d01ffa2cd45eb1d1d8dd5c5\windows-amd64\native-platform.dll
0x00007ffeda4b0000 - 0x00007ffeda5f4000 	C:\Users\mohit\.gradle\native\0d407fdbe67a94daf76414ababcb853783967236a71b16ec16e742cd7a986fd3\windows-amd64\native-platform-file-events.dll
0x00007ffef1480000 - 0x00007ffef148a000 	C:\Program Files\Android\Android Studio\jbr\bin\management.dll
0x00007ffeef0a0000 - 0x00007ffeef0ab000 	C:\Program Files\Android\Android Studio\jbr\bin\management_ext.dll
0x00007ffefc970000 - 0x00007ffefc988000 	C:\WINDOWS\SYSTEM32\CRYPTSP.dll
0x00007ffefc090000 - 0x00007ffefc0c4000 	C:\WINDOWS\system32\rsaenh.dll
0x00007ffefd9b0000 - 0x00007ffefd9d7000 	C:\WINDOWS\System32\bcrypt.dll
0x00007ffefcf50000 - 0x00007ffefcf7e000 	C:\WINDOWS\SYSTEM32\USERENV.dll
0x00007ffefc960000 - 0x00007ffefc96c000 	C:\WINDOWS\SYSTEM32\CRYPTBASE.dll
0x00007ffefc460000 - 0x00007ffefc49b000 	C:\WINDOWS\SYSTEM32\IPHLPAPI.DLL
0x00007ffefdf50000 - 0x00007ffefdf58000 	C:\WINDOWS\System32\NSI.dll
0x00007ffef6040000 - 0x00007ffef6057000 	C:\WINDOWS\SYSTEM32\dhcpcsvc6.DLL
0x00007ffef6630000 - 0x00007ffef664d000 	C:\WINDOWS\SYSTEM32\dhcpcsvc.DLL
0x00007ffefc4a0000 - 0x00007ffefc56b000 	C:\WINDOWS\SYSTEM32\DNSAPI.dll
0x00007ffeec570000 - 0x00007ffeec597000 	C:\Program Files\Android\Android Studio\jbr\bin\sunec.dll

dbghelp: loaded successfully - version: 4.0.5 - missing functions: none
symbol engine: initialized successfully - sym options: 0x614 - pdb path: .;C:\Program Files\Android\Android Studio\jbr\bin;C:\WINDOWS\SYSTEM32;C:\WINDOWS\WinSxS\amd64_microsoft.windows.common-controls_6595b64144ccf1df_6.0.19041.1110_none_60b5254171f9507e;C:\Program Files\Android\Android Studio\jbr\bin\server;C:\Users\mohit\.gradle\native\e1d6ef7f7dcc3fd88c89a11ec53ec762bb8ba0a96d01ffa2cd45eb1d1d8dd5c5\windows-amd64;C:\Users\mohit\.gradle\native\0d407fdbe67a94daf76414ababcb853783967236a71b16ec16e742cd7a986fd3\windows-amd64

VM Arguments:
jvm_args: --add-opens=java.base/java.util=ALL-UNNAMED --add-opens=java.base/java.lang=ALL-UNNAMED --add-opens=java.base/java.lang.invoke=ALL-UNNAMED --add-opens=java.base/java.util=ALL-UNNAMED --add-opens=java.prefs/java.util.prefs=ALL-UNNAMED --add-opens=java.prefs/java.util.prefs=ALL-UNNAMED --add-opens=java.base/java.nio.charset=ALL-UNNAMED --add-opens=java.base/java.net=ALL-UNNAMED --add-opens=java.base/java.util.concurrent.atomic=ALL-UNNAMED -Xmx2048m -Dfile.encoding=UTF-8 -Duser.country=IN -Duser.language=en -Duser.variant 
java_command: org.gradle.launcher.daemon.bootstrap.GradleDaemon 7.5
java_class_path (initial): C:\Users\mohit\.gradle\wrapper\dists\gradle-7.5-bin\f1w0cc9nuo0eivz97x2xlu9sv\gradle-7.5\lib\gradle-launcher-7.5.jar
Launcher Type: SUN_STANDARD

[Global flags]
     intx CICompilerCount                          = 4                                         {product} {ergonomic}
     uint ConcGCThreads                            = 2                                         {product} {ergonomic}
     uint G1ConcRefinementThreads                  = 8                                         {product} {ergonomic}
   size_t G1HeapRegionSize                         = 1048576                                   {product} {ergonomic}
    uintx GCDrainStackTargetSize                   = 64                                        {product} {ergonomic}
   size_t InitialHeapSize                          = 125829120                                 {product} {ergonomic}
   size_t MarkStackSize                            = 4194304                                   {product} {ergonomic}
   size_t MaxHeapSize                              = 2147483648                                {product} {command line}
   size_t MaxNewSize                               = 1287651328                                {product} {ergonomic}
   size_t MinHeapDeltaBytes                        = 1048576                                   {product} {ergonomic}
    uintx NonNMethodCodeHeapSize                   = 5836300                                {pd product} {ergonomic}
    uintx NonProfiledCodeHeapSize                  = 122910970                              {pd product} {ergonomic}
    uintx ProfiledCodeHeapSize                     = 122910970                              {pd product} {ergonomic}
    uintx ReservedCodeCacheSize                    = 251658240                              {pd product} {ergonomic}
     bool SegmentedCodeCache                       = true                                      {product} {ergonomic}
     bool UseCompressedClassPointers               = true                                 {lp64_product} {ergonomic}
     bool UseCompressedOops                        = true                                 {lp64_product} {ergonomic}
     bool UseG1GC                                  = true                                      {product} {ergonomic}
     bool UseLargePagesIndividualAllocation        = false                                  {pd product} {ergonomic}

Logging:
Log output configuration:
 #0: stdout all=warning uptime,level,tags
 #1: stderr all=off uptime,level,tags

Environment Variables:
PATH=C:\Python310\Scripts\;C:\Python310\;D:\Development\Scripts\;D:\Development\;C:\Program Files\Common Files\Oracle\Java\javapath;C:\Windows\system32;C:\Windows;C:\Windows\System32\Wbem;C:\Windows\System32\WindowsPowerShell\v1.0\;C:\Windows\System32\OpenSSH\;C:\Program Files (x86)\NVIDIA Corporation\PhysX\Common;C:\Program Files\NVIDIA Corporation\NVIDIA NvDLISR;C:\WINDOWS\system32;C:\WINDOWS;C:\WINDOWS\System32\Wbem;C:\WINDOWS\System32\WindowsPowerShell\v1.0\;C:\WINDOWS\System32\OpenSSH\;D:\Development\Git\cmd;C:\MinGW\bin;C:\ProgramData\chocolatey\bin;C:\Program Files\nodejs\;D:\flutter\bin;C:\Users\mohit\AppData\Local\Programs\Microsoft VS Code\bin
USERNAME=mohit
OS=Windows_NT
PROCESSOR_IDENTIFIER=AMD64 Family 23 Model 24 Stepping 1, AuthenticAMD



---------------  S Y S T E M  ---------------

OS: Windows 10 , 64 bit Build 19041 (10.0.19041.2546)
OS uptime: 1 days 7:46 hours

CPU:total 8 (initial active 8) (8 cores per cpu, 2 threads per core) family 23 model 24 stepping 1 microcode 0x0, cmov, cx8, fxsr, mmx, sse, sse2, sse3, ssse3, sse4.1, sse4.2, popcnt, avx, avx2, aes, clmul, mmxext, 3dnowpref, lzcnt, sse4a, ht, tsc, tscinvbit, tscinv, bmi1, bmi2, adx, sha, fma

Memory: 4k page, system-wide physical 7616M (381M free)
TotalPageFile size 15808M (AvailPageFile size 15M)
current process WorkingSet (physical memory assigned to process): 443M, peak: 476M
current process commit charge ("private bytes"): 527M, peak: 535M

vm_info: OpenJDK 64-Bit Server VM (11.0.15+0-b2043.56-8887301) for windows-amd64 JRE (11.0.15+0-b2043.56-8887301), built on Jul 29 2022 23:19:47 by "builduser" with unknown MS VC++:1929

END.
