#
# There is insufficient memory for the Java Runtime Environment to continue.
# Native memory allocation (mmap) failed to map 58720256 bytes for Failed to commit area from 0x000000008ad00000 to 0x000000008e500000 of length 58720256.
# Possible reasons:
#   The system is out of physical RAM or swap space
#   The process is running with CompressedOops enabled, and the Java Heap may be blocking the growth of the native heap
# Possible solutions:
#   Reduce memory load on the system
#   Increase physical memory or swap space
#   Check if swap backing store is full
#   Decrease Java heap size (-Xmx/-Xms)
#   Decrease number of Java threads
#   Decrease Java thread stack sizes (-Xss)
#   Set larger code cache with -XX:ReservedCodeCacheSize=
#   JVM is running with Unscaled Compressed Oops mode in which the Java heap is
#     placed in the first 4GB address space. The Java Heap base address is the
#     maximum limit for the native heap growth. Please use -XX:HeapBaseMinAddress
#     to set the Java Heap base and to place the Java Heap above 4GB virtual address.
# This output file may be truncated or incomplete.
#
#  Out of Memory Error (src/hotspot/os/windows/os_windows.cpp:3627), pid=15128, tid=6440
#
# JRE version: OpenJDK Runtime Environment (11.0.15) (build 11.0.15+0-b2043.56-8887301)
# Java VM: OpenJDK 64-Bit Server VM (11.0.15+0-b2043.56-8887301, mixed mode, tiered, compressed oops, g1 gc, windows-amd64)
# No core dump will be written. Minidumps are not enabled by default on client versions of Windows
#

---------------  S U M M A R Y ------------

Command Line: --add-opens=java.base/java.util=ALL-UNNAMED --add-opens=java.base/java.lang=ALL-UNNAMED --add-opens=java.base/java.lang.invoke=ALL-UNNAMED --add-opens=java.base/java.util=ALL-UNNAMED --add-opens=java.prefs/java.util.prefs=ALL-UNNAMED --add-opens=java.prefs/java.util.prefs=ALL-UNNAMED --add-opens=java.base/java.nio.charset=ALL-UNNAMED --add-opens=java.base/java.net=ALL-UNNAMED --add-opens=java.base/java.util.concurrent.atomic=ALL-UNNAMED -Xmx2048m -Dfile.encoding=UTF-8 -Duser.country=IN -Duser.language=en -Duser.variant org.gradle.launcher.daemon.bootstrap.GradleDaemon 7.5

Host: AMD Ryzen 5 3550H with Radeon Vega Mobile Gfx  , 8 cores, 7G,  Windows 10 , 64 bit Build 19041 (10.0.19041.2546)
Time: Wed Mar  1 18:36:28 2023 India Standard Time elapsed time: 296.173613 seconds (0d 0h 4m 56s)

---------------  T H R E A D  ---------------

Current thread (0x00000299bed51000):  VMThread "VM Thread" [stack: 0x000000f4f6400000,0x000000f4f6500000] [id=6440]

Stack: [0x000000f4f6400000,0x000000f4f6500000]
[error occurred during error reporting (printing stack bounds), id 0xc0000005, EXCEPTION_ACCESS_VIOLATION (0xc0000005) at pc=0x00000299a83e112d]

Native frames: (J=compiled Java code, j=interpreted, Vv=VM code, C=native code)
V  [jvm.dll+0x64135a]
V  [jvm.dll+0x7d39f9]
V  [jvm.dll+0x7d51b9]
V  [jvm.dll+0x7d5805]
V  [jvm.dll+0x7d57bb]
V  [jvm.dll+0x640655]
V  [jvm.dll+0x640d68]
C  [ntdll.dll+0xa241f]
C  [ntdll.dll+0x514a4]
C  [ntdll.dll+0xa0f4e]
C  0x00000299a83e112d

VM_Operation (0x000000f4f96f64b0): G1CollectForAllocation, mode: safepoint, requested by thread 0x00000299c6e67000


---------------  P R O C E S S  ---------------

Threads class SMR info:
_java_thread_list=0x00000299c0a865d0, length=146, elements={
0x00000299a48b5000, 0x00000299bed53800, 0x00000299bed5f000, 0x00000299bed71800,
0x00000299bed72800, 0x00000299bed74800, 0x00000299bed83000, 0x00000299bed85000,
0x00000299bed89000, 0x00000299bf832000, 0x00000299c0385000, 0x00000299c0386000,
0x00000299c0384800, 0x00000299c1831000, 0x00000299c1835000, 0x00000299c1830800,
0x00000299c1836000, 0x00000299c1837000, 0x00000299c1838800, 0x00000299c183f000,
0x00000299c183a000, 0x00000299c183d800, 0x00000299c183b000, 0x00000299c183e000,
0x00000299c183c800, 0x00000299c2b03000, 0x00000299c2b07800, 0x00000299c2b02800,
0x00000299c2b0e800, 0x00000299c2b09000, 0x00000299c3030000, 0x00000299c3036800,
0x00000299c3032800, 0x00000299c736d000, 0x00000299c1c9e800, 0x00000299c1c9f800,
0x00000299c7363000, 0x00000299c7362800, 0x00000299c2b0d000, 0x00000299c2b0e000,
0x00000299c1837800, 0x00000299c1832000, 0x00000299c1833000, 0x00000299c1833800,
0x00000299c1834800, 0x00000299c84fa000, 0x00000299c183b800, 0x00000299c6e60800,
0x00000299c6e61800, 0x00000299c6e63000, 0x00000299c6e5f000, 0x00000299c6e64800,
0x00000299c6e66000, 0x00000299c6e65800, 0x00000299c6e68000, 0x00000299c6e64000,
0x00000299c6e67000, 0x00000299c6e62000, 0x00000299c6e6c000, 0x00000299c6e68800,
0x00000299c6e6d000, 0x00000299c6e69800, 0x00000299c6e6a800, 0x00000299c6e6d800,
0x00000299c6e6b000, 0x00000299c1d7d800, 0x00000299c1d7e800, 0x00000299c1d7c000,
0x00000299c1d7f000, 0x00000299c1d80000, 0x00000299c1d81000, 0x00000299c1d7b000,
0x00000299c1d7d000, 0x00000299c1d81800, 0x00000299c1d88000, 0x00000299c1d85000,
0x00000299c1d82800, 0x00000299c1d85800, 0x00000299c1d86800, 0x00000299c1d87800,
0x00000299c1d83800, 0x00000299c1d8a000, 0x00000299c1ca2800, 0x00000299c1ca4800,
0x00000299c1ca3800, 0x00000299c1ca1000, 0x00000299c1ca5000, 0x00000299c1ca6000,
0x00000299c1ca0000, 0x00000299c1ca6800, 0x00000299c1ca2000, 0x00000299c1cab000,
0x00000299c1ca7800, 0x00000299c1caa000, 0x00000299c1cab800, 0x00000299c1ca8800,
0x00000299c1cac800, 0x00000299c1ca9000, 0x00000299c1cad000, 0x00000299c7360800,
0x00000299c7364000, 0x00000299c735e800, 0x00000299c7361800, 0x00000299c7365000,
0x00000299c735f000, 0x00000299c7365800, 0x00000299c7360000, 0x00000299c736c000,
0x00000299c7366800, 0x00000299c736a800, 0x00000299c736b800, 0x00000299c7369000,
0x00000299c7367800, 0x00000299c7369800, 0x00000299c7368000, 0x00000299c302c000,
0x00000299c302d800, 0x00000299c3027800, 0x00000299c3029800, 0x00000299c302a000,
0x00000299c302b000, 0x00000299c302e000, 0x00000299c3028800, 0x00000299c3034000,
0x00000299c302f000, 0x00000299c3030800, 0x00000299c3035800, 0x00000299c3031800,
0x00000299c3033000, 0x00000299c3034800, 0x00000299c2b01800, 0x00000299c2b04000,
0x00000299c2b06800, 0x00000299c2b05000, 0x00000299c2b05800, 0x00000299c2b01000,
0x00000299c2b0b800, 0x00000299c2b08000, 0x00000299c2b0f800, 0x00000299c2b0a000,
0x00000299c2b0c000, 0x00000299c2b0a800, 0x00000299c0383800, 0x00000299c0387000,
0x00000299c0382800, 0x00000299c0381000
}

Java Threads: ( => current thread )
  0x00000299a48b5000 JavaThread "main" [_thread_blocked, id=13640, stack(0x000000f4f5e00000,0x000000f4f5f00000)]
  0x00000299bed53800 JavaThread "Reference Handler" daemon [_thread_blocked, id=16812, stack(0x000000f4f6500000,0x000000f4f6600000)]
  0x00000299bed5f000 JavaThread "Finalizer" daemon [_thread_blocked, id=15472, stack(0x000000f4f6600000,0x000000f4f6700000)]
  0x00000299bed71800 JavaThread "Signal Dispatcher" daemon [_thread_blocked, id=2576, stack(0x000000f4f6700000,0x000000f4f6800000)]
  0x00000299bed72800 JavaThread "Attach Listener" daemon [_thread_blocked, id=432, stack(0x000000f4f6800000,0x000000f4f6900000)]
  0x00000299bed74800 JavaThread "Service Thread" daemon [_thread_blocked, id=12060, stack(0x000000f4f6900000,0x000000f4f6a00000)]
  0x00000299bed83000 JavaThread "C2 CompilerThread0" daemon [_thread_blocked, id=11036, stack(0x000000f4f6a00000,0x000000f4f6b00000)]
  0x00000299bed85000 JavaThread "C1 CompilerThread0" daemon [_thread_blocked, id=15488, stack(0x000000f4f6b00000,0x000000f4f6c00000)]
  0x00000299bed89000 JavaThread "Sweeper thread" daemon [_thread_blocked, id=7576, stack(0x000000f4f6c00000,0x000000f4f6d00000)]
  0x00000299bf832000 JavaThread "Common-Cleaner" daemon [_thread_blocked, id=17016, stack(0x000000f4f6d00000,0x000000f4f6e00000)]
  0x00000299c0385000 JavaThread "Daemon health stats" [_thread_blocked, id=18768, stack(0x000000f4f7200000,0x000000f4f7300000)]
  0x00000299c0386000 JavaThread "Incoming local TCP Connector on port 62889" [_thread_in_native, id=14964, stack(0x000000f4f6f00000,0x000000f4f7000000)]
  0x00000299c0384800 JavaThread "Daemon periodic checks" [_thread_blocked, id=14596, stack(0x000000f4f7000000,0x000000f4f7100000)]
  0x00000299c1831000 JavaThread "Cache worker for journal cache (C:\Users\mohit\.gradle\caches\journal-1)" [_thread_blocked, id=11712, stack(0x000000f4f8000000,0x000000f4f8100000)]
  0x00000299c1835000 JavaThread "File lock request listener" [_thread_in_native, id=8380, stack(0x000000f4f8100000,0x000000f4f8200000)]
  0x00000299c1830800 JavaThread "Cache worker for file hash cache (C:\Users\mohit\.gradle\caches\7.5\fileHashes)" [_thread_blocked, id=2180, stack(0x000000f4f8200000,0x000000f4f8300000)]
  0x00000299c1836000 JavaThread "File watcher server" daemon [_thread_blocked, id=17076, stack(0x000000f4f8600000,0x000000f4f8700000)]
  0x00000299c1837000 JavaThread "File watcher consumer" daemon [_thread_blocked, id=18372, stack(0x000000f4f8700000,0x000000f4f8800000)]
  0x00000299c1838800 JavaThread "Cache worker for file content cache (C:\Users\mohit\.gradle\caches\7.5\fileContent)" [_thread_blocked, id=15512, stack(0x000000f4f8a00000,0x000000f4f8b00000)]
  0x00000299c183f000 JavaThread "Cache worker for execution history cache (C:\Users\mohit\.gradle\caches\7.5\executionHistory)" [_thread_blocked, id=1948, stack(0x000000f4f8d00000,0x000000f4f8e00000)]
  0x00000299c183a000 JavaThread "jar transforms" [_thread_blocked, id=16720, stack(0x000000f4f8400000,0x000000f4f8500000)]
  0x00000299c183d800 JavaThread "jar transforms Thread 2" [_thread_blocked, id=13876, stack(0x000000f4f8e00000,0x000000f4f8f00000)]
  0x00000299c183b000 JavaThread "jar transforms Thread 3" [_thread_blocked, id=10484, stack(0x000000f4f9000000,0x000000f4f9100000)]
  0x00000299c183e000 JavaThread "jar transforms Thread 4" [_thread_blocked, id=9032, stack(0x000000f4f9100000,0x000000f4f9200000)]
  0x00000299c183c800 JavaThread "jar transforms Thread 5" [_thread_blocked, id=18140, stack(0x000000f4f9300000,0x000000f4f9400000)]
  0x00000299c2b03000 JavaThread "jar transforms Thread 6" [_thread_blocked, id=10320, stack(0x000000f4fe500000,0x000000f4fe600000)]
  0x00000299c2b07800 JavaThread "jar transforms Thread 7" [_thread_blocked, id=1720, stack(0x000000f4fe600000,0x000000f4fe700000)]
  0x00000299c2b02800 JavaThread "jar transforms Thread 8" [_thread_blocked, id=13124, stack(0x000000f4fe700000,0x000000f4fe800000)]
  0x00000299c2b0e800 JavaThread "Memory manager" [_thread_blocked, id=11100, stack(0x000000f4fe800000,0x000000f4fe900000)]
  0x00000299c2b09000 JavaThread "pool-3-thread-1" [_thread_blocked, id=18988, stack(0x000000f4fe900000,0x000000f4fea00000)]
  0x00000299c3030000 JavaThread "ForkJoinPool.commonPool-worker-3" daemon [_thread_blocked, id=17604, stack(0x000000f4ff900000,0x000000f4ffa00000)]
  0x00000299c3036800 JavaThread "ForkJoinPool.commonPool-worker-9" daemon [_thread_blocked, id=16872, stack(0x000000f4ffd00000,0x000000f4ffe00000)]
  0x00000299c3032800 JavaThread "ForkJoinPool.commonPool-worker-15" daemon [_thread_blocked, id=19452, stack(0x000000f4fff00000,0x000000f500000000)]
  0x00000299c736d000 JavaThread "pool-8-thread-1" [_thread_blocked, id=13536, stack(0x000000f4fe100000,0x000000f4fe200000)]
  0x00000299c1c9e800 JavaThread "ForkJoinPool.commonPool-worker-5" daemon [_thread_blocked, id=18864, stack(0x000000f4ff800000,0x000000f4ff900000)]
  0x00000299c1c9f800 JavaThread "ForkJoinPool.commonPool-worker-1" daemon [_thread_blocked, id=19000, stack(0x000000f4ffa00000,0x000000f4ffb00000)]
  0x00000299c7363000 JavaThread "Daemon Thread 3" [_thread_blocked, id=17444, stack(0x000000f4f5b00000,0x000000f4f5c00000)]
  0x00000299c7362800 JavaThread "Daemon worker Thread 3" [_thread_blocked, id=3032, stack(0x000000f4f7300000,0x000000f4f7400000)]
  0x00000299c2b0d000 JavaThread "pool-13-thread-1" [_thread_blocked, id=13420, stack(0x000000f4fe400000,0x000000f4fe500000)]
  0x00000299c2b0e000 JavaThread "included builds" [_thread_blocked, id=16568, stack(0x000000f4feb00000,0x000000f4fec00000)]
  0x00000299c1837800 JavaThread "Handler for socket connection from /127.0.0.1:62889 to /127.0.0.1:59970" [_thread_in_native, id=19368, stack(0x000000f4f5c00000,0x000000f4f5d00000)]
  0x00000299c1832000 JavaThread "Cancel handler" [_thread_blocked, id=14636, stack(0x000000f4f5d00000,0x000000f4f5e00000)]
  0x00000299c1833000 JavaThread "Asynchronous log dispatcher for DefaultDaemonConnection: socket connection from /127.0.0.1:62889 to /127.0.0.1:59970" [_thread_blocked, id=15084, stack(0x000000f4f7400000,0x000000f4f7500000)]
  0x00000299c1833800 JavaThread "Stdin handler" [_thread_blocked, id=17960, stack(0x000000f4f7500000,0x000000f4f7600000)]
  0x00000299c1834800 JavaThread "Daemon client event forwarder" [_thread_blocked, id=14052, stack(0x000000f4f7600000,0x000000f4f7700000)]
  0x00000299c84fa000 JavaThread "C2 CompilerThread1" daemon [_thread_in_native, id=10860, stack(0x000000f4f7700000,0x000000f4f7800000)]
  0x00000299c183b800 JavaThread "Cache worker for checksums cache (C:\Users\mohit\AndroidStudioProjects\StickyNotes\.gradle\7.5\checksums)" [_thread_blocked, id=17068, stack(0x000000f4f7800000,0x000000f4f7900000)]
  0x00000299c6e60800 JavaThread "Cache worker for cache directory md-rule (C:\Users\mohit\.gradle\caches\7.5\md-rule)" [_thread_blocked, id=14768, stack(0x000000f4f8500000,0x000000f4f8600000)]
  0x00000299c6e61800 JavaThread "Cache worker for file hash cache (C:\Users\mohit\AndroidStudioProjects\StickyNotes\.gradle\7.5\fileHashes)" [_thread_blocked, id=14940, stack(0x000000f4f8800000,0x000000f4f8900000)]
  0x00000299c6e63000 JavaThread "Cache worker for cache directory md-supplier (C:\Users\mohit\.gradle\caches\7.5\md-supplier)" [_thread_blocked, id=15888, stack(0x000000f4f8900000,0x000000f4f8a00000)]
  0x00000299c6e5f000 JavaThread "Cache worker for dependencies-accessors (C:\Users\mohit\AndroidStudioProjects\StickyNotes\.gradle\7.5\dependencies-accessors)" [_thread_blocked, id=19188, stack(0x000000f4f8b00000,0x000000f4f8c00000)]
  0x00000299c6e64800 JavaThread "Cache worker for Build Output Cleanup Cache (C:\Users\mohit\AndroidStudioProjects\StickyNotes\.gradle\buildOutputCleanup)" [_thread_blocked, id=6660, stack(0x000000f4f8c00000,0x000000f4f8d00000)]
  0x00000299c6e66000 JavaThread "Unconstrained build operations" [_thread_blocked, id=14492, stack(0x000000f4f8f00000,0x000000f4f9000000)]
  0x00000299c6e65800 JavaThread "Unconstrained build operations Thread 2" [_thread_blocked, id=6576, stack(0x000000f4f9200000,0x000000f4f9300000)]
  0x00000299c6e68000 JavaThread "Unconstrained build operations Thread 3" [_thread_blocked, id=16516, stack(0x000000f4f9400000,0x000000f4f9500000)]
  0x00000299c6e64000 JavaThread "Unconstrained build operations Thread 4" [_thread_blocked, id=3816, stack(0x000000f4f9500000,0x000000f4f9600000)]
  0x00000299c6e67000 JavaThread "Unconstrained build operations Thread 5" [_thread_blocked, id=17788, stack(0x000000f4f9600000,0x000000f4f9700000)]
  0x00000299c6e62000 JavaThread "Unconstrained build operations Thread 6" [_thread_blocked, id=4964, stack(0x000000f4f9700000,0x000000f4f9800000)]
  0x00000299c6e6c000 JavaThread "Unconstrained build operations Thread 7" [_thread_blocked, id=12752, stack(0x000000f4f9800000,0x000000f4f9900000)]
  0x00000299c6e68800 JavaThread "Unconstrained build operations Thread 8" [_thread_blocked, id=2116, stack(0x000000f4f9900000,0x000000f4f9a00000)]
  0x00000299c6e6d000 JavaThread "Unconstrained build operations Thread 9" [_thread_blocked, id=10488, stack(0x000000f4f9a00000,0x000000f4f9b00000)]
  0x00000299c6e69800 JavaThread "Unconstrained build operations Thread 10" [_thread_blocked, id=17412, stack(0x000000f4f9b00000,0x000000f4f9c00000)]
  0x00000299c6e6a800 JavaThread "Unconstrained build operations Thread 11" [_thread_blocked, id=12428, stack(0x000000f4f9c00000,0x000000f4f9d00000)]
  0x00000299c6e6d800 JavaThread "Unconstrained build operations Thread 12" [_thread_blocked, id=19320, stack(0x000000f4f9d00000,0x000000f4f9e00000)]
  0x00000299c6e6b000 JavaThread "Unconstrained build operations Thread 13" [_thread_blocked, id=13708, stack(0x000000f4f9e00000,0x000000f4f9f00000)]
  0x00000299c1d7d800 JavaThread "Unconstrained build operations Thread 14" [_thread_blocked, id=532, stack(0x000000f4f9f00000,0x000000f4fa000000)]
  0x00000299c1d7e800 JavaThread "Unconstrained build operations Thread 15" [_thread_blocked, id=17324, stack(0x000000f4fa000000,0x000000f4fa100000)]
  0x00000299c1d7c000 JavaThread "Unconstrained build operations Thread 16" [_thread_blocked, id=19108, stack(0x000000f4fa100000,0x000000f4fa200000)]
  0x00000299c1d7f000 JavaThread "Unconstrained build operations Thread 17" [_thread_blocked, id=15392, stack(0x000000f4fa200000,0x000000f4fa300000)]
  0x00000299c1d80000 JavaThread "Unconstrained build operations Thread 18" [_thread_blocked, id=8120, stack(0x000000f4fa300000,0x000000f4fa400000)]
  0x00000299c1d81000 JavaThread "Unconstrained build operations Thread 19" [_thread_blocked, id=5040, stack(0x000000f4fa400000,0x000000f4fa500000)]
  0x00000299c1d7b000 JavaThread "Unconstrained build operations Thread 20" [_thread_blocked, id=14320, stack(0x000000f4fa500000,0x000000f4fa600000)]
  0x00000299c1d7d000 JavaThread "Unconstrained build operations Thread 21" [_thread_blocked, id=4904, stack(0x000000f4fa600000,0x000000f4fa700000)]
  0x00000299c1d81800 JavaThread "Unconstrained build operations Thread 22" [_thread_blocked, id=10752, stack(0x000000f4fa700000,0x000000f4fa800000)]
  0x00000299c1d88000 JavaThread "Unconstrained build operations Thread 23" [_thread_blocked, id=9340, stack(0x000000f4fa800000,0x000000f4fa900000)]
  0x00000299c1d85000 JavaThread "Unconstrained build operations Thread 24" [_thread_blocked, id=3528, stack(0x000000f4fa900000,0x000000f4faa00000)]
  0x00000299c1d82800 JavaThread "Unconstrained build operations Thread 25" [_thread_blocked, id=13852, stack(0x000000f4faa00000,0x000000f4fab00000)]
  0x00000299c1d85800 JavaThread "Unconstrained build operations Thread 26" [_thread_blocked, id=8132, stack(0x000000f4fab00000,0x000000f4fac00000)]
  0x00000299c1d86800 JavaThread "Unconstrained build operations Thread 27" [_thread_blocked, id=9124, stack(0x000000f4fac00000,0x000000f4fad00000)]
  0x00000299c1d87800 JavaThread "Unconstrained build operations Thread 28" [_thread_blocked, id=19020, stack(0x000000f4fad00000,0x000000f4fae00000)]
  0x00000299c1d83800 JavaThread "Unconstrained build operations Thread 29" [_thread_blocked, id=7840, stack(0x000000f4fae00000,0x000000f4faf00000)]
  0x00000299c1d8a000 JavaThread "Unconstrained build operations Thread 30" [_thread_blocked, id=18604, stack(0x000000f4faf00000,0x000000f4fb000000)]
  0x00000299c1ca2800 JavaThread "Unconstrained build operations Thread 31" [_thread_blocked, id=11656, stack(0x000000f4fb000000,0x000000f4fb100000)]
  0x00000299c1ca4800 JavaThread "Unconstrained build operations Thread 32" [_thread_blocked, id=4724, stack(0x000000f4fb100000,0x000000f4fb200000)]
  0x00000299c1ca3800 JavaThread "Unconstrained build operations Thread 33" [_thread_blocked, id=1896, stack(0x000000f4fb200000,0x000000f4fb300000)]
  0x00000299c1ca1000 JavaThread "Unconstrained build operations Thread 34" [_thread_blocked, id=19392, stack(0x000000f4fb300000,0x000000f4fb400000)]
  0x00000299c1ca5000 JavaThread "Unconstrained build operations Thread 35" [_thread_blocked, id=6064, stack(0x000000f4fb400000,0x000000f4fb500000)]
  0x00000299c1ca6000 JavaThread "Unconstrained build operations Thread 36" [_thread_blocked, id=19336, stack(0x000000f4fb500000,0x000000f4fb600000)]
  0x00000299c1ca0000 JavaThread "Unconstrained build operations Thread 37" [_thread_blocked, id=16484, stack(0x000000f4fb600000,0x000000f4fb700000)]
  0x00000299c1ca6800 JavaThread "Unconstrained build operations Thread 38" [_thread_blocked, id=12788, stack(0x000000f4fb700000,0x000000f4fb800000)]
  0x00000299c1ca2000 JavaThread "Unconstrained build operations Thread 39" [_thread_blocked, id=15452, stack(0x000000f4fb800000,0x000000f4fb900000)]
  0x00000299c1cab000 JavaThread "Unconstrained build operations Thread 40" [_thread_blocked, id=15752, stack(0x000000f4fb900000,0x000000f4fba00000)]
  0x00000299c1ca7800 JavaThread "Unconstrained build operations Thread 41" [_thread_blocked, id=8052, stack(0x000000f4fba00000,0x000000f4fbb00000)]
  0x00000299c1caa000 JavaThread "Unconstrained build operations Thread 42" [_thread_blocked, id=4264, stack(0x000000f4fbb00000,0x000000f4fbc00000)]
  0x00000299c1cab800 JavaThread "Unconstrained build operations Thread 43" [_thread_blocked, id=12560, stack(0x000000f4fbc00000,0x000000f4fbd00000)]
  0x00000299c1ca8800 JavaThread "Unconstrained build operations Thread 44" [_thread_blocked, id=4308, stack(0x000000f4fbd00000,0x000000f4fbe00000)]
  0x00000299c1cac800 JavaThread "Unconstrained build operations Thread 45" [_thread_blocked, id=18020, stack(0x000000f4fbe00000,0x000000f4fbf00000)]
  0x00000299c1ca9000 JavaThread "Unconstrained build operations Thread 46" [_thread_blocked, id=17276, stack(0x000000f4fbf00000,0x000000f4fc000000)]
  0x00000299c1cad000 JavaThread "Unconstrained build operations Thread 47" [_thread_blocked, id=8872, stack(0x000000f4fc000000,0x000000f4fc100000)]
  0x00000299c7360800 JavaThread "Unconstrained build operations Thread 48" [_thread_blocked, id=7244, stack(0x000000f4fc100000,0x000000f4fc200000)]
  0x00000299c7364000 JavaThread "Unconstrained build operations Thread 49" [_thread_blocked, id=8016, stack(0x000000f4fc200000,0x000000f4fc300000)]
  0x00000299c735e800 JavaThread "Unconstrained build operations Thread 50" [_thread_blocked, id=18568, stack(0x000000f4fc300000,0x000000f4fc400000)]
  0x00000299c7361800 JavaThread "Unconstrained build operations Thread 51" [_thread_blocked, id=1300, stack(0x000000f4fc400000,0x000000f4fc500000)]
  0x00000299c7365000 JavaThread "Unconstrained build operations Thread 52" [_thread_blocked, id=14364, stack(0x000000f4fc500000,0x000000f4fc600000)]
  0x00000299c735f000 JavaThread "Unconstrained build operations Thread 53" [_thread_blocked, id=11472, stack(0x000000f4fc600000,0x000000f4fc700000)]
  0x00000299c7365800 JavaThread "Unconstrained build operations Thread 54" [_thread_blocked, id=11112, stack(0x000000f4fc700000,0x000000f4fc800000)]
  0x00000299c7360000 JavaThread "Unconstrained build operations Thread 55" [_thread_blocked, id=11996, stack(0x000000f4fc800000,0x000000f4fc900000)]
  0x00000299c736c000 JavaThread "Unconstrained build operations Thread 56" [_thread_blocked, id=16552, stack(0x000000f4fc900000,0x000000f4fca00000)]
  0x00000299c7366800 JavaThread "Unconstrained build operations Thread 57" [_thread_blocked, id=15484, stack(0x000000f4fca00000,0x000000f4fcb00000)]
  0x00000299c736a800 JavaThread "Unconstrained build operations Thread 58" [_thread_blocked, id=16724, stack(0x000000f4fcb00000,0x000000f4fcc00000)]
  0x00000299c736b800 JavaThread "Unconstrained build operations Thread 59" [_thread_blocked, id=3604, stack(0x000000f4fcc00000,0x000000f4fcd00000)]
  0x00000299c7369000 JavaThread "Unconstrained build operations Thread 60" [_thread_blocked, id=12464, stack(0x000000f4fcd00000,0x000000f4fce00000)]
  0x00000299c7367800 JavaThread "Unconstrained build operations Thread 61" [_thread_blocked, id=13156, stack(0x000000f4fce00000,0x000000f4fcf00000)]
  0x00000299c7369800 JavaThread "Unconstrained build operations Thread 62" [_thread_blocked, id=13480, stack(0x000000f4fcf00000,0x000000f4fd000000)]
  0x00000299c7368000 JavaThread "Unconstrained build operations Thread 63" [_thread_blocked, id=16224, stack(0x000000f4fd000000,0x000000f4fd100000)]
  0x00000299c302c000 JavaThread "Unconstrained build operations Thread 64" [_thread_blocked, id=3048, stack(0x000000f4fd100000,0x000000f4fd200000)]
  0x00000299c302d800 JavaThread "Unconstrained build operations Thread 65" [_thread_blocked, id=18788, stack(0x000000f4fd200000,0x000000f4fd300000)]
  0x00000299c3027800 JavaThread "Unconstrained build operations Thread 66" [_thread_blocked, id=14656, stack(0x000000f4fd300000,0x000000f4fd400000)]
  0x00000299c3029800 JavaThread "Unconstrained build operations Thread 67" [_thread_blocked, id=16524, stack(0x000000f4fd400000,0x000000f4fd500000)]
  0x00000299c302a000 JavaThread "Unconstrained build operations Thread 68" [_thread_blocked, id=5144, stack(0x000000f4fd500000,0x000000f4fd600000)]
  0x00000299c302b000 JavaThread "Unconstrained build operations Thread 69" [_thread_blocked, id=14512, stack(0x000000f4fd600000,0x000000f4fd700000)]
  0x00000299c302e000 JavaThread "Unconstrained build operations Thread 70" [_thread_blocked, id=3132, stack(0x000000f4fd700000,0x000000f4fd800000)]
  0x00000299c3028800 JavaThread "Unconstrained build operations Thread 71" [_thread_blocked, id=6388, stack(0x000000f4fd800000,0x000000f4fd900000)]
  0x00000299c3034000 JavaThread "Unconstrained build operations Thread 72" [_thread_blocked, id=16592, stack(0x000000f4fd900000,0x000000f4fda00000)]
  0x00000299c302f000 JavaThread "Unconstrained build operations Thread 73" [_thread_blocked, id=11788, stack(0x000000f4fda00000,0x000000f4fdb00000)]
  0x00000299c3030800 JavaThread "Unconstrained build operations Thread 74" [_thread_blocked, id=11556, stack(0x000000f4fdb00000,0x000000f4fdc00000)]
  0x00000299c3035800 JavaThread "Unconstrained build operations Thread 75" [_thread_blocked, id=13440, stack(0x000000f4fdc00000,0x000000f4fdd00000)]
  0x00000299c3031800 JavaThread "Unconstrained build operations Thread 76" [_thread_blocked, id=7804, stack(0x000000f4fdd00000,0x000000f4fde00000)]
  0x00000299c3033000 JavaThread "Unconstrained build operations Thread 77" [_thread_blocked, id=4604, stack(0x000000f4fde00000,0x000000f4fdf00000)]
  0x00000299c3034800 JavaThread "Unconstrained build operations Thread 78" [_thread_blocked, id=14916, stack(0x000000f4fdf00000,0x000000f4fe000000)]
  0x00000299c2b01800 JavaThread "Unconstrained build operations Thread 79" [_thread_blocked, id=17296, stack(0x000000f4fe000000,0x000000f4fe100000)]
  0x00000299c2b04000 JavaThread "Unconstrained build operations Thread 80" [_thread_blocked, id=14924, stack(0x000000f4fe200000,0x000000f4fe300000)]
  0x00000299c2b06800 JavaThread "build event listener" [_thread_blocked, id=14524, stack(0x000000f4fe300000,0x000000f4fe400000)]
  0x00000299c2b05000 JavaThread "pool-16-thread-1" [_thread_blocked, id=14152, stack(0x000000f4fea00000,0x000000f4feb00000)]
  0x00000299c2b05800 JavaThread "build event listener" [_thread_blocked, id=14572, stack(0x000000f4fec00000,0x000000f4fed00000)]
  0x00000299c2b01000 JavaThread "included builds" [_thread_blocked, id=14824, stack(0x000000f4fed00000,0x000000f4fee00000)]
  0x00000299c2b0b800 JavaThread "Execution worker" [_thread_blocked, id=18664, stack(0x000000f4fee00000,0x000000f4fef00000)]
  0x00000299c2b08000 JavaThread "Execution worker Thread 2" [_thread_blocked, id=19248, stack(0x000000f4fef00000,0x000000f4ff000000)]
  0x00000299c2b0f800 JavaThread "Execution worker Thread 3" [_thread_blocked, id=18964, stack(0x000000f4ff000000,0x000000f4ff100000)]
  0x00000299c2b0a000 JavaThread "Execution worker Thread 4" [_thread_blocked, id=1320, stack(0x000000f4ff100000,0x000000f4ff200000)]
  0x00000299c2b0c000 JavaThread "Execution worker Thread 5" [_thread_blocked, id=17920, stack(0x000000f4ff200000,0x000000f4ff300000)]
  0x00000299c2b0a800 JavaThread "Execution worker Thread 6" [_thread_blocked, id=14904, stack(0x000000f4ff300000,0x000000f4ff400000)]
  0x00000299c0383800 JavaThread "Execution worker Thread 7" [_thread_blocked, id=12196, stack(0x000000f4ff400000,0x000000f4ff500000)]
  0x00000299c0387000 JavaThread "Cache worker for execution history cache (C:\Users\mohit\AndroidStudioProjects\StickyNotes\.gradle\7.5\executionHistory)" [_thread_blocked, id=16452, stack(0x000000f4ff500000,0x000000f4ff600000)]
  0x00000299c0382800 JavaThread "WorkerExecutor Queue" [_thread_blocked, id=7364, stack(0x000000f4ff600000,0x000000f4ff700000)]
  0x00000299c0381000 JavaThread "WorkerExecutor Queue Thread 2" [_thread_blocked, id=18488, stack(0x000000f4ff700000,0x000000f4ff800000)]

Other Threads:
=>0x00000299bed51000 VMThread "VM Thread" [stack: 0x000000f4f6400000,0x000000f4f6500000] [id=6440]
  0x00000299bf858000 WatcherThread [stack: 0x000000f4f6e00000,0x000000f4f6f00000] [id=8556]
  0x00000299a48cc800 GCTaskThread "GC Thread#0" [stack: 0x000000f4f5f00000,0x000000f4f6000000] [id=5400]
  0x00000299c082c000 GCTaskThread "GC Thread#1" [stack: 0x000000f4f7100000,0x000000f4f7200000] [id=17932]
  0x00000299c223d000 GCTaskThread "GC Thread#2" [stack: 0x000000f4f7a00000,0x000000f4f7b00000] [id=4520]
  0x00000299c0e9b000 GCTaskThread "GC Thread#3" [stack: 0x000000f4f7b00000,0x000000f4f7c00000] [id=13020]
  0x00000299c20e5000 GCTaskThread "GC Thread#4" [stack: 0x000000f4f7c00000,0x000000f4f7d00000] [id=7280]
  0x00000299c16d1000 GCTaskThread "GC Thread#5" [stack: 0x000000f4f7d00000,0x000000f4f7e00000] [id=10804]
  0x00000299c0b5f800 GCTaskThread "GC Thread#6" [stack: 0x000000f4f7e00000,0x000000f4f7f00000] [id=8588]
  0x00000299c0b60000 GCTaskThread "GC Thread#7" [stack: 0x000000f4f7f00000,0x000000f4f8000000] [id=7992]
  0x00000299a4900000 ConcurrentGCThread "G1 Main Marker" [stack: 0x000000f4f6000000,0x000000f4f6100000] [id=16220]
  0x00000299a4901800 ConcurrentGCThread "G1 Conc#0" [stack: 0x000000f4f6100000,0x000000f4f6200000] [id=16476]
  0x00000299c0fcc800 ConcurrentGCThread "G1 Conc#1" [stack: 0x000000f4f8300000,0x000000f4f8400000] [id=13476]
  0x00000299beba2800 ConcurrentGCThread "G1 Refine#0" [stack: 0x000000f4f6200000,0x000000f4f6300000] [id=15400]
  0x00000299c3247000 ConcurrentGCThread "G1 Refine#1" [stack: 0x000000f4f7900000,0x000000f4f7a00000] [id=3836]
  0x00000299beba3000 ConcurrentGCThread "G1 Young RemSet Sampling" [stack: 0x000000f4f6300000,0x000000f4f6400000] [id=10324]

Threads with active compile tasks:
C2 CompilerThread0   296214 16455  s!   4       jdk.internal.loader.URLClassPath::getLoader (194 bytes)
C1 CompilerThread0   296214 16536       2       com.android.tools.r8.graph.C2::a (104 bytes)
C2 CompilerThread1   296214 16470   !   4       java.net.URL::<init> (543 bytes)

VM state:at safepoint (normal execution)

VM Mutex/Monitor currently owned by a thread:  ([mutex/lock_event])
[0x00000299a48b1d90] Threads_lock - owner thread: 0x00000299bed51000
[0x00000299a48b0dd0] Heap_lock - owner thread: 0x00000299c6e67000

Heap address: 0x0000000080000000, size: 2048 MB, Compressed Oops mode: 32-bit
Narrow klass base: 0x0000000000000000, Narrow klass shift: 3
Compressed class space size: 1073741824 Address: 0x0000000100000000

Heap:
 garbage-first heap   total 234496K, used 137703K [0x0000000080000000, 0x0000000100000000)
  region size 1024K, 3 young (3072K), 3 survivors (3072K)
 Metaspace       used 110093K, capacity 113213K, committed 113872K, reserved 1148928K
  class space    used 13813K, capacity 14973K, committed 15180K, reserved 1048576K
Heap Regions: E=young(eden), S=young(survivor), O=old, HS=humongous(starts), HC=humongous(continues), CS=collection set, F=free, A=archive, TAMS=top-at-mark-start (previous, next)
|   0|0x0000000080000000, 0x0000000080100000, 0x0000000080100000|100%| O|  |TAMS 0x0000000080100000, 0x0000000080100000| Untracked 
|   1|0x0000000080100000, 0x0000000080200000, 0x0000000080200000|100%| O|  |TAMS 0x0000000080200000, 0x0000000080200000| Untracked 
|   2|0x0000000080200000, 0x0000000080300000, 0x0000000080300000|100%| O|  |TAMS 0x0000000080300000, 0x0000000080300000| Untracked 
|   3|0x0000000080300000, 0x0000000080400000, 0x0000000080400000|100%|HS|  |TAMS 0x0000000080400000, 0x0000000080400000| Complete 
|   4|0x0000000080400000, 0x0000000080500000, 0x0000000080500000|100%|HC|  |TAMS 0x0000000080500000, 0x0000000080500000| Complete 
|   5|0x0000000080500000, 0x0000000080600000, 0x0000000080600000|100%|HC|  |TAMS 0x0000000080600000, 0x0000000080600000| Complete 
|   6|0x0000000080600000, 0x0000000080700000, 0x0000000080700000|100%| O|  |TAMS 0x0000000080700000, 0x0000000080700000| Untracked 
|   7|0x0000000080700000, 0x0000000080800000, 0x0000000080800000|100%| O|  |TAMS 0x0000000080800000, 0x0000000080800000| Untracked 
|   8|0x0000000080800000, 0x0000000080900000, 0x0000000080900000|100%| O|  |TAMS 0x0000000080900000, 0x0000000080900000| Untracked 
|   9|0x0000000080900000, 0x0000000080a00000, 0x0000000080a00000|100%| O|  |TAMS 0x0000000080a00000, 0x0000000080a00000| Untracked 
|  10|0x0000000080a00000, 0x0000000080b00000, 0x0000000080b00000|100%| O|  |TAMS 0x0000000080b00000, 0x0000000080b00000| Untracked 
|  11|0x0000000080b00000, 0x0000000080c00000, 0x0000000080c00000|100%| O|  |TAMS 0x0000000080c00000, 0x0000000080c00000| Untracked 
|  12|0x0000000080c00000, 0x0000000080d00000, 0x0000000080d00000|100%| O|  |TAMS 0x0000000080c00000, 0x0000000080d00000| Untracked 
|  13|0x0000000080d00000, 0x0000000080e00000, 0x0000000080e00000|100%| O|  |TAMS 0x0000000080e00000, 0x0000000080e00000| Untracked 
|  14|0x0000000080e00000, 0x0000000080f00000, 0x0000000080f00000|100%| O|  |TAMS 0x0000000080f00000, 0x0000000080f00000| Untracked 
|  15|0x0000000080f00000, 0x0000000081000000, 0x0000000081000000|100%| O|  |TAMS 0x0000000081000000, 0x0000000081000000| Untracked 
|  16|0x0000000081000000, 0x0000000081100000, 0x0000000081100000|100%| O|  |TAMS 0x0000000081100000, 0x0000000081100000| Untracked 
|  17|0x0000000081100000, 0x0000000081200000, 0x0000000081200000|100%| O|  |TAMS 0x0000000081200000, 0x0000000081200000| Untracked 
|  18|0x0000000081200000, 0x0000000081300000, 0x0000000081300000|100%|HS|  |TAMS 0x0000000081300000, 0x0000000081300000| Complete 
|  19|0x0000000081300000, 0x0000000081400000, 0x0000000081400000|100%| O|  |TAMS 0x0000000081400000, 0x0000000081400000| Untracked 
|  20|0x0000000081400000, 0x0000000081500000, 0x0000000081500000|100%| O|  |TAMS 0x0000000081500000, 0x0000000081500000| Untracked 
|  21|0x0000000081500000, 0x0000000081600000, 0x0000000081600000|100%| O|  |TAMS 0x0000000081600000, 0x0000000081600000| Untracked 
|  22|0x0000000081600000, 0x0000000081700000, 0x0000000081700000|100%| O|  |TAMS 0x0000000081700000, 0x0000000081700000| Untracked 
|  23|0x0000000081700000, 0x0000000081800000, 0x0000000081800000|100%| O|  |TAMS 0x0000000081800000, 0x0000000081800000| Untracked 
|  24|0x0000000081800000, 0x0000000081900000, 0x0000000081900000|100%| O|  |TAMS 0x0000000081900000, 0x0000000081900000| Untracked 
|  25|0x0000000081900000, 0x0000000081a00000, 0x0000000081a00000|100%| O|  |TAMS 0x0000000081a00000, 0x0000000081a00000| Untracked 
|  26|0x0000000081a00000, 0x0000000081b00000, 0x0000000081b00000|100%| O|  |TAMS 0x0000000081b00000, 0x0000000081b00000| Untracked 
|  27|0x0000000081b00000, 0x0000000081c00000, 0x0000000081c00000|100%| O|  |TAMS 0x0000000081c00000, 0x0000000081c00000| Untracked 
|  28|0x0000000081c00000, 0x0000000081d00000, 0x0000000081d00000|100%| O|  |TAMS 0x0000000081d00000, 0x0000000081d00000| Untracked 
|  29|0x0000000081d00000, 0x0000000081e00000, 0x0000000081e00000|100%|HS|  |TAMS 0x0000000081e00000, 0x0000000081e00000| Complete 
|  30|0x0000000081e00000, 0x0000000081f00000, 0x0000000081f00000|100%| O|  |TAMS 0x0000000081f00000, 0x0000000081f00000| Untracked 
|  31|0x0000000081f00000, 0x0000000082000000, 0x0000000082000000|100%| O|  |TAMS 0x0000000082000000, 0x0000000082000000| Untracked 
|  32|0x0000000082000000, 0x0000000082100000, 0x0000000082100000|100%| O|  |TAMS 0x0000000082100000, 0x0000000082100000| Untracked 
|  33|0x0000000082100000, 0x0000000082200000, 0x0000000082200000|100%| O|  |TAMS 0x0000000082200000, 0x0000000082200000| Untracked 
|  34|0x0000000082200000, 0x0000000082300000, 0x0000000082300000|100%| O|  |TAMS 0x0000000082300000, 0x0000000082300000| Untracked 
|  35|0x0000000082300000, 0x0000000082400000, 0x0000000082400000|100%| O|  |TAMS 0x0000000082400000, 0x0000000082400000| Untracked 
|  36|0x0000000082400000, 0x0000000082500000, 0x0000000082500000|100%| O|  |TAMS 0x0000000082500000, 0x0000000082500000| Untracked 
|  37|0x0000000082500000, 0x0000000082600000, 0x0000000082600000|100%| O|  |TAMS 0x0000000082600000, 0x0000000082600000| Untracked 
|  38|0x0000000082600000, 0x0000000082700000, 0x0000000082700000|100%| O|  |TAMS 0x0000000082700000, 0x0000000082700000| Untracked 
|  39|0x0000000082700000, 0x0000000082800000, 0x0000000082800000|100%| O|  |TAMS 0x0000000082800000, 0x0000000082800000| Untracked 
|  40|0x0000000082800000, 0x0000000082900000, 0x0000000082900000|100%| O|  |TAMS 0x0000000082900000, 0x0000000082900000| Untracked 
|  41|0x0000000082900000, 0x0000000082a00000, 0x0000000082a00000|100%| O|  |TAMS 0x0000000082a00000, 0x0000000082a00000| Untracked 
|  42|0x0000000082a00000, 0x0000000082b00000, 0x0000000082b00000|100%| O|  |TAMS 0x0000000082b00000, 0x0000000082b00000| Untracked 
|  43|0x0000000082b00000, 0x0000000082c00000, 0x0000000082c00000|100%| O|  |TAMS 0x0000000082c00000, 0x0000000082c00000| Untracked 
|  44|0x0000000082c00000, 0x0000000082d00000, 0x0000000082d00000|100%| O|  |TAMS 0x0000000082d00000, 0x0000000082d00000| Untracked 
|  45|0x0000000082d00000, 0x0000000082e00000, 0x0000000082e00000|100%| O|  |TAMS 0x0000000082e00000, 0x0000000082e00000| Untracked 
|  46|0x0000000082e00000, 0x0000000082f00000, 0x0000000082f00000|100%| O|  |TAMS 0x0000000082f00000, 0x0000000082f00000| Untracked 
|  47|0x0000000082f00000, 0x0000000083000000, 0x0000000083000000|100%| O|  |TAMS 0x0000000083000000, 0x0000000083000000| Untracked 
|  48|0x0000000083000000, 0x0000000083100000, 0x0000000083100000|100%| O|  |TAMS 0x0000000083100000, 0x0000000083100000| Untracked 
|  49|0x0000000083100000, 0x0000000083200000, 0x0000000083200000|100%| O|  |TAMS 0x0000000083200000, 0x0000000083200000| Untracked 
|  50|0x0000000083200000, 0x0000000083300000, 0x0000000083300000|100%| O|  |TAMS 0x0000000083300000, 0x0000000083300000| Untracked 
|  51|0x0000000083300000, 0x0000000083400000, 0x0000000083400000|100%| O|  |TAMS 0x0000000083400000, 0x0000000083400000| Untracked 
|  52|0x0000000083400000, 0x0000000083500000, 0x0000000083500000|100%| O|  |TAMS 0x0000000083500000, 0x0000000083500000| Untracked 
|  53|0x0000000083500000, 0x0000000083600000, 0x0000000083600000|100%| O|  |TAMS 0x0000000083600000, 0x0000000083600000| Untracked 
|  54|0x0000000083600000, 0x0000000083700000, 0x0000000083700000|100%| O|  |TAMS 0x0000000083700000, 0x0000000083700000| Untracked 
|  55|0x0000000083700000, 0x0000000083800000, 0x0000000083800000|100%| O|  |TAMS 0x0000000083800000, 0x0000000083800000| Untracked 
|  56|0x0000000083800000, 0x0000000083900000, 0x0000000083900000|100%| O|  |TAMS 0x0000000083900000, 0x0000000083900000| Untracked 
|  57|0x0000000083900000, 0x0000000083a00000, 0x0000000083a00000|100%| O|  |TAMS 0x0000000083a00000, 0x0000000083a00000| Untracked 
|  58|0x0000000083a00000, 0x0000000083b00000, 0x0000000083b00000|100%| O|  |TAMS 0x0000000083b00000, 0x0000000083b00000| Untracked 
|  59|0x0000000083b00000, 0x0000000083c00000, 0x0000000083c00000|100%| O|  |TAMS 0x0000000083c00000, 0x0000000083c00000| Untracked 
|  60|0x0000000083c00000, 0x0000000083d00000, 0x0000000083d00000|100%| O|  |TAMS 0x0000000083d00000, 0x0000000083d00000| Untracked 
|  61|0x0000000083d00000, 0x0000000083e00000, 0x0000000083e00000|100%| O|  |TAMS 0x0000000083e00000, 0x0000000083e00000| Untracked 
|  62|0x0000000083e00000, 0x0000000083f00000, 0x0000000083f00000|100%| O|  |TAMS 0x0000000083f00000, 0x0000000083f00000| Untracked 
|  63|0x0000000083f00000, 0x0000000084000000, 0x0000000084000000|100%| O|  |TAMS 0x0000000084000000, 0x0000000084000000| Untracked 
|  64|0x0000000084000000, 0x0000000084100000, 0x0000000084100000|100%| O|  |TAMS 0x0000000084100000, 0x0000000084100000| Untracked 
|  65|0x0000000084100000, 0x0000000084200000, 0x0000000084200000|100%| O|  |TAMS 0x0000000084200000, 0x0000000084200000| Untracked 
|  66|0x0000000084200000, 0x0000000084300000, 0x0000000084300000|100%| O|  |TAMS 0x0000000084300000, 0x0000000084300000| Untracked 
|  67|0x0000000084300000, 0x0000000084400000, 0x0000000084400000|100%| O|  |TAMS 0x0000000084400000, 0x0000000084400000| Untracked 
|  68|0x0000000084400000, 0x0000000084500000, 0x0000000084500000|100%| O|  |TAMS 0x0000000084500000, 0x0000000084500000| Untracked 
|  69|0x0000000084500000, 0x0000000084600000, 0x0000000084600000|100%| O|  |TAMS 0x0000000084600000, 0x0000000084600000| Untracked 
|  70|0x0000000084600000, 0x0000000084700000, 0x0000000084700000|100%| O|  |TAMS 0x0000000084700000, 0x0000000084700000| Untracked 
|  71|0x0000000084700000, 0x0000000084800000, 0x0000000084800000|100%| O|  |TAMS 0x0000000084800000, 0x0000000084800000| Untracked 
|  72|0x0000000084800000, 0x0000000084900000, 0x0000000084900000|100%| O|  |TAMS 0x0000000084900000, 0x0000000084900000| Untracked 
|  73|0x0000000084900000, 0x0000000084a00000, 0x0000000084a00000|100%| O|  |TAMS 0x0000000084a00000, 0x0000000084a00000| Untracked 
|  74|0x0000000084a00000, 0x0000000084b00000, 0x0000000084b00000|100%| O|  |TAMS 0x0000000084b00000, 0x0000000084b00000| Untracked 
|  75|0x0000000084b00000, 0x0000000084c00000, 0x0000000084c00000|100%| O|  |TAMS 0x0000000084c00000, 0x0000000084c00000| Untracked 
|  76|0x0000000084c00000, 0x0000000084d00000, 0x0000000084d00000|100%| O|  |TAMS 0x0000000084d00000, 0x0000000084d00000| Untracked 
|  77|0x0000000084d00000, 0x0000000084e00000, 0x0000000084e00000|100%| O|  |TAMS 0x0000000084e00000, 0x0000000084e00000| Untracked 
|  78|0x0000000084e00000, 0x0000000084f00000, 0x0000000084f00000|100%| O|  |TAMS 0x0000000084f00000, 0x0000000084f00000| Untracked 
|  79|0x0000000084f00000, 0x0000000085000000, 0x0000000085000000|100%| O|  |TAMS 0x0000000085000000, 0x0000000085000000| Untracked 
|  80|0x0000000085000000, 0x0000000085100000, 0x0000000085100000|100%| O|  |TAMS 0x0000000085100000, 0x0000000085100000| Untracked 
|  81|0x0000000085100000, 0x0000000085200000, 0x0000000085200000|100%| O|  |TAMS 0x0000000085200000, 0x0000000085200000| Untracked 
|  82|0x0000000085200000, 0x0000000085300000, 0x0000000085300000|100%| O|  |TAMS 0x0000000085300000, 0x0000000085300000| Untracked 
|  83|0x0000000085300000, 0x0000000085400000, 0x0000000085400000|100%| O|  |TAMS 0x0000000085400000, 0x0000000085400000| Untracked 
|  84|0x0000000085400000, 0x0000000085500000, 0x0000000085500000|100%| O|  |TAMS 0x0000000085500000, 0x0000000085500000| Untracked 
|  85|0x0000000085500000, 0x0000000085600000, 0x0000000085600000|100%| O|  |TAMS 0x0000000085600000, 0x0000000085600000| Untracked 
|  86|0x0000000085600000, 0x0000000085700000, 0x0000000085700000|100%| O|  |TAMS 0x0000000085700000, 0x0000000085700000| Untracked 
|  87|0x0000000085700000, 0x0000000085800000, 0x0000000085800000|100%| O|  |TAMS 0x0000000085700000, 0x0000000085765600| Untracked 
|  88|0x0000000085800000, 0x0000000085900000, 0x0000000085900000|100%| O|  |TAMS 0x0000000085800000, 0x0000000085800000| Untracked 
|  89|0x0000000085900000, 0x0000000085a00000, 0x0000000085a00000|100%| O|  |TAMS 0x0000000085a00000, 0x0000000085a00000| Untracked 
|  90|0x0000000085a00000, 0x0000000085b00000, 0x0000000085b00000|100%| O|  |TAMS 0x0000000085b00000, 0x0000000085b00000| Untracked 
|  91|0x0000000085b00000, 0x0000000085c00000, 0x0000000085c00000|100%| O|  |TAMS 0x0000000085c00000, 0x0000000085c00000| Untracked 
|  92|0x0000000085c00000, 0x0000000085d00000, 0x0000000085d00000|100%| O|  |TAMS 0x0000000085d00000, 0x0000000085d00000| Untracked 
|  93|0x0000000085d00000, 0x0000000085e00000, 0x0000000085e00000|100%| O|  |TAMS 0x0000000085e00000, 0x0000000085e00000| Untracked 
|  94|0x0000000085e00000, 0x0000000085f00000, 0x0000000085f00000|100%| O|  |TAMS 0x0000000085f00000, 0x0000000085f00000| Untracked 
|  95|0x0000000085f00000, 0x0000000086000000, 0x0000000086000000|100%|HS|  |TAMS 0x0000000086000000, 0x0000000086000000| Complete 
|  96|0x0000000086000000, 0x0000000086100000, 0x0000000086100000|100%|HC|  |TAMS 0x0000000086100000, 0x0000000086100000| Complete 
|  97|0x0000000086100000, 0x0000000086200000, 0x0000000086200000|100%| O|  |TAMS 0x0000000086200000, 0x0000000086200000| Untracked 
|  98|0x0000000086200000, 0x0000000086300000, 0x0000000086300000|100%| O|  |TAMS 0x0000000086300000, 0x0000000086300000| Untracked 
|  99|0x0000000086300000, 0x0000000086400000, 0x0000000086400000|100%| O|  |TAMS 0x0000000086400000, 0x0000000086400000| Untracked 
| 100|0x0000000086400000, 0x0000000086500000, 0x0000000086500000|100%| O|  |TAMS 0x0000000086500000, 0x0000000086500000| Untracked 
| 101|0x0000000086500000, 0x0000000086600000, 0x0000000086600000|100%| O|  |TAMS 0x0000000086600000, 0x0000000086600000| Untracked 
| 102|0x0000000086600000, 0x0000000086700000, 0x0000000086700000|100%| O|  |TAMS 0x0000000086600000, 0x0000000086600000| Untracked 
| 103|0x0000000086700000, 0x0000000086800000, 0x0000000086800000|100%| O|  |TAMS 0x0000000086800000, 0x0000000086800000| Untracked 
| 104|0x0000000086800000, 0x0000000086900000, 0x0000000086900000|100%| O|  |TAMS 0x0000000086900000, 0x0000000086900000| Untracked 
| 105|0x0000000086900000, 0x0000000086a00000, 0x0000000086a00000|100%| O|  |TAMS 0x0000000086a00000, 0x0000000086a00000| Untracked 
| 106|0x0000000086a00000, 0x0000000086b00000, 0x0000000086b00000|100%| O|  |TAMS 0x0000000086b00000, 0x0000000086b00000| Untracked 
| 107|0x0000000086b00000, 0x0000000086c00000, 0x0000000086c00000|100%| O|  |TAMS 0x0000000086c00000, 0x0000000086c00000| Untracked 
| 108|0x0000000086c00000, 0x0000000086d00000, 0x0000000086d00000|100%| O|  |TAMS 0x0000000086d00000, 0x0000000086d00000| Untracked 
| 109|0x0000000086d00000, 0x0000000086e00000, 0x0000000086e00000|100%| O|  |TAMS 0x0000000086e00000, 0x0000000086e00000| Untracked 
| 110|0x0000000086e00000, 0x0000000086f00000, 0x0000000086f00000|100%| O|  |TAMS 0x0000000086f00000, 0x0000000086f00000| Untracked 
| 111|0x0000000086f00000, 0x0000000087000000, 0x0000000087000000|100%| O|  |TAMS 0x0000000087000000, 0x0000000087000000| Untracked 
| 112|0x0000000087000000, 0x0000000087100000, 0x0000000087100000|100%| O|  |TAMS 0x0000000087100000, 0x0000000087100000| Untracked 
| 113|0x0000000087100000, 0x0000000087200000, 0x0000000087200000|100%| O|  |TAMS 0x0000000087200000, 0x0000000087200000| Untracked 
| 114|0x0000000087200000, 0x0000000087300000, 0x0000000087300000|100%| O|  |TAMS 0x0000000087300000, 0x0000000087300000| Untracked 
| 115|0x0000000087300000, 0x0000000087400000, 0x0000000087400000|100%| O|  |TAMS 0x0000000087400000, 0x0000000087400000| Untracked 
| 116|0x0000000087400000, 0x0000000087500000, 0x0000000087500000|100%| O|  |TAMS 0x0000000087500000, 0x0000000087500000| Untracked 
| 117|0x0000000087500000, 0x0000000087600000, 0x0000000087600000|100%| O|  |TAMS 0x00000000875a8600, 0x0000000087600000| Untracked 
| 118|0x0000000087600000, 0x0000000087700000, 0x0000000087700000|100%| O|  |TAMS 0x0000000087700000, 0x0000000087700000| Untracked 
| 119|0x0000000087700000, 0x0000000087800000, 0x0000000087800000|100%| O|  |TAMS 0x0000000087800000, 0x0000000087800000| Untracked 
| 120|0x0000000087800000, 0x0000000087900000, 0x0000000087900000|100%| O|  |TAMS 0x0000000087900000, 0x0000000087900000| Untracked 
| 121|0x0000000087900000, 0x0000000087a00000, 0x0000000087a00000|100%| O|  |TAMS 0x0000000087a00000, 0x0000000087a00000| Untracked 
| 122|0x0000000087a00000, 0x0000000087b00000, 0x0000000087b00000|100%| O|  |TAMS 0x0000000087b00000, 0x0000000087b00000| Untracked 
| 123|0x0000000087b00000, 0x0000000087b79c00, 0x0000000087c00000| 47%| O|  |TAMS 0x0000000087b00000, 0x0000000087b00000| Untracked 
| 124|0x0000000087c00000, 0x0000000087d00000, 0x0000000087d00000|100%| O|  |TAMS 0x0000000087c00000, 0x0000000087d00000| Untracked 
| 125|0x0000000087d00000, 0x0000000087e00000, 0x0000000087e00000|100%| O|  |TAMS 0x0000000087d00000, 0x0000000087e00000| Untracked 
| 126|0x0000000087e00000, 0x0000000087f00000, 0x0000000087f00000|100%| O|  |TAMS 0x0000000087e00000, 0x0000000087f00000| Untracked 
| 127|0x0000000087f00000, 0x0000000088000000, 0x0000000088000000|100%| O|  |TAMS 0x0000000087f00000, 0x0000000088000000| Untracked 
| 128|0x0000000088000000, 0x0000000088100000, 0x0000000088100000|100%| O|  |TAMS 0x0000000088000000, 0x0000000088100000| Untracked 
| 129|0x0000000088100000, 0x0000000088200000, 0x0000000088200000|100%| O|  |TAMS 0x0000000088100000, 0x0000000088200000| Untracked 
| 130|0x0000000088200000, 0x0000000088300000, 0x0000000088300000|100%| O|  |TAMS 0x0000000088200000, 0x0000000088300000| Untracked 
| 131|0x0000000088300000, 0x0000000088400000, 0x0000000088400000|100%| O|  |TAMS 0x0000000088300000, 0x0000000088400000| Untracked 
| 132|0x0000000088400000, 0x0000000088400000, 0x0000000088500000|  0%| F|  |TAMS 0x0000000088400000, 0x0000000088400000| Untracked 
| 133|0x0000000088500000, 0x0000000088500000, 0x0000000088600000|  0%| F|  |TAMS 0x0000000088500000, 0x0000000088500000| Untracked 
| 134|0x0000000088600000, 0x0000000088600000, 0x0000000088700000|  0%| F|  |TAMS 0x0000000088600000, 0x0000000088600000| Untracked 
| 135|0x0000000088700000, 0x0000000088700000, 0x0000000088800000|  0%| F|  |TAMS 0x0000000088700000, 0x0000000088700000| Untracked 
| 136|0x0000000088800000, 0x0000000088800000, 0x0000000088900000|  0%| F|  |TAMS 0x0000000088800000, 0x0000000088800000| Untracked 
| 137|0x0000000088900000, 0x0000000088900000, 0x0000000088a00000|  0%| F|  |TAMS 0x0000000088900000, 0x0000000088900000| Untracked 
| 138|0x0000000088a00000, 0x0000000088a00000, 0x0000000088b00000|  0%| F|  |TAMS 0x0000000088a00000, 0x0000000088a00000| Untracked 
| 139|0x0000000088b00000, 0x0000000088b00000, 0x0000000088c00000|  0%| F|  |TAMS 0x0000000088b00000, 0x0000000088b00000| Untracked 
| 140|0x0000000088c00000, 0x0000000088c00000, 0x0000000088d00000|  0%| F|  |TAMS 0x0000000088c00000, 0x0000000088c00000| Untracked 
| 141|0x0000000088d00000, 0x0000000088d00000, 0x0000000088e00000|  0%| F|  |TAMS 0x0000000088d00000, 0x0000000088d00000| Untracked 
| 142|0x0000000088e00000, 0x0000000088e00000, 0x0000000088f00000|  0%| F|  |TAMS 0x0000000088e00000, 0x0000000088e00000| Untracked 
| 143|0x0000000088f00000, 0x0000000088f00000, 0x0000000089000000|  0%| F|  |TAMS 0x0000000088f00000, 0x0000000088f00000| Untracked 
| 144|0x0000000089000000, 0x0000000089000000, 0x0000000089100000|  0%| F|  |TAMS 0x0000000089000000, 0x0000000089000000| Untracked 
| 145|0x0000000089100000, 0x0000000089100000, 0x0000000089200000|  0%| F|  |TAMS 0x0000000089100000, 0x0000000089100000| Untracked 
| 146|0x0000000089200000, 0x0000000089200000, 0x0000000089300000|  0%| F|  |TAMS 0x0000000089200000, 0x0000000089200000| Untracked 
| 147|0x0000000089300000, 0x0000000089300000, 0x0000000089400000|  0%| F|  |TAMS 0x0000000089300000, 0x0000000089300000| Untracked 
| 148|0x0000000089400000, 0x0000000089400000, 0x0000000089500000|  0%| F|  |TAMS 0x0000000089400000, 0x0000000089400000| Untracked 
| 149|0x0000000089500000, 0x0000000089500000, 0x0000000089600000|  0%| F|  |TAMS 0x0000000089500000, 0x0000000089500000| Untracked 
| 150|0x0000000089600000, 0x0000000089600000, 0x0000000089700000|  0%| F|  |TAMS 0x0000000089600000, 0x0000000089600000| Untracked 
| 151|0x0000000089700000, 0x0000000089700000, 0x0000000089800000|  0%| F|  |TAMS 0x0000000089700000, 0x0000000089700000| Untracked 
| 152|0x0000000089800000, 0x0000000089800000, 0x0000000089900000|  0%| F|  |TAMS 0x0000000089800000, 0x0000000089800000| Untracked 
| 153|0x0000000089900000, 0x0000000089900000, 0x0000000089a00000|  0%| F|  |TAMS 0x0000000089900000, 0x0000000089900000| Untracked 
| 154|0x0000000089a00000, 0x0000000089a00000, 0x0000000089b00000|  0%| F|  |TAMS 0x0000000089a00000, 0x0000000089a00000| Untracked 
| 155|0x0000000089b00000, 0x0000000089c00000, 0x0000000089c00000|100%| S|CS|TAMS 0x0000000089b00000, 0x0000000089b00000| Complete 
| 156|0x0000000089c00000, 0x0000000089d00000, 0x0000000089d00000|100%| S|CS|TAMS 0x0000000089c00000, 0x0000000089c00000| Complete 
| 157|0x0000000089d00000, 0x0000000089e00000, 0x0000000089e00000|100%| S|CS|TAMS 0x0000000089d00000, 0x0000000089d00000| Complete 
| 158|0x0000000089e00000, 0x0000000089e00000, 0x0000000089f00000|  0%| F|  |TAMS 0x0000000089e00000, 0x0000000089e00000| Untracked 
| 159|0x0000000089f00000, 0x0000000089f00000, 0x000000008a000000|  0%| F|  |TAMS 0x0000000089f00000, 0x0000000089f00000| Untracked 
| 160|0x000000008a000000, 0x000000008a000000, 0x000000008a100000|  0%| F|  |TAMS 0x000000008a000000, 0x000000008a000000| Untracked 
| 161|0x000000008a100000, 0x000000008a100000, 0x000000008a200000|  0%| F|  |TAMS 0x000000008a100000, 0x000000008a100000| Untracked 
| 162|0x000000008a200000, 0x000000008a200000, 0x000000008a300000|  0%| F|  |TAMS 0x000000008a200000, 0x000000008a200000| Untracked 
| 163|0x000000008a300000, 0x000000008a300000, 0x000000008a400000|  0%| F|  |TAMS 0x000000008a300000, 0x000000008a300000| Untracked 
| 164|0x000000008a400000, 0x000000008a400000, 0x000000008a500000|  0%| F|  |TAMS 0x000000008a400000, 0x000000008a400000| Untracked 
| 165|0x000000008a500000, 0x000000008a500000, 0x000000008a600000|  0%| F|  |TAMS 0x000000008a500000, 0x000000008a500000| Untracked 
| 166|0x000000008a600000, 0x000000008a600000, 0x000000008a700000|  0%| F|  |TAMS 0x000000008a600000, 0x000000008a600000| Untracked 
| 167|0x000000008a700000, 0x000000008a700000, 0x000000008a800000|  0%| F|  |TAMS 0x000000008a700000, 0x000000008a700000| Untracked 
| 168|0x000000008a800000, 0x000000008a800000, 0x000000008a900000|  0%| F|  |TAMS 0x000000008a800000, 0x000000008a800000| Untracked 
| 169|0x000000008a900000, 0x000000008a900000, 0x000000008aa00000|  0%| F|  |TAMS 0x000000008a900000, 0x000000008a900000| Untracked 
| 170|0x000000008aa00000, 0x000000008aa00000, 0x000000008ab00000|  0%| F|  |TAMS 0x000000008aa00000, 0x000000008aa00000| Untracked 
| 171|0x000000008ab00000, 0x000000008ab00000, 0x000000008ac00000|  0%| F|  |TAMS 0x000000008ab00000, 0x000000008ab00000| Untracked 
| 172|0x000000008ac00000, 0x000000008ac00000, 0x000000008ad00000|  0%| F|  |TAMS 0x000000008ac00000, 0x000000008ac00000| Untracked 

Card table byte_map: [0x00000299b7b20000,0x00000299b7f20000] _byte_map_base: 0x00000299b7720000

Marking Bits (Prev, Next): (CMBitMap*) 0x00000299a48f6fb8, (CMBitMap*) 0x00000299a48f6ff0
 Prev Bits: [0x00000299b8320000, 0x00000299ba320000)
 Next Bits: [0x00000299ba320000, 0x00000299bc320000)

Polling page: 0x00000299a2880000

Metaspace:

Usage:
  Non-class:     95.94 MB capacity,    94.02 MB ( 98%) used,     1.55 MB (  2%) free+waste,   376.06 KB ( <1%) overhead. 
      Class:     14.62 MB capacity,    13.49 MB ( 92%) used,   992.69 KB (  7%) free+waste,   166.56 KB (  1%) overhead. 
       Both:    110.56 MB capacity,   107.51 MB ( 97%) used,     2.52 MB (  2%) free+waste,   542.62 KB ( <1%) overhead. 

Virtual space:
  Non-class space:       98.00 MB reserved,      96.38 MB ( 98%) committed 
      Class space:        1.00 GB reserved,      14.82 MB (  1%) committed 
             Both:        1.10 GB reserved,     111.20 MB ( 10%) committed 

Chunk freelists:
   Non-Class:  324.00 KB
       Class:  195.00 KB
        Both:  519.00 KB

MaxMetaspaceSize: 17179869184.00 GB
CompressedClassSpaceSize: 1.00 GB
Initial GC threshold: 20.80 MB
Current GC threshold: 183.05 MB
CDS: off

CodeHeap 'non-profiled nmethods': size=120000Kb used=9149Kb max_used=9149Kb free=110850Kb
 bounds [0x00000299afeb0000, 0x00000299b07a0000, 0x00000299b73e0000]
CodeHeap 'profiled nmethods': size=120000Kb used=35397Kb max_used=35397Kb free=84602Kb
 bounds [0x00000299a8980000, 0x00000299aac20000, 0x00000299afeb0000]
CodeHeap 'non-nmethods': size=5760Kb used=2430Kb max_used=2473Kb free=3329Kb
 bounds [0x00000299a83e0000, 0x00000299a8660000, 0x00000299a8980000]
 total_blobs=17097 nmethods=16138 adapters=870
 compilation: enabled
              stopped_count=0, restarted_count=0
 full_count=0

Compilation events (20 events):
Event: 296.095 Thread 0x00000299bed85000 nmethod 16550 0x00000299aabf1510 code [0x00000299aabf17e0, 0x00000299aabf2498]
Event: 296.095 Thread 0x00000299bed85000 16552       2       com.android.tools.r8.internal.Ab::a (6176 bytes)
Event: 296.141 Thread 0x00000299bed85000 nmethod 16552 0x00000299aabf2c90 code [0x00000299aabf3a40, 0x00000299aabfdec8]
Event: 296.141 Thread 0x00000299bed85000 16562       2       com.android.tools.r8.internal.ug::e (297 bytes)
Event: 296.144 Thread 0x00000299bed85000 nmethod 16562 0x00000299aac07010 code [0x00000299aac07320, 0x00000299aac08498]
Event: 296.144 Thread 0x00000299bed85000 16556 %     3       com.android.tools.r8.internal.ct::a @ 82 (990 bytes)
Event: 296.149 Thread 0x00000299bed85000 nmethod 16556% 0x00000299aac08e90 code [0x00000299aac09340, 0x00000299aac0c6e8]
Event: 296.149 Thread 0x00000299bed85000 16559 %     3       com.android.tools.r8.internal.cT::a @ 37 (75 bytes)
Event: 296.150 Thread 0x00000299bed85000 nmethod 16559% 0x00000299aac0d290 code [0x00000299aac0d460, 0x00000299aac0d7f8]
Event: 296.150 Thread 0x00000299bed85000 16568       3       com.android.tools.r8.internal.Ab::a (131 bytes)
Event: 296.151 Thread 0x00000299bed85000 nmethod 16568 0x00000299aac0d990 code [0x00000299aac0dbc0, 0x00000299aac0e478]
Event: 296.151 Thread 0x00000299bed85000 16574       2       java.util.zip.ZipFile$InflaterCleanupAction::run (12 bytes)
Event: 296.151 Thread 0x00000299bed85000 nmethod 16574 0x00000299aac0e890 code [0x00000299aac0ea40, 0x00000299aac0eb68]
Event: 296.151 Thread 0x00000299bed85000 16563       2       java.lang.Character::toString (5 bytes)
Event: 296.151 Thread 0x00000299bed85000 nmethod 16563 0x00000299aac0ec10 code [0x00000299aac0edc0, 0x00000299aac0eea8]
Event: 296.151 Thread 0x00000299bed85000 16571       2       com.android.tools.r8.synthesis.z::a (469 bytes)
Event: 296.155 Thread 0x00000299bed85000 nmethod 16571 0x00000299aac0ef90 code [0x00000299aac0f2e0, 0x00000299aac10418]
Event: 296.156 Thread 0x00000299bed85000 16577   !   2       java.util.zip.ZipFile$CleanableResource::releaseInflater (53 bytes)
Event: 296.156 Thread 0x00000299bed85000 nmethod 16577 0x00000299aac10d90 code [0x00000299aac10f60, 0x00000299aac112e8]
Event: 296.156 Thread 0x00000299bed85000 16536       2       com.android.tools.r8.graph.C2::a (104 bytes)

GC Heap History (20 events):
Event: 293.655 GC heap after
{Heap after GC invocations=43 (full 0):
 garbage-first heap   total 177152K, used 110883K [0x0000000080000000, 0x0000000100000000)
  region size 1024K, 5 young (5120K), 5 survivors (5120K)
 Metaspace       used 103911K, capacity 106934K, committed 107216K, reserved 1142784K
  class space    used 12984K, capacity 14099K, committed 14156K, reserved 1048576K
}
Event: 293.869 GC heap before
{Heap before GC invocations=44 (full 0):
 garbage-first heap   total 177152K, used 145699K [0x0000000080000000, 0x0000000100000000)
  region size 1024K, 41 young (41984K), 5 survivors (5120K)
 Metaspace       used 104429K, capacity 107483K, committed 107600K, reserved 1142784K
  class space    used 13057K, capacity 14196K, committed 14284K, reserved 1048576K
}
Event: 293.884 GC heap after
{Heap after GC invocations=45 (full 0):
 garbage-first heap   total 177152K, used 118245K [0x0000000080000000, 0x0000000100000000)
  region size 1024K, 5 young (5120K), 5 survivors (5120K)
 Metaspace       used 104429K, capacity 107483K, committed 107600K, reserved 1142784K
  class space    used 13057K, capacity 14196K, committed 14284K, reserved 1048576K
}
Event: 293.896 GC heap before
{Heap before GC invocations=45 (full 0):
 garbage-first heap   total 177152K, used 120293K [0x0000000080000000, 0x0000000100000000)
  region size 1024K, 8 young (8192K), 5 survivors (5120K)
 Metaspace       used 104445K, capacity 107484K, committed 107600K, reserved 1142784K
  class space    used 13058K, capacity 14196K, committed 14284K, reserved 1048576K
}
Event: 293.909 GC heap after
{Heap after GC invocations=46 (full 0):
 garbage-first heap   total 177152K, used 112408K [0x0000000080000000, 0x0000000100000000)
  region size 1024K, 1 young (1024K), 1 survivors (1024K)
 Metaspace       used 104445K, capacity 107484K, committed 107600K, reserved 1142784K
  class space    used 13058K, capacity 14196K, committed 14284K, reserved 1048576K
}
Event: 294.094 GC heap before
{Heap before GC invocations=46 (full 0):
 garbage-first heap   total 177152K, used 143128K [0x0000000080000000, 0x0000000100000000)
  region size 1024K, 32 young (32768K), 1 survivors (1024K)
 Metaspace       used 105061K, capacity 108092K, committed 108112K, reserved 1142784K
  class space    used 13137K, capacity 14272K, committed 14284K, reserved 1048576K
}
Event: 294.106 GC heap after
{Heap after GC invocations=47 (full 0):
 garbage-first heap   total 177152K, used 121755K [0x0000000080000000, 0x0000000100000000)
  region size 1024K, 4 young (4096K), 4 survivors (4096K)
 Metaspace       used 105061K, capacity 108092K, committed 108112K, reserved 1142784K
  class space    used 13137K, capacity 14272K, committed 14284K, reserved 1048576K
}
Event: 294.944 GC heap before
{Heap before GC invocations=48 (full 0):
 garbage-first heap   total 177152K, used 144283K [0x0000000080000000, 0x0000000100000000)
  region size 1024K, 27 young (27648K), 4 survivors (4096K)
 Metaspace       used 107667K, capacity 110848K, committed 110928K, reserved 1144832K
  class space    used 13526K, capacity 14738K, committed 14796K, reserved 1048576K
}
Event: 294.956 GC heap after
{Heap after GC invocations=49 (full 0):
 garbage-first heap   total 177152K, used 125457K [0x0000000080000000, 0x0000000100000000)
  region size 1024K, 4 young (4096K), 4 survivors (4096K)
 Metaspace       used 107667K, capacity 110848K, committed 110928K, reserved 1144832K
  class space    used 13526K, capacity 14738K, committed 14796K, reserved 1048576K
}
Event: 295.010 GC heap before
{Heap before GC invocations=49 (full 0):
 garbage-first heap   total 177152K, used 129553K [0x0000000080000000, 0x0000000100000000)
  region size 1024K, 8 young (8192K), 4 survivors (4096K)
 Metaspace       used 107806K, capacity 110979K, committed 111184K, reserved 1146880K
  class space    used 13538K, capacity 14739K, committed 14796K, reserved 1048576K
}
Event: 295.020 GC heap after
{Heap after GC invocations=50 (full 0):
 garbage-first heap   total 177152K, used 124526K [0x0000000080000000, 0x0000000100000000)
  region size 1024K, 1 young (1024K), 1 survivors (1024K)
 Metaspace       used 107806K, capacity 110979K, committed 111184K, reserved 1146880K
  class space    used 13538K, capacity 14739K, committed 14796K, reserved 1048576K
}
Event: 295.312 GC heap before
{Heap before GC invocations=50 (full 0):
 garbage-first heap   total 177152K, used 146030K [0x0000000080000000, 0x0000000100000000)
  region size 1024K, 23 young (23552K), 1 survivors (1024K)
 Metaspace       used 108404K, capacity 111715K, committed 111824K, reserved 1146880K
  class space    used 13634K, capacity 14857K, committed 14924K, reserved 1048576K
}
Event: 295.325 GC heap after
{Heap after GC invocations=51 (full 0):
 garbage-first heap   total 177152K, used 129697K [0x0000000080000000, 0x0000000100000000)
  region size 1024K, 3 young (3072K), 3 survivors (3072K)
 Metaspace       used 108404K, capacity 111715K, committed 111824K, reserved 1146880K
  class space    used 13634K, capacity 14857K, committed 14924K, reserved 1048576K
}
Event: 295.890 GC heap before
{Heap before GC invocations=52 (full 0):
 garbage-first heap   total 177152K, used 148129K [0x0000000080000000, 0x0000000100000000)
  region size 1024K, 21 young (21504K), 3 survivors (3072K)
 Metaspace       used 108902K, capacity 112005K, committed 112720K, reserved 1146880K
  class space    used 13644K, capacity 14806K, committed 15052K, reserved 1048576K
}
Event: 295.907 GC heap after
{Heap after GC invocations=53 (full 0):
 garbage-first heap   total 177152K, used 133193K [0x0000000080000000, 0x0000000100000000)
  region size 1024K, 3 young (3072K), 3 survivors (3072K)
 Metaspace       used 108902K, capacity 112005K, committed 112720K, reserved 1146880K
  class space    used 13644K, capacity 14806K, committed 15052K, reserved 1048576K
}
Event: 295.978 GC heap before
{Heap before GC invocations=53 (full 0):
 garbage-first heap   total 177152K, used 138313K [0x0000000080000000, 0x0000000100000000)
  region size 1024K, 8 young (8192K), 3 survivors (3072K)
 Metaspace       used 109153K, capacity 112315K, committed 112976K, reserved 1146880K
  class space    used 13680K, capacity 14845K, committed 15052K, reserved 1048576K
}
Event: 295.987 GC heap after
{Heap after GC invocations=54 (full 0):
 garbage-first heap   total 177152K, used 130828K [0x0000000080000000, 0x0000000100000000)
  region size 1024K, 1 young (1024K), 1 survivors (1024K)
 Metaspace       used 109153K, capacity 112315K, committed 112976K, reserved 1146880K
  class space    used 13680K, capacity 14845K, committed 15052K, reserved 1048576K
}
Event: 296.075 GC heap before
{Heap before GC invocations=54 (full 0):
 garbage-first heap   total 177152K, used 148236K [0x0000000080000000, 0x0000000100000000)
  region size 1024K, 18 young (18432K), 1 survivors (1024K)
 Metaspace       used 109747K, capacity 112860K, committed 113616K, reserved 1148928K
  class space    used 13781K, capacity 14941K, committed 15180K, reserved 1048576K
}
Event: 296.083 GC heap after
{Heap after GC invocations=55 (full 0):
 garbage-first heap   total 177152K, used 134549K [0x0000000080000000, 0x0000000100000000)
  region size 1024K, 3 young (3072K), 3 survivors (3072K)
 Metaspace       used 109747K, capacity 112860K, committed 113616K, reserved 1148928K
  class space    used 13781K, capacity 14941K, committed 15180K, reserved 1048576K
}
Event: 296.158 GC heap before
{Heap before GC invocations=55 (full 0):
 garbage-first heap   total 177152K, used 149909K [0x0000000080000000, 0x0000000100000000)
  region size 1024K, 18 young (18432K), 3 survivors (3072K)
 Metaspace       used 110093K, capacity 113213K, committed 113872K, reserved 1148928K
  class space    used 13813K, capacity 14973K, committed 15180K, reserved 1048576K
}

Deoptimization events (20 events):
Event: 295.750 Thread 0x00000299c1d7d800 Uncommon trap: trap_request=0xffffff4d fr.pc=0x00000299b07881e0 relative=0x0000000000000ba0
Event: 295.750 Thread 0x00000299c1d7d800 Uncommon trap: reason=unstable_if action=reinterpret pc=0x00000299b07881e0 method=com.android.tools.r8.graph.e1.a(Ljava/lang/String;)[B @ 37 c2
Event: 295.750 Thread 0x00000299c1d7d800 DEOPT PACKING pc=0x00000299b07881e0 sp=0x000000f4f9ff9da0
Event: 295.750 Thread 0x00000299c1d7d800 DEOPT UNPACKING pc=0x00000299a842a1af sp=0x000000f4f9ff9d58 mode 2
Event: 295.750 Thread 0x00000299c1d7d800 Uncommon trap: trap_request=0xffffff4d fr.pc=0x00000299b078ad20 relative=0x0000000000000100
Event: 295.750 Thread 0x00000299c1d7d800 Uncommon trap: reason=unstable_if action=reinterpret pc=0x00000299b078ad20 method=com.android.tools.r8.graph.e1.a(C[BI)I @ 27 c2
Event: 295.750 Thread 0x00000299c1d7d800 DEOPT PACKING pc=0x00000299b078ad20 sp=0x000000f4f9ff9d30
Event: 295.750 Thread 0x00000299c1d7d800 DEOPT UNPACKING pc=0x00000299a842a1af sp=0x000000f4f9ff9cd8 mode 2
Event: 295.787 Thread 0x00000299c1d7d800 DEOPT PACKING pc=0x00000299aab9bfc0 sp=0x000000f4f9ff9e20
Event: 295.787 Thread 0x00000299c1d7d800 DEOPT UNPACKING pc=0x00000299a842a95e sp=0x000000f4f9ff9328 mode 0
Event: 295.836 Thread 0x00000299c1d7d800 Uncommon trap: trap_request=0xffffff4d fr.pc=0x00000299b075bb30 relative=0x0000000000000090
Event: 295.836 Thread 0x00000299c1d7d800 Uncommon trap: reason=unstable_if action=reinterpret pc=0x00000299b075bb30 method=com.android.tools.r8.internal.rp.d(I)Z @ 45 c2
Event: 295.836 Thread 0x00000299c1d7d800 DEOPT PACKING pc=0x00000299b075bb30 sp=0x000000f4f9ff9580
Event: 295.836 Thread 0x00000299c1d7d800 DEOPT UNPACKING pc=0x00000299a842a1af sp=0x000000f4f9ff94b0 mode 2
Event: 296.112 Thread 0x00000299c1d7f000 Uncommon trap: trap_request=0xffffff4d fr.pc=0x00000299b079c0e8 relative=0x0000000000001b48
Event: 296.112 Thread 0x00000299c1d7f000 Uncommon trap: reason=unstable_if action=reinterpret pc=0x00000299b079c0e8 method=com.android.tools.r8.internal.ug.e(Ljava/lang/String;)[Ljava/lang/String; @ 27 c2
Event: 296.112 Thread 0x00000299c1d7f000 DEOPT PACKING pc=0x00000299b079c0e8 sp=0x000000f4fa2f92e0
Event: 296.112 Thread 0x00000299c1d7f000 DEOPT UNPACKING pc=0x00000299a842a1af sp=0x000000f4fa2f92d0 mode 2
Event: 296.136 Thread 0x00000299c1d7f000 DEOPT PACKING pc=0x00000299aab0e963 sp=0x000000f4fa2f97c0
Event: 296.136 Thread 0x00000299c1d7f000 DEOPT UNPACKING pc=0x00000299a842a95e sp=0x000000f4fa2f8c98 mode 0

Classes redefined (0 events):
No events

Internal exceptions (20 events):
Event: 292.150 Thread 0x00000299c7362800 Exception <a 'sun/nio/fs/WindowsException'{0x000000008a1f1c78}> (0x000000008a1f1c78) thrown at [src/hotspot/share/prims/jni.cpp, line 617]
Event: 292.150 Thread 0x00000299c7362800 Exception <a 'sun/nio/fs/WindowsException'{0x000000008a1f3040}> (0x000000008a1f3040) thrown at [src/hotspot/share/prims/jni.cpp, line 617]
Event: 292.287 Thread 0x00000299c7362800 Exception <a 'sun/nio/fs/WindowsException'{0x0000000089c23428}> (0x0000000089c23428) thrown at [src/hotspot/share/prims/jni.cpp, line 617]
Event: 293.860 Thread 0x00000299c1ca3800 Exception <a 'sun/nio/fs/WindowsException'{0x0000000088c56c88}> (0x0000000088c56c88) thrown at [src/hotspot/share/prims/jni.cpp, line 617]
Event: 293.860 Thread 0x00000299c7367800 Exception <a 'sun/nio/fs/WindowsException'{0x00000000890f8da0}> (0x00000000890f8da0) thrown at [src/hotspot/share/prims/jni.cpp, line 617]
Event: 293.860 Thread 0x00000299c6e6b000 Exception <a 'sun/nio/fs/WindowsException'{0x00000000890c8800}> (0x00000000890c8800) thrown at [src/hotspot/share/prims/jni.cpp, line 617]
Event: 293.887 Thread 0x00000299c6e67000 Exception <a 'sun/nio/fs/WindowsException'{0x000000008ac74610}> (0x000000008ac74610) thrown at [src/hotspot/share/prims/jni.cpp, line 617]
Event: 293.922 Thread 0x00000299c1cab000 Exception <a 'sun/nio/fs/WindowsException'{0x000000008a807d30}> (0x000000008a807d30) thrown at [src/hotspot/share/prims/jni.cpp, line 617]
Event: 294.003 Thread 0x00000299c1d7f000 Exception <a 'sun/nio/fs/WindowsException'{0x000000008977e088}> (0x000000008977e088) thrown at [src/hotspot/share/prims/jni.cpp, line 617]
Event: 294.066 Thread 0x00000299c1ca3800 Exception <a 'java/lang/NoSuchMethodError'{0x0000000089197cc8}: 'java.lang.Object java.lang.invoke.DirectMethodHandle$Holder.newInvokeSpecial(java.lang.Object, int)'> (0x0000000089197cc8) thrown at [src/hotspot/share/interpreter/linkResolver.cpp, line 773]
Event: 294.066 Thread 0x00000299c1d7f000 Exception <a 'java/lang/NoSuchMethodError'{0x000000008977fef0}: 'java.lang.Object java.lang.invoke.DirectMethodHandle$Holder.newInvokeSpecial(java.lang.Object, int)'> (0x000000008977fef0) thrown at [src/hotspot/share/interpreter/linkResolver.cpp, line 773]
Event: 294.066 Thread 0x00000299c6e6b000 Exception <a 'java/lang/NoSuchMethodError'{0x00000000893b11b0}: 'java.lang.Object java.lang.invoke.DirectMethodHandle$Holder.newInvokeSpecial(java.lang.Object, int)'> (0x00000000893b11b0) thrown at [src/hotspot/share/interpreter/linkResolver.cpp, line 773]
Event: 294.068 Thread 0x00000299c6e67000 Exception <a 'java/lang/NoSuchMethodError'{0x00000000893beb98}: 'java.lang.Object java.lang.invoke.DirectMethodHandle$Holder.newInvokeSpecial(java.lang.Object, int)'> (0x00000000893beb98) thrown at [src/hotspot/share/interpreter/linkResolver.cpp, line 773]
Event: 294.068 Thread 0x00000299c7367800 Exception <a 'java/lang/NoSuchMethodError'{0x00000000890aae00}: 'java.lang.Object java.lang.invoke.DirectMethodHandle$Holder.newInvokeSpecial(java.lang.Object, int)'> (0x00000000890aae00) thrown at [src/hotspot/share/interpreter/linkResolver.cpp, line 773]
Event: 294.068 Thread 0x00000299c1cab000 Exception <a 'java/lang/NoSuchMethodError'{0x000000008928aab0}: 'java.lang.Object java.lang.invoke.DirectMethodHandle$Holder.newInvokeSpecial(java.lang.Object, int)'> (0x000000008928aab0) thrown at [src/hotspot/share/interpreter/linkResolver.cpp, line 773]
Event: 294.177 Thread 0x00000299c1d7d800 Exception <a 'sun/nio/fs/WindowsException'{0x000000008a69ae88}> (0x000000008a69ae88) thrown at [src/hotspot/share/prims/jni.cpp, line 617]
Event: 294.555 Thread 0x00000299c7367800 Exception <a 'java/lang/NoSuchMethodError'{0x0000000089fbeb28}: 'java.lang.Object java.lang.invoke.DirectMethodHandle$Holder.invokeStaticInit(java.lang.Object, java.lang.Object, java.lang.Object, java.lang.Object, java.lang.Object, java.lang.Object, java.lang.Object, java.lang.Object, java.lang.Object, java.lang.Object, java.lang.Object, java.lang.Object, java.lang.Object, java.lang.Object, java.lang.Object, java.lang.Object, java.lang.Object, java.lang.Object, java.lang.Object, int, java.lang.Object, java
Event: 294.663 Thread 0x00000299c7367800 Exception <a 'java/lang/IncompatibleClassChangeError'{0x0000000089d1f008}: Found class java.lang.Object, but interface was expected> (0x0000000089d1f008) thrown at [src/hotspot/share/interpreter/linkResolver.cpp, line 839]
Event: 295.486 Thread 0x00000299c1cab000 Exception <a 'java/lang/NoSuchMethodError'{0x000000008ac46e90}: 'void java.lang.invoke.DirectMethodHandle$Holder.invokeStatic(java.lang.Object, java.lang.Object, java.lang.Object, int)'> (0x000000008ac46e90) thrown at [src/hotspot/share/interpreter/linkResolver.cpp, line 773]
Event: 295.531 Thread 0x00000299c7367800 Exception <a 'java/lang/IncompatibleClassChangeError'{0x000000008a6fc698}: Found class java.lang.Object, but interface was expected> (0x000000008a6fc698) thrown at [src/hotspot/share/interpreter/linkResolver.cpp, line 839]

Events (20 events):
Event: 296.148 loading class com/android/tools/r8/internal/o3 done
Event: 296.149 loading class com/android/tools/r8/internal/H10
Event: 296.149 loading class com/android/tools/r8/internal/H10 done
Event: 296.150 loading class com/android/tools/r8/internal/NI
Event: 296.150 loading class com/android/tools/r8/internal/NI done
Event: 296.150 loading class com/android/tools/r8/internal/OI
Event: 296.150 loading class com/android/tools/r8/internal/OI done
Event: 296.152 loading class com/android/tools/r8/internal/k3
Event: 296.152 loading class com/android/tools/r8/internal/k3 done
Event: 296.153 loading class com/android/tools/r8/internal/vq
Event: 296.153 loading class com/android/tools/r8/internal/vq done
Event: 296.154 loading class com/android/tools/r8/internal/r3
Event: 296.154 loading class com/android/tools/r8/internal/r3 done
Event: 296.155 loading class com/android/tools/r8/internal/L3
Event: 296.155 loading class com/android/tools/r8/internal/L3 done
Event: 296.156 loading class com/android/tools/r8/internal/c0
Event: 296.156 loading class com/android/tools/r8/internal/c0 done
Event: 296.157 loading class com/android/tools/r8/internal/EE
Event: 296.157 loading class com/android/tools/r8/internal/EE done
Event: 296.157 Executing VM operation: G1CollectForAllocation


Dynamic libraries:
0x00007ff6195d0000 - 0x00007ff6195da000 	C:\Program Files\Android\Android Studio\jbr\bin\java.exe
0x00007ffeff990000 - 0x00007ffeffb88000 	C:\WINDOWS\SYSTEM32\ntdll.dll
0x00007ffefe5e0000 - 0x00007ffefe69f000 	C:\WINDOWS\System32\KERNEL32.DLL
0x00007ffefd620000 - 0x00007ffefd8f2000 	C:\WINDOWS\System32\KERNELBASE.dll
0x00007ffefd210000 - 0x00007ffefd310000 	C:\WINDOWS\System32\ucrtbase.dll
0x00007ffef6370000 - 0x00007ffef638b000 	C:\Program Files\Android\Android Studio\jbr\bin\VCRUNTIME140.dll
0x00007ffefa7e0000 - 0x00007ffefa7f7000 	C:\Program Files\Android\Android Studio\jbr\bin\jli.dll
0x00007ffefe180000 - 0x00007ffefe321000 	C:\WINDOWS\System32\USER32.dll
0x00007ffefd400000 - 0x00007ffefd422000 	C:\WINDOWS\System32\win32u.dll
0x00007ffee8e70000 - 0x00007ffee910a000 	C:\WINDOWS\WinSxS\amd64_microsoft.windows.common-controls_6595b64144ccf1df_6.0.19041.1110_none_60b5254171f9507e\COMCTL32.dll
0x00007ffeff6a0000 - 0x00007ffeff6cb000 	C:\WINDOWS\System32\GDI32.dll
0x00007ffefd090000 - 0x00007ffefd19f000 	C:\WINDOWS\System32\gdi32full.dll
0x00007ffeff7d0000 - 0x00007ffeff86e000 	C:\WINDOWS\System32\msvcrt.dll
0x00007ffefd310000 - 0x00007ffefd3ad000 	C:\WINDOWS\System32\msvcp_win.dll
0x00007ffefda60000 - 0x00007ffefda90000 	C:\WINDOWS\System32\IMM32.DLL
0x00007ffedaff0000 - 0x00007ffedb07d000 	C:\Program Files\Android\Android Studio\jbr\bin\msvcp140.dll
0x00007ffeea200000 - 0x00007ffeea20c000 	C:\WINDOWS\SYSTEM32\VCRUNTIME140_1.dll
0x00007ffeb8110000 - 0x00007ffeb8ccc000 	C:\Program Files\Android\Android Studio\jbr\bin\server\jvm.dll
0x00007ffefdfc0000 - 0x00007ffefe06e000 	C:\WINDOWS\System32\ADVAPI32.dll
0x00007ffefe080000 - 0x00007ffefe11c000 	C:\WINDOWS\System32\sechost.dll
0x00007ffefe390000 - 0x00007ffefe4b5000 	C:\WINDOWS\System32\RPCRT4.dll
0x00007ffeff2c0000 - 0x00007ffeff2c8000 	C:\WINDOWS\System32\PSAPI.DLL
0x00007ffee91f0000 - 0x00007ffee91f9000 	C:\WINDOWS\SYSTEM32\WSOCK32.dll
0x00007ffeff6d0000 - 0x00007ffeff73b000 	C:\WINDOWS\System32\WS2_32.dll
0x00007ffef8a80000 - 0x00007ffef8a8a000 	C:\WINDOWS\SYSTEM32\VERSION.dll
0x00007ffef1b00000 - 0x00007ffef1b27000 	C:\WINDOWS\SYSTEM32\WINMM.dll
0x00007ffefaf50000 - 0x00007ffefaf62000 	C:\WINDOWS\SYSTEM32\kernel.appcore.dll
0x00007ffef8d40000 - 0x00007ffef8d50000 	C:\Program Files\Android\Android Studio\jbr\bin\verify.dll
0x00007ffef7720000 - 0x00007ffef7904000 	C:\WINDOWS\SYSTEM32\DBGHELP.DLL
0x00007ffef29f0000 - 0x00007ffef2a25000 	C:\WINDOWS\SYSTEM32\dbgcore.DLL
0x00007ffefd590000 - 0x00007ffefd612000 	C:\WINDOWS\System32\bcryptPrimitives.dll
0x00007ffef5940000 - 0x00007ffef5968000 	C:\Program Files\Android\Android Studio\jbr\bin\java.dll
0x00007ffef6340000 - 0x00007ffef634a000 	C:\Program Files\Android\Android Studio\jbr\bin\jimage.dll
0x00007ffeef7c0000 - 0x00007ffeef7d8000 	C:\Program Files\Android\Android Studio\jbr\bin\zip.dll
0x00007ffefe6a0000 - 0x00007ffefede5000 	C:\WINDOWS\System32\SHELL32.dll
0x00007ffefb150000 - 0x00007ffefb8e2000 	C:\WINDOWS\SYSTEM32\windows.storage.dll
0x00007ffefdb40000 - 0x00007ffefde95000 	C:\WINDOWS\System32\combase.dll
0x00007ffefca10000 - 0x00007ffefca40000 	C:\WINDOWS\SYSTEM32\Wldp.dll
0x00007ffefdea0000 - 0x00007ffefdf4d000 	C:\WINDOWS\System32\SHCORE.dll
0x00007ffefe330000 - 0x00007ffefe385000 	C:\WINDOWS\System32\shlwapi.dll
0x00007ffefcfd0000 - 0x00007ffefcfef000 	C:\WINDOWS\SYSTEM32\profapi.dll
0x00007ffeef030000 - 0x00007ffeef049000 	C:\Program Files\Android\Android Studio\jbr\bin\net.dll
0x00007ffef4f50000 - 0x00007ffef505a000 	C:\WINDOWS\SYSTEM32\WINHTTP.dll
0x00007ffefc770000 - 0x00007ffefc7da000 	C:\WINDOWS\system32\mswsock.dll
0x00007ffeeec70000 - 0x00007ffeeec83000 	C:\Program Files\Android\Android Studio\jbr\bin\nio.dll
0x00007ffeecd20000 - 0x00007ffeecd47000 	C:\Users\mohit\.gradle\native\e1d6ef7f7dcc3fd88c89a11ec53ec762bb8ba0a96d01ffa2cd45eb1d1d8dd5c5\windows-amd64\native-platform.dll
0x00007ffedaea0000 - 0x00007ffedafe4000 	C:\Users\mohit\.gradle\native\0d407fdbe67a94daf76414ababcb853783967236a71b16ec16e742cd7a986fd3\windows-amd64\native-platform-file-events.dll
0x00007ffef1480000 - 0x00007ffef148a000 	C:\Program Files\Android\Android Studio\jbr\bin\management.dll
0x00007ffeef0a0000 - 0x00007ffeef0ab000 	C:\Program Files\Android\Android Studio\jbr\bin\management_ext.dll
0x00007ffefc970000 - 0x00007ffefc988000 	C:\WINDOWS\SYSTEM32\CRYPTSP.dll
0x00007ffefc090000 - 0x00007ffefc0c4000 	C:\WINDOWS\system32\rsaenh.dll
0x00007ffefd9b0000 - 0x00007ffefd9d7000 	C:\WINDOWS\System32\bcrypt.dll
0x00007ffefcf50000 - 0x00007ffefcf7e000 	C:\WINDOWS\SYSTEM32\USERENV.dll
0x00007ffefc960000 - 0x00007ffefc96c000 	C:\WINDOWS\SYSTEM32\CRYPTBASE.dll
0x00007ffefc460000 - 0x00007ffefc49b000 	C:\WINDOWS\SYSTEM32\IPHLPAPI.DLL
0x00007ffefdf50000 - 0x00007ffefdf58000 	C:\WINDOWS\System32\NSI.dll
0x00007ffef6040000 - 0x00007ffef6057000 	C:\WINDOWS\SYSTEM32\dhcpcsvc6.DLL
0x00007ffef6630000 - 0x00007ffef664d000 	C:\WINDOWS\SYSTEM32\dhcpcsvc.DLL
0x00007ffefc4a0000 - 0x00007ffefc56b000 	C:\WINDOWS\SYSTEM32\DNSAPI.dll
0x00007ffeec570000 - 0x00007ffeec597000 	C:\Program Files\Android\Android Studio\jbr\bin\sunec.dll

dbghelp: loaded successfully - version: 4.0.5 - missing functions: none
symbol engine: initialized successfully - sym options: 0x614 - pdb path: .;C:\Program Files\Android\Android Studio\jbr\bin;C:\WINDOWS\SYSTEM32;C:\WINDOWS\WinSxS\amd64_microsoft.windows.common-controls_6595b64144ccf1df_6.0.19041.1110_none_60b5254171f9507e;C:\Program Files\Android\Android Studio\jbr\bin\server;C:\Users\mohit\.gradle\native\e1d6ef7f7dcc3fd88c89a11ec53ec762bb8ba0a96d01ffa2cd45eb1d1d8dd5c5\windows-amd64;C:\Users\mohit\.gradle\native\0d407fdbe67a94daf76414ababcb853783967236a71b16ec16e742cd7a986fd3\windows-amd64

VM Arguments:
jvm_args: --add-opens=java.base/java.util=ALL-UNNAMED --add-opens=java.base/java.lang=ALL-UNNAMED --add-opens=java.base/java.lang.invoke=ALL-UNNAMED --add-opens=java.base/java.util=ALL-UNNAMED --add-opens=java.prefs/java.util.prefs=ALL-UNNAMED --add-opens=java.prefs/java.util.prefs=ALL-UNNAMED --add-opens=java.base/java.nio.charset=ALL-UNNAMED --add-opens=java.base/java.net=ALL-UNNAMED --add-opens=java.base/java.util.concurrent.atomic=ALL-UNNAMED -Xmx2048m -Dfile.encoding=UTF-8 -Duser.country=IN -Duser.language=en -Duser.variant 
java_command: org.gradle.launcher.daemon.bootstrap.GradleDaemon 7.5
java_class_path (initial): C:\Users\mohit\.gradle\wrapper\dists\gradle-7.5-bin\f1w0cc9nuo0eivz97x2xlu9sv\gradle-7.5\lib\gradle-launcher-7.5.jar
Launcher Type: SUN_STANDARD

[Global flags]
     intx CICompilerCount                          = 4                                         {product} {ergonomic}
     uint ConcGCThreads                            = 2                                         {product} {ergonomic}
     uint G1ConcRefinementThreads                  = 8                                         {product} {ergonomic}
   size_t G1HeapRegionSize                         = 1048576                                   {product} {ergonomic}
    uintx GCDrainStackTargetSize                   = 64                                        {product} {ergonomic}
   size_t InitialHeapSize                          = 125829120                                 {product} {ergonomic}
   size_t MarkStackSize                            = 4194304                                   {product} {ergonomic}
   size_t MaxHeapSize                              = 2147483648                                {product} {command line}
   size_t MaxNewSize                               = 1287651328                                {product} {ergonomic}
   size_t MinHeapDeltaBytes                        = 1048576                                   {product} {ergonomic}
    uintx NonNMethodCodeHeapSize                   = 5836300                                {pd product} {ergonomic}
    uintx NonProfiledCodeHeapSize                  = 122910970                              {pd product} {ergonomic}
    uintx ProfiledCodeHeapSize                     = 122910970                              {pd product} {ergonomic}
    uintx ReservedCodeCacheSize                    = 251658240                              {pd product} {ergonomic}
     bool SegmentedCodeCache                       = true                                      {product} {ergonomic}
     bool UseCompressedClassPointers               = true                                 {lp64_product} {ergonomic}
     bool UseCompressedOops                        = true                                 {lp64_product} {ergonomic}
     bool UseG1GC                                  = true                                      {product} {ergonomic}
     bool UseLargePagesIndividualAllocation        = false                                  {pd product} {ergonomic}

Logging:
Log output configuration:
 #0: stdout all=warning uptime,level,tags
 #1: stderr all=off uptime,level,tags

Environment Variables:
PATH=C:\Python310\Scripts\;C:\Python310\;D:\Development\Scripts\;D:\Development\;C:\Program Files\Common Files\Oracle\Java\javapath;C:\Windows\system32;C:\Windows;C:\Windows\System32\Wbem;C:\Windows\System32\WindowsPowerShell\v1.0\;C:\Windows\System32\OpenSSH\;C:\Program Files (x86)\NVIDIA Corporation\PhysX\Common;C:\Program Files\NVIDIA Corporation\NVIDIA NvDLISR;C:\WINDOWS\system32;C:\WINDOWS;C:\WINDOWS\System32\Wbem;C:\WINDOWS\System32\WindowsPowerShell\v1.0\;C:\WINDOWS\System32\OpenSSH\;D:\Development\Git\cmd;C:\MinGW\bin;C:\ProgramData\chocolatey\bin;C:\Program Files\nodejs\;D:\flutter\bin;C:\Users\mohit\AppData\Local\Programs\Microsoft VS Code\bin
USERNAME=mohit
OS=Windows_NT
PROCESSOR_IDENTIFIER=AMD64 Family 23 Model 24 Stepping 1, AuthenticAMD



---------------  S Y S T E M  ---------------

OS: Windows 10 , 64 bit Build 19041 (10.0.19041.2546)
OS uptime: 1 days 7:51 hours

CPU:total 8 (initial active 8) (8 cores per cpu, 2 threads per core) family 23 model 24 stepping 1 microcode 0x0, cmov, cx8, fxsr, mmx, sse, sse2, sse3, ssse3, sse4.1, sse4.2, popcnt, avx, avx2, aes, clmul, mmxext, 3dnowpref, lzcnt, sse4a, ht, tsc, tscinvbit, tscinv, bmi1, bmi2, adx, sha, fma

Memory: 4k page, system-wide physical 7616M (487M free)
TotalPageFile size 15808M (AvailPageFile size 45M)
current process WorkingSet (physical memory assigned to process): 492M, peak: 495M
current process commit charge ("private bytes"): 585M, peak: 641M

vm_info: OpenJDK 64-Bit Server VM (11.0.15+0-b2043.56-8887301) for windows-amd64 JRE (11.0.15+0-b2043.56-8887301), built on Jul 29 2022 23:19:47 by "builduser" with unknown MS VC++:1929

END.
